number,value,params_alpha,params_colsample_bytree,params_eval_metric,params_lambda,params_learning_rate,params_max_depth,params_min_child_weight,params_objective,params_subsample,params_tree_method,state
0,0.703160064868071,0.77381828555891,0.9408524330575181,rmse,0.03965997691620873,0.04453636837569166,20,172,reg:squarederror,0.9583024746072947,gpu_hist,COMPLETE
1,1.1910930773306354,1.0330582156802905,0.46100556182147884,rmse,0.3744480307940941,0.002049006474217463,20,45,reg:squarederror,0.4591284016138382,gpu_hist,COMPLETE
2,1.6992828399140905,0.0010910314605768413,0.5516457853268701,rmse,1.6348351311922023,0.0015719378805866373,3,85,reg:squarederror,0.9518492583334011,gpu_hist,COMPLETE
3,0.6944706463494573,0.07040698752320126,0.5454504484331186,rmse,0.005287071918733735,0.011120823867252173,13,255,reg:squarederror,0.8759117479114706,gpu_hist,COMPLETE
4,0.6955943951480885,4.149084672231842,0.832550447084615,rmse,0.11087246617967432,0.01781306291022331,9,277,reg:squarederror,0.46395097840040705,gpu_hist,COMPLETE
5,0.6957207764477755,0.010322056802300267,0.5770809596790111,rmse,0.0024781593170914978,0.00887211583152188,11,197,reg:squarederror,0.6695659827366784,gpu_hist,COMPLETE
6,1.6359841015029248,2.747374790528044,0.5724642704762106,rmse,0.006253188170332981,0.0016165275089770768,7,10,reg:squarederror,0.6826375252681404,gpu_hist,COMPLETE
7,0.707989490458337,1.073174289003733,0.5052383357713361,rmse,0.01851555096810061,0.012797911858553054,3,218,reg:squarederror,0.7308218249531877,gpu_hist,COMPLETE
8,0.6948001865147817,0.11540408988151687,0.8027184989992375,rmse,0.24592267581989796,0.010483813348518478,17,121,reg:squarederror,0.9254315077687003,gpu_hist,COMPLETE
9,0.694797071153981,3.989109619409684,0.386846206843414,rmse,0.4110928408071191,0.012610232759942087,15,239,reg:squarederror,0.8547776579447505,gpu_hist,COMPLETE
10,0.7051128999989914,0.06306980185199666,0.7097990095051308,rmse,0.0011395359158288872,0.08994547405221168,13,280,reg:squarederror,0.8203814743805615,gpu_hist,COMPLETE
11,0.7045082288381284,0.09785730360383672,0.4118826126563899,rmse,8.613306820472758,0.004758961820652962,15,238,reg:squarederror,0.8236068422172558,gpu_hist,COMPLETE
12,0.695204603753313,0.01587062417706232,0.31356585384113467,rmse,1.7571546114906265,0.030051081738558177,13,298,reg:squarederror,0.8191807948443744,gpu_hist,COMPLETE
13,0.7220120697904131,0.2368130312058426,0.33821487711263315,rmse,0.03089155266482053,0.004023132810629422,5,239,reg:squarederror,0.8633487389388872,gpu_hist,COMPLETE
14,0.7007999020370888,9.459095087916179,0.39910248074699556,rmse,0.009196489079143968,0.006256345290895498,15,139,reg:squarederror,0.5828118353148081,gpu_hist,COMPLETE
15,0.6971709061768969,0.016716820080016157,0.6680001906884347,rmse,0.903687767234883,0.035573963871651446,15,179,reg:squarederror,0.9992706589634969,gpu_hist,COMPLETE
16,0.6944041574088264,0.0022997686099499176,0.43967280335141673,rmse,0.07511474770797068,0.018434952634445397,13,251,reg:squarederror,0.7531371841526258,gpu_hist,COMPLETE
17,0.6945033839897389,0.0010839710455983298,0.6294765055245115,rmse,0.08072828564199086,0.021022663870502244,13,264,reg:squarederror,0.7535023689251723,gpu_hist,COMPLETE
18,0.7030643367682299,0.003916555127731075,0.4735689813047378,rmse,0.0047634006560196345,0.06857924911993799,13,209,reg:squarederror,0.6011186004224283,gpu_hist,COMPLETE
19,0.8323599879680572,0.003292862637621383,0.7444176615952157,rmse,0.001102440196808736,0.002798597900621272,13,107,reg:squarederror,0.7609396119377363,gpu_hist,COMPLETE
20,0.695306965613388,0.0386717629428779,0.990342810120314,rmse,0.1017112348809991,0.020307351783382947,9,156,reg:squarederror,0.6074160495599966,gpu_hist,COMPLETE
21,0.6947009630819687,0.001455728833059562,0.6199157944420413,rmse,0.05477661761084191,0.022260026331626076,13,263,reg:squarederror,0.756816002802805,gpu_hist,COMPLETE
22,0.6958509942485716,0.004178325531824985,0.5106934548313076,rmse,0.013832841485178259,0.007298182220077507,13,299,reg:squarederror,0.9052730763764901,gpu_hist,COMPLETE
23,0.6946372196545639,0.0019619383717421578,0.6540480562636292,rmse,0.17118048087382706,0.016542149172235947,13,259,reg:squarederror,0.6493744044951646,gpu_hist,COMPLETE
24,0.697203711022111,0.006721750420745508,0.6125283922630724,rmse,0.05751525324919054,0.04978680712695478,11,225,reg:squarederror,0.7608412588248449,gpu_hist,COMPLETE
25,0.6955774243753307,0.023978804101771067,0.4541622957905524,rmse,0.01975029257611399,0.03458961970793034,7,260,reg:squarederror,0.7117124517106225,gpu_hist,COMPLETE
26,0.6982174255703779,0.38977391513653026,0.5274118420282733,rmse,0.6964628786190192,0.025595179200372447,5,194,reg:squarederror,0.7938915034911328,gpu_hist,COMPLETE
27,0.6947449370929857,0.002254842336215507,0.7227286954359355,rmse,0.0035269349645486317,0.015034022131820252,13,273,reg:squarederror,0.5345958002700113,gpu_hist,COMPLETE
28,2.565838557207834,0.007165222892733307,0.3571663016355826,rmse,0.07600076823408611,0.001100718096320379,17,246,reg:squarederror,0.8750782340335997,gpu_hist,COMPLETE
29,0.7071615143057581,0.0010747323633537404,0.8512973372602026,rmse,0.030681537630836767,0.05149972485672144,20,170,reg:squarederror,0.7875379648139084,gpu_hist,COMPLETE
30,0.6949651551132225,0.2665719760174394,0.6203168204450793,rmse,0.002177175742370001,0.009885343554224728,13,216,reg:squarederror,0.9925629684174376,gpu_hist,COMPLETE
31,0.6945137560748831,0.0019131041138657923,0.654331443457318,rmse,0.18165275734872988,0.016151447347166482,13,284,reg:squarederror,0.6342491627956305,gpu_hist,COMPLETE
32,0.6949672480840955,0.0023167153335974704,0.6723692968921907,rmse,0.231544169558713,0.024162875363838564,13,288,reg:squarederror,0.6469114014215748,gpu_hist,COMPLETE
33,0.6970477453799672,0.0010460600349355704,0.44376536926092186,rmse,0.13452989213300412,0.006573403181450708,13,258,reg:squarederror,0.5029739437660211,gpu_hist,COMPLETE
34,0.6946284390480127,0.006349613472607093,0.7587240176374366,rmse,2.109518497225361,0.013605245182528416,20,279,reg:squarederror,0.6301974341141626,gpu_hist,COMPLETE
35,0.7060011785378388,0.0035832354584922313,0.5495032819953323,rmse,0.4384675597597259,0.017507449545754204,3,74,reg:squarederror,0.7135799263128567,gpu_hist,COMPLETE
36,0.6948971945386959,0.010946032379846732,0.6083262160609553,rmse,0.0416369956161108,0.008783809666141184,13,194,reg:squarederror,0.684848762326458,gpu_hist,COMPLETE
37,0.6965612880830958,0.0017669748931148973,0.5776140091347615,rmse,3.2714709457142996,0.04023296597327721,11,229,reg:squarederror,0.4315114634129745,gpu_hist,COMPLETE
38,0.6964460608741584,0.027367960510908826,0.4871209448223709,rmse,0.2051305783476143,0.011585918970996572,9,256,reg:squarederror,0.5468511113630888,gpu_hist,COMPLETE
39,0.6962206171727835,0.01114380020025661,0.8676829897452972,rmse,0.010856610714615635,0.02721190251727665,7,6,reg:squarederror,0.9535723059956408,gpu_hist,COMPLETE
40,0.6961689090325541,1.8108356362255393,0.4329733687712578,rmse,0.6114126292369088,0.01884362491972008,17,43,reg:squarederror,0.7366210003172822,gpu_hist,COMPLETE
41,0.6946541964619329,0.005854313135631238,0.7696556377057419,rmse,8.520435152685579,0.014209092884771636,20,275,reg:squarederror,0.6385429247341607,gpu_hist,COMPLETE
42,0.6953026834843861,0.002589757265361186,0.8910264641693322,rmse,1.8820736415502763,0.007994638266411428,20,286,reg:squarederror,0.6758266346523227,gpu_hist,COMPLETE
43,0.6945067354212553,0.0015193451988709556,0.6997438032256398,rmse,4.961222908047142,0.011778335197975151,20,276,reg:squarederror,0.5639605456007347,gpu_hist,COMPLETE
44,0.7147553332319168,0.0015409670019626968,0.6847429851932825,rmse,1.179173847142123,0.005085875221477642,3,248,reg:squarederror,0.5626262046445714,gpu_hist,COMPLETE
45,0.6949767318672782,0.0010273729332468738,0.7992210929580076,rmse,3.0729161399208937,0.010824963167695772,20,299,reg:squarederror,0.4880856844064938,gpu_hist,COMPLETE
46,0.6947330733498066,0.05468170438867633,0.574560199143276,rmse,0.022201011479709806,0.020863162380039556,13,270,reg:squarederror,0.8971834557012472,gpu_hist,COMPLETE
47,0.6976797720380659,0.004666071324371983,0.7067318551303358,rmse,0.3494399226784225,0.029124856327638064,5,232,reg:squarederror,0.40045505974419787,gpu_hist,COMPLETE
48,0.6954521842481167,0.0027428314472356776,0.5399491630320692,rmse,4.2436436260666985,0.012172661700469049,13,286,reg:squarederror,0.5145233979856446,gpu_hist,COMPLETE
49,0.7196543403963586,0.0015760550594671862,0.5881087356393513,rmse,0.006591723394466989,0.003759607676249739,13,209,reg:squarederror,0.8397692079340408,gpu_hist,COMPLETE
50,0.6969494965873341,0.7626733033245036,0.6520536687226403,rmse,0.09164607063674747,0.00964722090809999,9,249,reg:squarederror,0.5672594673896184,gpu_hist,COMPLETE
51,0.6947445610190333,0.006160623786183892,0.7616966431388393,rmse,5.135778839523713,0.014529422078967924,20,276,reg:squarederror,0.6214764477924056,gpu_hist,COMPLETE
52,0.6945665136738303,0.10248247878284311,0.6932233353233689,rmse,6.0355012703390845,0.01363953250381167,20,268,reg:squarederror,0.5944014202467554,gpu_hist,COMPLETE
53,0.6948503856389053,0.12361778654431754,0.6888104691025547,rmse,6.142220454778436,0.017052638760796095,20,241,reg:squarederror,0.5882950193812075,gpu_hist,COMPLETE
54,0.6963384769467635,0.15467044675865654,0.6347800341030889,rmse,0.00162692007853117,0.005622626036929909,20,267,reg:squarederror,0.7924587726213597,gpu_hist,COMPLETE
55,0.6955763555030119,0.07393428693769963,0.495850044714841,rmse,0.3330490576732904,0.008455653124916213,15,293,reg:squarederror,0.6658206910586427,gpu_hist,COMPLETE
56,0.6947517211035187,0.42252339394839267,0.7326856499788288,rmse,0.14853227844821126,0.020041137172407037,13,221,reg:squarederror,0.7318226332494622,gpu_hist,COMPLETE
57,0.6956457587681226,0.04414912765169262,0.70198366222843,rmse,9.664812210019248,0.032289387530322226,11,252,reg:squarederror,0.6934141157653203,gpu_hist,COMPLETE
58,0.6959606882400615,0.020213133778356436,0.796543537714074,rmse,1.1687228559391436,0.023963453696206477,7,237,reg:squarederror,0.6176178591707968,gpu_hist,COMPLETE
59,0.6948386652729714,0.0015157546333323018,0.5960722737009564,rmse,0.05711651336440003,0.011720887389872026,13,268,reg:squarederror,0.5901914980397011,gpu_hist,COMPLETE
60,0.6943461219441376,5.495134137722155,0.638979745158255,rmse,3.106127886292406,0.015749496919803263,17,280,reg:squarederror,0.9318359779178449,gpu_hist,COMPLETE
61,0.6944629310706367,5.699554540101755,0.6412911842892872,rmse,6.703469628889834,0.013748823783426662,17,281,reg:squarederror,0.8808401210811655,gpu_hist,COMPLETE
62,0.6943756568072929,5.791127558686512,0.635443049592368,rmse,2.75982872972831,0.01600233380169267,17,285,reg:squarederror,0.912822590141305,gpu_hist,COMPLETE
63,0.6954810223905187,8.737625027016804,0.5182922193828841,rmse,2.423357584216332,0.01021843774004143,17,293,reg:squarederror,0.9724015170224789,gpu_hist,COMPLETE
64,0.6970967282528938,5.211124875432297,0.6335543838887948,rmse,3.617349607043922,0.007016708742112666,17,300,reg:squarederror,0.9183507059734825,gpu_hist,COMPLETE
65,0.694539537133658,2.4645348257539164,0.5543222182382895,rmse,1.2512534968286784,0.022467501247409885,17,280,reg:squarederror,0.8797686212096798,gpu_hist,COMPLETE
66,0.6946488372513357,5.939759206222282,0.6687977384504712,rmse,7.034222465648418,0.016635185607356155,17,135,reg:squarederror,0.9435786239692091,gpu_hist,COMPLETE
67,0.6947842215926034,3.0977448053247776,0.3044945119378222,rmse,2.418798976331005,0.01984440771707767,17,260,reg:squarederror,0.842942684588651,gpu_hist,COMPLETE
68,0.694484353790592,7.165962246487488,0.6323897313161546,rmse,4.781485756695354,0.011935763772374555,17,206,reg:squarederror,0.9312592915871332,gpu_hist,COMPLETE
69,0.6976684376692823,1.4109346416388704,0.561604045392037,rmse,0.7015794881747696,0.03877742860837572,17,206,reg:squarederror,0.9341206220164544,gpu_hist,COMPLETE
70,0.6942945137948537,7.161703805499922,0.3666289695582481,rmse,0.036180876680584846,0.015912731489957605,17,233,reg:squarederror,0.8964889042052692,gpu_hist,COMPLETE
71,0.6943209570766173,7.617163064009609,0.3732717846181003,rmse,0.03596425492377229,0.015326578864009552,17,239,reg:squarederror,0.9014892672373181,gpu_hist,COMPLETE
72,0.6944308300234467,8.10081236636287,0.3684129766553987,rmse,0.035499244539232935,0.013279266714785075,17,185,reg:squarederror,0.8920198386789367,gpu_hist,COMPLETE
73,0.694138291037434,4.08248986019275,0.3779762574580575,rmse,0.036493044544201284,0.015930344141759454,17,160,reg:squarederror,0.8991519965727681,gpu_hist,COMPLETE
74,0.6941315825747562,4.48524607770714,0.371530524971918,rmse,0.025867141608239323,0.015037863320088067,17,173,reg:squarederror,0.8953933663614949,gpu_hist,COMPLETE
75,0.6943350057124495,3.6990862558173485,0.36793795367553733,rmse,0.03254537989937596,0.015238701805167662,17,181,reg:squarederror,0.9089185616312226,gpu_hist,COMPLETE
76,0.6947299213754957,3.86659391023507,0.32705218114696766,rmse,0.024404073815475633,0.015618707319202488,17,164,reg:squarederror,0.9722077428295811,gpu_hist,COMPLETE
77,0.6947349654774005,2.203896118794027,0.41594909599778984,rmse,0.043514934414371625,0.01811794450859379,17,145,reg:squarederror,0.9170046135568415,gpu_hist,COMPLETE
78,0.695641016594349,3.9192189159165527,0.38064076605602204,rmse,0.01684190322803921,0.02531186354618937,17,123,reg:squarederror,0.8623021723523031,gpu_hist,COMPLETE
79,0.6946014115676465,4.7570872029073765,0.34446882345333657,rmse,0.06740149677738078,0.015232051458804546,17,178,reg:squarederror,0.8143699708302087,gpu_hist,COMPLETE
80,0.6960145005528172,2.9745391078720402,0.39602153353802905,rmse,0.015027017537226605,0.028195678732648,17,154,reg:squarederror,0.9070105034063681,gpu_hist,COMPLETE
81,0.6941099503148108,7.318828239035086,0.3701897878699208,rmse,0.031219193280710947,0.01832973564193839,17,163,reg:squarederror,0.902251794688969,gpu_hist,COMPLETE
82,0.6943425766921678,9.820755184736038,0.3585670070813351,rmse,0.027756468237194017,0.01905928109071964,17,166,reg:squarederror,0.9688593844071625,gpu_hist,COMPLETE
83,0.6942152202684984,9.81066845339856,0.4132268153415544,rmse,0.02737319338159153,0.017713184488475045,17,190,reg:squarederror,0.9719275694129795,gpu_hist,COMPLETE
84,0.694475132585409,9.959017105037058,0.3511609588629618,rmse,0.02878595889820682,0.01859124396302581,17,162,reg:squarederror,0.9732682820265879,gpu_hist,COMPLETE
85,0.6947849246699749,6.825709437010648,0.32475680659520767,rmse,0.04464353633037997,0.021281164867015697,17,186,reg:squarederror,0.9887046169637239,gpu_hist,COMPLETE
86,0.6950348830524862,3.417711528733453,0.4207925542027333,rmse,0.010946896821366835,0.023249200305365474,17,171,reg:squarederror,0.9563890354237603,gpu_hist,COMPLETE
87,0.6947557058141154,2.0006763162753365,0.38208549352888427,rmse,0.025292223936740806,0.009201562499870156,17,147,reg:squarederror,0.944146645996425,gpu_hist,COMPLETE
88,0.6944375372876355,7.2734920316188925,0.458123381183172,rmse,0.019920630479663557,0.012972191349853168,17,187,reg:squarederror,0.928695878515096,gpu_hist,COMPLETE
89,0.7030638918340977,4.2027154033429435,0.40374623656388187,rmse,0.03388617333967171,0.010651907614425103,5,132,reg:squarederror,0.8942401046990676,gpu_hist,COMPLETE
90,0.7029531807292132,4.827016375091673,0.36786070277317207,rmse,0.008242414869647382,0.031934872533117276,3,161,reg:squarederror,0.840402944882787,gpu_hist,COMPLETE
91,0.6945366808796888,6.197247627575987,0.33253174600876234,rmse,0.05085471949935759,0.016704371169703774,17,199,reg:squarederror,0.9148835273646053,gpu_hist,COMPLETE
92,0.6942092857993748,9.423572408396712,0.36494323871239537,rmse,0.01312505968078021,0.014852705028255909,17,177,reg:squarederror,0.8641227144927468,gpu_hist,COMPLETE
93,0.694650208848321,9.59923799201515,0.30029169835153974,rmse,0.012408755376587493,0.014915361121062218,17,179,reg:squarederror,0.9640797132564544,gpu_hist,COMPLETE
94,0.6946363681961828,1.550248391295221,0.36466697307315166,rmse,0.01766124819169581,0.018426175459663446,17,168,reg:squarederror,0.8688745101274534,gpu_hist,COMPLETE
95,0.6950573060388503,7.977862783859341,0.4281870368896402,rmse,0.02738913062067478,0.025603050777883263,17,177,reg:squarederror,0.9870109316493475,gpu_hist,COMPLETE
96,0.6945673764217971,4.56716867749046,0.38593720945051013,rmse,0.03623187551458659,0.021774225199554246,15,196,reg:squarederror,0.8896968577485381,gpu_hist,COMPLETE
97,0.6947582916699494,3.4126880591551254,0.3492979390327181,rmse,0.008553019132532156,0.013042237447189867,17,215,reg:squarederror,0.9386578713644022,gpu_hist,COMPLETE
98,0.6953337919085448,2.7192282085045516,0.47023124848318115,rmse,0.10229309852803381,0.01907191046550971,9,155,reg:squarederror,0.8521531781362756,gpu_hist,COMPLETE
99,0.6941298374419759,7.3579704100148975,0.4457535022612137,rmse,0.021605118559124795,0.014449582551384363,17,143,reg:squarederror,0.9039427346038896,gpu_hist,COMPLETE
100,0.7039491393612933,9.995290478809656,0.4436840580091314,rmse,0.021590045645733996,0.09628036425624711,11,101,reg:squarederror,0.9004598650010487,gpu_hist,COMPLETE
101,0.6942014655342871,6.825266749415942,0.40911434867098184,rmse,0.06701932220972343,0.014679897494347621,17,127,reg:squarederror,0.9510674222405532,gpu_hist,COMPLETE
102,0.6943656522550896,7.089563630995283,0.4070601301459404,rmse,0.06681236147795182,0.01252172031802851,17,143,reg:squarederror,0.9509958962395686,gpu_hist,COMPLETE
103,0.6948631806325061,6.5170113282296,0.3954082161522353,rmse,0.04926250129912517,0.010837467430837602,17,123,reg:squarederror,0.9992444349308487,gpu_hist,COMPLETE
104,0.6944206681116302,8.02351434626254,0.37889723227603006,rmse,0.01390834986783018,0.014730375270282122,17,129,reg:squarederror,0.9228531627005898,gpu_hist,COMPLETE
105,0.6970104423348009,3.8967085058547686,0.31504543459909923,rmse,0.030440992872923317,0.018056354353061094,7,104,reg:squarederror,0.8807436498760288,gpu_hist,COMPLETE
106,0.6943545224388101,5.046538328129104,0.36663445460350286,rmse,0.03799125779342863,0.014189097206147498,17,116,reg:squarederror,0.856320846951413,gpu_hist,COMPLETE
107,0.6943233078383987,8.516438453022237,0.33628933243879644,rmse,0.02384440896669663,0.017227652898487662,17,139,reg:squarederror,0.9634693231196441,gpu_hist,COMPLETE
108,1.290185261426332,8.106865971095491,0.3358830237985708,rmse,0.08193074203924747,0.0019340419213844766,17,158,reg:squarederror,0.8262734072411658,gpu_hist,COMPLETE
109,0.7090216483048516,6.009337910098866,0.4252760401161132,rmse,0.12199054782350867,0.011515648663087744,3,149,reg:squarederror,0.909487237877982,gpu_hist,COMPLETE
110,0.7003712896185428,3.3145374526785965,0.40805063743968184,rmse,0.004426508119194155,0.01718520530954869,5,112,reg:squarederror,0.9521207673482022,gpu_hist,COMPLETE
111,0.694476837107134,8.765820801357988,0.35670801395224927,rmse,0.02279724310108584,0.020204922825482266,17,175,reg:squarederror,0.9671120185608186,gpu_hist,COMPLETE
112,0.6944992084584719,6.848010760400809,0.3182458838505323,rmse,0.017513737894210755,0.015971457846769305,17,168,reg:squarederror,0.9840628419861328,gpu_hist,COMPLETE
113,0.6953207324861105,4.466385646527416,0.34037691192227243,rmse,0.058018087189738526,0.022887824623727272,17,138,reg:squarederror,0.8865888992884733,gpu_hist,COMPLETE
114,0.6943444581367887,9.886458787676585,0.37743526643514,rmse,0.04051563897015103,0.014273479363624823,17,152,reg:squarederror,0.9022295379935756,gpu_hist,COMPLETE
115,0.6945937022197014,5.508489085715522,0.3932421671737096,rmse,0.029235336173813645,0.020175051467979644,17,94,reg:squarederror,0.9417384248875508,gpu_hist,COMPLETE
116,0.6946381297845665,2.5184524918505744,0.44820884367689945,rmse,0.014802659015876603,0.00990671971630544,17,189,reg:squarederror,0.866050878460003,gpu_hist,COMPLETE
117,0.695021794183428,7.725369027511275,0.35166555895353785,rmse,0.011269401105262714,0.012374606772552392,17,181,reg:squarederror,0.925210355538246,gpu_hist,COMPLETE
118,0.6941909714463951,6.346968359894651,0.43488926483286633,rmse,0.02025621238456175,0.017253651446847228,15,164,reg:squarederror,0.9773028742690364,gpu_hist,COMPLETE
119,0.6956497276533693,3.7831378627054435,0.4865091981578849,rmse,0.021049826119176714,0.007897271972145995,15,139,reg:squarederror,0.9796018155190974,gpu_hist,COMPLETE
120,0.6942805753647218,4.881421378787369,0.4355119901819746,rmse,0.06674302886296499,0.016641566294215523,15,129,reg:squarederror,0.9597364212677433,gpu_hist,COMPLETE
121,0.6943130270775655,5.3532213280288214,0.44038924916042455,rmse,0.06914297914776617,0.016186184280379337,15,143,reg:squarederror,0.9567863413140627,gpu_hist,COMPLETE
122,0.694257116626059,6.2358810904246855,0.469985180243665,rmse,0.06160012044877768,0.016591427607672533,15,131,reg:squarederror,0.956753772255431,gpu_hist,COMPLETE
123,0.694269349229207,5.157319660429191,0.4720905162602619,rmse,0.09247249167255003,0.013352487574168521,15,128,reg:squarederror,0.9525990704615427,gpu_hist,COMPLETE
124,0.6943472567546619,5.016657513681519,0.4729525325848461,rmse,0.08731530951340827,0.013634236219489757,15,128,reg:squarederror,0.9553745713115165,gpu_hist,COMPLETE
125,0.694432673154169,6.188154870542393,0.4351097471488731,rmse,0.06890680773417664,0.01755696148219472,15,115,reg:squarederror,0.9992431974701713,gpu_hist,COMPLETE
126,0.6941665912237933,4.468952123221768,0.45648846763727663,rmse,0.1490063034908662,0.01629716868960584,15,145,reg:squarederror,0.9430610330886777,gpu_hist,COMPLETE
127,0.6945845308131987,4.295168405987311,0.501552380492099,rmse,0.11423101777937847,0.011306324430687143,15,122,reg:squarederror,0.9406404788490164,gpu_hist,COMPLETE
128,0.6943159143033115,2.874569959732924,0.4642514002375218,rmse,0.1432004557126865,0.012683246928141817,15,133,reg:squarederror,0.9241066835232787,gpu_hist,COMPLETE
