Trial 461 finished with value: 0.6947141776009574 and parameters: {'objective': 'reg:squarederror', 'tree_method': 'gpu_hist', 'lambda': 0.10750632121197594, 'alpha': 0.2962902720372009, 'colsample_bytree': 0.6388143242608869, 'subsample': 0.6792118596178298, 'learning_rate': 0.010906354970936834, 'max_depth': 20, 'min_child_weight': 71, 'eval_metric': 'rmse'}. Best is trial 140 with value: 0.693976497093345.
start listen on 192.168.1.101:60865
@tracker All of 1 nodes getting started
@tracker All nodes finishes job
Trial 462 finished with value: 0.6940968826808664 and parameters: {'objective': 'reg:squarederror', 'tree_method': 'gpu_hist', 'lambda': 0.056036527781839596, 'alpha': 0.25921424240391344, 'colsample_bytree': 0.5528305498190774, 'subsample': 0.66522034916337, 'learning_rate': 0.010023793924276962, 'max_depth': 20, 'min_child_weight': 98, 'eval_metric': 'rmse'}. Best is trial 140 with value: 0.693976497093345.
start listen on 192.168.1.101:48879
@tracker All of 1 nodes getting started
@tracker All nodes finishes job
Trial 463 finished with value: 0.6942770382291109 and parameters: {'objective': 'reg:squarederror', 'tree_method': 'gpu_hist', 'lambda': 0.055821865817149686, 'alpha': 0.2942434886367566, 'colsample_bytree': 0.5270308061819142, 'subsample': 0.6619084521928309, 'learning_rate': 0.011981295869117555, 'max_depth': 13, 'min_child_weight': 98, 'eval_metric': 'rmse'}. Best is trial 140 with value: 0.693976497093345.
start listen on 192.168.1.101:48691
@tracker All of 1 nodes getting started
@tracker All nodes finishes job
Trial 464 finished with value: 0.6941702756107792 and parameters: {'objective': 'reg:squarederror', 'tree_method': 'gpu_hist', 'lambda': 0.06986174869905105, 'alpha': 0.010006915314812705, 'colsample_bytree': 0.5430759356420463, 'subsample': 0.6625996747878352, 'learning_rate': 0.010151538274647333, 'max_depth': 20, 'min_child_weight': 102, 'eval_metric': 'rmse'}. Best is trial 140 with value: 0.693976497093345.
start listen on 192.168.1.101:58245
@tracker All of 1 nodes getting started
@tracker All nodes finishes job
Trial 465 finished with value: 0.6950025292329862 and parameters: {'objective': 'reg:squarederror', 'tree_method': 'gpu_hist', 'lambda': 0.08676062311490385, 'alpha': 0.37975604493112886, 'colsample_bytree': 0.5182545856408493, 'subsample': 0.6686002051232836, 'learning_rate': 0.01380116220971863, 'max_depth': 20, 'min_child_weight': 86, 'eval_metric': 'rmse'}. Best is trial 140 with value: 0.693976497093345.
start listen on 192.168.1.101:39231
@tracker All of 1 nodes getting started
@tracker All nodes finishes job
Trial 466 finished with value: 1.0512420042752586 and parameters: {'objective': 'reg:squarederror', 'tree_method': 'gpu_hist', 'lambda': 0.058597673114774325, 'alpha': 0.23674604946706004, 'colsample_bytree': 0.5630726896284765, 'subsample': 0.6794540249032462, 'learning_rate': 0.002250635566727881, 'max_depth': 11, 'min_child_weight': 108, 'eval_metric': 'rmse'}. Best is trial 140 with value: 0.693976497093345.
start listen on 192.168.1.101:46753
@tracker All of 1 nodes getting started
@tracker All nodes finishes job
Trial 467 finished with value: 0.6978260107893256 and parameters: {'objective': 'reg:squarederror', 'tree_method': 'gpu_hist', 'lambda': 0.07514799732893232, 'alpha': 0.26658091609580964, 'colsample_bytree': 0.5417300691736922, 'subsample': 0.655017677878022, 'learning_rate': 0.006612364625393043, 'max_depth': 9, 'min_child_weight': 97, 'eval_metric': 'rmse'}. Best is trial 140 with value: 0.693976497093345.
start listen on 192.168.1.101:37465
@tracker All of 1 nodes getting started
@tracker All nodes finishes job
Trial 468 finished with value: 0.6945787795830954 and parameters: {'objective': 'reg:squarederror', 'tree_method': 'gpu_hist', 'lambda': 0.05095082608140791, 'alpha': 0.20946596136325255, 'colsample_bytree': 0.5805488465523665, 'subsample': 0.6684091880313336, 'learning_rate': 0.011116329039359206, 'max_depth': 20, 'min_child_weight': 101, 'eval_metric': 'rmse'}. Best is trial 140 with value: 0.693976497093345.
start listen on 192.168.1.101:43363
@tracker All of 1 nodes getting started
@tracker All nodes finishes job
Trial 469 finished with value: 0.6973465236330115 and parameters: {'objective': 'reg:squarederror', 'tree_method': 'gpu_hist', 'lambda': 0.021879894795483985, 'alpha': 0.18652836319691551, 'colsample_bytree': 0.5540965092288445, 'subsample': 0.6873352810105525, 'learning_rate': 0.012706510481523641, 'max_depth': 7, 'min_child_weight': 106, 'eval_metric': 'rmse'}. Best is trial 140 with value: 0.693976497093345.
start listen on 192.168.1.101:46383
@tracker All of 1 nodes getting started
@tracker All nodes finishes job
Trial 470 finished with value: 0.694285846774223 and parameters: {'objective': 'reg:squarederror', 'tree_method': 'gpu_hist', 'lambda': 0.0189396649480003, 'alpha': 0.5393564391293685, 'colsample_bytree': 0.5324359479996171, 'subsample': 0.6545452032649872, 'learning_rate': 0.010081972932745606, 'max_depth': 20, 'min_child_weight': 96, 'eval_metric': 'rmse'}. Best is trial 140 with value: 0.693976497093345.
start listen on 192.168.1.101:57297
@tracker All of 1 nodes getting started
@tracker All nodes finishes job
Trial 471 finished with value: 0.6941563452134079 and parameters: {'objective': 'reg:squarederror', 'tree_method': 'gpu_hist', 'lambda': 0.025594071533694286, 'alpha': 0.16063870785968828, 'colsample_bytree': 0.5661198739601945, 'subsample': 0.6756120699263248, 'learning_rate': 0.011668891213435985, 'max_depth': 20, 'min_child_weight': 171, 'eval_metric': 'rmse'}. Best is trial 140 with value: 0.693976497093345.
start listen on 192.168.1.101:47839
@tracker All of 1 nodes getting started
@tracker All nodes finishes job
Trial 472 finished with value: 0.6941358458839385 and parameters: {'objective': 'reg:squarederror', 'tree_method': 'gpu_hist', 'lambda': 0.043556410849300474, 'alpha': 0.3416576742488371, 'colsample_bytree': 0.5189232215007383, 'subsample': 0.6645539700506444, 'learning_rate': 0.010653119104882881, 'max_depth': 15, 'min_child_weight': 95, 'eval_metric': 'rmse'}. Best is trial 140 with value: 0.693976497093345.
start listen on 192.168.1.101:48271
@tracker All of 1 nodes getting started
@tracker All nodes finishes job
Trial 473 finished with value: 0.6949306859748983 and parameters: {'objective': 'reg:squarederror', 'tree_method': 'gpu_hist', 'lambda': 0.057596148062806864, 'alpha': 0.1555267906606158, 'colsample_bytree': 0.6069392637515988, 'subsample': 0.6904303279967859, 'learning_rate': 0.012929165826386275, 'max_depth': 20, 'min_child_weight': 89, 'eval_metric': 'rmse'}. Best is trial 140 with value: 0.693976497093345.
start listen on 192.168.1.101:49145
@tracker All of 1 nodes getting started
@tracker All nodes finishes job
Trial 474 finished with value: 0.6942734013126213 and parameters: {'objective': 'reg:squarederror', 'tree_method': 'gpu_hist', 'lambda': 0.06643771591985198, 'alpha': 0.4234546599069089, 'colsample_bytree': 0.5930834576614886, 'subsample': 0.6769400537627449, 'learning_rate': 0.00990151400751656, 'max_depth': 20, 'min_child_weight': 112, 'eval_metric': 'rmse'}. Best is trial 140 with value: 0.693976497093345.
start listen on 192.168.1.101:47701
@tracker All of 1 nodes getting started
@tracker All nodes finishes job
Trial 475 finished with value: 0.6952000200079861 and parameters: {'objective': 'reg:squarederror', 'tree_method': 'gpu_hist', 'lambda': 0.02745293582213957, 'alpha': 0.1998693706251639, 'colsample_bytree': 0.5461470981043526, 'subsample': 0.6508169368450067, 'learning_rate': 0.006183806653146746, 'max_depth': 15, 'min_child_weight': 93, 'eval_metric': 'rmse'}. Best is trial 140 with value: 0.693976497093345.
start listen on 192.168.1.101:46343
@tracker All of 1 nodes getting started
@tracker All nodes finishes job
Trial 476 finished with value: 0.7004673704833311 and parameters: {'objective': 'reg:squarederror', 'tree_method': 'gpu_hist', 'lambda': 0.021339739443838445, 'alpha': 0.8546029719967627, 'colsample_bytree': 0.9211712296873463, 'subsample': 0.6662866296334263, 'learning_rate': 0.014722252851428624, 'max_depth': 5, 'min_child_weight': 164, 'eval_metric': 'rmse'}. Best is trial 140 with value: 0.693976497093345.
start listen on 192.168.1.101:51213
@tracker All of 1 nodes getting started
@tracker All nodes finishes job
Trial 477 finished with value: 0.6945270840791968 and parameters: {'objective': 'reg:squarederror', 'tree_method': 'gpu_hist', 'lambda': 0.01715330693147231, 'alpha': 0.2317097060390847, 'colsample_bytree': 0.5733920332902869, 'subsample': 0.6955921296250591, 'learning_rate': 0.011593580496463323, 'max_depth': 20, 'min_child_weight': 81, 'eval_metric': 'rmse'}. Best is trial 140 with value: 0.693976497093345.
start listen on 192.168.1.101:59555
@tracker All of 1 nodes getting started
@tracker All nodes finishes job
Trial 478 finished with value: 0.6946305371294894 and parameters: {'objective': 'reg:squarederror', 'tree_method': 'gpu_hist', 'lambda': 0.03207365405297958, 'alpha': 0.13354183637791847, 'colsample_bytree': 0.557089307594546, 'subsample': 0.6434687540351743, 'learning_rate': 0.009488051139099913, 'max_depth': 20, 'min_child_weight': 285, 'eval_metric': 'rmse'}. Best is trial 140 with value: 0.693976497093345.
start listen on 192.168.1.101:34293
@tracker All of 1 nodes getting started
@tracker All nodes finishes job
Trial 479 finished with value: 0.6944037755592734 and parameters: {'objective': 'reg:squarederror', 'tree_method': 'gpu_hist', 'lambda': 4.409904249487477, 'alpha': 0.1734065889185394, 'colsample_bytree': 0.5350369493471531, 'subsample': 0.6839454252616567, 'learning_rate': 0.010909914380836784, 'max_depth': 20, 'min_child_weight': 176, 'eval_metric': 'rmse'}. Best is trial 140 with value: 0.693976497093345.
start listen on 192.168.1.101:59411
@tracker All of 1 nodes getting started
@tracker All nodes finishes job
Trial 480 finished with value: 0.6942171944322326 and parameters: {'objective': 'reg:squarederror', 'tree_method': 'gpu_hist', 'lambda': 0.10680424300559282, 'alpha': 0.10676929834339542, 'colsample_bytree': 0.5109188839334382, 'subsample': 0.6571779165475263, 'learning_rate': 0.01245990079235669, 'max_depth': 15, 'min_child_weight': 169, 'eval_metric': 'rmse'}. Best is trial 140 with value: 0.693976497093345.
start listen on 192.168.1.101:39755
@tracker All of 1 nodes getting started
@tracker All nodes finishes job
Trial 481 finished with value: 0.694630122326539 and parameters: {'objective': 'reg:squarederror', 'tree_method': 'gpu_hist', 'lambda': 0.08418872213925596, 'alpha': 0.10225033804342001, 'colsample_bytree': 0.578320329255685, 'subsample': 0.7229783232024188, 'learning_rate': 0.013410486938363246, 'max_depth': 20, 'min_child_weight': 155, 'eval_metric': 'rmse'}. Best is trial 140 with value: 0.693976497093345.
start listen on 192.168.1.101:37693
@tracker All of 1 nodes getting started
@tracker All nodes finishes job
Trial 482 finished with value: 0.6941608080554302 and parameters: {'objective': 'reg:squarederror', 'tree_method': 'gpu_hist', 'lambda': 0.02451190794287194, 'alpha': 0.14045778672433298, 'colsample_bytree': 0.553626050852939, 'subsample': 0.6763860003494673, 'learning_rate': 0.011284543478827408, 'max_depth': 20, 'min_child_weight': 161, 'eval_metric': 'rmse'}. Best is trial 140 with value: 0.693976497093345.
start listen on 192.168.1.101:56725
@tracker All of 1 nodes getting started
@tracker All nodes finishes job
Trial 483 finished with value: 0.6943752707101918 and parameters: {'objective': 'reg:squarederror', 'tree_method': 'gpu_hist', 'lambda': 0.045578932952034586, 'alpha': 0.11452113107201209, 'colsample_bytree': 0.5241847943018692, 'subsample': 0.6309519750266529, 'learning_rate': 0.008725162626236281, 'max_depth': 15, 'min_child_weight': 101, 'eval_metric': 'rmse'}. Best is trial 140 with value: 0.693976497093345.
start listen on 192.168.1.101:33437
@tracker All of 1 nodes getting started
@tracker All nodes finishes job
Trial 484 finished with value: 0.6942330462364853 and parameters: {'objective': 'reg:squarederror', 'tree_method': 'gpu_hist', 'lambda': 0.030011534986825354, 'alpha': 0.07651010159019239, 'colsample_bytree': 0.5405367996106168, 'subsample': 0.6952521430973029, 'learning_rate': 0.010152782877284527, 'max_depth': 20, 'min_child_weight': 165, 'eval_metric': 'rmse'}. Best is trial 140 with value: 0.693976497093345.
start listen on 192.168.1.101:47079
@tracker All of 1 nodes getting started
@tracker All nodes finishes job
Trial 485 finished with value: 0.7082342945149841 and parameters: {'objective': 'reg:squarederror', 'tree_method': 'gpu_hist', 'lambda': 0.019330248347852835, 'alpha': 0.15535626555278131, 'colsample_bytree': 0.5942938880889912, 'subsample': 0.6675470761282637, 'learning_rate': 0.012063407767477616, 'max_depth': 3, 'min_child_weight': 179, 'eval_metric': 'rmse'}. Best is trial 140 with value: 0.693976497093345.
start listen on 192.168.1.101:57397
@tracker All of 1 nodes getting started
@tracker All nodes finishes job
Trial 486 finished with value: 0.6943867730213815 and parameters: {'objective': 'reg:squarederror', 'tree_method': 'gpu_hist', 'lambda': 0.03705952756032256, 'alpha': 0.09910964705536064, 'colsample_bytree': 0.5638291592563769, 'subsample': 0.5114535269840768, 'learning_rate': 0.009249002910608671, 'max_depth': 20, 'min_child_weight': 158, 'eval_metric': 'rmse'}. Best is trial 140 with value: 0.693976497093345.
start listen on 192.168.1.101:58613
@tracker All of 1 nodes getting started
@tracker All nodes finishes job
Trial 487 finished with value: 0.694256668793298 and parameters: {'objective': 'reg:squarederror', 'tree_method': 'gpu_hist', 'lambda': 0.024873098567016565, 'alpha': 0.19247004838330192, 'colsample_bytree': 0.580230228137614, 'subsample': 0.6839638958115462, 'learning_rate': 0.010693247423639187, 'max_depth': 15, 'min_child_weight': 169, 'eval_metric': 'rmse'}. Best is trial 140 with value: 0.693976497093345.
start listen on 192.168.1.101:58923
@tracker All of 1 nodes getting started
@tracker All nodes finishes job
Trial 488 finished with value: 0.6956021291204332 and parameters: {'objective': 'reg:squarederror', 'tree_method': 'gpu_hist', 'lambda': 0.015683909355179795, 'alpha': 0.009747910578707747, 'colsample_bytree': 0.5466842650966118, 'subsample': 0.711438325844493, 'learning_rate': 0.014443799931694317, 'max_depth': 20, 'min_child_weight': 80, 'eval_metric': 'rmse'}. Best is trial 140 with value: 0.693976497093345.
start listen on 192.168.1.101:59555
@tracker All of 1 nodes getting started
@tracker All nodes finishes job
Trial 489 finished with value: 0.6940905266976319 and parameters: {'objective': 'reg:squarederror', 'tree_method': 'gpu_hist', 'lambda': 3.3192722007626116, 'alpha': 0.2943355613376985, 'colsample_bytree': 0.5641714621340573, 'subsample': 0.656581478085784, 'learning_rate': 0.012076672936367007, 'max_depth': 20, 'min_child_weight': 173, 'eval_metric': 'rmse'}. Best is trial 140 with value: 0.693976497093345.
start listen on 192.168.1.101:58529
@tracker All of 1 nodes getting started
@tracker All nodes finishes job
Trial 490 finished with value: 0.6944364046639111 and parameters: {'objective': 'reg:squarederror', 'tree_method': 'gpu_hist', 'lambda': 4.65211786157123, 'alpha': 0.37576946249797616, 'colsample_bytree': 0.5671402913531549, 'subsample': 0.6604839516469981, 'learning_rate': 0.015847892056071507, 'max_depth': 20, 'min_child_weight': 150, 'eval_metric': 'rmse'}. Best is trial 140 with value: 0.693976497093345.
start listen on 192.168.1.101:43727
@tracker All of 1 nodes getting started
@tracker All nodes finishes job
Trial 491 finished with value: 0.6945329469483561 and parameters: {'objective': 'reg:squarederror', 'tree_method': 'gpu_hist', 'lambda': 2.8785918371733628, 'alpha': 0.2607826883958837, 'colsample_bytree': 0.5886363860341238, 'subsample': 0.6763864661408492, 'learning_rate': 0.01303993708557191, 'max_depth': 15, 'min_child_weight': 88, 'eval_metric': 'rmse'}. Best is trial 140 with value: 0.693976497093345.
start listen on 192.168.1.101:35033
@tracker All of 1 nodes getting started
@tracker All nodes finishes job
Trial 492 finished with value: 0.6942582018306527 and parameters: {'objective': 'reg:squarederror', 'tree_method': 'gpu_hist', 'lambda': 0.02200711695890509, 'alpha': 0.30419810192289753, 'colsample_bytree': 0.6015641248603956, 'subsample': 0.6962162586348865, 'learning_rate': 0.007981971132451996, 'max_depth': 20, 'min_child_weight': 107, 'eval_metric': 'rmse'}. Best is trial 140 with value: 0.693976497093345.
start listen on 192.168.1.101:46149
@tracker All of 1 nodes getting started
@tracker All nodes finishes job
Trial 493 finished with value: 0.6968203113789105 and parameters: {'objective': 'reg:squarederror', 'tree_method': 'gpu_hist', 'lambda': 0.028596397724247984, 'alpha': 0.2930573760388404, 'colsample_bytree': 0.5746384253393125, 'subsample': 0.6513569809068943, 'learning_rate': 0.03309384512606427, 'max_depth': 13, 'min_child_weight': 158, 'eval_metric': 'rmse'}. Best is trial 140 with value: 0.693976497093345.
start listen on 192.168.1.101:53529
@tracker All of 1 nodes getting started
@tracker All nodes finishes job
Trial 494 finished with value: 0.6944331490129262 and parameters: {'objective': 'reg:squarederror', 'tree_method': 'gpu_hist', 'lambda': 1.4622619556457344, 'alpha': 0.39699138173952064, 'colsample_bytree': 0.6212187714641075, 'subsample': 0.6848072506464042, 'learning_rate': 0.012023499737700782, 'max_depth': 20, 'min_child_weight': 174, 'eval_metric': 'rmse'}. Best is trial 140 with value: 0.693976497093345.
start listen on 192.168.1.101:45131
@tracker All of 1 nodes getting started
@tracker All nodes finishes job
Trial 495 finished with value: 0.6989595077120615 and parameters: {'objective': 'reg:squarederror', 'tree_method': 'gpu_hist', 'lambda': 2.1699917330871616, 'alpha': 0.2159081613300886, 'colsample_bytree': 0.5569824014915365, 'subsample': 0.6702818521260998, 'learning_rate': 0.009834119053174975, 'max_depth': 7, 'min_child_weight': 39, 'eval_metric': 'rmse'}. Best is trial 140 with value: 0.693976497093345.
start listen on 192.168.1.101:45681
@tracker All of 1 nodes getting started
@tracker All nodes finishes job
Trial 496 finished with value: 0.6993951341746963 and parameters: {'objective': 'reg:squarederror', 'tree_method': 'gpu_hist', 'lambda': 0.036095395481403, 'alpha': 0.2565996165990279, 'colsample_bytree': 0.5626226403705763, 'subsample': 0.7048881945087083, 'learning_rate': 0.005642838520920982, 'max_depth': 9, 'min_child_weight': 165, 'eval_metric': 'rmse'}. Best is trial 140 with value: 0.693976497093345.
start listen on 192.168.1.101:36429
@tracker All of 1 nodes getting started
@tracker All nodes finishes job
Trial 497 finished with value: 0.6945493341488969 and parameters: {'objective': 'reg:squarederror', 'tree_method': 'gpu_hist', 'lambda': 1.438682034532051, 'alpha': 0.3483650322443039, 'colsample_bytree': 0.583191926906742, 'subsample': 0.6621206004550697, 'learning_rate': 0.013754725571356425, 'max_depth': 15, 'min_child_weight': 91, 'eval_metric': 'rmse'}. Best is trial 140 with value: 0.693976497093345.
start listen on 192.168.1.101:47623
@tracker All of 1 nodes getting started
@tracker All nodes finishes job
Trial 498 finished with value: 0.694138173615021 and parameters: {'objective': 'reg:squarederror', 'tree_method': 'gpu_hist', 'lambda': 3.7362483188256546, 'alpha': 0.5287504272950877, 'colsample_bytree': 0.5483252774828273, 'subsample': 0.6923885839344259, 'learning_rate': 0.010976850129405856, 'max_depth': 20, 'min_child_weight': 150, 'eval_metric': 'rmse'}. Best is trial 140 with value: 0.693976497093345.
start listen on 192.168.1.101:41741
@tracker All of 1 nodes getting started
@tracker All nodes finishes job
Trial 499 finished with value: 0.6942437447850434 and parameters: {'objective': 'reg:squarederror', 'tree_method': 'gpu_hist', 'lambda': 0.0189542310285533, 'alpha': 0.23392133881550733, 'colsample_bytree': 0.567222819344051, 'subsample': 0.67427752879811, 'learning_rate': 0.0125720805871773, 'max_depth': 20, 'min_child_weight': 168, 'eval_metric': 'rmse'}. Best is trial 140 with value: 0.693976497093345.
start listen on 192.168.1.101:54253
@tracker All of 1 nodes getting started
@tracker All nodes finishes job
Trial 500 finished with value: 0.6951364839328095 and parameters: {'objective': 'reg:squarederror', 'tree_method': 'gpu_hist', 'lambda': 0.030919390920736367, 'alpha': 0.31894192101336993, 'colsample_bytree': 0.6102380952412357, 'subsample': 0.6454429063442074, 'learning_rate': 0.010072440025474612, 'max_depth': 11, 'min_child_weight': 179, 'eval_metric': 'rmse'}. Best is trial 140 with value: 0.693976497093345.
start listen on 192.168.1.101:54367
@tracker All of 1 nodes getting started
@tracker All nodes finishes job
Trial 501 finished with value: 0.6941766514831091 and parameters: {'objective': 'reg:squarederror', 'tree_method': 'gpu_hist', 'lambda': 0.013100118298926947, 'alpha': 0.44154317590168524, 'colsample_bytree': 0.5323653329579195, 'subsample': 0.7122074938585421, 'learning_rate': 0.009037915332685099, 'max_depth': 20, 'min_child_weight': 159, 'eval_metric': 'rmse'}. Best is trial 140 with value: 0.693976497093345.
start listen on 192.168.1.101:44503
@tracker All of 1 nodes getting started
@tracker All nodes finishes job
Trial 502 finished with value: 0.6942668532918713 and parameters: {'objective': 'reg:squarederror', 'tree_method': 'gpu_hist', 'lambda': 0.02510277559405152, 'alpha': 0.0678228170152167, 'colsample_bytree': 0.5852081940621032, 'subsample': 0.6843028498615455, 'learning_rate': 0.011430596229622439, 'max_depth': 15, 'min_child_weight': 172, 'eval_metric': 'rmse'}. Best is trial 140 with value: 0.693976497093345.
start listen on 192.168.1.101:41787
@tracker All of 1 nodes getting started
@tracker All nodes finishes job
