Trial 208 finished with value: 0.698868675736698 and parameters: {'objective': 'reg:squarederror', 'tree_method': 'gpu_hist', 'lambda': 0.003944330285495166, 'alpha': 0.2159549077484477, 'colsample_bytree': 0.46645572966781546, 'subsample': 0.8632863056359388, 'learning_rate': 0.009703767780664863, 'max_depth': 7, 'min_child_weight': 184, 'eval_metric': 'rmse'}. Best is trial 172 with value: 0.6939758125235556.
start listen on 192.168.1.101:42671
@tracker All of 1 nodes getting started
@tracker All nodes finishes job
Trial 209 finished with value: 0.6943208106019392 and parameters: {'objective': 'reg:squarederror', 'tree_method': 'gpu_hist', 'lambda': 0.0015644706605966179, 'alpha': 0.5013285589889854, 'colsample_bytree': 0.5153469681934164, 'subsample': 0.8422690568435361, 'learning_rate': 0.016163030558165283, 'max_depth': 17, 'min_child_weight': 264, 'eval_metric': 'rmse'}. Best is trial 172 with value: 0.6939758125235556.
start listen on 192.168.1.101:41861
@tracker All of 1 nodes getting started
@tracker All nodes finishes job
Trial 210 finished with value: 0.6956122732110744 and parameters: {'objective': 'reg:squarederror', 'tree_method': 'gpu_hist', 'lambda': 0.002137098237600744, 'alpha': 0.3674155523774081, 'colsample_bytree': 0.41384045734432046, 'subsample': 0.8728117641026715, 'learning_rate': 0.01373361547215561, 'max_depth': 9, 'min_child_weight': 190, 'eval_metric': 'rmse'}. Best is trial 172 with value: 0.6939758125235556.
start listen on 192.168.1.101:46853
@tracker All of 1 nodes getting started
@tracker All nodes finishes job
Trial 211 finished with value: 0.6942109270684451 and parameters: {'objective': 'reg:squarederror', 'tree_method': 'gpu_hist', 'lambda': 0.0035490819861506337, 'alpha': 0.42464771466410994, 'colsample_bytree': 0.4926372957697847, 'subsample': 0.8354314559264455, 'learning_rate': 0.01298430005569864, 'max_depth': 17, 'min_child_weight': 224, 'eval_metric': 'rmse'}. Best is trial 172 with value: 0.6939758125235556.
start listen on 192.168.1.101:51231
@tracker All of 1 nodes getting started
@tracker All nodes finishes job
Trial 212 finished with value: 0.6942784859421697 and parameters: {'objective': 'reg:squarederror', 'tree_method': 'gpu_hist', 'lambda': 0.0029721328982893727, 'alpha': 0.5885018935301846, 'colsample_bytree': 0.48516477237937616, 'subsample': 0.819441229587499, 'learning_rate': 0.014030630587134373, 'max_depth': 17, 'min_child_weight': 300, 'eval_metric': 'rmse'}. Best is trial 172 with value: 0.6939758125235556.
start listen on 192.168.1.101:33621
@tracker All of 1 nodes getting started
@tracker All nodes finishes job
Trial 213 finished with value: 0.6942762136893809 and parameters: {'objective': 'reg:squarederror', 'tree_method': 'gpu_hist', 'lambda': 0.0054597459118738865, 'alpha': 0.26933118549538554, 'colsample_bytree': 0.44919100017935365, 'subsample': 0.8889671322629099, 'learning_rate': 0.011698817707833303, 'max_depth': 17, 'min_child_weight': 229, 'eval_metric': 'rmse'}. Best is trial 172 with value: 0.6939758125235556.
start listen on 192.168.1.101:47987
@tracker All of 1 nodes getting started
@tracker All nodes finishes job
Trial 214 finished with value: 0.6942506450344147 and parameters: {'objective': 'reg:squarederror', 'tree_method': 'gpu_hist', 'lambda': 0.003692722694038705, 'alpha': 0.378256932351583, 'colsample_bytree': 0.46530699857589203, 'subsample': 0.8484630456103769, 'learning_rate': 0.015238933049468899, 'max_depth': 17, 'min_child_weight': 218, 'eval_metric': 'rmse'}. Best is trial 172 with value: 0.6939758125235556.
start listen on 192.168.1.101:42549
@tracker All of 1 nodes getting started
@tracker All nodes finishes job
Trial 215 finished with value: 0.6942897757074218 and parameters: {'objective': 'reg:squarederror', 'tree_method': 'gpu_hist', 'lambda': 0.0025994950707908704, 'alpha': 0.4831343349810538, 'colsample_bytree': 0.47984001917708996, 'subsample': 0.8710178929850638, 'learning_rate': 0.013122884741316409, 'max_depth': 17, 'min_child_weight': 207, 'eval_metric': 'rmse'}. Best is trial 172 with value: 0.6939758125235556.
start listen on 192.168.1.101:52021
@tracker All of 1 nodes getting started
@tracker All nodes finishes job
Trial 216 finished with value: 0.6943584371129738 and parameters: {'objective': 'reg:squarederror', 'tree_method': 'gpu_hist', 'lambda': 0.004416596810091774, 'alpha': 0.838548497613395, 'colsample_bytree': 0.5033436609074151, 'subsample': 0.861025807203414, 'learning_rate': 0.010653247947144916, 'max_depth': 17, 'min_child_weight': 202, 'eval_metric': 'rmse'}. Best is trial 172 with value: 0.6939758125235556.
start listen on 192.168.1.101:48323
@tracker All of 1 nodes getting started
@tracker All nodes finishes job
Trial 217 finished with value: 0.6944392933478778 and parameters: {'objective': 'reg:squarederror', 'tree_method': 'gpu_hist', 'lambda': 0.0032046821299025452, 'alpha': 0.31726212187985137, 'colsample_bytree': 0.5269192653452387, 'subsample': 0.8081369781439158, 'learning_rate': 0.0176458751306435, 'max_depth': 17, 'min_child_weight': 280, 'eval_metric': 'rmse'}. Best is trial 172 with value: 0.6939758125235556.
start listen on 192.168.1.101:56255
@tracker All of 1 nodes getting started
@tracker All nodes finishes job
Trial 218 finished with value: 0.6941315603717924 and parameters: {'objective': 'reg:squarederror', 'tree_method': 'gpu_hist', 'lambda': 0.0017749591903316513, 'alpha': 0.6508337665545407, 'colsample_bytree': 0.4336311606678812, 'subsample': 0.8297972187045525, 'learning_rate': 0.012234435694343463, 'max_depth': 17, 'min_child_weight': 213, 'eval_metric': 'rmse'}. Best is trial 172 with value: 0.6939758125235556.
start listen on 192.168.1.101:45351
@tracker All of 1 nodes getting started
@tracker All nodes finishes job
Trial 219 finished with value: 0.6940983081151885 and parameters: {'objective': 'reg:squarederror', 'tree_method': 'gpu_hist', 'lambda': 0.0013193552185913004, 'alpha': 0.73090788896151, 'colsample_bytree': 0.432183836205758, 'subsample': 0.9181672466526017, 'learning_rate': 0.01176617425768296, 'max_depth': 17, 'min_child_weight': 212, 'eval_metric': 'rmse'}. Best is trial 172 with value: 0.6939758125235556.
start listen on 192.168.1.101:38983
@tracker All of 1 nodes getting started
@tracker All nodes finishes job
Trial 220 finished with value: 0.6943824584313225 and parameters: {'objective': 'reg:squarederror', 'tree_method': 'gpu_hist', 'lambda': 0.0018032441085358817, 'alpha': 0.7129229977334967, 'colsample_bytree': 0.42849194893358405, 'subsample': 0.9117202627285458, 'learning_rate': 0.012105844800622358, 'max_depth': 17, 'min_child_weight': 211, 'eval_metric': 'rmse'}. Best is trial 172 with value: 0.6939758125235556.
start listen on 192.168.1.101:56665
@tracker All of 1 nodes getting started
@tracker All nodes finishes job
Trial 221 finished with value: 0.6943011407576362 and parameters: {'objective': 'reg:squarederror', 'tree_method': 'gpu_hist', 'lambda': 0.0013330284245855024, 'alpha': 1.0751494962605852, 'colsample_bytree': 0.45444541124109766, 'subsample': 0.9271905090223962, 'learning_rate': 0.011323174941416762, 'max_depth': 17, 'min_child_weight': 197, 'eval_metric': 'rmse'}. Best is trial 172 with value: 0.6939758125235556.
start listen on 192.168.1.101:47539
@tracker All of 1 nodes getting started
@tracker All nodes finishes job
Trial 222 finished with value: 0.6943410092933968 and parameters: {'objective': 'reg:squarederror', 'tree_method': 'gpu_hist', 'lambda': 0.0011843717014422836, 'alpha': 0.9164822824678054, 'colsample_bytree': 0.43635905428070176, 'subsample': 0.9014623828503061, 'learning_rate': 0.010193374982837294, 'max_depth': 17, 'min_child_weight': 207, 'eval_metric': 'rmse'}. Best is trial 172 with value: 0.6939758125235556.
start listen on 192.168.1.101:45847
@tracker All of 1 nodes getting started
@tracker All nodes finishes job
Trial 223 finished with value: 0.6943075464467786 and parameters: {'objective': 'reg:squarederror', 'tree_method': 'gpu_hist', 'lambda': 0.0014234321047680832, 'alpha': 0.6383336153805557, 'colsample_bytree': 0.3963084818332542, 'subsample': 0.8807573090536871, 'learning_rate': 0.014145044772991888, 'max_depth': 17, 'min_child_weight': 216, 'eval_metric': 'rmse'}. Best is trial 172 with value: 0.6939758125235556.
start listen on 192.168.1.101:45967
@tracker All of 1 nodes getting started
@tracker All nodes finishes job
Trial 224 finished with value: 0.6943485334758814 and parameters: {'objective': 'reg:squarederror', 'tree_method': 'gpu_hist', 'lambda': 0.0016892077096528038, 'alpha': 0.7669193345396718, 'colsample_bytree': 0.4223740438233384, 'subsample': 0.8352860536006943, 'learning_rate': 0.012454310437104429, 'max_depth': 17, 'min_child_weight': 203, 'eval_metric': 'rmse'}. Best is trial 172 with value: 0.6939758125235556.
start listen on 192.168.1.101:36465
@tracker All of 1 nodes getting started
@tracker All nodes finishes job
Trial 225 finished with value: 0.6942700653666357 and parameters: {'objective': 'reg:squarederror', 'tree_method': 'gpu_hist', 'lambda': 0.002477469248293509, 'alpha': 0.5492078893712233, 'colsample_bytree': 0.4434591435074322, 'subsample': 0.9562487581448305, 'learning_rate': 0.011269598649967162, 'max_depth': 17, 'min_child_weight': 193, 'eval_metric': 'rmse'}. Best is trial 172 with value: 0.6939758125235556.
start listen on 192.168.1.101:44363
@tracker All of 1 nodes getting started
@tracker All nodes finishes job
Trial 226 finished with value: 0.7006775659250973 and parameters: {'objective': 'reg:squarederror', 'tree_method': 'gpu_hist', 'lambda': 0.0021218753060728997, 'alpha': 0.4924555118468955, 'colsample_bytree': 0.46136517990557013, 'subsample': 0.8909977594023081, 'learning_rate': 0.015293584039642451, 'max_depth': 5, 'min_child_weight': 210, 'eval_metric': 'rmse'}. Best is trial 172 with value: 0.6939758125235556.
start listen on 192.168.1.101:52005
@tracker All of 1 nodes getting started
@tracker All nodes finishes job
Trial 227 finished with value: 0.694264615321344 and parameters: {'objective': 'reg:squarederror', 'tree_method': 'gpu_hist', 'lambda': 0.001222662341854904, 'alpha': 0.6032148511768635, 'colsample_bytree': 0.4475729743505607, 'subsample': 0.8686900245612056, 'learning_rate': 0.01317793570745811, 'max_depth': 17, 'min_child_weight': 198, 'eval_metric': 'rmse'}. Best is trial 172 with value: 0.6939758125235556.
start listen on 192.168.1.101:33941
@tracker All of 1 nodes getting started
@tracker All nodes finishes job
Trial 228 finished with value: 0.6945144383345709 and parameters: {'objective': 'reg:squarederror', 'tree_method': 'gpu_hist', 'lambda': 0.0016385890083533282, 'alpha': 0.4268467493704162, 'colsample_bytree': 0.4114567793498024, 'subsample': 0.9710086651581697, 'learning_rate': 0.009924308206833671, 'max_depth': 17, 'min_child_weight': 204, 'eval_metric': 'rmse'}. Best is trial 172 with value: 0.6939758125235556.
start listen on 192.168.1.101:39795
@tracker All of 1 nodes getting started
@tracker All nodes finishes job
Trial 229 finished with value: 0.6940863290788247 and parameters: {'objective': 'reg:squarederror', 'tree_method': 'gpu_hist', 'lambda': 0.0027986478596357853, 'alpha': 0.8481665102485978, 'colsample_bytree': 0.4676695560391907, 'subsample': 0.8512061479150101, 'learning_rate': 0.012205534151192791, 'max_depth': 17, 'min_child_weight': 217, 'eval_metric': 'rmse'}. Best is trial 172 with value: 0.6939758125235556.
start listen on 192.168.1.101:50377
@tracker All of 1 nodes getting started
@tracker All nodes finishes job
Trial 230 finished with value: 0.694220171943769 and parameters: {'objective': 'reg:squarederror', 'tree_method': 'gpu_hist', 'lambda': 0.0027886551408019583, 'alpha': 1.0038455450303547, 'colsample_bytree': 0.4673672622182198, 'subsample': 0.8502471014535264, 'learning_rate': 0.0138498461398213, 'max_depth': 17, 'min_child_weight': 222, 'eval_metric': 'rmse'}. Best is trial 172 with value: 0.6939758125235556.
start listen on 192.168.1.101:46983
@tracker All of 1 nodes getting started
@tracker All nodes finishes job
Trial 231 finished with value: 0.6942439688845583 and parameters: {'objective': 'reg:squarederror', 'tree_method': 'gpu_hist', 'lambda': 0.0020756017275925264, 'alpha': 0.8278786132213495, 'colsample_bytree': 0.4791970866512685, 'subsample': 0.827153128018369, 'learning_rate': 0.0122895083936354, 'max_depth': 17, 'min_child_weight': 215, 'eval_metric': 'rmse'}. Best is trial 172 with value: 0.6939758125235556.
start listen on 192.168.1.101:49723
@tracker All of 1 nodes getting started
@tracker All nodes finishes job
Trial 232 finished with value: 0.6943182090420342 and parameters: {'objective': 'reg:squarederror', 'tree_method': 'gpu_hist', 'lambda': 0.004058664424183012, 'alpha': 1.3925836610698143, 'colsample_bytree': 0.4552951388412533, 'subsample': 0.8575414031761077, 'learning_rate': 0.01131880402896856, 'max_depth': 17, 'min_child_weight': 211, 'eval_metric': 'rmse'}. Best is trial 172 with value: 0.6939758125235556.
start listen on 192.168.1.101:47659
@tracker All of 1 nodes getting started
@tracker All nodes finishes job
Trial 233 finished with value: 0.6942583546172626 and parameters: {'objective': 'reg:squarederror', 'tree_method': 'gpu_hist', 'lambda': 0.0010010099266607527, 'alpha': 0.6996516600889136, 'colsample_bytree': 0.43022356107987464, 'subsample': 0.845262371301946, 'learning_rate': 0.012718270958994813, 'max_depth': 17, 'min_child_weight': 291, 'eval_metric': 'rmse'}. Best is trial 172 with value: 0.6939758125235556.
start listen on 192.168.1.101:49271
@tracker All of 1 nodes getting started
@tracker All nodes finishes job
Trial 234 finished with value: 0.6940441978403877 and parameters: {'objective': 'reg:squarederror', 'tree_method': 'gpu_hist', 'lambda': 0.0022685615966660634, 'alpha': 0.5852977617876081, 'colsample_bytree': 0.46768566737980644, 'subsample': 0.8678405927868301, 'learning_rate': 0.014752611701444004, 'max_depth': 17, 'min_child_weight': 200, 'eval_metric': 'rmse'}. Best is trial 172 with value: 0.6939758125235556.
start listen on 192.168.1.101:34201
@tracker All of 1 nodes getting started
@tracker All nodes finishes job
Trial 235 finished with value: 0.6943365315391182 and parameters: {'objective': 'reg:squarederror', 'tree_method': 'gpu_hist', 'lambda': 0.0022251305990158583, 'alpha': 0.640644464892045, 'colsample_bytree': 0.44161000429376635, 'subsample': 0.8771754199714977, 'learning_rate': 0.015463435362124358, 'max_depth': 17, 'min_child_weight': 220, 'eval_metric': 'rmse'}. Best is trial 172 with value: 0.6939758125235556.
start listen on 192.168.1.101:60259
@tracker All of 1 nodes getting started
@tracker All nodes finishes job
Trial 236 finished with value: 0.6942129034523196 and parameters: {'objective': 'reg:squarederror', 'tree_method': 'gpu_hist', 'lambda': 0.0029759075213347213, 'alpha': 0.8983369124554712, 'colsample_bytree': 0.46810032337923957, 'subsample': 0.8645715571475624, 'learning_rate': 0.014401363963581658, 'max_depth': 20, 'min_child_weight': 206, 'eval_metric': 'rmse'}. Best is trial 172 with value: 0.6939758125235556.
start listen on 192.168.1.101:58475
@tracker All of 1 nodes getting started
@tracker All nodes finishes job
Trial 237 finished with value: 0.6944394249796138 and parameters: {'objective': 'reg:squarederror', 'tree_method': 'gpu_hist', 'lambda': 0.002492998462700978, 'alpha': 0.5409360138378084, 'colsample_bytree': 0.455923821787115, 'subsample': 0.8812771382706215, 'learning_rate': 0.0166519122273873, 'max_depth': 17, 'min_child_weight': 200, 'eval_metric': 'rmse'}. Best is trial 172 with value: 0.6939758125235556.
start listen on 192.168.1.101:47021
@tracker All of 1 nodes getting started
@tracker All nodes finishes job
Trial 238 finished with value: 0.6940846187238376 and parameters: {'objective': 'reg:squarederror', 'tree_method': 'gpu_hist', 'lambda': 0.003355029193371759, 'alpha': 0.7512855435495478, 'colsample_bytree': 0.49384082451541933, 'subsample': 0.8932804744367367, 'learning_rate': 0.013671457636583477, 'max_depth': 17, 'min_child_weight': 213, 'eval_metric': 'rmse'}. Best is trial 172 with value: 0.6939758125235556.
start listen on 192.168.1.101:40011
@tracker All of 1 nodes getting started
@tracker All nodes finishes job
Trial 239 finished with value: 0.6943113693225467 and parameters: {'objective': 'reg:squarederror', 'tree_method': 'gpu_hist', 'lambda': 0.0034397952965421197, 'alpha': 0.8157401580773203, 'colsample_bytree': 0.49333673811404, 'subsample': 0.9053328911379753, 'learning_rate': 0.0136856721931761, 'max_depth': 13, 'min_child_weight': 215, 'eval_metric': 'rmse'}. Best is trial 172 with value: 0.6939758125235556.
start listen on 192.168.1.101:52509
@tracker All of 1 nodes getting started
@tracker All nodes finishes job
Trial 240 finished with value: 0.6943814340608685 and parameters: {'objective': 'reg:squarederror', 'tree_method': 'gpu_hist', 'lambda': 0.0049581427853141085, 'alpha': 0.6674621992311273, 'colsample_bytree': 0.4849088027570394, 'subsample': 0.8850437593972872, 'learning_rate': 0.016261242384642983, 'max_depth': 17, 'min_child_weight': 228, 'eval_metric': 'rmse'}. Best is trial 172 with value: 0.6939758125235556.
start listen on 192.168.1.101:55569
@tracker All of 1 nodes getting started
@tracker All nodes finishes job
Trial 241 finished with value: 0.6943555183869001 and parameters: {'objective': 'reg:squarederror', 'tree_method': 'gpu_hist', 'lambda': 0.0032103764219960445, 'alpha': 0.5459123798529052, 'colsample_bytree': 0.47146473079744994, 'subsample': 0.8911769056060923, 'learning_rate': 0.012759691373226576, 'max_depth': 17, 'min_child_weight': 210, 'eval_metric': 'rmse'}. Best is trial 172 with value: 0.6939758125235556.
start listen on 192.168.1.101:46353
@tracker All of 1 nodes getting started
@tracker All nodes finishes job
Trial 242 finished with value: 0.6942229098576872 and parameters: {'objective': 'reg:squarederror', 'tree_method': 'gpu_hist', 'lambda': 0.0020188023605881575, 'alpha': 1.0503011685271666, 'colsample_bytree': 0.4475910459407464, 'subsample': 0.8717131076176012, 'learning_rate': 0.014742391782797628, 'max_depth': 17, 'min_child_weight': 193, 'eval_metric': 'rmse'}. Best is trial 172 with value: 0.6939758125235556.
start listen on 192.168.1.101:32985
@tracker All of 1 nodes getting started
@tracker All nodes finishes job
Trial 243 finished with value: 0.6940839983116729 and parameters: {'objective': 'reg:squarederror', 'tree_method': 'gpu_hist', 'lambda': 0.0041358972421820074, 'alpha': 0.45901329909957156, 'colsample_bytree': 0.5042576569343218, 'subsample': 0.8581319808664339, 'learning_rate': 0.011950695344652101, 'max_depth': 17, 'min_child_weight': 203, 'eval_metric': 'rmse'}. Best is trial 172 with value: 0.6939758125235556.
start listen on 192.168.1.101:42827
@tracker All of 1 nodes getting started
@tracker All nodes finishes job
Trial 244 finished with value: 0.6939800860540155 and parameters: {'objective': 'reg:squarederror', 'tree_method': 'gpu_hist', 'lambda': 0.004417232468907604, 'alpha': 0.7567451218118463, 'colsample_bytree': 0.510292508208598, 'subsample': 0.9213594270934088, 'learning_rate': 0.013851478693535249, 'max_depth': 17, 'min_child_weight': 206, 'eval_metric': 'rmse'}. Best is trial 172 with value: 0.6939758125235556.
start listen on 192.168.1.101:35313
@tracker All of 1 nodes getting started
@tracker All nodes finishes job
Trial 245 finished with value: 0.6949493979961969 and parameters: {'objective': 'reg:squarederror', 'tree_method': 'gpu_hist', 'lambda': 0.004046208604768715, 'alpha': 0.7772620851068691, 'colsample_bytree': 0.5104402603898065, 'subsample': 0.9324727250732815, 'learning_rate': 0.013553401738307543, 'max_depth': 11, 'min_child_weight': 219, 'eval_metric': 'rmse'}. Best is trial 172 with value: 0.6939758125235556.
start listen on 192.168.1.101:55157
@tracker All of 1 nodes getting started
@tracker All nodes finishes job
Trial 246 finished with value: 0.708671220776722 and parameters: {'objective': 'reg:squarederror', 'tree_method': 'gpu_hist', 'lambda': 0.0051949552619125, 'alpha': 0.48439818535988166, 'colsample_bytree': 0.5015024819076153, 'subsample': 0.898018271283375, 'learning_rate': 0.011869403744597818, 'max_depth': 3, 'min_child_weight': 206, 'eval_metric': 'rmse'}. Best is trial 172 with value: 0.6939758125235556.
start listen on 192.168.1.101:35203
@tracker All of 1 nodes getting started
@tracker All nodes finishes job
Trial 247 finished with value: 0.6942277249239885 and parameters: {'objective': 'reg:squarederror', 'tree_method': 'gpu_hist', 'lambda': 0.004229292363176732, 'alpha': 0.43463210710861905, 'colsample_bytree': 0.5177651555496325, 'subsample': 0.9179218541810105, 'learning_rate': 0.013067377090229631, 'max_depth': 17, 'min_child_weight': 214, 'eval_metric': 'rmse'}. Best is trial 172 with value: 0.6939758125235556.
start listen on 192.168.1.101:46693
@tracker All of 1 nodes getting started
@tracker All nodes finishes job
Trial 248 finished with value: 0.6942172665903641 and parameters: {'objective': 'reg:squarederror', 'tree_method': 'gpu_hist', 'lambda': 0.00632778954545398, 'alpha': 1.2082052836149397, 'colsample_bytree': 0.5013009418088435, 'subsample': 0.8594192767297978, 'learning_rate': 0.01462140898738226, 'max_depth': 17, 'min_child_weight': 204, 'eval_metric': 'rmse'}. Best is trial 172 with value: 0.6939758125235556.
start listen on 192.168.1.101:57245
@tracker All of 1 nodes getting started
@tracker All nodes finishes job
