Trial 251 finished with value: 0.6941751233007528 and parameters: {'objective': 'reg:squarederror', 'tree_method': 'gpu_hist', 'lambda': 0.025786691136882305, 'alpha': 0.11107545525614777, 'colsample_bytree': 0.5777635811888178, 'subsample': 0.6649351404664694, 'learning_rate': 0.010552126748295006, 'max_depth': 20, 'min_child_weight': 155, 'eval_metric': 'rmse'}. Best is trial 140 with value: 0.693976497093345.
start listen on 192.168.1.101:37293
@tracker All of 1 nodes getting started
@tracker All nodes finishes job
Trial 252 finished with value: 0.6942483662140448 and parameters: {'objective': 'reg:squarederror', 'tree_method': 'gpu_hist', 'lambda': 0.026239958254485912, 'alpha': 0.09468810500111266, 'colsample_bytree': 0.5779938163164113, 'subsample': 0.6065141983479035, 'learning_rate': 0.009049247859707798, 'max_depth': 20, 'min_child_weight': 150, 'eval_metric': 'rmse'}. Best is trial 140 with value: 0.693976497093345.
start listen on 192.168.1.101:50671
@tracker All of 1 nodes getting started
@tracker All nodes finishes job
Trial 253 finished with value: 0.6940482152255745 and parameters: {'objective': 'reg:squarederror', 'tree_method': 'gpu_hist', 'lambda': 0.029087156853338576, 'alpha': 0.11221565859208239, 'colsample_bytree': 0.5670923339757373, 'subsample': 0.6852672111259968, 'learning_rate': 0.0107278174918953, 'max_depth': 20, 'min_child_weight': 156, 'eval_metric': 'rmse'}. Best is trial 140 with value: 0.693976497093345.
start listen on 192.168.1.101:52065
@tracker All of 1 nodes getting started
@tracker All nodes finishes job
Trial 254 finished with value: 0.6940830776194281 and parameters: {'objective': 'reg:squarederror', 'tree_method': 'gpu_hist', 'lambda': 0.023321823114430436, 'alpha': 0.10627998817539844, 'colsample_bytree': 0.5904879304337904, 'subsample': 0.6883427986490414, 'learning_rate': 0.010445450308392284, 'max_depth': 20, 'min_child_weight': 155, 'eval_metric': 'rmse'}. Best is trial 140 with value: 0.693976497093345.
start listen on 192.168.1.101:40651
@tracker All of 1 nodes getting started
@tracker All nodes finishes job
Trial 255 finished with value: 0.6943888846724073 and parameters: {'objective': 'reg:squarederror', 'tree_method': 'gpu_hist', 'lambda': 0.02171616295168659, 'alpha': 0.11055622179679464, 'colsample_bytree': 0.6149017016000334, 'subsample': 0.6943650151179726, 'learning_rate': 0.010467140889849024, 'max_depth': 20, 'min_child_weight': 157, 'eval_metric': 'rmse'}. Best is trial 140 with value: 0.693976497093345.
start listen on 192.168.1.101:50371
@tracker All of 1 nodes getting started
@tracker All nodes finishes job
Trial 256 finished with value: 0.6940847801032846 and parameters: {'objective': 'reg:squarederror', 'tree_method': 'gpu_hist', 'lambda': 0.024457510697371974, 'alpha': 0.10582284588731786, 'colsample_bytree': 0.5921031268602199, 'subsample': 0.6880295083186296, 'learning_rate': 0.010707737508462266, 'max_depth': 20, 'min_child_weight': 145, 'eval_metric': 'rmse'}. Best is trial 140 with value: 0.693976497093345.
start listen on 192.168.1.101:54661
@tracker All of 1 nodes getting started
@tracker All nodes finishes job
Trial 257 finished with value: 0.6944407272422173 and parameters: {'objective': 'reg:squarederror', 'tree_method': 'gpu_hist', 'lambda': 0.02845711074513782, 'alpha': 0.0840355231309784, 'colsample_bytree': 0.6022591991312497, 'subsample': 0.7065872685081449, 'learning_rate': 0.010740452940978085, 'max_depth': 20, 'min_child_weight': 154, 'eval_metric': 'rmse'}. Best is trial 140 with value: 0.693976497093345.
start listen on 192.168.1.101:37759
@tracker All of 1 nodes getting started
@tracker All nodes finishes job
Trial 258 finished with value: 0.6942299257254266 and parameters: {'objective': 'reg:squarederror', 'tree_method': 'gpu_hist', 'lambda': 0.02448753045001806, 'alpha': 0.10168176434687129, 'colsample_bytree': 0.6308423301057853, 'subsample': 0.6819831943323892, 'learning_rate': 0.009994489288087787, 'max_depth': 20, 'min_child_weight': 144, 'eval_metric': 'rmse'}. Best is trial 140 with value: 0.693976497093345.
start listen on 192.168.1.101:54149
@tracker All of 1 nodes getting started
@tracker All nodes finishes job
Trial 259 finished with value: 0.6943025661234998 and parameters: {'objective': 'reg:squarederror', 'tree_method': 'gpu_hist', 'lambda': 0.020826144465112877, 'alpha': 0.09058765326612503, 'colsample_bytree': 0.5914996169762234, 'subsample': 0.6924632086332555, 'learning_rate': 0.01088862767057381, 'max_depth': 20, 'min_child_weight': 159, 'eval_metric': 'rmse'}. Best is trial 140 with value: 0.693976497093345.
start listen on 192.168.1.101:39951
@tracker All of 1 nodes getting started
@tracker All nodes finishes job
Trial 260 finished with value: 0.6949558719525003 and parameters: {'objective': 'reg:squarederror', 'tree_method': 'gpu_hist', 'lambda': 0.028587982006079985, 'alpha': 9.79662232794178, 'colsample_bytree': 0.5775095494355184, 'subsample': 0.6823950859782975, 'learning_rate': 0.009962507299851927, 'max_depth': 20, 'min_child_weight': 99, 'eval_metric': 'rmse'}. Best is trial 140 with value: 0.693976497093345.
start listen on 192.168.1.101:37449
@tracker All of 1 nodes getting started
@tracker All nodes finishes job
Trial 261 finished with value: 0.6943209054472763 and parameters: {'objective': 'reg:squarederror', 'tree_method': 'gpu_hist', 'lambda': 0.03759323060457204, 'alpha': 0.11694964322937357, 'colsample_bytree': 0.5926994423872968, 'subsample': 0.70148974763572, 'learning_rate': 0.008989704433031362, 'max_depth': 20, 'min_child_weight': 76, 'eval_metric': 'rmse'}. Best is trial 140 with value: 0.693976497093345.
start listen on 192.168.1.101:41447
@tracker All of 1 nodes getting started
@tracker All nodes finishes job
Trial 262 finished with value: 0.6944896682079722 and parameters: {'objective': 'reg:squarederror', 'tree_method': 'gpu_hist', 'lambda': 0.0239737568772181, 'alpha': 0.07725367998592433, 'colsample_bytree': 0.5803526410614921, 'subsample': 0.6703495684008277, 'learning_rate': 0.01124980509009648, 'max_depth': 20, 'min_child_weight': 155, 'eval_metric': 'rmse'}. Best is trial 140 with value: 0.693976497093345.
start listen on 192.168.1.101:32893
@tracker All of 1 nodes getting started
@tracker All nodes finishes job
Trial 263 finished with value: 0.694169245138549 and parameters: {'objective': 'reg:squarederror', 'tree_method': 'gpu_hist', 'lambda': 0.020037127724344295, 'alpha': 0.1326335434877224, 'colsample_bytree': 0.5673466288503559, 'subsample': 0.691365182081838, 'learning_rate': 0.010203470167539263, 'max_depth': 20, 'min_child_weight': 145, 'eval_metric': 'rmse'}. Best is trial 140 with value: 0.693976497093345.
start listen on 192.168.1.101:44213
@tracker All of 1 nodes getting started
@tracker All nodes finishes job
Trial 264 finished with value: 0.6941877982166399 and parameters: {'objective': 'reg:squarederror', 'tree_method': 'gpu_hist', 'lambda': 0.018079364658074016, 'alpha': 0.13503125985657374, 'colsample_bytree': 0.5688176628528911, 'subsample': 0.6963673777595537, 'learning_rate': 0.009771459978841263, 'max_depth': 20, 'min_child_weight': 137, 'eval_metric': 'rmse'}. Best is trial 140 with value: 0.693976497093345.
start listen on 192.168.1.101:40315
@tracker All of 1 nodes getting started
@tracker All nodes finishes job
Trial 265 finished with value: 0.6942162627551995 and parameters: {'objective': 'reg:squarederror', 'tree_method': 'gpu_hist', 'lambda': 0.019104012508363674, 'alpha': 0.1496965232848959, 'colsample_bytree': 0.5681176174668504, 'subsample': 0.7015343890276312, 'learning_rate': 0.008519205629529271, 'max_depth': 20, 'min_child_weight': 138, 'eval_metric': 'rmse'}. Best is trial 140 with value: 0.693976497093345.
start listen on 192.168.1.101:51827
@tracker All of 1 nodes getting started
@tracker All nodes finishes job
Trial 266 finished with value: 0.6943421448045386 and parameters: {'objective': 'reg:squarederror', 'tree_method': 'gpu_hist', 'lambda': 0.020370565373481184, 'alpha': 0.1284514475443458, 'colsample_bytree': 0.5676909204090459, 'subsample': 0.7143292195716212, 'learning_rate': 0.009484748754276543, 'max_depth': 20, 'min_child_weight': 134, 'eval_metric': 'rmse'}. Best is trial 140 with value: 0.693976497093345.
start listen on 192.168.1.101:38453
@tracker All of 1 nodes getting started
@tracker All nodes finishes job
Trial 267 finished with value: 0.6944711782471663 and parameters: {'objective': 'reg:squarederror', 'tree_method': 'gpu_hist', 'lambda': 0.01797764231983044, 'alpha': 0.11249118400705599, 'colsample_bytree': 0.5940969063722478, 'subsample': 0.6906728621220048, 'learning_rate': 0.011601945772533076, 'max_depth': 20, 'min_child_weight': 122, 'eval_metric': 'rmse'}. Best is trial 140 with value: 0.693976497093345.
start listen on 192.168.1.101:52351
@tracker All of 1 nodes getting started
@tracker All nodes finishes job
Trial 268 finished with value: 1.4843092811529306 and parameters: {'objective': 'reg:squarederror', 'tree_method': 'gpu_hist', 'lambda': 0.022849816916136127, 'alpha': 0.1321607954616502, 'colsample_bytree': 0.5647277307208771, 'subsample': 0.6886639989672008, 'learning_rate': 0.001735572079997046, 'max_depth': 20, 'min_child_weight': 147, 'eval_metric': 'rmse'}. Best is trial 140 with value: 0.693976497093345.
start listen on 192.168.1.101:42805
@tracker All of 1 nodes getting started
@tracker All nodes finishes job
Trial 269 finished with value: 0.6942439916009845 and parameters: {'objective': 'reg:squarederror', 'tree_method': 'gpu_hist', 'lambda': 0.4810519266418569, 'alpha': 0.09277998169946998, 'colsample_bytree': 0.5830627846341225, 'subsample': 0.7279487441342621, 'learning_rate': 0.010177678547016221, 'max_depth': 20, 'min_child_weight': 142, 'eval_metric': 'rmse'}. Best is trial 140 with value: 0.693976497093345.
start listen on 192.168.1.101:58139
@tracker All of 1 nodes getting started
@tracker All nodes finishes job
Trial 270 finished with value: 0.7079511294750546 and parameters: {'objective': 'reg:squarederror', 'tree_method': 'gpu_hist', 'lambda': 0.016168464745738364, 'alpha': 0.11164947046412908, 'colsample_bytree': 0.5623373415102728, 'subsample': 0.7052739842199818, 'learning_rate': 0.012779749713721122, 'max_depth': 3, 'min_child_weight': 130, 'eval_metric': 'rmse'}. Best is trial 140 with value: 0.693976497093345.
start listen on 192.168.1.101:58531
@tracker All of 1 nodes getting started
@tracker All nodes finishes job
Trial 271 finished with value: 0.6950311247960494 and parameters: {'objective': 'reg:squarederror', 'tree_method': 'gpu_hist', 'lambda': 0.025502550478228816, 'alpha': 0.07157333781032926, 'colsample_bytree': 0.6115932561219939, 'subsample': 0.6794234122095395, 'learning_rate': 0.014504058104421782, 'max_depth': 20, 'min_child_weight': 116, 'eval_metric': 'rmse'}. Best is trial 140 with value: 0.693976497093345.
start listen on 192.168.1.101:59207
@tracker All of 1 nodes getting started
@tracker All nodes finishes job
Trial 272 finished with value: 0.6945567234832402 and parameters: {'objective': 'reg:squarederror', 'tree_method': 'gpu_hist', 'lambda': 0.020519565894616454, 'alpha': 0.1318870367283632, 'colsample_bytree': 0.544919781620552, 'subsample': 0.6901232112938256, 'learning_rate': 0.011749238688670024, 'max_depth': 20, 'min_child_weight': 91, 'eval_metric': 'rmse'}. Best is trial 140 with value: 0.693976497093345.
start listen on 192.168.1.101:42311
@tracker All of 1 nodes getting started
@tracker All nodes finishes job
Trial 273 finished with value: 0.6941265186655217 and parameters: {'objective': 'reg:squarederror', 'tree_method': 'gpu_hist', 'lambda': 0.031632007810451016, 'alpha': 0.08621943778599561, 'colsample_bytree': 0.5725036284647937, 'subsample': 0.7123862902176079, 'learning_rate': 0.0092957399452407, 'max_depth': 20, 'min_child_weight': 144, 'eval_metric': 'rmse'}. Best is trial 140 with value: 0.693976497093345.
start listen on 192.168.1.101:57711
@tracker All of 1 nodes getting started
@tracker All nodes finishes job
Trial 274 finished with value: 0.6943856495967939 and parameters: {'objective': 'reg:squarederror', 'tree_method': 'gpu_hist', 'lambda': 0.03151585991575474, 'alpha': 0.05593136090976817, 'colsample_bytree': 0.5377959961206998, 'subsample': 0.7124615867023735, 'learning_rate': 0.008329688351539468, 'max_depth': 20, 'min_child_weight': 145, 'eval_metric': 'rmse'}. Best is trial 140 with value: 0.693976497093345.
start listen on 192.168.1.101:55387
@tracker All of 1 nodes getting started
@tracker All nodes finishes job
Trial 275 finished with value: 0.6944566596510258 and parameters: {'objective': 'reg:squarederror', 'tree_method': 'gpu_hist', 'lambda': 0.04402024435548871, 'alpha': 0.07866182205513156, 'colsample_bytree': 0.5995637618139036, 'subsample': 0.6287186189387205, 'learning_rate': 0.010853042645017881, 'max_depth': 13, 'min_child_weight': 152, 'eval_metric': 'rmse'}. Best is trial 140 with value: 0.693976497093345.
start listen on 192.168.1.101:57351
@tracker All of 1 nodes getting started
@tracker All nodes finishes job
Trial 276 finished with value: 0.6943819298282691 and parameters: {'objective': 'reg:squarederror', 'tree_method': 'gpu_hist', 'lambda': 0.03429425895930063, 'alpha': 0.04660320596110277, 'colsample_bytree': 0.5529730664096095, 'subsample': 0.7172218815251866, 'learning_rate': 0.00902784502814349, 'max_depth': 20, 'min_child_weight': 168, 'eval_metric': 'rmse'}. Best is trial 140 with value: 0.693976497093345.
start listen on 192.168.1.101:42703
@tracker All of 1 nodes getting started
@tracker All nodes finishes job
Trial 277 finished with value: 0.694869155110727 and parameters: {'objective': 'reg:squarederror', 'tree_method': 'gpu_hist', 'lambda': 0.02639715933046308, 'alpha': 0.09538040821388591, 'colsample_bytree': 0.573313014057297, 'subsample': 0.6713111429396434, 'learning_rate': 0.0135474703521418, 'max_depth': 20, 'min_child_weight': 105, 'eval_metric': 'rmse'}. Best is trial 140 with value: 0.693976497093345.
start listen on 192.168.1.101:41791
@tracker All of 1 nodes getting started
@tracker All nodes finishes job
Trial 278 finished with value: 0.69554004310263 and parameters: {'objective': 'reg:squarederror', 'tree_method': 'gpu_hist', 'lambda': 0.04636464077017772, 'alpha': 0.06160711404351662, 'colsample_bytree': 0.5273629940208964, 'subsample': 0.677232442843193, 'learning_rate': 0.03727366103926909, 'max_depth': 9, 'min_child_weight': 143, 'eval_metric': 'rmse'}. Best is trial 140 with value: 0.693976497093345.
start listen on 192.168.1.101:47887
@tracker All of 1 nodes getting started
@tracker All nodes finishes job
Trial 279 finished with value: 0.6944177469519279 and parameters: {'objective': 'reg:squarederror', 'tree_method': 'gpu_hist', 'lambda': 0.02272772235671939, 'alpha': 0.08849543773438166, 'colsample_bytree': 0.5803130368506075, 'subsample': 0.6630780086309325, 'learning_rate': 0.007629452287897583, 'max_depth': 20, 'min_child_weight': 149, 'eval_metric': 'rmse'}. Best is trial 140 with value: 0.693976497093345.
start listen on 192.168.1.101:58613
@tracker All of 1 nodes getting started
@tracker All nodes finishes job
Trial 280 finished with value: 0.694626410707001 and parameters: {'objective': 'reg:squarederror', 'tree_method': 'gpu_hist', 'lambda': 0.12796752384747764, 'alpha': 0.10191588597190765, 'colsample_bytree': 0.5597218498270589, 'subsample': 0.6187487096514024, 'learning_rate': 0.015573171936375627, 'max_depth': 11, 'min_child_weight': 163, 'eval_metric': 'rmse'}. Best is trial 140 with value: 0.693976497093345.
start listen on 192.168.1.101:43689
@tracker All of 1 nodes getting started
@tracker All nodes finishes job
Trial 281 finished with value: 0.694309618511436 and parameters: {'objective': 'reg:squarederror', 'tree_method': 'gpu_hist', 'lambda': 0.031769971577830694, 'alpha': 0.07049823655628472, 'colsample_bytree': 0.5368328142201663, 'subsample': 0.6371615314589034, 'learning_rate': 0.012165469768136766, 'max_depth': 20, 'min_child_weight': 156, 'eval_metric': 'rmse'}. Best is trial 140 with value: 0.693976497093345.
start listen on 192.168.1.101:53883
@tracker All of 1 nodes getting started
@tracker All nodes finishes job
Trial 282 finished with value: 0.698164787403434 and parameters: {'objective': 'reg:squarederror', 'tree_method': 'gpu_hist', 'lambda': 0.03803554615921428, 'alpha': 0.08213194858802975, 'colsample_bytree': 0.5138846821185358, 'subsample': 0.6654413600590208, 'learning_rate': 0.010401875041581722, 'max_depth': 7, 'min_child_weight': 151, 'eval_metric': 'rmse'}. Best is trial 140 with value: 0.693976497093345.
start listen on 192.168.1.101:36281
@tracker All of 1 nodes getting started
@tracker All nodes finishes job
Trial 283 finished with value: 0.694894895364931 and parameters: {'objective': 'reg:squarederror', 'tree_method': 'gpu_hist', 'lambda': 0.026843746849386448, 'alpha': 0.11253584699684085, 'colsample_bytree': 0.32309934790586314, 'subsample': 0.6830483549960346, 'learning_rate': 0.011691415900271937, 'max_depth': 20, 'min_child_weight': 166, 'eval_metric': 'rmse'}. Best is trial 140 with value: 0.693976497093345.
start listen on 192.168.1.101:39089
@tracker All of 1 nodes getting started
@tracker All nodes finishes job
Trial 284 finished with value: 0.6942290382429506 and parameters: {'objective': 'reg:squarederror', 'tree_method': 'gpu_hist', 'lambda': 0.10144165983964404, 'alpha': 0.03554936277758243, 'colsample_bytree': 0.5440344559000517, 'subsample': 0.6452368338773857, 'learning_rate': 0.013452032269721121, 'max_depth': 20, 'min_child_weight': 192, 'eval_metric': 'rmse'}. Best is trial 140 with value: 0.693976497093345.
start listen on 192.168.1.101:59133
@tracker All of 1 nodes getting started
@tracker All nodes finishes job
Trial 285 finished with value: 0.6946850163364836 and parameters: {'objective': 'reg:squarederror', 'tree_method': 'gpu_hist', 'lambda': 0.02318459093679963, 'alpha': 0.04710835532964084, 'colsample_bytree': 0.5248946844826374, 'subsample': 0.7030243514181524, 'learning_rate': 0.009593074927895618, 'max_depth': 20, 'min_child_weight': 49, 'eval_metric': 'rmse'}. Best is trial 140 with value: 0.693976497093345.
start listen on 192.168.1.101:40953
@tracker All of 1 nodes getting started
@tracker All nodes finishes job
Trial 286 finished with value: 0.7018290594360314 and parameters: {'objective': 'reg:squarederror', 'tree_method': 'gpu_hist', 'lambda': 0.05334885546392881, 'alpha': 0.15423744481442894, 'colsample_bytree': 0.5891582693778482, 'subsample': 0.6546481075256527, 'learning_rate': 0.011159502691781318, 'max_depth': 5, 'min_child_weight': 140, 'eval_metric': 'rmse'}. Best is trial 140 with value: 0.693976497093345.
start listen on 192.168.1.101:59921
@tracker All of 1 nodes getting started
@tracker All nodes finishes job
Trial 287 finished with value: 0.6945094444834411 and parameters: {'objective': 'reg:squarederror', 'tree_method': 'gpu_hist', 'lambda': 0.015156733906196625, 'alpha': 0.060600964665440425, 'colsample_bytree': 0.5550829244326576, 'subsample': 0.632950206207513, 'learning_rate': 0.012859685246795946, 'max_depth': 20, 'min_child_weight': 146, 'eval_metric': 'rmse'}. Best is trial 140 with value: 0.693976497093345.
start listen on 192.168.1.101:33787
@tracker All of 1 nodes getting started
@tracker All nodes finishes job
Trial 288 finished with value: 0.6945700525664005 and parameters: {'objective': 'reg:squarederror', 'tree_method': 'gpu_hist', 'lambda': 0.1592258479541735, 'alpha': 0.10314120879455546, 'colsample_bytree': 0.60308326337454, 'subsample': 0.7285675720385519, 'learning_rate': 0.008813783141701857, 'max_depth': 15, 'min_child_weight': 160, 'eval_metric': 'rmse'}. Best is trial 140 with value: 0.693976497093345.
start listen on 192.168.1.101:49925
@tracker All of 1 nodes getting started
@tracker All nodes finishes job
Trial 289 finished with value: 0.694158332813109 and parameters: {'objective': 'reg:squarederror', 'tree_method': 'gpu_hist', 'lambda': 0.030395740849643468, 'alpha': 0.08697574986717015, 'colsample_bytree': 0.5124278175783008, 'subsample': 0.6726919555546784, 'learning_rate': 0.010395881935099584, 'max_depth': 20, 'min_child_weight': 168, 'eval_metric': 'rmse'}. Best is trial 140 with value: 0.693976497093345.
start listen on 192.168.1.101:44367
@tracker All of 1 nodes getting started
@tracker All nodes finishes job
Trial 290 finished with value: 0.6942063422481116 and parameters: {'objective': 'reg:squarederror', 'tree_method': 'gpu_hist', 'lambda': 0.019930655393999363, 'alpha': 0.08271632802098607, 'colsample_bytree': 0.4990260968353614, 'subsample': 0.6746079972307529, 'learning_rate': 0.010150077458753612, 'max_depth': 20, 'min_child_weight': 154, 'eval_metric': 'rmse'}. Best is trial 140 with value: 0.693976497093345.
start listen on 192.168.1.101:56013
@tracker All of 1 nodes getting started
@tracker All nodes finishes job
Trial 291 finished with value: 0.6943296309999167 and parameters: {'objective': 'reg:squarederror', 'tree_method': 'gpu_hist', 'lambda': 0.031074534536119185, 'alpha': 0.07237932896222553, 'colsample_bytree': 0.48508104238407385, 'subsample': 0.6895027967801687, 'learning_rate': 0.010989083378485916, 'max_depth': 15, 'min_child_weight': 160, 'eval_metric': 'rmse'}. Best is trial 140 with value: 0.693976497093345.
start listen on 192.168.1.101:39617
@tracker All of 1 nodes getting started
@tracker All nodes finishes job
Trial 292 finished with value: 0.6942797869402777 and parameters: {'objective': 'reg:squarederror', 'tree_method': 'gpu_hist', 'lambda': 0.5848245475360134, 'alpha': 0.05351077240048868, 'colsample_bytree': 0.51226158411957, 'subsample': 0.6653584224554693, 'learning_rate': 0.009854274115860444, 'max_depth': 20, 'min_child_weight': 165, 'eval_metric': 'rmse'}. Best is trial 140 with value: 0.693976497093345.
start listen on 192.168.1.101:43201
@tracker All of 1 nodes getting started
@tracker All nodes finishes job
