A new study created in RDB with name: jan_2021_test_300_3
Start optimization.
start listen on 192.168.1.101:39665
@tracker All of 1 nodes getting started
@tracker All nodes finishes job
Trial 0 finished with value: 0.703160064868071 and parameters: {'objective': 'reg:squarederror', 'tree_method': 'gpu_hist', 'lambda': 0.03965997691620873, 'alpha': 0.77381828555891, 'colsample_bytree': 0.9408524330575181, 'subsample': 0.9583024746072947, 'learning_rate': 0.04453636837569166, 'max_depth': 20, 'min_child_weight': 172, 'eval_metric': 'rmse'}. Best is trial 0 with value: 0.703160064868071.
start listen on 192.168.1.101:59923
@tracker All of 1 nodes getting started
@tracker All nodes finishes job
Trial 1 finished with value: 1.1910930773306354 and parameters: {'objective': 'reg:squarederror', 'tree_method': 'gpu_hist', 'lambda': 0.3744480307940941, 'alpha': 1.0330582156802905, 'colsample_bytree': 0.46100556182147884, 'subsample': 0.4591284016138382, 'learning_rate': 0.002049006474217463, 'max_depth': 20, 'min_child_weight': 45, 'eval_metric': 'rmse'}. Best is trial 0 with value: 0.703160064868071.
start listen on 192.168.1.101:51729
@tracker All of 1 nodes getting started
@tracker All nodes finishes job
Trial 2 finished with value: 1.6992828399140905 and parameters: {'objective': 'reg:squarederror', 'tree_method': 'gpu_hist', 'lambda': 1.6348351311922023, 'alpha': 0.0010910314605768413, 'colsample_bytree': 0.5516457853268701, 'subsample': 0.9518492583334011, 'learning_rate': 0.0015719378805866373, 'max_depth': 3, 'min_child_weight': 85, 'eval_metric': 'rmse'}. Best is trial 0 with value: 0.703160064868071.
start listen on 192.168.1.101:40603
@tracker All of 1 nodes getting started
@tracker All nodes finishes job
Trial 3 finished with value: 0.6944706463494573 and parameters: {'objective': 'reg:squarederror', 'tree_method': 'gpu_hist', 'lambda': 0.005287071918733735, 'alpha': 0.07040698752320126, 'colsample_bytree': 0.5454504484331186, 'subsample': 0.8759117479114706, 'learning_rate': 0.011120823867252173, 'max_depth': 13, 'min_child_weight': 255, 'eval_metric': 'rmse'}. Best is trial 3 with value: 0.6944706463494573.
start listen on 192.168.1.101:38371
@tracker All of 1 nodes getting started
@tracker All nodes finishes job
Trial 4 finished with value: 0.6955943951480885 and parameters: {'objective': 'reg:squarederror', 'tree_method': 'gpu_hist', 'lambda': 0.11087246617967432, 'alpha': 4.149084672231842, 'colsample_bytree': 0.832550447084615, 'subsample': 0.46395097840040705, 'learning_rate': 0.01781306291022331, 'max_depth': 9, 'min_child_weight': 277, 'eval_metric': 'rmse'}. Best is trial 3 with value: 0.6944706463494573.
start listen on 192.168.1.101:55327
@tracker All of 1 nodes getting started
@tracker All nodes finishes job
Trial 5 finished with value: 0.6957207764477755 and parameters: {'objective': 'reg:squarederror', 'tree_method': 'gpu_hist', 'lambda': 0.0024781593170914978, 'alpha': 0.010322056802300267, 'colsample_bytree': 0.5770809596790111, 'subsample': 0.6695659827366784, 'learning_rate': 0.00887211583152188, 'max_depth': 11, 'min_child_weight': 197, 'eval_metric': 'rmse'}. Best is trial 3 with value: 0.6944706463494573.
start listen on 192.168.1.101:32891
@tracker All of 1 nodes getting started
@tracker All nodes finishes job
Trial 6 finished with value: 1.6359841015029248 and parameters: {'objective': 'reg:squarederror', 'tree_method': 'gpu_hist', 'lambda': 0.006253188170332981, 'alpha': 2.747374790528044, 'colsample_bytree': 0.5724642704762106, 'subsample': 0.6826375252681404, 'learning_rate': 0.0016165275089770768, 'max_depth': 7, 'min_child_weight': 10, 'eval_metric': 'rmse'}. Best is trial 3 with value: 0.6944706463494573.
start listen on 192.168.1.101:43889
@tracker All of 1 nodes getting started
@tracker All nodes finishes job
Trial 7 finished with value: 0.707989490458337 and parameters: {'objective': 'reg:squarederror', 'tree_method': 'gpu_hist', 'lambda': 0.01851555096810061, 'alpha': 1.073174289003733, 'colsample_bytree': 0.5052383357713361, 'subsample': 0.7308218249531877, 'learning_rate': 0.012797911858553054, 'max_depth': 3, 'min_child_weight': 218, 'eval_metric': 'rmse'}. Best is trial 3 with value: 0.6944706463494573.
start listen on 192.168.1.101:58349
@tracker All of 1 nodes getting started
@tracker All nodes finishes job
Trial 8 finished with value: 0.6948001865147817 and parameters: {'objective': 'reg:squarederror', 'tree_method': 'gpu_hist', 'lambda': 0.24592267581989796, 'alpha': 0.11540408988151687, 'colsample_bytree': 0.8027184989992375, 'subsample': 0.9254315077687003, 'learning_rate': 0.010483813348518478, 'max_depth': 17, 'min_child_weight': 121, 'eval_metric': 'rmse'}. Best is trial 3 with value: 0.6944706463494573.
start listen on 192.168.1.101:34565
@tracker All of 1 nodes getting started
@tracker All nodes finishes job
Trial 9 finished with value: 0.694797071153981 and parameters: {'objective': 'reg:squarederror', 'tree_method': 'gpu_hist', 'lambda': 0.4110928408071191, 'alpha': 3.989109619409684, 'colsample_bytree': 0.386846206843414, 'subsample': 0.8547776579447505, 'learning_rate': 0.012610232759942087, 'max_depth': 15, 'min_child_weight': 239, 'eval_metric': 'rmse'}. Best is trial 3 with value: 0.6944706463494573.
start listen on 192.168.1.101:52147
@tracker All of 1 nodes getting started
@tracker All nodes finishes job
Trial 10 finished with value: 0.7051128999989914 and parameters: {'objective': 'reg:squarederror', 'tree_method': 'gpu_hist', 'lambda': 0.0011395359158288872, 'alpha': 0.06306980185199666, 'colsample_bytree': 0.7097990095051308, 'subsample': 0.8203814743805615, 'learning_rate': 0.08994547405221168, 'max_depth': 13, 'min_child_weight': 280, 'eval_metric': 'rmse'}. Best is trial 3 with value: 0.6944706463494573.
start listen on 192.168.1.101:54817
@tracker All of 1 nodes getting started
@tracker All nodes finishes job
Trial 11 finished with value: 0.7045082288381284 and parameters: {'objective': 'reg:squarederror', 'tree_method': 'gpu_hist', 'lambda': 8.613306820472758, 'alpha': 0.09785730360383672, 'colsample_bytree': 0.4118826126563899, 'subsample': 0.8236068422172558, 'learning_rate': 0.004758961820652962, 'max_depth': 15, 'min_child_weight': 238, 'eval_metric': 'rmse'}. Best is trial 3 with value: 0.6944706463494573.
start listen on 192.168.1.101:39743
@tracker All of 1 nodes getting started
@tracker All nodes finishes job
Trial 12 finished with value: 0.695204603753313 and parameters: {'objective': 'reg:squarederror', 'tree_method': 'gpu_hist', 'lambda': 1.7571546114906265, 'alpha': 0.01587062417706232, 'colsample_bytree': 0.31356585384113467, 'subsample': 0.8191807948443744, 'learning_rate': 0.030051081738558177, 'max_depth': 13, 'min_child_weight': 298, 'eval_metric': 'rmse'}. Best is trial 3 with value: 0.6944706463494573.
start listen on 192.168.1.101:50737
@tracker All of 1 nodes getting started
@tracker All nodes finishes job
Trial 13 finished with value: 0.7220120697904131 and parameters: {'objective': 'reg:squarederror', 'tree_method': 'gpu_hist', 'lambda': 0.03089155266482053, 'alpha': 0.2368130312058426, 'colsample_bytree': 0.33821487711263315, 'subsample': 0.8633487389388872, 'learning_rate': 0.004023132810629422, 'max_depth': 5, 'min_child_weight': 239, 'eval_metric': 'rmse'}. Best is trial 3 with value: 0.6944706463494573.
start listen on 192.168.1.101:44647
@tracker All of 1 nodes getting started
@tracker All nodes finishes job
Trial 14 finished with value: 0.7007999020370888 and parameters: {'objective': 'reg:squarederror', 'tree_method': 'gpu_hist', 'lambda': 0.009196489079143968, 'alpha': 9.459095087916179, 'colsample_bytree': 0.39910248074699556, 'subsample': 0.5828118353148081, 'learning_rate': 0.006256345290895498, 'max_depth': 15, 'min_child_weight': 139, 'eval_metric': 'rmse'}. Best is trial 3 with value: 0.6944706463494573.
start listen on 192.168.1.101:37611
@tracker All of 1 nodes getting started
@tracker All nodes finishes job
Trial 15 finished with value: 0.6971709061768969 and parameters: {'objective': 'reg:squarederror', 'tree_method': 'gpu_hist', 'lambda': 0.903687767234883, 'alpha': 0.016716820080016157, 'colsample_bytree': 0.6680001906884347, 'subsample': 0.9992706589634969, 'learning_rate': 0.035573963871651446, 'max_depth': 15, 'min_child_weight': 179, 'eval_metric': 'rmse'}. Best is trial 3 with value: 0.6944706463494573.
start listen on 192.168.1.101:58443
@tracker All of 1 nodes getting started
@tracker All nodes finishes job
Trial 16 finished with value: 0.6944041574088264 and parameters: {'objective': 'reg:squarederror', 'tree_method': 'gpu_hist', 'lambda': 0.07511474770797068, 'alpha': 0.0022997686099499176, 'colsample_bytree': 0.43967280335141673, 'subsample': 0.7531371841526258, 'learning_rate': 0.018434952634445397, 'max_depth': 13, 'min_child_weight': 251, 'eval_metric': 'rmse'}. Best is trial 16 with value: 0.6944041574088264.
start listen on 192.168.1.101:52111
@tracker All of 1 nodes getting started
@tracker All nodes finishes job
Trial 17 finished with value: 0.6945033839897389 and parameters: {'objective': 'reg:squarederror', 'tree_method': 'gpu_hist', 'lambda': 0.08072828564199086, 'alpha': 0.0010839710455983298, 'colsample_bytree': 0.6294765055245115, 'subsample': 0.7535023689251723, 'learning_rate': 0.021022663870502244, 'max_depth': 13, 'min_child_weight': 264, 'eval_metric': 'rmse'}. Best is trial 16 with value: 0.6944041574088264.
start listen on 192.168.1.101:40257
@tracker All of 1 nodes getting started
@tracker All nodes finishes job
Trial 18 finished with value: 0.7030643367682299 and parameters: {'objective': 'reg:squarederror', 'tree_method': 'gpu_hist', 'lambda': 0.0047634006560196345, 'alpha': 0.003916555127731075, 'colsample_bytree': 0.4735689813047378, 'subsample': 0.6011186004224283, 'learning_rate': 0.06857924911993799, 'max_depth': 13, 'min_child_weight': 209, 'eval_metric': 'rmse'}. Best is trial 16 with value: 0.6944041574088264.
start listen on 192.168.1.101:59247
@tracker All of 1 nodes getting started
@tracker All nodes finishes job
Trial 19 finished with value: 0.8323599879680572 and parameters: {'objective': 'reg:squarederror', 'tree_method': 'gpu_hist', 'lambda': 0.001102440196808736, 'alpha': 0.003292862637621383, 'colsample_bytree': 0.7444176615952157, 'subsample': 0.7609396119377363, 'learning_rate': 0.002798597900621272, 'max_depth': 13, 'min_child_weight': 107, 'eval_metric': 'rmse'}. Best is trial 16 with value: 0.6944041574088264.
start listen on 192.168.1.101:37275
@tracker All of 1 nodes getting started
@tracker All nodes finishes job
Trial 20 finished with value: 0.695306965613388 and parameters: {'objective': 'reg:squarederror', 'tree_method': 'gpu_hist', 'lambda': 0.1017112348809991, 'alpha': 0.0386717629428779, 'colsample_bytree': 0.990342810120314, 'subsample': 0.6074160495599966, 'learning_rate': 0.020307351783382947, 'max_depth': 9, 'min_child_weight': 156, 'eval_metric': 'rmse'}. Best is trial 16 with value: 0.6944041574088264.
start listen on 192.168.1.101:33789
@tracker All of 1 nodes getting started
@tracker All nodes finishes job
Trial 21 finished with value: 0.6947009630819687 and parameters: {'objective': 'reg:squarederror', 'tree_method': 'gpu_hist', 'lambda': 0.05477661761084191, 'alpha': 0.001455728833059562, 'colsample_bytree': 0.6199157944420413, 'subsample': 0.756816002802805, 'learning_rate': 0.022260026331626076, 'max_depth': 13, 'min_child_weight': 263, 'eval_metric': 'rmse'}. Best is trial 16 with value: 0.6944041574088264.
start listen on 192.168.1.101:49645
@tracker All of 1 nodes getting started
@tracker All nodes finishes job
Trial 22 finished with value: 0.6958509942485716 and parameters: {'objective': 'reg:squarederror', 'tree_method': 'gpu_hist', 'lambda': 0.013832841485178259, 'alpha': 0.004178325531824985, 'colsample_bytree': 0.5106934548313076, 'subsample': 0.9052730763764901, 'learning_rate': 0.007298182220077507, 'max_depth': 13, 'min_child_weight': 299, 'eval_metric': 'rmse'}. Best is trial 16 with value: 0.6944041574088264.
start listen on 192.168.1.101:47085
@tracker All of 1 nodes getting started
@tracker All nodes finishes job
Trial 23 finished with value: 0.6946372196545639 and parameters: {'objective': 'reg:squarederror', 'tree_method': 'gpu_hist', 'lambda': 0.17118048087382706, 'alpha': 0.0019619383717421578, 'colsample_bytree': 0.6540480562636292, 'subsample': 0.6493744044951646, 'learning_rate': 0.016542149172235947, 'max_depth': 13, 'min_child_weight': 259, 'eval_metric': 'rmse'}. Best is trial 16 with value: 0.6944041574088264.
start listen on 192.168.1.101:39815
@tracker All of 1 nodes getting started
@tracker All nodes finishes job
Trial 24 finished with value: 0.697203711022111 and parameters: {'objective': 'reg:squarederror', 'tree_method': 'gpu_hist', 'lambda': 0.05751525324919054, 'alpha': 0.006721750420745508, 'colsample_bytree': 0.6125283922630724, 'subsample': 0.7608412588248449, 'learning_rate': 0.04978680712695478, 'max_depth': 11, 'min_child_weight': 225, 'eval_metric': 'rmse'}. Best is trial 16 with value: 0.6944041574088264.
start listen on 192.168.1.101:47829
@tracker All of 1 nodes getting started
@tracker All nodes finishes job
Trial 25 finished with value: 0.6955774243753307 and parameters: {'objective': 'reg:squarederror', 'tree_method': 'gpu_hist', 'lambda': 0.01975029257611399, 'alpha': 0.023978804101771067, 'colsample_bytree': 0.4541622957905524, 'subsample': 0.7117124517106225, 'learning_rate': 0.03458961970793034, 'max_depth': 7, 'min_child_weight': 260, 'eval_metric': 'rmse'}. Best is trial 16 with value: 0.6944041574088264.
start listen on 192.168.1.101:48863
@tracker All of 1 nodes getting started
@tracker All nodes finishes job
Trial 26 finished with value: 0.6982174255703779 and parameters: {'objective': 'reg:squarederror', 'tree_method': 'gpu_hist', 'lambda': 0.6964628786190192, 'alpha': 0.38977391513653026, 'colsample_bytree': 0.5274118420282733, 'subsample': 0.7938915034911328, 'learning_rate': 0.025595179200372447, 'max_depth': 5, 'min_child_weight': 194, 'eval_metric': 'rmse'}. Best is trial 16 with value: 0.6944041574088264.
start listen on 192.168.1.101:49463
@tracker All of 1 nodes getting started
@tracker All nodes finishes job
Trial 27 finished with value: 0.6947449370929857 and parameters: {'objective': 'reg:squarederror', 'tree_method': 'gpu_hist', 'lambda': 0.0035269349645486317, 'alpha': 0.002254842336215507, 'colsample_bytree': 0.7227286954359355, 'subsample': 0.5345958002700113, 'learning_rate': 0.015034022131820252, 'max_depth': 13, 'min_child_weight': 273, 'eval_metric': 'rmse'}. Best is trial 16 with value: 0.6944041574088264.
start listen on 192.168.1.101:42813
@tracker All of 1 nodes getting started
@tracker All nodes finishes job
Trial 28 finished with value: 2.565838557207834 and parameters: {'objective': 'reg:squarederror', 'tree_method': 'gpu_hist', 'lambda': 0.07600076823408611, 'alpha': 0.007165222892733307, 'colsample_bytree': 0.3571663016355826, 'subsample': 0.8750782340335997, 'learning_rate': 0.001100718096320379, 'max_depth': 17, 'min_child_weight': 246, 'eval_metric': 'rmse'}. Best is trial 16 with value: 0.6944041574088264.
start listen on 192.168.1.101:37095
@tracker All of 1 nodes getting started
@tracker All nodes finishes job
Trial 29 finished with value: 0.7071615143057581 and parameters: {'objective': 'reg:squarederror', 'tree_method': 'gpu_hist', 'lambda': 0.030681537630836767, 'alpha': 0.0010747323633537404, 'colsample_bytree': 0.8512973372602026, 'subsample': 0.7875379648139084, 'learning_rate': 0.05149972485672144, 'max_depth': 20, 'min_child_weight': 170, 'eval_metric': 'rmse'}. Best is trial 16 with value: 0.6944041574088264.
start listen on 192.168.1.101:55907
@tracker All of 1 nodes getting started
@tracker All nodes finishes job
Trial 30 finished with value: 0.6949651551132225 and parameters: {'objective': 'reg:squarederror', 'tree_method': 'gpu_hist', 'lambda': 0.002177175742370001, 'alpha': 0.2665719760174394, 'colsample_bytree': 0.6203168204450793, 'subsample': 0.9925629684174376, 'learning_rate': 0.009885343554224728, 'max_depth': 13, 'min_child_weight': 216, 'eval_metric': 'rmse'}. Best is trial 16 with value: 0.6944041574088264.
start listen on 192.168.1.101:33929
@tracker All of 1 nodes getting started
@tracker All nodes finishes job
Trial 31 finished with value: 0.6945137560748831 and parameters: {'objective': 'reg:squarederror', 'tree_method': 'gpu_hist', 'lambda': 0.18165275734872988, 'alpha': 0.0019131041138657923, 'colsample_bytree': 0.654331443457318, 'subsample': 0.6342491627956305, 'learning_rate': 0.016151447347166482, 'max_depth': 13, 'min_child_weight': 284, 'eval_metric': 'rmse'}. Best is trial 16 with value: 0.6944041574088264.
start listen on 192.168.1.101:42277
@tracker All of 1 nodes getting started
@tracker All nodes finishes job
Trial 32 finished with value: 0.6949672480840955 and parameters: {'objective': 'reg:squarederror', 'tree_method': 'gpu_hist', 'lambda': 0.231544169558713, 'alpha': 0.0023167153335974704, 'colsample_bytree': 0.6723692968921907, 'subsample': 0.6469114014215748, 'learning_rate': 0.024162875363838564, 'max_depth': 13, 'min_child_weight': 288, 'eval_metric': 'rmse'}. Best is trial 16 with value: 0.6944041574088264.
start listen on 192.168.1.101:35331
@tracker All of 1 nodes getting started
@tracker All nodes finishes job
Trial 33 finished with value: 0.6970477453799672 and parameters: {'objective': 'reg:squarederror', 'tree_method': 'gpu_hist', 'lambda': 0.13452989213300412, 'alpha': 0.0010460600349355704, 'colsample_bytree': 0.44376536926092186, 'subsample': 0.5029739437660211, 'learning_rate': 0.006573403181450708, 'max_depth': 13, 'min_child_weight': 258, 'eval_metric': 'rmse'}. Best is trial 16 with value: 0.6944041574088264.
start listen on 192.168.1.101:32883
@tracker All of 1 nodes getting started
@tracker All nodes finishes job
Trial 34 finished with value: 0.6946284390480127 and parameters: {'objective': 'reg:squarederror', 'tree_method': 'gpu_hist', 'lambda': 2.109518497225361, 'alpha': 0.006349613472607093, 'colsample_bytree': 0.7587240176374366, 'subsample': 0.6301974341141626, 'learning_rate': 0.013605245182528416, 'max_depth': 20, 'min_child_weight': 279, 'eval_metric': 'rmse'}. Best is trial 16 with value: 0.6944041574088264.
start listen on 192.168.1.101:49481
@tracker All of 1 nodes getting started
@tracker All nodes finishes job
Trial 35 finished with value: 0.7060011785378388 and parameters: {'objective': 'reg:squarederror', 'tree_method': 'gpu_hist', 'lambda': 0.4384675597597259, 'alpha': 0.0035832354584922313, 'colsample_bytree': 0.5495032819953323, 'subsample': 0.7135799263128567, 'learning_rate': 0.017507449545754204, 'max_depth': 3, 'min_child_weight': 74, 'eval_metric': 'rmse'}. Best is trial 16 with value: 0.6944041574088264.
start listen on 192.168.1.101:58139
@tracker All of 1 nodes getting started
@tracker All nodes finishes job
Trial 36 finished with value: 0.6948971945386959 and parameters: {'objective': 'reg:squarederror', 'tree_method': 'gpu_hist', 'lambda': 0.0416369956161108, 'alpha': 0.010946032379846732, 'colsample_bytree': 0.6083262160609553, 'subsample': 0.684848762326458, 'learning_rate': 0.008783809666141184, 'max_depth': 13, 'min_child_weight': 194, 'eval_metric': 'rmse'}. Best is trial 16 with value: 0.6944041574088264.
start listen on 192.168.1.101:32985
@tracker All of 1 nodes getting started
@tracker All nodes finishes job
Trial 37 finished with value: 0.6965612880830958 and parameters: {'objective': 'reg:squarederror', 'tree_method': 'gpu_hist', 'lambda': 3.2714709457142996, 'alpha': 0.0017669748931148973, 'colsample_bytree': 0.5776140091347615, 'subsample': 0.4315114634129745, 'learning_rate': 0.04023296597327721, 'max_depth': 11, 'min_child_weight': 229, 'eval_metric': 'rmse'}. Best is trial 16 with value: 0.6944041574088264.
start listen on 192.168.1.101:41621
@tracker All of 1 nodes getting started
@tracker All nodes finishes job
Trial 38 finished with value: 0.6964460608741584 and parameters: {'objective': 'reg:squarederror', 'tree_method': 'gpu_hist', 'lambda': 0.2051305783476143, 'alpha': 0.027367960510908826, 'colsample_bytree': 0.4871209448223709, 'subsample': 0.5468511113630888, 'learning_rate': 0.011585918970996572, 'max_depth': 9, 'min_child_weight': 256, 'eval_metric': 'rmse'}. Best is trial 16 with value: 0.6944041574088264.
start listen on 192.168.1.101:34955
@tracker All of 1 nodes getting started
@tracker All nodes finishes job
Trial 39 finished with value: 0.6962206171727835 and parameters: {'objective': 'reg:squarederror', 'tree_method': 'gpu_hist', 'lambda': 0.010856610714615635, 'alpha': 0.01114380020025661, 'colsample_bytree': 0.8676829897452972, 'subsample': 0.9535723059956408, 'learning_rate': 0.02721190251727665, 'max_depth': 7, 'min_child_weight': 6, 'eval_metric': 'rmse'}. Best is trial 16 with value: 0.6944041574088264.
start listen on 192.168.1.101:46457
@tracker All of 1 nodes getting started
@tracker All nodes finishes job
Trial 40 finished with value: 0.6961689090325541 and parameters: {'objective': 'reg:squarederror', 'tree_method': 'gpu_hist', 'lambda': 0.6114126292369088, 'alpha': 1.8108356362255393, 'colsample_bytree': 0.4329733687712578, 'subsample': 0.7366210003172822, 'learning_rate': 0.01884362491972008, 'max_depth': 17, 'min_child_weight': 43, 'eval_metric': 'rmse'}. Best is trial 16 with value: 0.6944041574088264.
start listen on 192.168.1.101:49761
@tracker All of 1 nodes getting started
@tracker All nodes finishes job
