Trial 84 finished with value: 0.6949485054960551 and parameters: {'objective': 'reg:squarederror', 'tree_method': 'gpu_hist', 'lambda': 0.01835536919231485, 'alpha': 0.3783428806063274, 'colsample_bytree': 0.5524823258324107, 'subsample': 0.870823042715084, 'learning_rate': 0.022057134931309837, 'max_depth': 15, 'min_child_weight': 183, 'eval_metric': 'rmse'}. Best is trial 53 with value: 0.694151368306717.
start listen on 192.168.1.101:54577
@tracker All of 1 nodes getting started
@tracker All nodes finishes job
Trial 85 finished with value: 0.6943032963064447 and parameters: {'objective': 'reg:squarederror', 'tree_method': 'gpu_hist', 'lambda': 0.13516448707859302, 'alpha': 0.06337847096781185, 'colsample_bytree': 0.6071075907717536, 'subsample': 0.8248860331016299, 'learning_rate': 0.0151033943042386, 'max_depth': 15, 'min_child_weight': 173, 'eval_metric': 'rmse'}. Best is trial 53 with value: 0.694151368306717.
start listen on 192.168.1.101:44457
@tracker All of 1 nodes getting started
@tracker All nodes finishes job
Trial 86 finished with value: 0.6980840536139464 and parameters: {'objective': 'reg:squarederror', 'tree_method': 'gpu_hist', 'lambda': 0.14396818108222217, 'alpha': 0.07558861480071515, 'colsample_bytree': 0.6023582262818944, 'subsample': 0.8249985204488752, 'learning_rate': 0.02681233489485087, 'max_depth': 5, 'min_child_weight': 236, 'eval_metric': 'rmse'}. Best is trial 53 with value: 0.694151368306717.
start listen on 192.168.1.101:51281
@tracker All of 1 nodes getting started
@tracker All nodes finishes job
Trial 87 finished with value: 0.6947172224843741 and parameters: {'objective': 'reg:squarederror', 'tree_method': 'gpu_hist', 'lambda': 0.08426196704692081, 'alpha': 0.05039045648243018, 'colsample_bytree': 0.6278836391712525, 'subsample': 0.891290300052366, 'learning_rate': 0.01780901614489449, 'max_depth': 15, 'min_child_weight': 205, 'eval_metric': 'rmse'}. Best is trial 53 with value: 0.694151368306717.
start listen on 192.168.1.101:56821
@tracker All of 1 nodes getting started
@tracker All nodes finishes job
Trial 88 finished with value: 0.6942558102010558 and parameters: {'objective': 'reg:squarederror', 'tree_method': 'gpu_hist', 'lambda': 0.05526271389310012, 'alpha': 0.23198236298026087, 'colsample_bytree': 0.5327162619716883, 'subsample': 0.8331336639742564, 'learning_rate': 0.015704423173244882, 'max_depth': 13, 'min_child_weight': 175, 'eval_metric': 'rmse'}. Best is trial 53 with value: 0.694151368306717.
start listen on 192.168.1.101:46683
@tracker All of 1 nodes getting started
@tracker All nodes finishes job
Trial 89 finished with value: 0.6960435572693398 and parameters: {'objective': 'reg:squarederror', 'tree_method': 'gpu_hist', 'lambda': 0.11821344680120859, 'alpha': 0.2744195914936324, 'colsample_bytree': 0.5314975728981626, 'subsample': 0.8305855599812991, 'learning_rate': 0.03510960001184477, 'max_depth': 13, 'min_child_weight': 172, 'eval_metric': 'rmse'}. Best is trial 53 with value: 0.694151368306717.
start listen on 192.168.1.101:39201
@tracker All of 1 nodes getting started
@tracker All nodes finishes job
Trial 90 finished with value: 0.6945205260185521 and parameters: {'objective': 'reg:squarederror', 'tree_method': 'gpu_hist', 'lambda': 0.05412309564296776, 'alpha': 0.25854874176981, 'colsample_bytree': 0.6443610316817261, 'subsample': 0.8118554068871733, 'learning_rate': 0.015587221913991594, 'max_depth': 13, 'min_child_weight': 159, 'eval_metric': 'rmse'}. Best is trial 53 with value: 0.694151368306717.
start listen on 192.168.1.101:45659
@tracker All of 1 nodes getting started
@tracker All nodes finishes job
Trial 91 finished with value: 0.6944928498750395 and parameters: {'objective': 'reg:squarederror', 'tree_method': 'gpu_hist', 'lambda': 0.06628800674044344, 'alpha': 0.027757063222387086, 'colsample_bytree': 0.5612498922129326, 'subsample': 0.8586772766525046, 'learning_rate': 0.013828315980104642, 'max_depth': 13, 'min_child_weight': 187, 'eval_metric': 'rmse'}. Best is trial 53 with value: 0.694151368306717.
start listen on 192.168.1.101:35447
@tracker All of 1 nodes getting started
@tracker All nodes finishes job
Trial 92 finished with value: 0.6944012225118888 and parameters: {'objective': 'reg:squarederror', 'tree_method': 'gpu_hist', 'lambda': 0.04334953367488451, 'alpha': 0.14939243968427843, 'colsample_bytree': 0.5385384195538808, 'subsample': 0.8426296356729218, 'learning_rate': 0.011540273216227259, 'max_depth': 13, 'min_child_weight': 214, 'eval_metric': 'rmse'}. Best is trial 53 with value: 0.694151368306717.
start listen on 192.168.1.101:58627
@tracker All of 1 nodes getting started
@tracker All nodes finishes job
Trial 93 finished with value: 0.6950759649230457 and parameters: {'objective': 'reg:squarederror', 'tree_method': 'gpu_hist', 'lambda': 0.0309936521448197, 'alpha': 0.6757737985454391, 'colsample_bytree': 0.518442964938092, 'subsample': 0.7871837098211558, 'learning_rate': 0.019546936867552066, 'max_depth': 15, 'min_child_weight': 149, 'eval_metric': 'rmse'}. Best is trial 53 with value: 0.694151368306717.
start listen on 192.168.1.101:47439
@tracker All of 1 nodes getting started
@tracker All nodes finishes job
Trial 94 finished with value: 0.6946479752814141 and parameters: {'objective': 'reg:squarederror', 'tree_method': 'gpu_hist', 'lambda': 0.08148799211916744, 'alpha': 0.14317378972887876, 'colsample_bytree': 0.7004205614281204, 'subsample': 0.9436955695298946, 'learning_rate': 0.00961828504503356, 'max_depth': 15, 'min_child_weight': 172, 'eval_metric': 'rmse'}. Best is trial 53 with value: 0.694151368306717.
start listen on 192.168.1.101:57415
@tracker All of 1 nodes getting started
@tracker All nodes finishes job
Trial 95 finished with value: 0.695569091948446 and parameters: {'objective': 'reg:squarederror', 'tree_method': 'gpu_hist', 'lambda': 0.04860335443130617, 'alpha': 0.0859168493331322, 'colsample_bytree': 0.5717789622450946, 'subsample': 0.8194648633789123, 'learning_rate': 0.02169037783291876, 'max_depth': 20, 'min_child_weight': 179, 'eval_metric': 'rmse'}. Best is trial 53 with value: 0.694151368306717.
start listen on 192.168.1.101:44027
@tracker All of 1 nodes getting started
@tracker All nodes finishes job
Trial 96 finished with value: 0.7071189420633661 and parameters: {'objective': 'reg:squarederror', 'tree_method': 'gpu_hist', 'lambda': 0.1053026594833954, 'alpha': 0.7881587542829589, 'colsample_bytree': 0.6067654666404098, 'subsample': 0.8697284202559873, 'learning_rate': 0.014973395085572811, 'max_depth': 3, 'min_child_weight': 142, 'eval_metric': 'rmse'}. Best is trial 53 with value: 0.694151368306717.
start listen on 192.168.1.101:39011
@tracker All of 1 nodes getting started
@tracker All nodes finishes job
Trial 97 finished with value: 0.6941817222312441 and parameters: {'objective': 'reg:squarederror', 'tree_method': 'gpu_hist', 'lambda': 0.1943680976168054, 'alpha': 0.42628715962110275, 'colsample_bytree': 0.4939580206877815, 'subsample': 0.9124839674010523, 'learning_rate': 0.012880532895479612, 'max_depth': 17, 'min_child_weight': 194, 'eval_metric': 'rmse'}. Best is trial 53 with value: 0.694151368306717.
start listen on 192.168.1.101:36687
@tracker All of 1 nodes getting started
@tracker All nodes finishes job
Trial 98 finished with value: 0.6964200522910587 and parameters: {'objective': 'reg:squarederror', 'tree_method': 'gpu_hist', 'lambda': 0.18242110231692363, 'alpha': 0.23860705410979396, 'colsample_bytree': 0.4972738213129289, 'subsample': 0.8884736733093221, 'learning_rate': 0.007466333841388308, 'max_depth': 11, 'min_child_weight': 231, 'eval_metric': 'rmse'}. Best is trial 53 with value: 0.694151368306717.
start listen on 192.168.1.101:40261
@tracker All of 1 nodes getting started
@tracker All nodes finishes job
Trial 99 finished with value: 0.6942329539837452 and parameters: {'objective': 'reg:squarederror', 'tree_method': 'gpu_hist', 'lambda': 0.001818613467556781, 'alpha': 0.3998476470862767, 'colsample_bytree': 0.5121194969420692, 'subsample': 0.8329935708060909, 'learning_rate': 0.012999281018661466, 'max_depth': 17, 'min_child_weight': 200, 'eval_metric': 'rmse'}. Best is trial 53 with value: 0.694151368306717.
start listen on 192.168.1.101:48483
@tracker All of 1 nodes getting started
@tracker All nodes finishes job
Trial 100 finished with value: 0.6940913879079609 and parameters: {'objective': 'reg:squarederror', 'tree_method': 'gpu_hist', 'lambda': 0.0034575790870551184, 'alpha': 0.4090990244554426, 'colsample_bytree': 0.5377682739389141, 'subsample': 0.8516722549641721, 'learning_rate': 0.013036591176516937, 'max_depth': 17, 'min_child_weight': 196, 'eval_metric': 'rmse'}. Best is trial 100 with value: 0.6940913879079609.
start listen on 192.168.1.101:38129
@tracker All of 1 nodes getting started
@tracker All nodes finishes job
Trial 101 finished with value: 0.6942488081871377 and parameters: {'objective': 'reg:squarederror', 'tree_method': 'gpu_hist', 'lambda': 0.0013849687324338487, 'alpha': 0.42962198005751717, 'colsample_bytree': 0.5249461125993403, 'subsample': 0.8545676948594918, 'learning_rate': 0.012564031590056028, 'max_depth': 17, 'min_child_weight': 195, 'eval_metric': 'rmse'}. Best is trial 100 with value: 0.6940913879079609.
start listen on 192.168.1.101:39689
@tracker All of 1 nodes getting started
@tracker All nodes finishes job
Trial 102 finished with value: 0.694177479032262 and parameters: {'objective': 'reg:squarederror', 'tree_method': 'gpu_hist', 'lambda': 0.0014837958239195608, 'alpha': 0.3950325937930777, 'colsample_bytree': 0.504081759055904, 'subsample': 0.830531208712121, 'learning_rate': 0.010854794868793646, 'max_depth': 17, 'min_child_weight': 193, 'eval_metric': 'rmse'}. Best is trial 100 with value: 0.6940913879079609.
start listen on 192.168.1.101:59319
@tracker All of 1 nodes getting started
@tracker All nodes finishes job
Trial 103 finished with value: 0.694134118241707 and parameters: {'objective': 'reg:squarederror', 'tree_method': 'gpu_hist', 'lambda': 0.0018054231132562165, 'alpha': 0.4069090265949796, 'colsample_bytree': 0.5041012521548839, 'subsample': 0.8319468830064234, 'learning_rate': 0.010745339634729996, 'max_depth': 17, 'min_child_weight': 197, 'eval_metric': 'rmse'}. Best is trial 100 with value: 0.6940913879079609.
start listen on 192.168.1.101:41033
@tracker All of 1 nodes getting started
@tracker All nodes finishes job
Trial 104 finished with value: 0.6945338549537949 and parameters: {'objective': 'reg:squarederror', 'tree_method': 'gpu_hist', 'lambda': 0.0019384355834105534, 'alpha': 0.4191555637992769, 'colsample_bytree': 0.5093221411162724, 'subsample': 0.9100794987080861, 'learning_rate': 0.008615263148750852, 'max_depth': 17, 'min_child_weight': 193, 'eval_metric': 'rmse'}. Best is trial 100 with value: 0.6940913879079609.
start listen on 192.168.1.101:58839
@tracker All of 1 nodes getting started
@tracker All nodes finishes job
Trial 105 finished with value: 0.6940670785990203 and parameters: {'objective': 'reg:squarederror', 'tree_method': 'gpu_hist', 'lambda': 0.0013526016510429363, 'alpha': 0.31439610748612984, 'colsample_bytree': 0.48471845317040796, 'subsample': 0.8625194633776574, 'learning_rate': 0.010988407424941355, 'max_depth': 17, 'min_child_weight': 201, 'eval_metric': 'rmse'}. Best is trial 105 with value: 0.6940670785990203.
start listen on 192.168.1.101:47209
@tracker All of 1 nodes getting started
@tracker All nodes finishes job
Trial 106 finished with value: 0.6941623345189292 and parameters: {'objective': 'reg:squarederror', 'tree_method': 'gpu_hist', 'lambda': 0.001030786175838421, 'alpha': 0.3342804947245562, 'colsample_bytree': 0.4777224734427454, 'subsample': 0.8330630619144087, 'learning_rate': 0.010440034297766975, 'max_depth': 17, 'min_child_weight': 200, 'eval_metric': 'rmse'}. Best is trial 105 with value: 0.6940670785990203.
start listen on 192.168.1.101:50009
@tracker All of 1 nodes getting started
@tracker All nodes finishes job
Trial 107 finished with value: 0.6943254763406917 and parameters: {'objective': 'reg:squarederror', 'tree_method': 'gpu_hist', 'lambda': 0.0010638883381972287, 'alpha': 0.3151854747414378, 'colsample_bytree': 0.48840992923638255, 'subsample': 0.8360259674456452, 'learning_rate': 0.01007177247336854, 'max_depth': 17, 'min_child_weight': 200, 'eval_metric': 'rmse'}. Best is trial 105 with value: 0.6940670785990203.
start listen on 192.168.1.101:47589
@tracker All of 1 nodes getting started
@tracker All nodes finishes job
Trial 108 finished with value: 0.695994352225947 and parameters: {'objective': 'reg:squarederror', 'tree_method': 'gpu_hist', 'lambda': 0.001469300934112617, 'alpha': 0.2177689931852959, 'colsample_bytree': 0.48212055907302437, 'subsample': 0.7946743338357031, 'learning_rate': 0.006058409876639765, 'max_depth': 17, 'min_child_weight': 225, 'eval_metric': 'rmse'}. Best is trial 105 with value: 0.6940670785990203.
start listen on 192.168.1.101:46439
@tracker All of 1 nodes getting started
@tracker All nodes finishes job
Trial 109 finished with value: 0.69429920745762 and parameters: {'objective': 'reg:squarederror', 'tree_method': 'gpu_hist', 'lambda': 0.002902130381127203, 'alpha': 0.14232238605965133, 'colsample_bytree': 0.46644178491958965, 'subsample': 0.8568353034921715, 'learning_rate': 0.010768852924701719, 'max_depth': 17, 'min_child_weight': 248, 'eval_metric': 'rmse'}. Best is trial 105 with value: 0.6940670785990203.
start listen on 192.168.1.101:33891
@tracker All of 1 nodes getting started
@tracker All nodes finishes job
Trial 110 finished with value: 0.6946963923383083 and parameters: {'objective': 'reg:squarederror', 'tree_method': 'gpu_hist', 'lambda': 0.0015065966648960807, 'alpha': 0.3430574259526585, 'colsample_bytree': 0.5075810302408417, 'subsample': 0.8650712402160405, 'learning_rate': 0.007847571977202568, 'max_depth': 17, 'min_child_weight': 204, 'eval_metric': 'rmse'}. Best is trial 105 with value: 0.6940670785990203.
start listen on 192.168.1.101:47521
@tracker All of 1 nodes getting started
@tracker All nodes finishes job
Trial 111 finished with value: 0.694326193595313 and parameters: {'objective': 'reg:squarederror', 'tree_method': 'gpu_hist', 'lambda': 0.002007983947836987, 'alpha': 0.5766780603063187, 'colsample_bytree': 0.5200629988827494, 'subsample': 0.8084868005988598, 'learning_rate': 0.009430330923281107, 'max_depth': 17, 'min_child_weight': 190, 'eval_metric': 'rmse'}. Best is trial 105 with value: 0.6940670785990203.
start listen on 192.168.1.101:54923
@tracker All of 1 nodes getting started
@tracker All nodes finishes job
Trial 112 finished with value: 0.6941681626060319 and parameters: {'objective': 'reg:squarederror', 'tree_method': 'gpu_hist', 'lambda': 0.0024470582212447996, 'alpha': 0.3795926429684816, 'colsample_bytree': 0.4919826542812442, 'subsample': 0.8330337447327976, 'learning_rate': 0.012941433531216394, 'max_depth': 17, 'min_child_weight': 197, 'eval_metric': 'rmse'}. Best is trial 105 with value: 0.6940670785990203.
start listen on 192.168.1.101:53869
@tracker All of 1 nodes getting started
@tracker All nodes finishes job
Trial 113 finished with value: 0.6942688149979886 and parameters: {'objective': 'reg:squarederror', 'tree_method': 'gpu_hist', 'lambda': 0.002705396999865915, 'alpha': 0.3673828496577953, 'colsample_bytree': 0.4433828400382135, 'subsample': 0.8340972642806422, 'learning_rate': 0.013457057914772409, 'max_depth': 17, 'min_child_weight': 197, 'eval_metric': 'rmse'}. Best is trial 105 with value: 0.6940670785990203.
start listen on 192.168.1.101:43663
@tracker All of 1 nodes getting started
@tracker All nodes finishes job
Trial 114 finished with value: 0.6943497185828071 and parameters: {'objective': 'reg:squarederror', 'tree_method': 'gpu_hist', 'lambda': 0.0011997842051712834, 'alpha': 0.2733659151874092, 'colsample_bytree': 0.4781099013320056, 'subsample': 0.8968516803530985, 'learning_rate': 0.016901779154752807, 'max_depth': 17, 'min_child_weight': 222, 'eval_metric': 'rmse'}. Best is trial 105 with value: 0.6940670785990203.
start listen on 192.168.1.101:57089
@tracker All of 1 nodes getting started
@tracker All nodes finishes job
Trial 115 finished with value: 0.6942462591520185 and parameters: {'objective': 'reg:squarederror', 'tree_method': 'gpu_hist', 'lambda': 0.004427457614354862, 'alpha': 0.45764893184397765, 'colsample_bytree': 0.5031572857995805, 'subsample': 0.8830833809541625, 'learning_rate': 0.011525807122577243, 'max_depth': 17, 'min_child_weight': 201, 'eval_metric': 'rmse'}. Best is trial 105 with value: 0.6940670785990203.
start listen on 192.168.1.101:49769
@tracker All of 1 nodes getting started
@tracker All nodes finishes job
Trial 116 finished with value: 0.6943293296297813 and parameters: {'objective': 'reg:squarederror', 'tree_method': 'gpu_hist', 'lambda': 0.004136011524677203, 'alpha': 1.23092149389259, 'colsample_bytree': 0.49505179782023256, 'subsample': 0.8869048641576516, 'learning_rate': 0.01124666118536019, 'max_depth': 17, 'min_child_weight': 216, 'eval_metric': 'rmse'}. Best is trial 105 with value: 0.6940670785990203.
start listen on 192.168.1.101:57869
@tracker All of 1 nodes getting started
@tracker All nodes finishes job
Trial 117 finished with value: 0.6954572647166912 and parameters: {'objective': 'reg:squarederror', 'tree_method': 'gpu_hist', 'lambda': 0.002668672228782701, 'alpha': 0.4470540442516285, 'colsample_bytree': 0.4206011598348372, 'subsample': 0.8769833798094516, 'learning_rate': 0.006952426478275967, 'max_depth': 17, 'min_child_weight': 202, 'eval_metric': 'rmse'}. Best is trial 105 with value: 0.6940670785990203.
start listen on 192.168.1.101:40685
@tracker All of 1 nodes getting started
@tracker All nodes finishes job
Trial 118 finished with value: 0.6945850153966675 and parameters: {'objective': 'reg:squarederror', 'tree_method': 'gpu_hist', 'lambda': 0.0017718134885046357, 'alpha': 0.6849230791100319, 'colsample_bytree': 0.4542780304076447, 'subsample': 0.8472448930625104, 'learning_rate': 0.008798543288753203, 'max_depth': 17, 'min_child_weight': 209, 'eval_metric': 'rmse'}. Best is trial 105 with value: 0.6940670785990203.
start listen on 192.168.1.101:58051
@tracker All of 1 nodes getting started
@tracker All nodes finishes job
Trial 119 finished with value: 0.694329694154443 and parameters: {'objective': 'reg:squarederror', 'tree_method': 'gpu_hist', 'lambda': 0.005702493979478317, 'alpha': 0.1687179586623004, 'colsample_bytree': 0.5086436005018238, 'subsample': 0.8614769929299659, 'learning_rate': 0.01005212836074638, 'max_depth': 17, 'min_child_weight': 195, 'eval_metric': 'rmse'}. Best is trial 105 with value: 0.6940670785990203.
start listen on 192.168.1.101:41647
@tracker All of 1 nodes getting started
@tracker All nodes finishes job
Trial 120 finished with value: 1.23498836830878 and parameters: {'objective': 'reg:squarederror', 'tree_method': 'gpu_hist', 'lambda': 0.0023409245630098383, 'alpha': 0.32728981129625023, 'colsample_bytree': 0.47057475992210474, 'subsample': 0.7803939092066168, 'learning_rate': 0.001988936828058329, 'max_depth': 17, 'min_child_weight': 184, 'eval_metric': 'rmse'}. Best is trial 105 with value: 0.6940670785990203.
start listen on 192.168.1.101:56163
@tracker All of 1 nodes getting started
@tracker All nodes finishes job
Trial 121 finished with value: 0.6942044275110759 and parameters: {'objective': 'reg:squarederror', 'tree_method': 'gpu_hist', 'lambda': 0.0033787282305244998, 'alpha': 0.23238575887473947, 'colsample_bytree': 0.5458334422961014, 'subsample': 0.8310285230184281, 'learning_rate': 0.01337781576491075, 'max_depth': 17, 'min_child_weight': 202, 'eval_metric': 'rmse'}. Best is trial 105 with value: 0.6940670785990203.
start listen on 192.168.1.101:39129
@tracker All of 1 nodes getting started
@tracker All nodes finishes job
Trial 122 finished with value: 0.6941677865567255 and parameters: {'objective': 'reg:squarederror', 'tree_method': 'gpu_hist', 'lambda': 0.003573010519774235, 'alpha': 0.3986094154475674, 'colsample_bytree': 0.48967638654827605, 'subsample': 0.8104367536006657, 'learning_rate': 0.013426210070486768, 'max_depth': 17, 'min_child_weight': 225, 'eval_metric': 'rmse'}. Best is trial 105 with value: 0.6940670785990203.
start listen on 192.168.1.101:44927
@tracker All of 1 nodes getting started
@tracker All nodes finishes job
Trial 123 finished with value: 0.6944663276020836 and parameters: {'objective': 'reg:squarederror', 'tree_method': 'gpu_hist', 'lambda': 0.0033602230203611857, 'alpha': 0.4901492878686703, 'colsample_bytree': 0.4829922274140743, 'subsample': 0.8072095781761891, 'learning_rate': 0.011699451197177288, 'max_depth': 17, 'min_child_weight': 242, 'eval_metric': 'rmse'}. Best is trial 105 with value: 0.6940670785990203.
start listen on 192.168.1.101:42355
@tracker All of 1 nodes getting started
@tracker All nodes finishes job
Trial 124 finished with value: 0.6942684233721738 and parameters: {'objective': 'reg:squarederror', 'tree_method': 'gpu_hist', 'lambda': 0.006467851426616993, 'alpha': 0.010612985645509719, 'colsample_bytree': 0.5533504309649236, 'subsample': 0.7627940742580147, 'learning_rate': 0.013970605486025094, 'max_depth': 17, 'min_child_weight': 226, 'eval_metric': 'rmse'}. Best is trial 105 with value: 0.6940670785990203.
start listen on 192.168.1.101:57671
@tracker All of 1 nodes getting started
@tracker All nodes finishes job
Trial 125 finished with value: 0.6943196232478714 and parameters: {'objective': 'reg:squarederror', 'tree_method': 'gpu_hist', 'lambda': 0.003925707133992442, 'alpha': 0.37771158499434976, 'colsample_bytree': 0.4352083816332346, 'subsample': 0.8156674118629893, 'learning_rate': 0.010930329105430372, 'max_depth': 17, 'min_child_weight': 208, 'eval_metric': 'rmse'}. Best is trial 105 with value: 0.6940670785990203.
start listen on 192.168.1.101:40281
@tracker All of 1 nodes getting started
@tracker All nodes finishes job
