number,value,params_alpha,params_colsample_bytree,params_eval_metric,params_lambda,params_learning_rate,params_max_depth,params_min_child_weight,params_objective,params_subsample,params_tree_method,state
386,0.6948539040712514,0.015031357855874148,0.5970208164741925,rmse,0.02527083209630637,0.006601387858545292,20,154,reg:squarederror,0.7174225561619652,gpu_hist,COMPLETE
387,0.694906948928065,0.044719995327686134,0.629448659111686,rmse,0.027838723881845363,0.011188310243959401,20,72,reg:squarederror,0.6599275140069593,gpu_hist,COMPLETE
388,0.6942873559895272,0.028456513281468927,0.543032580929571,rmse,0.02006181326028996,0.00998769862454432,20,178,reg:squarederror,0.6898013730108472,gpu_hist,COMPLETE
389,0.695159581072294,0.06933826982247124,0.8641226688079706,rmse,0.04238985290876077,0.011391906463882676,20,162,reg:squarederror,0.6733187204437041,gpu_hist,COMPLETE
390,0.694163780103443,0.0045454187337574635,0.564366400235559,rmse,0.03377861022780019,0.008957961700266361,20,142,reg:squarederror,0.7029515043826818,gpu_hist,COMPLETE
391,0.694197426534043,0.09742501848633463,0.4454152101279574,rmse,0.0680837272662555,0.01062912164819028,20,167,reg:squarederror,0.6638191062139986,gpu_hist,COMPLETE
392,0.7082834316804748,0.1434153766676067,0.5452695058316667,rmse,0.025177109437372103,0.012170635240511101,3,149,reg:squarederror,0.6842538473292445,gpu_hist,COMPLETE
393,0.69474622080515,0.08063728231615964,0.5770590113653734,rmse,7.234022005744401,0.00917161396171147,20,159,reg:squarederror,0.7108342777587164,gpu_hist,COMPLETE
394,0.6941904639032689,0.050927213390050345,0.5332792361310731,rmse,0.02177919412458721,0.009957389769259256,20,136,reg:squarederror,0.656899578901925,gpu_hist,COMPLETE
395,0.6942776771836303,0.12243271739282083,0.5650578479972309,rmse,0.03083188685145813,0.011188502846645201,15,181,reg:squarederror,0.6901156203423606,gpu_hist,COMPLETE
396,0.6945189792027393,0.06694256765045287,0.555816202263574,rmse,0.01754651118198873,0.008093503492260668,20,170,reg:squarederror,0.674103984434695,gpu_hist,COMPLETE
397,0.694577340672975,0.09777972866971052,0.61591283085722,rmse,0.05219714003829313,0.01241734689774935,20,188,reg:squarederror,0.7292791220404725,gpu_hist,COMPLETE
398,0.6943102730793439,0.042278311927794035,0.5932273843443777,rmse,0.0399452707356515,0.0138986288433218,13,153,reg:squarederror,0.6545198252555193,gpu_hist,COMPLETE
399,0.7203217707351421,0.0732149959093026,0.532272592796052,rmse,0.025958892781864567,0.0036990219383147057,15,27,reg:squarederror,0.6987087484806227,gpu_hist,COMPLETE
400,0.6940545811276665,0.1699495932806888,0.5454981901811643,rmse,0.019905910204698854,0.01059823366048027,20,145,reg:squarederror,0.6710253613888897,gpu_hist,COMPLETE
401,0.6942254826611829,0.16999276659104778,0.5771915767179213,rmse,0.01749347155747891,0.011672916217251429,20,143,reg:squarederror,0.6343149564665962,gpu_hist,COMPLETE
402,0.6949019691879224,0.11467820865056227,0.555598140887389,rmse,0.02092022720789805,0.018553221758185672,9,148,reg:squarederror,0.648003428489513,gpu_hist,COMPLETE
403,0.6980169695644257,0.17855920181380236,0.5231780536005164,rmse,0.014752964343096194,0.010876826565137276,7,133,reg:squarederror,0.6694066463758997,gpu_hist,COMPLETE
404,0.6942675636509226,0.2022127613294415,0.5724323279716804,rmse,0.0910004535076431,0.012449134073451528,15,139,reg:squarederror,0.6656082238759324,gpu_hist,COMPLETE
405,0.6950856201786109,0.14619684342294959,0.5441686772864691,rmse,0.3246795233175276,0.01041223238190585,11,157,reg:squarederror,0.647839383919483,gpu_hist,COMPLETE
406,0.6946676126376076,0.22027931353649505,0.5911430225759008,rmse,0.019354627613917236,0.014590519651881712,20,143,reg:squarederror,0.6715223689218625,gpu_hist,COMPLETE
407,0.694505307307252,0.13472256196043197,0.558691976778883,rmse,0.022942002363479503,0.01283645052793489,20,150,reg:squarederror,0.6116291191829103,gpu_hist,COMPLETE
408,0.6944494782682505,0.058411570525647265,0.5052293719925267,rmse,0.11278793270682573,0.011485293617110374,15,129,reg:squarederror,0.7196149586562689,gpu_hist,COMPLETE
409,0.6942508999955119,0.0010772461442577468,0.5293303205264814,rmse,1.8395567874351773,0.010036025611654115,20,162,reg:squarederror,0.6844974722325684,gpu_hist,COMPLETE
410,0.694345386647826,0.2734213326819965,0.5715376931957691,rmse,0.016726201574141782,0.010945157356289746,20,154,reg:squarederror,0.6584606997875891,gpu_hist,COMPLETE
411,0.6944693083019998,0.03620977263992594,0.6020800668680407,rmse,0.026685772120752675,0.013207247055471391,15,138,reg:squarederror,0.7032867544972847,gpu_hist,COMPLETE
412,0.6942684024204416,0.15642692967252556,0.5467354845394388,rmse,0.07472341358714929,0.00922265988406719,20,146,reg:squarederror,0.6338351008551177,gpu_hist,COMPLETE
413,0.6996936709705861,0.12044195414373456,0.5832218682452254,rmse,0.010479944841784883,0.016935547414192932,5,166,reg:squarederror,0.6753848497293103,gpu_hist,COMPLETE
414,0.6946033583807562,0.0805114134834782,0.5615554965543558,rmse,0.022354953144330197,0.011816968065780904,20,85,reg:squarederror,0.6434715240726531,gpu_hist,COMPLETE
415,0.69421614542914,0.04802295521986573,0.5164432676065208,rmse,0.029430809779030787,0.010566185309488317,15,156,reg:squarederror,0.6911195990917104,gpu_hist,COMPLETE
416,0.6944085425795017,0.06301262492080391,0.5338913759117585,rmse,0.061321916639826314,0.013636863959590826,20,147,reg:squarederror,0.6601038044815982,gpu_hist,COMPLETE
417,0.694179500757672,0.09812895119601196,0.4721437939330395,rmse,0.17005476050106297,0.009882487757623066,20,139,reg:squarederror,0.6265918752908609,gpu_hist,COMPLETE
418,0.6945717293035899,0.12272177724689066,0.5497060083577585,rmse,0.019197660285642713,0.008557809083864807,15,161,reg:squarederror,0.7076051655234523,gpu_hist,COMPLETE
419,0.694303670076559,0.08344638946309701,0.4930660932985838,rmse,0.014284833073127348,0.012180047988541397,20,134,reg:squarederror,0.6797063832215842,gpu_hist,COMPLETE
420,0.6945541635144009,0.05290749599978059,0.5698770675502549,rmse,0.02462594420738438,0.014895772314103535,20,168,reg:squarederror,0.6535971801391872,gpu_hist,COMPLETE
421,2.1252374293878282,0.07074511316156064,0.5230321539957139,rmse,0.02981819358266098,0.0013077612390683733,15,174,reg:squarederror,0.6948385519921245,gpu_hist,COMPLETE
422,0.7088980014269103,5.586470134718834,0.5872452572264337,rmse,0.04753950893023188,0.011178219006946164,3,153,reg:squarederror,0.6693038746077186,gpu_hist,COMPLETE
423,0.6941672356163526,0.14884160049904105,0.5391253460418827,rmse,0.01670922958477689,0.009501591141927184,20,144,reg:squarederror,0.6400920370573598,gpu_hist,COMPLETE
424,0.6944059976281418,0.04047359801710593,0.5571962029446303,rmse,0.03921057837970481,0.013052322886187923,20,128,reg:squarederror,0.7143720521715652,gpu_hist,COMPLETE
425,0.6943394309752597,0.10469470509517387,0.5011512654347887,rmse,0.021734898362784326,0.010613903055183978,15,95,reg:squarederror,0.7419264357300193,gpu_hist,COMPLETE
426,0.6993416269639166,0.08758143707942857,0.5654540916355051,rmse,0.03357677140782744,0.011906174213961085,20,2,reg:squarederror,0.6828540187292731,gpu_hist,COMPLETE
427,0.6945146642810488,0.029539299312058547,0.6117859589670442,rmse,0.0271141062474718,0.007591281267178941,20,159,reg:squarederror,0.6623615346770826,gpu_hist,COMPLETE
428,0.6942634168464774,0.060705758930621204,0.5444252477790534,rmse,0.01935221494591174,0.009948145896683674,15,151,reg:squarederror,0.7006617456344807,gpu_hist,COMPLETE
429,0.6942043817689522,0.1169234217055145,0.5816140422823854,rmse,0.05616101506951396,0.008823941093495762,20,166,reg:squarederror,0.648353927750792,gpu_hist,COMPLETE
430,0.6978425363445107,0.04799731229439657,0.5258551737444378,rmse,0.012169396552874587,0.011542973309579891,7,173,reg:squarederror,0.6216092382012278,gpu_hist,COMPLETE
431,0.6943617241722327,0.2052663253108361,0.598000017639319,rmse,0.2322198452498822,0.013504483041909375,13,141,reg:squarederror,0.6713021432201808,gpu_hist,COMPLETE
432,0.6943772134014141,0.16946077734458215,0.5118539647347672,rmse,0.0920010943432557,0.01069448809554369,20,110,reg:squarederror,0.6896139234500874,gpu_hist,COMPLETE
433,0.6942920677810114,0.0781908236340317,0.48147749751613755,rmse,0.023968353189137162,0.012336429383465615,15,135,reg:squarederror,0.7241622830130429,gpu_hist,COMPLETE
434,0.6962780948361879,0.1274425545346942,0.5556764805711244,rmse,0.07110051934907156,0.009486119457308418,9,150,reg:squarederror,0.6567466870510095,gpu_hist,COMPLETE
435,0.6947884736248824,0.09107359583961787,0.535450573557132,rmse,0.03072868919643763,0.01577879920333159,20,160,reg:squarederror,0.6782693796267312,gpu_hist,COMPLETE
436,0.6954604975007009,0.06599100102195092,0.5757238476232679,rmse,0.015063486647319343,0.008217435741215483,11,101,reg:squarederror,0.637820503205946,gpu_hist,COMPLETE
437,0.6940302768600032,0.02233416126937844,0.5484876803308988,rmse,0.0427487208943988,0.010941296104627934,20,166,reg:squarederror,0.7020397819406188,gpu_hist,COMPLETE
438,0.6943073623620164,0.014219024248938955,0.40894706083608023,rmse,0.03866434808556908,0.012580050933040635,15,165,reg:squarederror,0.7128055502035457,gpu_hist,COMPLETE
439,0.6944005675180696,0.028634425965327448,0.5527399861750414,rmse,0.03442925136348511,0.014415832054388882,20,156,reg:squarederror,0.704405772412148,gpu_hist,COMPLETE
440,0.6947604636323056,0.016669332239398548,0.5655631151409265,rmse,0.043342221400448265,0.007054471293648822,20,170,reg:squarederror,0.693560375133994,gpu_hist,COMPLETE
441,0.6943544020717854,0.03088655856824911,0.5391703570176025,rmse,0.027916594205917165,0.011467867177799374,15,163,reg:squarederror,0.7198153493918981,gpu_hist,COMPLETE
442,0.7019581074832667,0.02492541012540333,0.5485614415588568,rmse,0.02093949868612019,0.011290782662617158,5,146,reg:squarederror,0.6985363232455184,gpu_hist,COMPLETE
443,0.6947449687300502,0.012251763211369079,0.5832901335809136,rmse,0.033900254202777265,0.013249732478646088,20,124,reg:squarederror,0.7338639917219107,gpu_hist,COMPLETE
444,0.6940494115764203,0.018634470098553797,0.5671295487345105,rmse,0.02419363635160211,0.009994618989522152,20,156,reg:squarederror,0.6856921382513522,gpu_hist,COMPLETE
445,0.6944724724314792,0.01850262426649033,0.5690330749815964,rmse,0.045125103344202985,0.008592252889893327,20,61,reg:squarederror,0.6872082493751691,gpu_hist,COMPLETE
446,0.6942207853950174,0.019846087344753724,0.6031478839558642,rmse,0.026003976997532794,0.009554416651964309,20,155,reg:squarederror,0.7070253581336651,gpu_hist,COMPLETE
447,0.6943722189638025,0.01969343441757935,0.5891972771738163,rmse,0.029504053659246365,0.010218849792116876,20,159,reg:squarederror,0.6864384695795577,gpu_hist,COMPLETE
448,0.6942782436608411,0.017749110121249717,0.5628934558525671,rmse,0.03705449546425773,0.009104643810152404,20,168,reg:squarederror,0.6956552432567428,gpu_hist,COMPLETE
449,0.694252262711857,0.015778696477051598,0.5760649622201302,rmse,0.02439667997736293,0.010277391342505875,20,175,reg:squarederror,0.6784566401796901,gpu_hist,COMPLETE
450,0.6943918613511497,0.02324922745780753,0.6200634753344421,rmse,0.0293744988595111,0.011088567905423372,20,165,reg:squarederror,0.7143570059827343,gpu_hist,COMPLETE
451,0.6942172372568488,0.012992221126266152,0.5620244094639937,rmse,0.13375282398602484,0.008893508373613551,20,153,reg:squarederror,0.7048400566090975,gpu_hist,COMPLETE
452,0.6943351538590073,0.02413659891389529,0.5504846603350168,rmse,2.3811108782153423,0.009743848920616489,20,161,reg:squarederror,0.6741138035897868,gpu_hist,COMPLETE
453,0.6946140317326011,0.030712447506744702,0.589642332281328,rmse,0.022913067904694395,0.011815949718839116,20,117,reg:squarederror,0.6895056471700909,gpu_hist,COMPLETE
454,0.6941980516913253,0.020853590076399094,0.5713718474615572,rmse,0.03653051063845033,0.010619252690337899,20,176,reg:squarederror,0.6674863126945766,gpu_hist,COMPLETE
455,0.6941069339973882,0.28287464249818095,0.541127038649453,rmse,0.047440115166489306,0.007829724459061842,20,89,reg:squarederror,0.6996066214858473,gpu_hist,COMPLETE
456,0.6942517849196375,0.009304335451789016,0.5380275907108413,rmse,0.05162887874401474,0.0072015660283602035,20,78,reg:squarederror,0.6823103350680974,gpu_hist,COMPLETE
457,0.7110073344857386,0.6907888395944041,0.5269980453211618,rmse,0.040195375102842386,0.0075321477303094625,3,86,reg:squarederror,0.6972922410523903,gpu_hist,COMPLETE
458,0.6944191458778334,0.34177526945234504,0.545707491666283,rmse,0.049324843917437244,0.012131741560200734,20,91,reg:squarederror,0.6711952877824576,gpu_hist,COMPLETE
459,0.6941646826219172,0.24531846835156185,0.5538626930124081,rmse,0.04577233699213711,0.008367206192232133,20,83,reg:squarederror,0.6888455691639553,gpu_hist,COMPLETE
460,0.694250047798189,0.46322833982859246,0.5340479402529861,rmse,0.018615656376161038,0.007917962923968415,20,91,reg:squarederror,0.7024888090508136,gpu_hist,COMPLETE
461,0.6947141776009574,0.2962902720372009,0.6388143242608869,rmse,0.10750632121197594,0.010906354970936834,20,71,reg:squarederror,0.6792118596178298,gpu_hist,COMPLETE
462,0.6940968826808664,0.25921424240391344,0.5528305498190774,rmse,0.056036527781839596,0.010023793924276962,20,98,reg:squarederror,0.66522034916337,gpu_hist,COMPLETE
463,0.6942770382291109,0.2942434886367566,0.5270308061819142,rmse,0.055821865817149686,0.011981295869117555,13,98,reg:squarederror,0.6619084521928309,gpu_hist,COMPLETE
464,0.6941702756107792,0.010006915314812705,0.5430759356420463,rmse,0.06986174869905105,0.010151538274647333,20,102,reg:squarederror,0.6625996747878352,gpu_hist,COMPLETE
465,0.6950025292329862,0.37975604493112886,0.5182545856408493,rmse,0.08676062311490385,0.01380116220971863,20,86,reg:squarederror,0.6686002051232836,gpu_hist,COMPLETE
466,1.0512420042752586,0.23674604946706004,0.5630726896284765,rmse,0.058597673114774325,0.002250635566727881,11,108,reg:squarederror,0.6794540249032462,gpu_hist,COMPLETE
467,0.6978260107893256,0.26658091609580964,0.5417300691736922,rmse,0.07514799732893232,0.006612364625393043,9,97,reg:squarederror,0.655017677878022,gpu_hist,COMPLETE
468,0.6945787795830954,0.20946596136325255,0.5805488465523665,rmse,0.05095082608140791,0.011116329039359206,20,101,reg:squarederror,0.6684091880313336,gpu_hist,COMPLETE
469,0.6973465236330115,0.18652836319691551,0.5540965092288445,rmse,0.021879894795483985,0.012706510481523641,7,106,reg:squarederror,0.6873352810105525,gpu_hist,COMPLETE
470,0.694285846774223,0.5393564391293685,0.5324359479996171,rmse,0.0189396649480003,0.010081972932745606,20,96,reg:squarederror,0.6545452032649872,gpu_hist,COMPLETE
471,0.6941563452134079,0.16063870785968828,0.5661198739601945,rmse,0.025594071533694286,0.011668891213435985,20,171,reg:squarederror,0.6756120699263248,gpu_hist,COMPLETE
472,0.6941358458839385,0.3416576742488371,0.5189232215007383,rmse,0.043556410849300474,0.010653119104882881,15,95,reg:squarederror,0.6645539700506444,gpu_hist,COMPLETE
473,0.6949306859748983,0.1555267906606158,0.6069392637515988,rmse,0.057596148062806864,0.012929165826386275,20,89,reg:squarederror,0.6904303279967859,gpu_hist,COMPLETE
474,0.6942734013126213,0.4234546599069089,0.5930834576614886,rmse,0.06643771591985198,0.00990151400751656,20,112,reg:squarederror,0.6769400537627449,gpu_hist,COMPLETE
475,0.6952000200079861,0.1998693706251639,0.5461470981043526,rmse,0.02745293582213957,0.006183806653146746,15,93,reg:squarederror,0.6508169368450067,gpu_hist,COMPLETE
476,0.7004673704833311,0.8546029719967627,0.9211712296873463,rmse,0.021339739443838445,0.014722252851428624,5,164,reg:squarederror,0.6662866296334263,gpu_hist,COMPLETE
477,0.6945270840791968,0.2317097060390847,0.5733920332902869,rmse,0.01715330693147231,0.011593580496463323,20,81,reg:squarederror,0.6955921296250591,gpu_hist,COMPLETE
478,0.6946305371294894,0.13354183637791847,0.557089307594546,rmse,0.03207365405297958,0.009488051139099913,20,285,reg:squarederror,0.6434687540351743,gpu_hist,COMPLETE
479,0.6944037755592734,0.1734065889185394,0.5350369493471531,rmse,4.409904249487477,0.010909914380836784,20,176,reg:squarederror,0.6839454252616567,gpu_hist,COMPLETE
480,0.6942171944322326,0.10676929834339542,0.5109188839334382,rmse,0.10680424300559282,0.01245990079235669,15,169,reg:squarederror,0.6571779165475263,gpu_hist,COMPLETE
481,0.694630122326539,0.10225033804342001,0.578320329255685,rmse,0.08418872213925596,0.013410486938363246,20,155,reg:squarederror,0.7229783232024188,gpu_hist,COMPLETE
482,0.6941608080554302,0.14045778672433298,0.553626050852939,rmse,0.02451190794287194,0.011284543478827408,20,161,reg:squarederror,0.6763860003494673,gpu_hist,COMPLETE
483,0.6943752707101918,0.11452113107201209,0.5241847943018692,rmse,0.045578932952034586,0.008725162626236281,15,101,reg:squarederror,0.6309519750266529,gpu_hist,COMPLETE
484,0.6942330462364853,0.07651010159019239,0.5405367996106168,rmse,0.030011534986825354,0.010152782877284527,20,165,reg:squarederror,0.6952521430973029,gpu_hist,COMPLETE
485,0.7082342945149841,0.15535626555278131,0.5942938880889912,rmse,0.019330248347852835,0.012063407767477616,3,179,reg:squarederror,0.6675470761282637,gpu_hist,COMPLETE
486,0.6943867730213815,0.09910964705536064,0.5638291592563769,rmse,0.03705952756032256,0.009249002910608671,20,158,reg:squarederror,0.5114535269840768,gpu_hist,COMPLETE
487,0.694256668793298,0.19247004838330192,0.580230228137614,rmse,0.024873098567016565,0.010693247423639187,15,169,reg:squarederror,0.6839638958115462,gpu_hist,COMPLETE
488,0.6956021291204332,0.009747910578707747,0.5466842650966118,rmse,0.015683909355179795,0.014443799931694317,20,80,reg:squarederror,0.711438325844493,gpu_hist,COMPLETE
489,0.6940905266976319,0.2943355613376985,0.5641714621340573,rmse,3.3192722007626116,0.012076672936367007,20,173,reg:squarederror,0.656581478085784,gpu_hist,COMPLETE
490,0.6944364046639111,0.37576946249797616,0.5671402913531549,rmse,4.65211786157123,0.015847892056071507,20,150,reg:squarederror,0.6604839516469981,gpu_hist,COMPLETE
491,0.6945329469483561,0.2607826883958837,0.5886363860341238,rmse,2.8785918371733628,0.01303993708557191,15,88,reg:squarederror,0.6763864661408492,gpu_hist,COMPLETE
492,0.6942582018306527,0.30419810192289753,0.6015641248603956,rmse,0.02200711695890509,0.007981971132451996,20,107,reg:squarederror,0.6962162586348865,gpu_hist,COMPLETE
493,0.6968203113789105,0.2930573760388404,0.5746384253393125,rmse,0.028596397724247984,0.03309384512606427,13,158,reg:squarederror,0.6513569809068943,gpu_hist,COMPLETE
494,0.6944331490129262,0.39699138173952064,0.6212187714641075,rmse,1.4622619556457344,0.012023499737700782,20,174,reg:squarederror,0.6848072506464042,gpu_hist,COMPLETE
495,0.6989595077120615,0.2159081613300886,0.5569824014915365,rmse,2.1699917330871616,0.009834119053174975,7,39,reg:squarederror,0.6702818521260998,gpu_hist,COMPLETE
496,0.6993951341746963,0.2565996165990279,0.5626226403705763,rmse,0.036095395481403,0.005642838520920982,9,165,reg:squarederror,0.7048881945087083,gpu_hist,COMPLETE
497,0.6945493341488969,0.3483650322443039,0.583191926906742,rmse,1.438682034532051,0.013754725571356425,15,91,reg:squarederror,0.6621206004550697,gpu_hist,COMPLETE
498,0.694138173615021,0.5287504272950877,0.5483252774828273,rmse,3.7362483188256546,0.010976850129405856,20,150,reg:squarederror,0.6923885839344259,gpu_hist,COMPLETE
499,0.6942437447850434,0.23392133881550733,0.567222819344051,rmse,0.0189542310285533,0.0125720805871773,20,168,reg:squarederror,0.67427752879811,gpu_hist,COMPLETE
500,0.6951364839328095,0.31894192101336993,0.6102380952412357,rmse,0.030919390920736367,0.010072440025474612,11,179,reg:squarederror,0.6454429063442074,gpu_hist,COMPLETE
501,0.6941766514831091,0.44154317590168524,0.5323653329579195,rmse,0.013100118298926947,0.009037915332685099,20,159,reg:squarederror,0.7122074938585421,gpu_hist,COMPLETE
502,0.6942668532918713,0.0678228170152167,0.5852081940621032,rmse,0.02510277559405152,0.011430596229622439,15,172,reg:squarederror,0.6843028498615455,gpu_hist,COMPLETE
503,0.6941075471016911,0.19124268131082267,0.5565213849409637,rmse,8.553686970188151,0.012270953518126064,20,76,reg:squarederror,0.6578434646219301,gpu_hist,COMPLETE
504,0.6951478790949069,0.2591192518255451,0.5196606191645556,rmse,6.8471535517003295,0.014569397647127107,20,87,reg:squarederror,0.6341327875333068,gpu_hist,COMPLETE
505,0.7008945817154552,0.20000760326088413,0.546448736565305,rmse,0.04172733168303973,0.013137385976133988,5,71,reg:squarederror,0.6557045561889587,gpu_hist,COMPLETE
506,0.6946658306182432,0.2384341353776337,0.5658708891822608,rmse,6.398519981406984,0.012334792329192035,20,74,reg:squarederror,0.6129777351447644,gpu_hist,COMPLETE
507,0.6949778892185625,0.18204493556141527,0.6771927638983204,rmse,3.4468579960259578,0.01622780840647185,15,60,reg:squarederror,0.727553521758952,gpu_hist,COMPLETE
508,0.6942425558453749,0.005350900830042315,0.5061941654831262,rmse,8.079889089572873,0.010554108314321638,20,81,reg:squarederror,0.644058526755279,gpu_hist,COMPLETE
509,0.6945757346046493,0.28954430536789677,0.5344567895969906,rmse,5.4313764565438225,0.008330377085013656,20,99,reg:squarederror,0.6652334261835977,gpu_hist,COMPLETE
510,0.6943593317545643,0.20100266149725313,0.5538923177824717,rmse,9.127498012875835,0.013978708331819611,15,114,reg:squarederror,0.6550156869434165,gpu_hist,COMPLETE
511,0.694534643329174,0.06008781618145684,0.596166659115865,rmse,7.755735990342826,0.00947787730352464,20,68,reg:squarederror,0.6949109997697066,gpu_hist,COMPLETE
512,0.6944456641002289,0.16919547395245044,0.5772294492273946,rmse,1.8425463328133436,0.011638849246939245,20,151,reg:squarederror,0.6748100221547861,gpu_hist,COMPLETE
513,0.6941465964389183,0.048866411407957826,0.5572333079153461,rmse,0.021651407694652004,0.011055875710921561,15,81,reg:squarederror,0.7040254922394305,gpu_hist,COMPLETE
514,0.6946013061463625,0.01607648618842485,0.5281958344993204,rmse,2.7016752210706003,0.012450011070128334,17,56,reg:squarederror,0.6334467527028299,gpu_hist,COMPLETE
