Trial 335 finished with value: 0.6946221179926744 and parameters: {'objective': 'reg:squarederror', 'tree_method': 'gpu_hist', 'lambda': 0.04698476579116821, 'alpha': 0.068858966664772, 'colsample_bytree': 0.5595413523734505, 'subsample': 0.6940631292847367, 'learning_rate': 0.011272943401547013, 'max_depth': 20, 'min_child_weight': 104, 'eval_metric': 'rmse'}. Best is trial 140 with value: 0.693976497093345.
start listen on 192.168.1.101:48791
@tracker All of 1 nodes getting started
@tracker All nodes finishes job
Trial 336 finished with value: 0.6941410445680354 and parameters: {'objective': 'reg:squarederror', 'tree_method': 'gpu_hist', 'lambda': 0.033981073886373565, 'alpha': 0.09870218172263436, 'colsample_bytree': 0.5428804029193522, 'subsample': 0.6817912448593362, 'learning_rate': 0.00968347819735164, 'max_depth': 20, 'min_child_weight': 182, 'eval_metric': 'rmse'}. Best is trial 140 with value: 0.693976497093345.
start listen on 192.168.1.101:42439
@tracker All of 1 nodes getting started
@tracker All nodes finishes job
Trial 337 finished with value: 0.6944455478780777 and parameters: {'objective': 'reg:squarederror', 'tree_method': 'gpu_hist', 'lambda': 0.03349006167469908, 'alpha': 0.09537551926923254, 'colsample_bytree': 0.5286186506050378, 'subsample': 0.6610711154531845, 'learning_rate': 0.008522528768148858, 'max_depth': 20, 'min_child_weight': 191, 'eval_metric': 'rmse'}. Best is trial 140 with value: 0.693976497093345.
start listen on 192.168.1.101:46851
@tracker All of 1 nodes getting started
@tracker All nodes finishes job
Trial 338 finished with value: 0.6943723280442713 and parameters: {'objective': 'reg:squarederror', 'tree_method': 'gpu_hist', 'lambda': 0.04009235352839833, 'alpha': 0.07322649987580683, 'colsample_bytree': 0.5395864540279249, 'subsample': 0.6768018643560281, 'learning_rate': 0.009698344568114843, 'max_depth': 20, 'min_child_weight': 184, 'eval_metric': 'rmse'}. Best is trial 140 with value: 0.693976497093345.
start listen on 192.168.1.101:35139
@tracker All of 1 nodes getting started
@tracker All nodes finishes job
Trial 339 finished with value: 0.6942666448072046 and parameters: {'objective': 'reg:squarederror', 'tree_method': 'gpu_hist', 'lambda': 0.03859099497673574, 'alpha': 0.05285407127100683, 'colsample_bytree': 0.5496889536803122, 'subsample': 0.6456047766112951, 'learning_rate': 0.01359999589560281, 'max_depth': 13, 'min_child_weight': 181, 'eval_metric': 'rmse'}. Best is trial 140 with value: 0.693976497093345.
start listen on 192.168.1.101:49271
@tracker All of 1 nodes getting started
@tracker All nodes finishes job
Trial 340 finished with value: 0.6978335616039025 and parameters: {'objective': 'reg:squarederror', 'tree_method': 'gpu_hist', 'lambda': 0.028518423615674273, 'alpha': 0.09793106774930349, 'colsample_bytree': 0.5097060876454339, 'subsample': 0.668318241756622, 'learning_rate': 0.011618204415151252, 'max_depth': 7, 'min_child_weight': 174, 'eval_metric': 'rmse'}. Best is trial 140 with value: 0.693976497093345.
start listen on 192.168.1.101:34795
@tracker All of 1 nodes getting started
@tracker All nodes finishes job
Trial 341 finished with value: 0.6953989943164418 and parameters: {'objective': 'reg:squarederror', 'tree_method': 'gpu_hist', 'lambda': 0.05412100025159949, 'alpha': 0.07908060856828956, 'colsample_bytree': 0.5358522940983012, 'subsample': 0.63292662058213, 'learning_rate': 0.006899961680589342, 'max_depth': 20, 'min_child_weight': 235, 'eval_metric': 'rmse'}. Best is trial 140 with value: 0.693976497093345.
start listen on 192.168.1.101:58533
@tracker All of 1 nodes getting started
@tracker All nodes finishes job
Trial 342 finished with value: 0.6963513913818276 and parameters: {'objective': 'reg:squarederror', 'tree_method': 'gpu_hist', 'lambda': 0.033207371961080624, 'alpha': 0.06479609689345106, 'colsample_bytree': 0.49127676548023524, 'subsample': 0.7096433403186387, 'learning_rate': 0.009404973994661553, 'max_depth': 9, 'min_child_weight': 164, 'eval_metric': 'rmse'}. Best is trial 140 with value: 0.693976497093345.
start listen on 192.168.1.101:58637
@tracker All of 1 nodes getting started
@tracker All nodes finishes job
Trial 343 finished with value: 0.6947005460512533 and parameters: {'objective': 'reg:squarederror', 'tree_method': 'gpu_hist', 'lambda': 0.06595438621871261, 'alpha': 0.04420346424456495, 'colsample_bytree': 0.6900570047996055, 'subsample': 0.6532660595849915, 'learning_rate': 0.013194619850635502, 'max_depth': 11, 'min_child_weight': 116, 'eval_metric': 'rmse'}. Best is trial 140 with value: 0.693976497093345.
start listen on 192.168.1.101:44239
@tracker All of 1 nodes getting started
@tracker All nodes finishes job
Trial 344 finished with value: 0.6942821822341023 and parameters: {'objective': 'reg:squarederror', 'tree_method': 'gpu_hist', 'lambda': 0.02569544015073608, 'alpha': 0.10401275221555213, 'colsample_bytree': 0.4721038881515977, 'subsample': 0.6840886752622782, 'learning_rate': 0.01101525432322925, 'max_depth': 20, 'min_child_weight': 188, 'eval_metric': 'rmse'}. Best is trial 140 with value: 0.693976497093345.
start listen on 192.168.1.101:42193
@tracker All of 1 nodes getting started
@tracker All nodes finishes job
Trial 345 finished with value: 0.6948581311712531 and parameters: {'objective': 'reg:squarederror', 'tree_method': 'gpu_hist', 'lambda': 0.048634198422221574, 'alpha': 0.06102084457780698, 'colsample_bytree': 0.5519354407904824, 'subsample': 0.6636954222154984, 'learning_rate': 0.01597941803741512, 'max_depth': 20, 'min_child_weight': 178, 'eval_metric': 'rmse'}. Best is trial 140 with value: 0.693976497093345.
start listen on 192.168.1.101:43297
@tracker All of 1 nodes getting started
@tracker All nodes finishes job
Trial 346 finished with value: 0.6951983644443838 and parameters: {'objective': 'reg:squarederror', 'tree_method': 'gpu_hist', 'lambda': 0.02355552990121899, 'alpha': 0.08680891861879704, 'colsample_bytree': 0.5808627445311241, 'subsample': 0.7006048169263733, 'learning_rate': 0.007914766184537876, 'max_depth': 15, 'min_child_weight': 267, 'eval_metric': 'rmse'}. Best is trial 140 with value: 0.693976497093345.
start listen on 192.168.1.101:51651
@tracker All of 1 nodes getting started
@tracker All nodes finishes job
Trial 347 finished with value: 0.7025013609361211 and parameters: {'objective': 'reg:squarederror', 'tree_method': 'gpu_hist', 'lambda': 0.03219199436601155, 'alpha': 0.07368646233043086, 'colsample_bytree': 0.5296632824740448, 'subsample': 0.6804963727918532, 'learning_rate': 0.010225375412105438, 'max_depth': 5, 'min_child_weight': 168, 'eval_metric': 'rmse'}. Best is trial 140 with value: 0.693976497093345.
start listen on 192.168.1.101:59261
@tracker All of 1 nodes getting started
@tracker All nodes finishes job
Trial 348 finished with value: 2.519333496050516 and parameters: {'objective': 'reg:squarederror', 'tree_method': 'gpu_hist', 'lambda': 0.021207784865043246, 'alpha': 0.11139164757510388, 'colsample_bytree': 0.615192075987005, 'subsample': 0.7205750979241387, 'learning_rate': 0.0011201226452983238, 'max_depth': 20, 'min_child_weight': 204, 'eval_metric': 'rmse'}. Best is trial 140 with value: 0.693976497093345.
start listen on 192.168.1.101:57423
@tracker All of 1 nodes getting started
@tracker All nodes finishes job
Trial 349 finished with value: 0.6946288373800159 and parameters: {'objective': 'reg:squarederror', 'tree_method': 'gpu_hist', 'lambda': 0.039488786589027096, 'alpha': 0.05397091902624538, 'colsample_bytree': 0.5051398846887081, 'subsample': 0.4983889385462782, 'learning_rate': 0.012544114556499498, 'max_depth': 20, 'min_child_weight': 173, 'eval_metric': 'rmse'}. Best is trial 140 with value: 0.693976497093345.
start listen on 192.168.1.101:47477
@tracker All of 1 nodes getting started
@tracker All nodes finishes job
Trial 350 finished with value: 0.6944441242898787 and parameters: {'objective': 'reg:squarederror', 'tree_method': 'gpu_hist', 'lambda': 0.015834227825699723, 'alpha': 0.007266771854053621, 'colsample_bytree': 0.5478426484853166, 'subsample': 0.6393310066667843, 'learning_rate': 0.011233717485551738, 'max_depth': 15, 'min_child_weight': 197, 'eval_metric': 'rmse'}. Best is trial 140 with value: 0.693976497093345.
start listen on 192.168.1.101:42855
@tracker All of 1 nodes getting started
@tracker All nodes finishes job
Trial 351 finished with value: 0.6944931146436242 and parameters: {'objective': 'reg:squarederror', 'tree_method': 'gpu_hist', 'lambda': 0.028002208019064532, 'alpha': 0.09006502038674524, 'colsample_bytree': 0.568596520661026, 'subsample': 0.6497383226061998, 'learning_rate': 0.009426698036576609, 'max_depth': 20, 'min_child_weight': 65, 'eval_metric': 'rmse'}. Best is trial 140 with value: 0.693976497093345.
start listen on 192.168.1.101:45531
@tracker All of 1 nodes getting started
@tracker All nodes finishes job
Trial 352 finished with value: 0.694487195516985 and parameters: {'objective': 'reg:squarederror', 'tree_method': 'gpu_hist', 'lambda': 0.03380671050533756, 'alpha': 0.11478696545072857, 'colsample_bytree': 0.5240529897791545, 'subsample': 0.6700967172773664, 'learning_rate': 0.014004279204822107, 'max_depth': 15, 'min_child_weight': 88, 'eval_metric': 'rmse'}. Best is trial 140 with value: 0.693976497093345.
start listen on 192.168.1.101:42151
@tracker All of 1 nodes getting started
@tracker All nodes finishes job
Trial 353 finished with value: 0.6941939471681089 and parameters: {'objective': 'reg:squarederror', 'tree_method': 'gpu_hist', 'lambda': 0.02528580791329697, 'alpha': 0.06793825822344227, 'colsample_bytree': 0.540311836145858, 'subsample': 0.687409825382328, 'learning_rate': 0.011925142474333062, 'max_depth': 20, 'min_child_weight': 162, 'eval_metric': 'rmse'}. Best is trial 140 with value: 0.693976497093345.
start listen on 192.168.1.101:49255
@tracker All of 1 nodes getting started
@tracker All nodes finishes job
Trial 354 finished with value: 0.6945807958780491 and parameters: {'objective': 'reg:squarederror', 'tree_method': 'gpu_hist', 'lambda': 0.01882106573218707, 'alpha': 0.1457152132880626, 'colsample_bytree': 0.8031212940747325, 'subsample': 0.6630737465647134, 'learning_rate': 0.00881553154958332, 'max_depth': 20, 'min_child_weight': 135, 'eval_metric': 'rmse'}. Best is trial 140 with value: 0.693976497093345.
start listen on 192.168.1.101:51691
@tracker All of 1 nodes getting started
@tracker All nodes finishes job
Trial 355 finished with value: 0.6942831766844567 and parameters: {'objective': 'reg:squarederror', 'tree_method': 'gpu_hist', 'lambda': 0.040726108809209245, 'alpha': 0.04874046372738494, 'colsample_bytree': 0.5886901528793209, 'subsample': 0.6964367107133866, 'learning_rate': 0.010737915934658674, 'max_depth': 15, 'min_child_weight': 164, 'eval_metric': 'rmse'}. Best is trial 140 with value: 0.693976497093345.
start listen on 192.168.1.101:53457
@tracker All of 1 nodes getting started
@tracker All nodes finishes job
Trial 356 finished with value: 0.6942576178361926 and parameters: {'objective': 'reg:squarederror', 'tree_method': 'gpu_hist', 'lambda': 0.012452333175534446, 'alpha': 0.08443117560282118, 'colsample_bytree': 0.5651806031663097, 'subsample': 0.6270723596600632, 'learning_rate': 0.012902339881402176, 'max_depth': 20, 'min_child_weight': 179, 'eval_metric': 'rmse'}. Best is trial 140 with value: 0.693976497093345.
start listen on 192.168.1.101:49033
@tracker All of 1 nodes getting started
@tracker All nodes finishes job
Trial 357 finished with value: 0.6945259136546692 and parameters: {'objective': 'reg:squarederror', 'tree_method': 'gpu_hist', 'lambda': 0.021173887990531437, 'alpha': 0.10132108834017751, 'colsample_bytree': 0.6601306037448216, 'subsample': 0.6772518075164894, 'learning_rate': 0.00998768684618232, 'max_depth': 15, 'min_child_weight': 130, 'eval_metric': 'rmse'}. Best is trial 140 with value: 0.693976497093345.
start listen on 192.168.1.101:39429
@tracker All of 1 nodes getting started
@tracker All nodes finishes job
Trial 358 finished with value: 0.6942588980944921 and parameters: {'objective': 'reg:squarederror', 'tree_method': 'gpu_hist', 'lambda': 0.029765094536939964, 'alpha': 0.039457906608551946, 'colsample_bytree': 0.5117447542949093, 'subsample': 0.709768822501571, 'learning_rate': 0.011475253250628745, 'max_depth': 20, 'min_child_weight': 152, 'eval_metric': 'rmse'}. Best is trial 140 with value: 0.693976497093345.
start listen on 192.168.1.101:60397
@tracker All of 1 nodes getting started
@tracker All nodes finishes job
Trial 359 finished with value: 0.7072426075991686 and parameters: {'objective': 'reg:squarederror', 'tree_method': 'gpu_hist', 'lambda': 0.015548428389300923, 'alpha': 0.05996991150021979, 'colsample_bytree': 0.551220488032863, 'subsample': 0.6536134693997575, 'learning_rate': 0.014237963398210339, 'max_depth': 3, 'min_child_weight': 96, 'eval_metric': 'rmse'}. Best is trial 140 with value: 0.693976497093345.
start listen on 192.168.1.101:46295
@tracker All of 1 nodes getting started
@tracker All nodes finishes job
Trial 360 finished with value: 0.6941283391656147 and parameters: {'objective': 'reg:squarederror', 'tree_method': 'gpu_hist', 'lambda': 0.062398737054223025, 'alpha': 0.12632797690344835, 'colsample_bytree': 0.4907494690268535, 'subsample': 0.6447571973327557, 'learning_rate': 0.010466629594229353, 'max_depth': 20, 'min_child_weight': 185, 'eval_metric': 'rmse'}. Best is trial 140 with value: 0.693976497093345.
start listen on 192.168.1.101:35863
@tracker All of 1 nodes getting started
@tracker All nodes finishes job
Trial 361 finished with value: 0.7034436669395219 and parameters: {'objective': 'reg:squarederror', 'tree_method': 'gpu_hist', 'lambda': 0.060527806628635404, 'alpha': 0.1791143236825334, 'colsample_bytree': 0.601232413349442, 'subsample': 0.4778011379658008, 'learning_rate': 0.05506127786825144, 'max_depth': 15, 'min_child_weight': 191, 'eval_metric': 'rmse'}. Best is trial 140 with value: 0.693976497093345.
start listen on 192.168.1.101:59649
@tracker All of 1 nodes getting started
@tracker All nodes finishes job
Trial 362 finished with value: 0.6942017422928903 and parameters: {'objective': 'reg:squarederror', 'tree_method': 'gpu_hist', 'lambda': 0.07619603174781454, 'alpha': 0.13948496708970334, 'colsample_bytree': 0.4751573029271818, 'subsample': 0.6315955950283951, 'learning_rate': 0.012956980318964167, 'max_depth': 20, 'min_child_weight': 186, 'eval_metric': 'rmse'}. Best is trial 140 with value: 0.693976497093345.
start listen on 192.168.1.101:54073
@tracker All of 1 nodes getting started
@tracker All nodes finishes job
Trial 363 finished with value: 0.694604484195535 and parameters: {'objective': 'reg:squarederror', 'tree_method': 'gpu_hist', 'lambda': 0.06267268758484312, 'alpha': 0.12173749842360929, 'colsample_bytree': 0.46172936222667177, 'subsample': 0.42557005646461565, 'learning_rate': 0.011693311988591039, 'max_depth': 20, 'min_child_weight': 185, 'eval_metric': 'rmse'}. Best is trial 140 with value: 0.693976497093345.
start listen on 192.168.1.101:34263
@tracker All of 1 nodes getting started
@tracker All nodes finishes job
Trial 364 finished with value: 0.6949391740492269 and parameters: {'objective': 'reg:squarederror', 'tree_method': 'gpu_hist', 'lambda': 0.05763450507056574, 'alpha': 0.02960529832910973, 'colsample_bytree': 0.4969635521722002, 'subsample': 0.620124816529969, 'learning_rate': 0.008402971216297357, 'max_depth': 15, 'min_child_weight': 198, 'eval_metric': 'rmse'}. Best is trial 140 with value: 0.693976497093345.
start listen on 192.168.1.101:33707
@tracker All of 1 nodes getting started
@tracker All nodes finishes job
Trial 365 finished with value: 0.6942738528431496 and parameters: {'objective': 'reg:squarederror', 'tree_method': 'gpu_hist', 'lambda': 0.08100567245672527, 'alpha': 0.15100114938702927, 'colsample_bytree': 0.490843543658253, 'subsample': 0.533936906335726, 'learning_rate': 0.009315550547398063, 'max_depth': 20, 'min_child_weight': 78, 'eval_metric': 'rmse'}. Best is trial 140 with value: 0.693976497093345.
start listen on 192.168.1.101:35741
@tracker All of 1 nodes getting started
@tracker All nodes finishes job
Trial 366 finished with value: 0.6950267711002525 and parameters: {'objective': 'reg:squarederror', 'tree_method': 'gpu_hist', 'lambda': 3.4026990629477254, 'alpha': 0.10362498906393099, 'colsample_bytree': 0.5784051411554347, 'subsample': 0.6409534555420244, 'learning_rate': 0.010756852553824338, 'max_depth': 13, 'min_child_weight': 181, 'eval_metric': 'rmse'}. Best is trial 140 with value: 0.693976497093345.
start listen on 192.168.1.101:41869
@tracker All of 1 nodes getting started
@tracker All nodes finishes job
Trial 367 finished with value: 0.6946141477534045 and parameters: {'objective': 'reg:squarederror', 'tree_method': 'gpu_hist', 'lambda': 0.04225805837672355, 'alpha': 0.12648373022277212, 'colsample_bytree': 0.5321902744327831, 'subsample': 0.6015791622318819, 'learning_rate': 0.012461420039305266, 'max_depth': 20, 'min_child_weight': 120, 'eval_metric': 'rmse'}. Best is trial 140 with value: 0.693976497093345.
start listen on 192.168.1.101:47811
@tracker All of 1 nodes getting started
@tracker All nodes finishes job
Trial 368 finished with value: 0.694322800146146 and parameters: {'objective': 'reg:squarederror', 'tree_method': 'gpu_hist', 'lambda': 0.04779161881578038, 'alpha': 0.019869236065809873, 'colsample_bytree': 0.5587980951727516, 'subsample': 0.6488787601898323, 'learning_rate': 0.009857957376489066, 'max_depth': 15, 'min_child_weight': 138, 'eval_metric': 'rmse'}. Best is trial 140 with value: 0.693976497093345.
start listen on 192.168.1.101:51691
@tracker All of 1 nodes getting started
@tracker All nodes finishes job
Trial 369 finished with value: 0.6978062633283753 and parameters: {'objective': 'reg:squarederror', 'tree_method': 'gpu_hist', 'lambda': 0.0723780314540358, 'alpha': 0.07458439484476016, 'colsample_bytree': 0.5744168498976835, 'subsample': 0.6586987107965617, 'learning_rate': 0.011441521075063401, 'max_depth': 7, 'min_child_weight': 174, 'eval_metric': 'rmse'}. Best is trial 140 with value: 0.693976497093345.
start listen on 192.168.1.101:37549
@tracker All of 1 nodes getting started
@tracker All nodes finishes job
Trial 370 finished with value: 0.695620925541441 and parameters: {'objective': 'reg:squarederror', 'tree_method': 'gpu_hist', 'lambda': 0.0178867754081924, 'alpha': 0.1096274732091272, 'colsample_bytree': 0.714444705481488, 'subsample': 0.6405384500605803, 'learning_rate': 0.015350047887310855, 'max_depth': 20, 'min_child_weight': 147, 'eval_metric': 'rmse'}. Best is trial 140 with value: 0.693976497093345.
start listen on 192.168.1.101:39815
@tracker All of 1 nodes getting started
@tracker All nodes finishes job
Trial 371 finished with value: 0.695429560111532 and parameters: {'objective': 'reg:squarederror', 'tree_method': 'gpu_hist', 'lambda': 0.09942379373155631, 'alpha': 0.05213983661375249, 'colsample_bytree': 0.5401487583751274, 'subsample': 0.7412793719866524, 'learning_rate': 0.013511654283232024, 'max_depth': 9, 'min_child_weight': 157, 'eval_metric': 'rmse'}. Best is trial 140 with value: 0.693976497093345.
start listen on 192.168.1.101:40809
@tracker All of 1 nodes getting started
@tracker All nodes finishes job
Trial 372 finished with value: 0.6948556010325052 and parameters: {'objective': 'reg:squarederror', 'tree_method': 'gpu_hist', 'lambda': 0.02326145369823556, 'alpha': 0.1767397571797589, 'colsample_bytree': 0.35583809034383307, 'subsample': 0.7242161242794425, 'learning_rate': 0.010460673385103529, 'max_depth': 15, 'min_child_weight': 105, 'eval_metric': 'rmse'}. Best is trial 140 with value: 0.693976497093345.
start listen on 192.168.1.101:35953
@tracker All of 1 nodes getting started
@tracker All nodes finishes job
Trial 373 finished with value: 0.6947641887446833 and parameters: {'objective': 'reg:squarederror', 'tree_method': 'gpu_hist', 'lambda': 0.012973484615610466, 'alpha': 0.08761488896573334, 'colsample_bytree': 0.48311763558348086, 'subsample': 0.6916664682464888, 'learning_rate': 0.012238796152742386, 'max_depth': 11, 'min_child_weight': 126, 'eval_metric': 'rmse'}. Best is trial 140 with value: 0.693976497093345.
start listen on 192.168.1.101:37115
@tracker All of 1 nodes getting started
@tracker All nodes finishes job
Trial 374 finished with value: 0.6940768102312823 and parameters: {'objective': 'reg:squarederror', 'tree_method': 'gpu_hist', 'lambda': 0.024998367956650815, 'alpha': 0.04331983408137181, 'colsample_bytree': 0.5551687394668623, 'subsample': 0.6561554660109087, 'learning_rate': 0.008920632814620825, 'max_depth': 20, 'min_child_weight': 141, 'eval_metric': 'rmse'}. Best is trial 140 with value: 0.693976497093345.
start listen on 192.168.1.101:33215
@tracker All of 1 nodes getting started
@tracker All nodes finishes job
Trial 375 finished with value: 0.6943931712529354 and parameters: {'objective': 'reg:squarederror', 'tree_method': 'gpu_hist', 'lambda': 0.026354327872715185, 'alpha': 0.040670598040741315, 'colsample_bytree': 0.5876790453030326, 'subsample': 0.6678574704746739, 'learning_rate': 0.007694446570112863, 'max_depth': 20, 'min_child_weight': 144, 'eval_metric': 'rmse'}. Best is trial 140 with value: 0.693976497093345.
start listen on 192.168.1.101:35721
@tracker All of 1 nodes getting started
@tracker All nodes finishes job
Trial 376 finished with value: 0.6942364252268356 and parameters: {'objective': 'reg:squarederror', 'tree_method': 'gpu_hist', 'lambda': 0.0319487116830968, 'alpha': 0.03665400438674678, 'colsample_bytree': 0.5605485280035071, 'subsample': 0.6812395373893417, 'learning_rate': 0.008457974545874889, 'max_depth': 20, 'min_child_weight': 151, 'eval_metric': 'rmse'}. Best is trial 140 with value: 0.693976497093345.
start listen on 192.168.1.101:58215
@tracker All of 1 nodes getting started
@tracker All nodes finishes job
