Trial 41 finished with value: 0.6946541964619329 and parameters: {'objective': 'reg:squarederror', 'tree_method': 'gpu_hist', 'lambda': 8.520435152685579, 'alpha': 0.005854313135631238, 'colsample_bytree': 0.7696556377057419, 'subsample': 0.6385429247341607, 'learning_rate': 0.014209092884771636, 'max_depth': 20, 'min_child_weight': 275, 'eval_metric': 'rmse'}. Best is trial 16 with value: 0.6944041574088264.
start listen on 192.168.1.101:39807
@tracker All of 1 nodes getting started
@tracker All nodes finishes job
Trial 42 finished with value: 0.6953026834843861 and parameters: {'objective': 'reg:squarederror', 'tree_method': 'gpu_hist', 'lambda': 1.8820736415502763, 'alpha': 0.002589757265361186, 'colsample_bytree': 0.8910264641693322, 'subsample': 0.6758266346523227, 'learning_rate': 0.007994638266411428, 'max_depth': 20, 'min_child_weight': 286, 'eval_metric': 'rmse'}. Best is trial 16 with value: 0.6944041574088264.
start listen on 192.168.1.101:48483
@tracker All of 1 nodes getting started
@tracker All nodes finishes job
Trial 43 finished with value: 0.6945067354212553 and parameters: {'objective': 'reg:squarederror', 'tree_method': 'gpu_hist', 'lambda': 4.961222908047142, 'alpha': 0.0015193451988709556, 'colsample_bytree': 0.6997438032256398, 'subsample': 0.5639605456007347, 'learning_rate': 0.011778335197975151, 'max_depth': 20, 'min_child_weight': 276, 'eval_metric': 'rmse'}. Best is trial 16 with value: 0.6944041574088264.
start listen on 192.168.1.101:37107
@tracker All of 1 nodes getting started
@tracker All nodes finishes job
Trial 44 finished with value: 0.7147553332319168 and parameters: {'objective': 'reg:squarederror', 'tree_method': 'gpu_hist', 'lambda': 1.179173847142123, 'alpha': 0.0015409670019626968, 'colsample_bytree': 0.6847429851932825, 'subsample': 0.5626262046445714, 'learning_rate': 0.005085875221477642, 'max_depth': 3, 'min_child_weight': 248, 'eval_metric': 'rmse'}. Best is trial 16 with value: 0.6944041574088264.
start listen on 192.168.1.101:33707
@tracker All of 1 nodes getting started
@tracker All nodes finishes job
Trial 45 finished with value: 0.6949767318672782 and parameters: {'objective': 'reg:squarederror', 'tree_method': 'gpu_hist', 'lambda': 3.0729161399208937, 'alpha': 0.0010273729332468738, 'colsample_bytree': 0.7992210929580076, 'subsample': 0.4880856844064938, 'learning_rate': 0.010824963167695772, 'max_depth': 20, 'min_child_weight': 299, 'eval_metric': 'rmse'}. Best is trial 16 with value: 0.6944041574088264.
start listen on 192.168.1.101:38743
@tracker All of 1 nodes getting started
@tracker All nodes finishes job
Trial 46 finished with value: 0.6947330733498066 and parameters: {'objective': 'reg:squarederror', 'tree_method': 'gpu_hist', 'lambda': 0.022201011479709806, 'alpha': 0.05468170438867633, 'colsample_bytree': 0.574560199143276, 'subsample': 0.8971834557012472, 'learning_rate': 0.020863162380039556, 'max_depth': 13, 'min_child_weight': 270, 'eval_metric': 'rmse'}. Best is trial 16 with value: 0.6944041574088264.
start listen on 192.168.1.101:37985
@tracker All of 1 nodes getting started
@tracker All nodes finishes job
Trial 47 finished with value: 0.6976797720380659 and parameters: {'objective': 'reg:squarederror', 'tree_method': 'gpu_hist', 'lambda': 0.3494399226784225, 'alpha': 0.004666071324371983, 'colsample_bytree': 0.7067318551303358, 'subsample': 0.40045505974419787, 'learning_rate': 0.029124856327638064, 'max_depth': 5, 'min_child_weight': 232, 'eval_metric': 'rmse'}. Best is trial 16 with value: 0.6944041574088264.
start listen on 192.168.1.101:45741
@tracker All of 1 nodes getting started
@tracker All nodes finishes job
Trial 48 finished with value: 0.6954521842481167 and parameters: {'objective': 'reg:squarederror', 'tree_method': 'gpu_hist', 'lambda': 4.2436436260666985, 'alpha': 0.0027428314472356776, 'colsample_bytree': 0.5399491630320692, 'subsample': 0.5145233979856446, 'learning_rate': 0.012172661700469049, 'max_depth': 13, 'min_child_weight': 286, 'eval_metric': 'rmse'}. Best is trial 16 with value: 0.6944041574088264.
start listen on 192.168.1.101:33441
@tracker All of 1 nodes getting started
@tracker All nodes finishes job
Trial 49 finished with value: 0.7196543403963586 and parameters: {'objective': 'reg:squarederror', 'tree_method': 'gpu_hist', 'lambda': 0.006591723394466989, 'alpha': 0.0015760550594671862, 'colsample_bytree': 0.5881087356393513, 'subsample': 0.8397692079340408, 'learning_rate': 0.003759607676249739, 'max_depth': 13, 'min_child_weight': 209, 'eval_metric': 'rmse'}. Best is trial 16 with value: 0.6944041574088264.
start listen on 192.168.1.101:44881
@tracker All of 1 nodes getting started
@tracker All nodes finishes job
Trial 50 finished with value: 0.6969494965873341 and parameters: {'objective': 'reg:squarederror', 'tree_method': 'gpu_hist', 'lambda': 0.09164607063674747, 'alpha': 0.7626733033245036, 'colsample_bytree': 0.6520536687226403, 'subsample': 0.5672594673896184, 'learning_rate': 0.00964722090809999, 'max_depth': 9, 'min_child_weight': 249, 'eval_metric': 'rmse'}. Best is trial 16 with value: 0.6944041574088264.
start listen on 192.168.1.101:46517
@tracker All of 1 nodes getting started
@tracker All nodes finishes job
Trial 51 finished with value: 0.6947445610190333 and parameters: {'objective': 'reg:squarederror', 'tree_method': 'gpu_hist', 'lambda': 5.135778839523713, 'alpha': 0.006160623786183892, 'colsample_bytree': 0.7616966431388393, 'subsample': 0.6214764477924056, 'learning_rate': 0.014529422078967924, 'max_depth': 20, 'min_child_weight': 276, 'eval_metric': 'rmse'}. Best is trial 16 with value: 0.6944041574088264.
start listen on 192.168.1.101:50649
@tracker All of 1 nodes getting started
@tracker All nodes finishes job
Trial 52 finished with value: 0.6945665136738303 and parameters: {'objective': 'reg:squarederror', 'tree_method': 'gpu_hist', 'lambda': 6.0355012703390845, 'alpha': 0.10248247878284311, 'colsample_bytree': 0.6932233353233689, 'subsample': 0.5944014202467554, 'learning_rate': 0.01363953250381167, 'max_depth': 20, 'min_child_weight': 268, 'eval_metric': 'rmse'}. Best is trial 16 with value: 0.6944041574088264.
start listen on 192.168.1.101:55417
@tracker All of 1 nodes getting started
@tracker All nodes finishes job
Trial 53 finished with value: 0.6948503856389053 and parameters: {'objective': 'reg:squarederror', 'tree_method': 'gpu_hist', 'lambda': 6.142220454778436, 'alpha': 0.12361778654431754, 'colsample_bytree': 0.6888104691025547, 'subsample': 0.5882950193812075, 'learning_rate': 0.017052638760796095, 'max_depth': 20, 'min_child_weight': 241, 'eval_metric': 'rmse'}. Best is trial 16 with value: 0.6944041574088264.
start listen on 192.168.1.101:54083
@tracker All of 1 nodes getting started
@tracker All nodes finishes job
Trial 54 finished with value: 0.6963384769467635 and parameters: {'objective': 'reg:squarederror', 'tree_method': 'gpu_hist', 'lambda': 0.00162692007853117, 'alpha': 0.15467044675865654, 'colsample_bytree': 0.6347800341030889, 'subsample': 0.7924587726213597, 'learning_rate': 0.005622626036929909, 'max_depth': 20, 'min_child_weight': 267, 'eval_metric': 'rmse'}. Best is trial 16 with value: 0.6944041574088264.
start listen on 192.168.1.101:33335
@tracker All of 1 nodes getting started
@tracker All nodes finishes job
Trial 55 finished with value: 0.6955763555030119 and parameters: {'objective': 'reg:squarederror', 'tree_method': 'gpu_hist', 'lambda': 0.3330490576732904, 'alpha': 0.07393428693769963, 'colsample_bytree': 0.495850044714841, 'subsample': 0.6658206910586427, 'learning_rate': 0.008455653124916213, 'max_depth': 15, 'min_child_weight': 293, 'eval_metric': 'rmse'}. Best is trial 16 with value: 0.6944041574088264.
start listen on 192.168.1.101:52145
@tracker All of 1 nodes getting started
@tracker All nodes finishes job
Trial 56 finished with value: 0.6947517211035187 and parameters: {'objective': 'reg:squarederror', 'tree_method': 'gpu_hist', 'lambda': 0.14853227844821126, 'alpha': 0.42252339394839267, 'colsample_bytree': 0.7326856499788288, 'subsample': 0.7318226332494622, 'learning_rate': 0.020041137172407037, 'max_depth': 13, 'min_child_weight': 221, 'eval_metric': 'rmse'}. Best is trial 16 with value: 0.6944041574088264.
start listen on 192.168.1.101:55215
@tracker All of 1 nodes getting started
@tracker All nodes finishes job
Trial 57 finished with value: 0.6956457587681226 and parameters: {'objective': 'reg:squarederror', 'tree_method': 'gpu_hist', 'lambda': 9.664812210019248, 'alpha': 0.04414912765169262, 'colsample_bytree': 0.70198366222843, 'subsample': 0.6934141157653203, 'learning_rate': 0.032289387530322226, 'max_depth': 11, 'min_child_weight': 252, 'eval_metric': 'rmse'}. Best is trial 16 with value: 0.6944041574088264.
start listen on 192.168.1.101:51319
@tracker All of 1 nodes getting started
@tracker All nodes finishes job
Trial 58 finished with value: 0.6959606882400615 and parameters: {'objective': 'reg:squarederror', 'tree_method': 'gpu_hist', 'lambda': 1.1687228559391436, 'alpha': 0.020213133778356436, 'colsample_bytree': 0.796543537714074, 'subsample': 0.6176178591707968, 'learning_rate': 0.023963453696206477, 'max_depth': 7, 'min_child_weight': 237, 'eval_metric': 'rmse'}. Best is trial 16 with value: 0.6944041574088264.
start listen on 192.168.1.101:35483
@tracker All of 1 nodes getting started
@tracker All nodes finishes job
Trial 59 finished with value: 0.6948386652729714 and parameters: {'objective': 'reg:squarederror', 'tree_method': 'gpu_hist', 'lambda': 0.05711651336440003, 'alpha': 0.0015157546333323018, 'colsample_bytree': 0.5960722737009564, 'subsample': 0.5901914980397011, 'learning_rate': 0.011720887389872026, 'max_depth': 13, 'min_child_weight': 268, 'eval_metric': 'rmse'}. Best is trial 16 with value: 0.6944041574088264.
start listen on 192.168.1.101:49619
@tracker All of 1 nodes getting started
@tracker All nodes finishes job
Trial 60 finished with value: 0.6943461219441376 and parameters: {'objective': 'reg:squarederror', 'tree_method': 'gpu_hist', 'lambda': 3.106127886292406, 'alpha': 5.495134137722155, 'colsample_bytree': 0.638979745158255, 'subsample': 0.9318359779178449, 'learning_rate': 0.015749496919803263, 'max_depth': 17, 'min_child_weight': 280, 'eval_metric': 'rmse'}. Best is trial 60 with value: 0.6943461219441376.
start listen on 192.168.1.101:53579
@tracker All of 1 nodes getting started
@tracker All nodes finishes job
Trial 61 finished with value: 0.6944629310706367 and parameters: {'objective': 'reg:squarederror', 'tree_method': 'gpu_hist', 'lambda': 6.703469628889834, 'alpha': 5.699554540101755, 'colsample_bytree': 0.6412911842892872, 'subsample': 0.8808401210811655, 'learning_rate': 0.013748823783426662, 'max_depth': 17, 'min_child_weight': 281, 'eval_metric': 'rmse'}. Best is trial 60 with value: 0.6943461219441376.
start listen on 192.168.1.101:48829
@tracker All of 1 nodes getting started
@tracker All nodes finishes job
Trial 62 finished with value: 0.6943756568072929 and parameters: {'objective': 'reg:squarederror', 'tree_method': 'gpu_hist', 'lambda': 2.75982872972831, 'alpha': 5.791127558686512, 'colsample_bytree': 0.635443049592368, 'subsample': 0.912822590141305, 'learning_rate': 0.01600233380169267, 'max_depth': 17, 'min_child_weight': 285, 'eval_metric': 'rmse'}. Best is trial 60 with value: 0.6943461219441376.
start listen on 192.168.1.101:56519
@tracker All of 1 nodes getting started
@tracker All nodes finishes job
Trial 63 finished with value: 0.6954810223905187 and parameters: {'objective': 'reg:squarederror', 'tree_method': 'gpu_hist', 'lambda': 2.423357584216332, 'alpha': 8.737625027016804, 'colsample_bytree': 0.5182922193828841, 'subsample': 0.9724015170224789, 'learning_rate': 0.01021843774004143, 'max_depth': 17, 'min_child_weight': 293, 'eval_metric': 'rmse'}. Best is trial 60 with value: 0.6943461219441376.
start listen on 192.168.1.101:51219
@tracker All of 1 nodes getting started
@tracker All nodes finishes job
Trial 64 finished with value: 0.6970967282528938 and parameters: {'objective': 'reg:squarederror', 'tree_method': 'gpu_hist', 'lambda': 3.617349607043922, 'alpha': 5.211124875432297, 'colsample_bytree': 0.6335543838887948, 'subsample': 0.9183507059734825, 'learning_rate': 0.007016708742112666, 'max_depth': 17, 'min_child_weight': 300, 'eval_metric': 'rmse'}. Best is trial 60 with value: 0.6943461219441376.
start listen on 192.168.1.101:48937
@tracker All of 1 nodes getting started
@tracker All nodes finishes job
Trial 65 finished with value: 0.694539537133658 and parameters: {'objective': 'reg:squarederror', 'tree_method': 'gpu_hist', 'lambda': 1.2512534968286784, 'alpha': 2.4645348257539164, 'colsample_bytree': 0.5543222182382895, 'subsample': 0.8797686212096798, 'learning_rate': 0.022467501247409885, 'max_depth': 17, 'min_child_weight': 280, 'eval_metric': 'rmse'}. Best is trial 60 with value: 0.6943461219441376.
start listen on 192.168.1.101:56025
@tracker All of 1 nodes getting started
@tracker All nodes finishes job
Trial 66 finished with value: 0.6946488372513357 and parameters: {'objective': 'reg:squarederror', 'tree_method': 'gpu_hist', 'lambda': 7.034222465648418, 'alpha': 5.939759206222282, 'colsample_bytree': 0.6687977384504712, 'subsample': 0.9435786239692091, 'learning_rate': 0.016635185607356155, 'max_depth': 17, 'min_child_weight': 135, 'eval_metric': 'rmse'}. Best is trial 60 with value: 0.6943461219441376.
start listen on 192.168.1.101:58167
@tracker All of 1 nodes getting started
@tracker All nodes finishes job
Trial 67 finished with value: 0.6947842215926034 and parameters: {'objective': 'reg:squarederror', 'tree_method': 'gpu_hist', 'lambda': 2.418798976331005, 'alpha': 3.0977448053247776, 'colsample_bytree': 0.3044945119378222, 'subsample': 0.842942684588651, 'learning_rate': 0.01984440771707767, 'max_depth': 17, 'min_child_weight': 260, 'eval_metric': 'rmse'}. Best is trial 60 with value: 0.6943461219441376.
start listen on 192.168.1.101:52185
@tracker All of 1 nodes getting started
@tracker All nodes finishes job
Trial 68 finished with value: 0.694484353790592 and parameters: {'objective': 'reg:squarederror', 'tree_method': 'gpu_hist', 'lambda': 4.781485756695354, 'alpha': 7.165962246487488, 'colsample_bytree': 0.6323897313161546, 'subsample': 0.9312592915871332, 'learning_rate': 0.011935763772374555, 'max_depth': 17, 'min_child_weight': 206, 'eval_metric': 'rmse'}. Best is trial 60 with value: 0.6943461219441376.
start listen on 192.168.1.101:36325
@tracker All of 1 nodes getting started
@tracker All nodes finishes job
Trial 69 finished with value: 0.6976684376692823 and parameters: {'objective': 'reg:squarederror', 'tree_method': 'gpu_hist', 'lambda': 0.7015794881747696, 'alpha': 1.4109346416388704, 'colsample_bytree': 0.561604045392037, 'subsample': 0.9341206220164544, 'learning_rate': 0.03877742860837572, 'max_depth': 17, 'min_child_weight': 206, 'eval_metric': 'rmse'}. Best is trial 60 with value: 0.6943461219441376.
start listen on 192.168.1.101:41599
@tracker All of 1 nodes getting started
@tracker All nodes finishes job
Trial 70 finished with value: 0.6942945137948537 and parameters: {'objective': 'reg:squarederror', 'tree_method': 'gpu_hist', 'lambda': 0.036180876680584846, 'alpha': 7.161703805499922, 'colsample_bytree': 0.3666289695582481, 'subsample': 0.8964889042052692, 'learning_rate': 0.015912731489957605, 'max_depth': 17, 'min_child_weight': 233, 'eval_metric': 'rmse'}. Best is trial 70 with value: 0.6942945137948537.
start listen on 192.168.1.101:35259
@tracker All of 1 nodes getting started
@tracker All nodes finishes job
Trial 71 finished with value: 0.6943209570766173 and parameters: {'objective': 'reg:squarederror', 'tree_method': 'gpu_hist', 'lambda': 0.03596425492377229, 'alpha': 7.617163064009609, 'colsample_bytree': 0.3732717846181003, 'subsample': 0.9014892672373181, 'learning_rate': 0.015326578864009552, 'max_depth': 17, 'min_child_weight': 239, 'eval_metric': 'rmse'}. Best is trial 70 with value: 0.6942945137948537.
start listen on 192.168.1.101:57473
@tracker All of 1 nodes getting started
@tracker All nodes finishes job
Trial 72 finished with value: 0.6944308300234467 and parameters: {'objective': 'reg:squarederror', 'tree_method': 'gpu_hist', 'lambda': 0.035499244539232935, 'alpha': 8.10081236636287, 'colsample_bytree': 0.3684129766553987, 'subsample': 0.8920198386789367, 'learning_rate': 0.013279266714785075, 'max_depth': 17, 'min_child_weight': 185, 'eval_metric': 'rmse'}. Best is trial 70 with value: 0.6942945137948537.
start listen on 192.168.1.101:56547
@tracker All of 1 nodes getting started
@tracker All nodes finishes job
Trial 73 finished with value: 0.694138291037434 and parameters: {'objective': 'reg:squarederror', 'tree_method': 'gpu_hist', 'lambda': 0.036493044544201284, 'alpha': 4.08248986019275, 'colsample_bytree': 0.3779762574580575, 'subsample': 0.8991519965727681, 'learning_rate': 0.015930344141759454, 'max_depth': 17, 'min_child_weight': 160, 'eval_metric': 'rmse'}. Best is trial 73 with value: 0.694138291037434.
start listen on 192.168.1.101:39345
@tracker All of 1 nodes getting started
@tracker All nodes finishes job
Trial 74 finished with value: 0.6941315825747562 and parameters: {'objective': 'reg:squarederror', 'tree_method': 'gpu_hist', 'lambda': 0.025867141608239323, 'alpha': 4.48524607770714, 'colsample_bytree': 0.371530524971918, 'subsample': 0.8953933663614949, 'learning_rate': 0.015037863320088067, 'max_depth': 17, 'min_child_weight': 173, 'eval_metric': 'rmse'}. Best is trial 74 with value: 0.6941315825747562.
start listen on 192.168.1.101:56123
@tracker All of 1 nodes getting started
@tracker All nodes finishes job
Trial 75 finished with value: 0.6943350057124495 and parameters: {'objective': 'reg:squarederror', 'tree_method': 'gpu_hist', 'lambda': 0.03254537989937596, 'alpha': 3.6990862558173485, 'colsample_bytree': 0.36793795367553733, 'subsample': 0.9089185616312226, 'learning_rate': 0.015238701805167662, 'max_depth': 17, 'min_child_weight': 181, 'eval_metric': 'rmse'}. Best is trial 74 with value: 0.6941315825747562.
start listen on 192.168.1.101:60963
@tracker All of 1 nodes getting started
@tracker All nodes finishes job
Trial 76 finished with value: 0.6947299213754957 and parameters: {'objective': 'reg:squarederror', 'tree_method': 'gpu_hist', 'lambda': 0.024404073815475633, 'alpha': 3.86659391023507, 'colsample_bytree': 0.32705218114696766, 'subsample': 0.9722077428295811, 'learning_rate': 0.015618707319202488, 'max_depth': 17, 'min_child_weight': 164, 'eval_metric': 'rmse'}. Best is trial 74 with value: 0.6941315825747562.
start listen on 192.168.1.101:44325
@tracker All of 1 nodes getting started
@tracker All nodes finishes job
Trial 77 finished with value: 0.6947349654774005 and parameters: {'objective': 'reg:squarederror', 'tree_method': 'gpu_hist', 'lambda': 0.043514934414371625, 'alpha': 2.203896118794027, 'colsample_bytree': 0.41594909599778984, 'subsample': 0.9170046135568415, 'learning_rate': 0.01811794450859379, 'max_depth': 17, 'min_child_weight': 145, 'eval_metric': 'rmse'}. Best is trial 74 with value: 0.6941315825747562.
start listen on 192.168.1.101:41919
@tracker All of 1 nodes getting started
@tracker All nodes finishes job
Trial 78 finished with value: 0.695641016594349 and parameters: {'objective': 'reg:squarederror', 'tree_method': 'gpu_hist', 'lambda': 0.01684190322803921, 'alpha': 3.9192189159165527, 'colsample_bytree': 0.38064076605602204, 'subsample': 0.8623021723523031, 'learning_rate': 0.02531186354618937, 'max_depth': 17, 'min_child_weight': 123, 'eval_metric': 'rmse'}. Best is trial 74 with value: 0.6941315825747562.
start listen on 192.168.1.101:54435
@tracker All of 1 nodes getting started
@tracker All nodes finishes job
Trial 79 finished with value: 0.6946014115676465 and parameters: {'objective': 'reg:squarederror', 'tree_method': 'gpu_hist', 'lambda': 0.06740149677738078, 'alpha': 4.7570872029073765, 'colsample_bytree': 0.34446882345333657, 'subsample': 0.8143699708302087, 'learning_rate': 0.015232051458804546, 'max_depth': 17, 'min_child_weight': 178, 'eval_metric': 'rmse'}. Best is trial 74 with value: 0.6941315825747562.
start listen on 192.168.1.101:40245
@tracker All of 1 nodes getting started
@tracker All nodes finishes job
Trial 80 finished with value: 0.6960145005528172 and parameters: {'objective': 'reg:squarederror', 'tree_method': 'gpu_hist', 'lambda': 0.015027017537226605, 'alpha': 2.9745391078720402, 'colsample_bytree': 0.39602153353802905, 'subsample': 0.9070105034063681, 'learning_rate': 0.028195678732648, 'max_depth': 17, 'min_child_weight': 154, 'eval_metric': 'rmse'}. Best is trial 74 with value: 0.6941315825747562.
start listen on 192.168.1.101:56551
@tracker All of 1 nodes getting started
@tracker All nodes finishes job
Trial 81 finished with value: 0.6941099503148108 and parameters: {'objective': 'reg:squarederror', 'tree_method': 'gpu_hist', 'lambda': 0.031219193280710947, 'alpha': 7.318828239035086, 'colsample_bytree': 0.3701897878699208, 'subsample': 0.902251794688969, 'learning_rate': 0.01832973564193839, 'max_depth': 17, 'min_child_weight': 163, 'eval_metric': 'rmse'}. Best is trial 81 with value: 0.6941099503148108.
start listen on 192.168.1.101:57495
@tracker All of 1 nodes getting started
@tracker All nodes finishes job
Trial 82 finished with value: 0.6943425766921678 and parameters: {'objective': 'reg:squarederror', 'tree_method': 'gpu_hist', 'lambda': 0.027756468237194017, 'alpha': 9.820755184736038, 'colsample_bytree': 0.3585670070813351, 'subsample': 0.9688593844071625, 'learning_rate': 0.01905928109071964, 'max_depth': 17, 'min_child_weight': 166, 'eval_metric': 'rmse'}. Best is trial 81 with value: 0.6941099503148108.
start listen on 192.168.1.101:43301
@tracker All of 1 nodes getting started
@tracker All nodes finishes job
