Trial 293 finished with value: 0.6945217678737424 and parameters: {'objective': 'reg:squarederror', 'tree_method': 'gpu_hist', 'lambda': 0.027075050831340187, 'alpha': 0.129071774666959, 'colsample_bytree': 0.5197941147276668, 'subsample': 0.6823273360965113, 'learning_rate': 0.00846681368050992, 'max_depth': 15, 'min_child_weight': 148, 'eval_metric': 'rmse'}. Best is trial 140 with value: 0.693976497093345.
start listen on 192.168.1.101:52959
@tracker All of 1 nodes getting started
@tracker All nodes finishes job
Trial 294 finished with value: 0.6940798473351243 and parameters: {'objective': 'reg:squarederror', 'tree_method': 'gpu_hist', 'lambda': 0.08314970144877211, 'alpha': 0.09090718435960658, 'colsample_bytree': 0.53040253085908, 'subsample': 0.6999244382276575, 'learning_rate': 0.011123313171192563, 'max_depth': 20, 'min_child_weight': 169, 'eval_metric': 'rmse'}. Best is trial 140 with value: 0.693976497093345.
start listen on 192.168.1.101:53197
@tracker All of 1 nodes getting started
@tracker All nodes finishes job
Trial 295 finished with value: 0.694223296477935 and parameters: {'objective': 'reg:squarederror', 'tree_method': 'gpu_hist', 'lambda': 0.11466084282110137, 'alpha': 0.10295705253895544, 'colsample_bytree': 0.5306819521130288, 'subsample': 0.7134911744048729, 'learning_rate': 0.011928239073818486, 'max_depth': 20, 'min_child_weight': 178, 'eval_metric': 'rmse'}. Best is trial 140 with value: 0.693976497093345.
start listen on 192.168.1.101:33457
@tracker All of 1 nodes getting started
@tracker All nodes finishes job
Trial 296 finished with value: 0.708868664713135 and parameters: {'objective': 'reg:squarederror', 'tree_method': 'gpu_hist', 'lambda': 0.09046840025318645, 'alpha': 0.08779741392074535, 'colsample_bytree': 0.5562408952757276, 'subsample': 0.698379484974816, 'learning_rate': 0.01097221538862271, 'max_depth': 3, 'min_child_weight': 169, 'eval_metric': 'rmse'}. Best is trial 140 with value: 0.693976497093345.
start listen on 192.168.1.101:44755
@tracker All of 1 nodes getting started
@tracker All nodes finishes job
Trial 297 finished with value: 0.6945455297060672 and parameters: {'objective': 'reg:squarederror', 'tree_method': 'gpu_hist', 'lambda': 0.08173201275185385, 'alpha': 0.0022926648342213533, 'colsample_bytree': 0.5809442991735204, 'subsample': 0.7196186268531332, 'learning_rate': 0.012352441884592592, 'max_depth': 15, 'min_child_weight': 300, 'eval_metric': 'rmse'}. Best is trial 140 with value: 0.693976497093345.
start listen on 192.168.1.101:35823
@tracker All of 1 nodes getting started
@tracker All nodes finishes job
Trial 298 finished with value: 0.6944174167610507 and parameters: {'objective': 'reg:squarederror', 'tree_method': 'gpu_hist', 'lambda': 4.371681467286024, 'alpha': 0.15793587650120916, 'colsample_bytree': 0.6189641746298068, 'subsample': 0.7007290953067712, 'learning_rate': 0.01100870316289762, 'max_depth': 20, 'min_child_weight': 124, 'eval_metric': 'rmse'}. Best is trial 140 with value: 0.693976497093345.
start listen on 192.168.1.101:53819
@tracker All of 1 nodes getting started
@tracker All nodes finishes job
Trial 299 finished with value: 0.6943606497805415 and parameters: {'objective': 'reg:squarederror', 'tree_method': 'gpu_hist', 'lambda': 0.01656828466284978, 'alpha': 0.12450623132248559, 'colsample_bytree': 0.5323021785098137, 'subsample': 0.6873566116929194, 'learning_rate': 0.00919834751295214, 'max_depth': 20, 'min_child_weight': 178, 'eval_metric': 'rmse'}. Best is trial 140 with value: 0.693976497093345.
start listen on 192.168.1.101:58219
@tracker All of 1 nodes getting started
@tracker All nodes finishes job
Trial 300 finished with value: 0.6941059864575012 and parameters: {'objective': 'reg:squarederror', 'tree_method': 'gpu_hist', 'lambda': 0.021976952160051917, 'alpha': 0.0694818339717068, 'colsample_bytree': 0.5678458252957818, 'subsample': 0.6723037822430751, 'learning_rate': 0.012034716856952378, 'max_depth': 15, 'min_child_weight': 137, 'eval_metric': 'rmse'}. Best is trial 140 with value: 0.693976497093345.
start listen on 192.168.1.101:59571
@tracker All of 1 nodes getting started
@tracker All nodes finishes job
Trial 301 finished with value: 0.6940878996096405 and parameters: {'objective': 'reg:squarederror', 'tree_method': 'gpu_hist', 'lambda': 0.02192631095583411, 'alpha': 0.06876764305262827, 'colsample_bytree': 0.5682464225388434, 'subsample': 0.6795181169853509, 'learning_rate': 0.012979483790896718, 'max_depth': 15, 'min_child_weight': 135, 'eval_metric': 'rmse'}. Best is trial 140 with value: 0.693976497093345.
start listen on 192.168.1.101:46527
@tracker All of 1 nodes getting started
@tracker All nodes finishes job
Trial 302 finished with value: 0.6943684583231866 and parameters: {'objective': 'reg:squarederror', 'tree_method': 'gpu_hist', 'lambda': 0.02016967953006133, 'alpha': 0.06545704399217861, 'colsample_bytree': 0.5634934479820269, 'subsample': 0.6938113382066421, 'learning_rate': 0.015121996695503338, 'max_depth': 15, 'min_child_weight': 128, 'eval_metric': 'rmse'}. Best is trial 140 with value: 0.693976497093345.
start listen on 192.168.1.101:43631
@tracker All of 1 nodes getting started
@tracker All nodes finishes job
Trial 303 finished with value: 0.6943316373375125 and parameters: {'objective': 'reg:squarederror', 'tree_method': 'gpu_hist', 'lambda': 0.013833216346566991, 'alpha': 0.06848013602739927, 'colsample_bytree': 0.5507227219430375, 'subsample': 0.6782352956539731, 'learning_rate': 0.012662805302339486, 'max_depth': 15, 'min_child_weight': 140, 'eval_metric': 'rmse'}. Best is trial 140 with value: 0.693976497093345.
start listen on 192.168.1.101:42213
@tracker All of 1 nodes getting started
@tracker All nodes finishes job
Trial 304 finished with value: 0.6943885023826961 and parameters: {'objective': 'reg:squarederror', 'tree_method': 'gpu_hist', 'lambda': 0.022689576792454185, 'alpha': 0.0794476988531709, 'colsample_bytree': 0.570190240017991, 'subsample': 0.7054854951721111, 'learning_rate': 0.013796455028751268, 'max_depth': 15, 'min_child_weight': 133, 'eval_metric': 'rmse'}. Best is trial 140 with value: 0.693976497093345.
start listen on 192.168.1.101:53089
@tracker All of 1 nodes getting started
@tracker All nodes finishes job
Trial 305 finished with value: 0.6942825050749332 and parameters: {'objective': 'reg:squarederror', 'tree_method': 'gpu_hist', 'lambda': 0.018470791933012376, 'alpha': 0.04344540889606714, 'colsample_bytree': 0.5421364457204314, 'subsample': 0.6760035745100144, 'learning_rate': 0.012099820917083032, 'max_depth': 15, 'min_child_weight': 136, 'eval_metric': 'rmse'}. Best is trial 140 with value: 0.693976497093345.
start listen on 192.168.1.101:44041
@tracker All of 1 nodes getting started
@tracker All nodes finishes job
Trial 306 finished with value: 0.6944961539190192 and parameters: {'objective': 'reg:squarederror', 'tree_method': 'gpu_hist', 'lambda': 0.016755232352612885, 'alpha': 0.02673137108564952, 'colsample_bytree': 0.5933481221485069, 'subsample': 0.6903548478498531, 'learning_rate': 0.013216292596440167, 'max_depth': 15, 'min_child_weight': 113, 'eval_metric': 'rmse'}. Best is trial 140 with value: 0.693976497093345.
start listen on 192.168.1.101:55723
@tracker All of 1 nodes getting started
@tracker All nodes finishes job
Trial 307 finished with value: 0.6942068031012746 and parameters: {'objective': 'reg:squarederror', 'tree_method': 'gpu_hist', 'lambda': 0.07564771356443656, 'alpha': 0.06094551952266173, 'colsample_bytree': 0.5577702542936265, 'subsample': 0.7093872851690435, 'learning_rate': 0.01201979214551739, 'max_depth': 15, 'min_child_weight': 129, 'eval_metric': 'rmse'}. Best is trial 140 with value: 0.693976497093345.
start listen on 192.168.1.101:55125
@tracker All of 1 nodes getting started
@tracker All nodes finishes job
Trial 308 finished with value: 0.6944444940512033 and parameters: {'objective': 'reg:squarederror', 'tree_method': 'gpu_hist', 'lambda': 0.10266138794657317, 'alpha': 0.08720481858611298, 'colsample_bytree': 0.5687087043876138, 'subsample': 0.6718759627776663, 'learning_rate': 0.014220439635641376, 'max_depth': 15, 'min_child_weight': 139, 'eval_metric': 'rmse'}. Best is trial 140 with value: 0.693976497093345.
start listen on 192.168.1.101:52507
@tracker All of 1 nodes getting started
@tracker All nodes finishes job
Trial 309 finished with value: 0.694520979250063 and parameters: {'objective': 'reg:squarederror', 'tree_method': 'gpu_hist', 'lambda': 0.1347610859413442, 'alpha': 0.06604901984517306, 'colsample_bytree': 0.5263803366534273, 'subsample': 0.7255442342935543, 'learning_rate': 0.011559148134415158, 'max_depth': 15, 'min_child_weight': 135, 'eval_metric': 'rmse'}. Best is trial 140 with value: 0.693976497093345.
start listen on 192.168.1.101:33801
@tracker All of 1 nodes getting started
@tracker All nodes finishes job
Trial 310 finished with value: 0.8642024300265072 and parameters: {'objective': 'reg:squarederror', 'tree_method': 'gpu_hist', 'lambda': 0.06544782739202096, 'alpha': 0.07779059903431247, 'colsample_bytree': 0.5450783086677946, 'subsample': 0.6809077389154615, 'learning_rate': 0.002683783711349019, 'max_depth': 15, 'min_child_weight': 121, 'eval_metric': 'rmse'}. Best is trial 140 with value: 0.693976497093345.
start listen on 192.168.1.101:54345
@tracker All of 1 nodes getting started
@tracker All nodes finishes job
Trial 311 finished with value: 0.6948290724231139 and parameters: {'objective': 'reg:squarederror', 'tree_method': 'gpu_hist', 'lambda': 0.022808854756291724, 'alpha': 0.09356558413477285, 'colsample_bytree': 0.5787901660004884, 'subsample': 0.664424365910412, 'learning_rate': 0.016714474465030806, 'max_depth': 15, 'min_child_weight': 100, 'eval_metric': 'rmse'}. Best is trial 140 with value: 0.693976497093345.
start listen on 192.168.1.101:40233
@tracker All of 1 nodes getting started
@tracker All nodes finishes job
Trial 312 finished with value: 0.6944352981646437 and parameters: {'objective': 'reg:squarederror', 'tree_method': 'gpu_hist', 'lambda': 0.015077422377132188, 'alpha': 0.05281570367011896, 'colsample_bytree': 0.5526072202103482, 'subsample': 0.6949578540565703, 'learning_rate': 0.015041383991221898, 'max_depth': 15, 'min_child_weight': 128, 'eval_metric': 'rmse'}. Best is trial 140 with value: 0.693976497093345.
start listen on 192.168.1.101:43329
@tracker All of 1 nodes getting started
@tracker All nodes finishes job
Trial 313 finished with value: 0.6954253639153298 and parameters: {'objective': 'reg:squarederror', 'tree_method': 'gpu_hist', 'lambda': 0.02028240752044121, 'alpha': 0.07719199873969611, 'colsample_bytree': 0.5382688435373829, 'subsample': 0.6576553870119891, 'learning_rate': 0.012970790942801734, 'max_depth': 9, 'min_child_weight': 143, 'eval_metric': 'rmse'}. Best is trial 140 with value: 0.693976497093345.
start listen on 192.168.1.101:49657
@tracker All of 1 nodes getting started
@tracker All nodes finishes job
Trial 314 finished with value: 0.6949929821713677 and parameters: {'objective': 'reg:squarederror', 'tree_method': 'gpu_hist', 'lambda': 0.026196400439945512, 'alpha': 0.09801269988031322, 'colsample_bytree': 0.6072676423613794, 'subsample': 0.6859130026159532, 'learning_rate': 0.009753003330111193, 'max_depth': 11, 'min_child_weight': 144, 'eval_metric': 'rmse'}. Best is trial 140 with value: 0.693976497093345.
start listen on 192.168.1.101:47029
@tracker All of 1 nodes getting started
@tracker All nodes finishes job
Trial 315 finished with value: 0.6944666523283946 and parameters: {'objective': 'reg:squarederror', 'tree_method': 'gpu_hist', 'lambda': 0.033395870405808464, 'alpha': 0.040268867404992595, 'colsample_bytree': 0.5199599081939675, 'subsample': 0.7047053149517963, 'learning_rate': 0.011308623887816244, 'max_depth': 13, 'min_child_weight': 184, 'eval_metric': 'rmse'}. Best is trial 140 with value: 0.693976497093345.
start listen on 192.168.1.101:59279
@tracker All of 1 nodes getting started
@tracker All nodes finishes job
Trial 316 finished with value: 0.6942519096097818 and parameters: {'objective': 'reg:squarederror', 'tree_method': 'gpu_hist', 'lambda': 0.0417787883154818, 'alpha': 0.06115885960499471, 'colsample_bytree': 0.5665715037162371, 'subsample': 0.6712343755213401, 'learning_rate': 0.012960807913050513, 'max_depth': 15, 'min_child_weight': 110, 'eval_metric': 'rmse'}. Best is trial 140 with value: 0.693976497093345.
start listen on 192.168.1.101:41305
@tracker All of 1 nodes getting started
@tracker All nodes finishes job
Trial 317 finished with value: 0.6980978550354583 and parameters: {'objective': 'reg:squarederror', 'tree_method': 'gpu_hist', 'lambda': 0.01842009274431158, 'alpha': 0.12233867691020814, 'colsample_bytree': 0.591212711800498, 'subsample': 0.6548336267001648, 'learning_rate': 0.010584027882319578, 'max_depth': 7, 'min_child_weight': 133, 'eval_metric': 'rmse'}. Best is trial 140 with value: 0.693976497093345.
start listen on 192.168.1.101:38605
@tracker All of 1 nodes getting started
@tracker All nodes finishes job
Trial 318 finished with value: 0.7015554678989188 and parameters: {'objective': 'reg:squarederror', 'tree_method': 'gpu_hist', 'lambda': 0.0913121056985312, 'alpha': 0.09071465242538929, 'colsample_bytree': 0.5349592649754549, 'subsample': 0.6812320972832079, 'learning_rate': 0.011855297526934948, 'max_depth': 5, 'min_child_weight': 93, 'eval_metric': 'rmse'}. Best is trial 140 with value: 0.693976497093345.
start listen on 192.168.1.101:46125
@tracker All of 1 nodes getting started
@tracker All nodes finishes job
Trial 319 finished with value: 0.6955048734393254 and parameters: {'objective': 'reg:squarederror', 'tree_method': 'gpu_hist', 'lambda': 0.013866336295437544, 'alpha': 0.08140300559070064, 'colsample_bytree': 0.5490686351761125, 'subsample': 0.40777351287462127, 'learning_rate': 0.007954955413784198, 'max_depth': 15, 'min_child_weight': 171, 'eval_metric': 'rmse'}. Best is trial 140 with value: 0.693976497093345.
start listen on 192.168.1.101:49197
@tracker All of 1 nodes getting started
@tracker All nodes finishes job
Trial 320 finished with value: 0.6944950857910283 and parameters: {'objective': 'reg:squarederror', 'tree_method': 'gpu_hist', 'lambda': 0.023634728437609918, 'alpha': 0.0690109296873821, 'colsample_bytree': 0.643758624444594, 'subsample': 0.7190833172560532, 'learning_rate': 0.009149684787813993, 'max_depth': 15, 'min_child_weight': 148, 'eval_metric': 'rmse'}. Best is trial 140 with value: 0.693976497093345.
start listen on 192.168.1.101:39757
@tracker All of 1 nodes getting started
@tracker All nodes finishes job
Trial 321 finished with value: 0.6945252407452356 and parameters: {'objective': 'reg:squarederror', 'tree_method': 'gpu_hist', 'lambda': 0.028505762712212765, 'alpha': 0.10601099326622598, 'colsample_bytree': 0.5171921020401457, 'subsample': 0.6962154352148396, 'learning_rate': 0.014490451895134227, 'max_depth': 15, 'min_child_weight': 82, 'eval_metric': 'rmse'}. Best is trial 140 with value: 0.693976497093345.
start listen on 192.168.1.101:54171
@tracker All of 1 nodes getting started
@tracker All nodes finishes job
Trial 322 finished with value: 0.6951288523454984 and parameters: {'objective': 'reg:squarederror', 'tree_method': 'gpu_hist', 'lambda': 0.05301865337055857, 'alpha': 0.05255747320138352, 'colsample_bytree': 0.9853938316721251, 'subsample': 0.6587819929768969, 'learning_rate': 0.010311396625707488, 'max_depth': 20, 'min_child_weight': 168, 'eval_metric': 'rmse'}. Best is trial 140 with value: 0.693976497093345.
start listen on 192.168.1.101:43675
@tracker All of 1 nodes getting started
@tracker All nodes finishes job
Trial 323 finished with value: 0.694197534097123 and parameters: {'objective': 'reg:squarederror', 'tree_method': 'gpu_hist', 'lambda': 0.011468852482617236, 'alpha': 0.13762218341833266, 'colsample_bytree': 0.5624469322653595, 'subsample': 0.670885975288184, 'learning_rate': 0.012243883461339335, 'max_depth': 15, 'min_child_weight': 140, 'eval_metric': 'rmse'}. Best is trial 140 with value: 0.693976497093345.
start listen on 192.168.1.101:53741
@tracker All of 1 nodes getting started
@tracker All nodes finishes job
Trial 324 finished with value: 0.6940647395686201 and parameters: {'objective': 'reg:squarederror', 'tree_method': 'gpu_hist', 'lambda': 0.033994612099814865, 'alpha': 0.10358934626106692, 'colsample_bytree': 0.5779776560848467, 'subsample': 0.688850638461831, 'learning_rate': 0.011371439511814671, 'max_depth': 20, 'min_child_weight': 176, 'eval_metric': 'rmse'}. Best is trial 140 with value: 0.693976497093345.
start listen on 192.168.1.101:54833
@tracker All of 1 nodes getting started
@tracker All nodes finishes job
Trial 325 finished with value: 0.694274993948953 and parameters: {'objective': 'reg:squarederror', 'tree_method': 'gpu_hist', 'lambda': 0.0422358743757363, 'alpha': 0.08822213458157835, 'colsample_bytree': 0.5804889130814244, 'subsample': 0.690094645074311, 'learning_rate': 0.009421777315452356, 'max_depth': 20, 'min_child_weight': 171, 'eval_metric': 'rmse'}. Best is trial 140 with value: 0.693976497093345.
start listen on 192.168.1.101:51987
@tracker All of 1 nodes getting started
@tracker All nodes finishes job
Trial 326 finished with value: 0.6943144920960755 and parameters: {'objective': 'reg:squarederror', 'tree_method': 'gpu_hist', 'lambda': 0.03292264079776236, 'alpha': 0.06871444607267388, 'colsample_bytree': 0.604853957593025, 'subsample': 0.7129398994972372, 'learning_rate': 0.010817580471361856, 'max_depth': 20, 'min_child_weight': 184, 'eval_metric': 'rmse'}. Best is trial 140 with value: 0.693976497093345.
start listen on 192.168.1.101:41223
@tracker All of 1 nodes getting started
@tracker All nodes finishes job
Trial 327 finished with value: 0.6942517813276053 and parameters: {'objective': 'reg:squarederror', 'tree_method': 'gpu_hist', 'lambda': 0.03580981226028504, 'alpha': 0.045031208485351505, 'colsample_bytree': 0.5887669891113242, 'subsample': 0.7336951038839843, 'learning_rate': 0.011407340108813425, 'max_depth': 20, 'min_child_weight': 178, 'eval_metric': 'rmse'}. Best is trial 140 with value: 0.693976497093345.
start listen on 192.168.1.101:44159
@tracker All of 1 nodes getting started
@tracker All nodes finishes job
Trial 328 finished with value: 0.6940960466051236 and parameters: {'objective': 'reg:squarederror', 'tree_method': 'gpu_hist', 'lambda': 0.02667328772905728, 'alpha': 0.056178817412772475, 'colsample_bytree': 0.5764580469843352, 'subsample': 0.7030884790946844, 'learning_rate': 0.009946079043118505, 'max_depth': 20, 'min_child_weight': 176, 'eval_metric': 'rmse'}. Best is trial 140 with value: 0.693976497093345.
start listen on 192.168.1.101:40221
@tracker All of 1 nodes getting started
@tracker All nodes finishes job
Trial 329 finished with value: 0.694236067746739 and parameters: {'objective': 'reg:squarederror', 'tree_method': 'gpu_hist', 'lambda': 0.02401408514127969, 'alpha': 0.03297588800252384, 'colsample_bytree': 0.6258505154866766, 'subsample': 0.6853648022251865, 'learning_rate': 0.008610183608032892, 'max_depth': 20, 'min_child_weight': 172, 'eval_metric': 'rmse'}. Best is trial 140 with value: 0.693976497093345.
start listen on 192.168.1.101:45319
@tracker All of 1 nodes getting started
@tracker All nodes finishes job
Trial 330 finished with value: 0.6946094085742331 and parameters: {'objective': 'reg:squarederror', 'tree_method': 'gpu_hist', 'lambda': 9.325200200346012, 'alpha': 0.05717197770673849, 'colsample_bytree': 0.5764781501678594, 'subsample': 0.7013175982396191, 'learning_rate': 0.00962428312914654, 'max_depth': 20, 'min_child_weight': 191, 'eval_metric': 'rmse'}. Best is trial 140 with value: 0.693976497093345.
start listen on 192.168.1.101:48191
@tracker All of 1 nodes getting started
@tracker All nodes finishes job
Trial 331 finished with value: 0.6943293003235922 and parameters: {'objective': 'reg:squarederror', 'tree_method': 'gpu_hist', 'lambda': 0.029161083702562665, 'alpha': 0.04697865344904284, 'colsample_bytree': 0.5902774066724041, 'subsample': 0.6505646297691957, 'learning_rate': 0.010368143625581628, 'max_depth': 20, 'min_child_weight': 178, 'eval_metric': 'rmse'}. Best is trial 140 with value: 0.693976497093345.
start listen on 192.168.1.101:51355
@tracker All of 1 nodes getting started
@tracker All nodes finishes job
Trial 332 finished with value: 0.6947040875413676 and parameters: {'objective': 'reg:squarederror', 'tree_method': 'gpu_hist', 'lambda': 0.022470601601597594, 'alpha': 0.058333223042584176, 'colsample_bytree': 0.7594491393969052, 'subsample': 0.6765483920895431, 'learning_rate': 0.00894338557221731, 'max_depth': 20, 'min_child_weight': 123, 'eval_metric': 'rmse'}. Best is trial 140 with value: 0.693976497093345.
start listen on 192.168.1.101:41131
@tracker All of 1 nodes getting started
@tracker All nodes finishes job
Trial 333 finished with value: 0.7109741253726235 and parameters: {'objective': 'reg:squarederror', 'tree_method': 'gpu_hist', 'lambda': 0.01787451312474847, 'alpha': 0.07985006580727214, 'colsample_bytree': 0.5713961879820674, 'subsample': 0.6407009794177435, 'learning_rate': 0.007657149626816649, 'max_depth': 3, 'min_child_weight': 177, 'eval_metric': 'rmse'}. Best is trial 140 with value: 0.693976497093345.
start listen on 192.168.1.101:48029
@tracker All of 1 nodes getting started
@tracker All nodes finishes job
Trial 334 finished with value: 0.6942117687287653 and parameters: {'objective': 'reg:squarederror', 'tree_method': 'gpu_hist', 'lambda': 0.027936632328041177, 'alpha': 0.037212605770318964, 'colsample_bytree': 0.6006886822143941, 'subsample': 0.6630538778107281, 'learning_rate': 0.010278234449741306, 'max_depth': 20, 'min_child_weight': 187, 'eval_metric': 'rmse'}. Best is trial 140 with value: 0.693976497093345.
start listen on 192.168.1.101:40079
@tracker All of 1 nodes getting started
@tracker All nodes finishes job
