Trial 755 finished with value: 0.6940628884169645 and parameters: {'objective': 'reg:squarederror', 'tree_method': 'gpu_hist', 'lambda': 0.011315123555042654, 'alpha': 0.10856343544041402, 'colsample_bytree': 0.5142453457313503, 'subsample': 0.6973565177426811, 'learning_rate': 0.011264302927296169, 'max_depth': 20, 'min_child_weight': 154, 'eval_metric': 'rmse'}. Best is trial 717 with value: 0.6938795554678486.
start listen on 192.168.1.101:41789
@tracker All of 1 nodes getting started
@tracker All nodes finishes job
Trial 756 finished with value: 0.9480528293791968 and parameters: {'objective': 'reg:squarederror', 'tree_method': 'gpu_hist', 'lambda': 0.008707910019248137, 'alpha': 0.10948698172995859, 'colsample_bytree': 0.5007123249930217, 'subsample': 0.6624636187180336, 'learning_rate': 0.0024519331830316093, 'max_depth': 20, 'min_child_weight': 155, 'eval_metric': 'rmse'}. Best is trial 717 with value: 0.6938795554678486.
start listen on 192.168.1.101:46755
@tracker All of 1 nodes getting started
@tracker All nodes finishes job
Trial 757 finished with value: 0.7075418034491195 and parameters: {'objective': 'reg:squarederror', 'tree_method': 'gpu_hist', 'lambda': 0.009331309762189136, 'alpha': 0.09541716093912393, 'colsample_bytree': 0.4804002874805893, 'subsample': 0.6842330581653161, 'learning_rate': 0.013809788072741623, 'max_depth': 3, 'min_child_weight': 165, 'eval_metric': 'rmse'}. Best is trial 717 with value: 0.6938795554678486.
start listen on 192.168.1.101:37657
@tracker All of 1 nodes getting started
@tracker All nodes finishes job
Trial 758 finished with value: 0.6941581945673028 and parameters: {'objective': 'reg:squarederror', 'tree_method': 'gpu_hist', 'lambda': 0.1061156105810325, 'alpha': 0.12445145492531792, 'colsample_bytree': 0.5116512008260324, 'subsample': 0.7162083036611043, 'learning_rate': 0.011703877910267163, 'max_depth': 20, 'min_child_weight': 160, 'eval_metric': 'rmse'}. Best is trial 717 with value: 0.6938795554678486.
start listen on 192.168.1.101:36043
@tracker All of 1 nodes getting started
@tracker All nodes finishes job
Trial 759 finished with value: 0.6943882114489164 and parameters: {'objective': 'reg:squarederror', 'tree_method': 'gpu_hist', 'lambda': 0.01133454106015604, 'alpha': 0.08448309696455596, 'colsample_bytree': 0.49048511300179864, 'subsample': 0.7341567829334035, 'learning_rate': 0.012197887554496531, 'max_depth': 20, 'min_child_weight': 176, 'eval_metric': 'rmse'}. Best is trial 717 with value: 0.6938795554678486.
start listen on 192.168.1.101:46273
@tracker All of 1 nodes getting started
@tracker All nodes finishes job
Trial 760 finished with value: 0.6942160174712888 and parameters: {'objective': 'reg:squarederror', 'tree_method': 'gpu_hist', 'lambda': 0.03653337561994068, 'alpha': 0.11134386009446597, 'colsample_bytree': 0.5069819694806122, 'subsample': 0.7048895420367586, 'learning_rate': 0.011083561918690317, 'max_depth': 20, 'min_child_weight': 153, 'eval_metric': 'rmse'}. Best is trial 717 with value: 0.6938795554678486.
start listen on 192.168.1.101:43501
@tracker All of 1 nodes getting started
@tracker All nodes finishes job
Trial 761 finished with value: 0.6943750894725151 and parameters: {'objective': 'reg:squarederror', 'tree_method': 'gpu_hist', 'lambda': 0.05786358767740405, 'alpha': 0.1582774779313922, 'colsample_bytree': 0.46438742566716856, 'subsample': 0.6801579970704233, 'learning_rate': 0.013547602720854039, 'max_depth': 13, 'min_child_weight': 169, 'eval_metric': 'rmse'}. Best is trial 717 with value: 0.6938795554678486.
start listen on 192.168.1.101:46099
@tracker All of 1 nodes getting started
@tracker All nodes finishes job
Trial 762 finished with value: 0.6942106234539045 and parameters: {'objective': 'reg:squarederror', 'tree_method': 'gpu_hist', 'lambda': 0.0855645737804867, 'alpha': 0.09474204003354647, 'colsample_bytree': 0.519025946500606, 'subsample': 0.694546583453784, 'learning_rate': 0.011089684308527983, 'max_depth': 20, 'min_child_weight': 159, 'eval_metric': 'rmse'}. Best is trial 717 with value: 0.6938795554678486.
start listen on 192.168.1.101:46019
@tracker All of 1 nodes getting started
@tracker All nodes finishes job
Trial 763 finished with value: 0.6943163218417671 and parameters: {'objective': 'reg:squarederror', 'tree_method': 'gpu_hist', 'lambda': 0.2183627166038295, 'alpha': 0.13264889690769488, 'colsample_bytree': 0.48048005921886994, 'subsample': 0.6618487831251695, 'learning_rate': 0.01221883604896492, 'max_depth': 20, 'min_child_weight': 150, 'eval_metric': 'rmse'}. Best is trial 717 with value: 0.6938795554678486.
start listen on 192.168.1.101:58011
@tracker All of 1 nodes getting started
@tracker All nodes finishes job
Trial 764 finished with value: 0.6988084699171101 and parameters: {'objective': 'reg:squarederror', 'tree_method': 'gpu_hist', 'lambda': 0.010045352405448713, 'alpha': 0.07414312436321184, 'colsample_bytree': 0.3246007686246971, 'subsample': 0.707669952908595, 'learning_rate': 0.010540787516642478, 'max_depth': 7, 'min_child_weight': 164, 'eval_metric': 'rmse'}. Best is trial 717 with value: 0.6938795554678486.
start listen on 192.168.1.101:46469
@tracker All of 1 nodes getting started
@tracker All nodes finishes job
Trial 765 finished with value: 0.6945745811805173 and parameters: {'objective': 'reg:squarederror', 'tree_method': 'gpu_hist', 'lambda': 0.031017952937785195, 'alpha': 0.06197099696193418, 'colsample_bytree': 0.6763319581962761, 'subsample': 0.7246264996304076, 'learning_rate': 0.01132265272724334, 'max_depth': 20, 'min_child_weight': 155, 'eval_metric': 'rmse'}. Best is trial 717 with value: 0.6938795554678486.
start listen on 192.168.1.101:34839
@tracker All of 1 nodes getting started
@tracker All nodes finishes job
Trial 766 finished with value: 0.6953466055792313 and parameters: {'objective': 'reg:squarederror', 'tree_method': 'gpu_hist', 'lambda': 0.1584895227282592, 'alpha': 0.18129737367147708, 'colsample_bytree': 0.5212485362840296, 'subsample': 0.6916725913640555, 'learning_rate': 0.01447981500959516, 'max_depth': 9, 'min_child_weight': 172, 'eval_metric': 'rmse'}. Best is trial 717 with value: 0.6938795554678486.
start listen on 192.168.1.101:51707
@tracker All of 1 nodes getting started
@tracker All nodes finishes job
Trial 767 finished with value: 0.6952386613949921 and parameters: {'objective': 'reg:squarederror', 'tree_method': 'gpu_hist', 'lambda': 0.006716356196201342, 'alpha': 0.11137748117740436, 'colsample_bytree': 0.49583918073927497, 'subsample': 0.6755847265468646, 'learning_rate': 0.010074444201795386, 'max_depth': 11, 'min_child_weight': 180, 'eval_metric': 'rmse'}. Best is trial 717 with value: 0.6938795554678486.
start listen on 192.168.1.101:50035
@tracker All of 1 nodes getting started
@tracker All nodes finishes job
Trial 768 finished with value: 0.6942241546932999 and parameters: {'objective': 'reg:squarederror', 'tree_method': 'gpu_hist', 'lambda': 0.04356820518438016, 'alpha': 0.13848192530263445, 'colsample_bytree': 0.5095518314352466, 'subsample': 0.6514899994602834, 'learning_rate': 0.012310766654611735, 'max_depth': 20, 'min_child_weight': 149, 'eval_metric': 'rmse'}. Best is trial 717 with value: 0.6938795554678486.
start listen on 192.168.1.101:45913
@tracker All of 1 nodes getting started
@tracker All nodes finishes job
Trial 769 finished with value: 0.6941006615304895 and parameters: {'objective': 'reg:squarederror', 'tree_method': 'gpu_hist', 'lambda': 0.024437173966323295, 'alpha': 0.09504133882157353, 'colsample_bytree': 0.530282596760695, 'subsample': 0.6889007745736462, 'learning_rate': 0.010257221637323033, 'max_depth': 20, 'min_child_weight': 160, 'eval_metric': 'rmse'}. Best is trial 717 with value: 0.6938795554678486.
start listen on 192.168.1.101:53147
@tracker All of 1 nodes getting started
@tracker All nodes finishes job
Trial 770 finished with value: 0.6943727339687839 and parameters: {'objective': 'reg:squarederror', 'tree_method': 'gpu_hist', 'lambda': 0.007543793890188777, 'alpha': 0.0408623916751246, 'colsample_bytree': 0.5187582655490792, 'subsample': 0.6718625069960316, 'learning_rate': 0.013358217792114765, 'max_depth': 20, 'min_child_weight': 155, 'eval_metric': 'rmse'}. Best is trial 717 with value: 0.6938795554678486.
start listen on 192.168.1.101:33321
@tracker All of 1 nodes getting started
@tracker All nodes finishes job
Trial 771 finished with value: 0.6942317625532108 and parameters: {'objective': 'reg:squarederror', 'tree_method': 'gpu_hist', 'lambda': 0.07041592576956708, 'alpha': 0.08484932585743307, 'colsample_bytree': 0.5322194562789512, 'subsample': 0.7060126069953141, 'learning_rate': 0.011478585982853218, 'max_depth': 20, 'min_child_weight': 169, 'eval_metric': 'rmse'}. Best is trial 717 with value: 0.6938795554678486.
start listen on 192.168.1.101:38191
@tracker All of 1 nodes getting started
@tracker All nodes finishes job
Trial 772 finished with value: 0.6943334799267866 and parameters: {'objective': 'reg:squarederror', 'tree_method': 'gpu_hist', 'lambda': 0.11090530631106532, 'alpha': 0.2002898434846272, 'colsample_bytree': 0.49100942642814455, 'subsample': 0.7151444756394236, 'learning_rate': 0.009570724698088291, 'max_depth': 20, 'min_child_weight': 147, 'eval_metric': 'rmse'}. Best is trial 717 with value: 0.6938795554678486.
start listen on 192.168.1.101:50875
@tracker All of 1 nodes getting started
@tracker All nodes finishes job
Trial 773 finished with value: 0.7022104206941694 and parameters: {'objective': 'reg:squarederror', 'tree_method': 'gpu_hist', 'lambda': 0.051551622222916337, 'alpha': 0.11256773576491019, 'colsample_bytree': 0.5049998153320924, 'subsample': 0.6637603697058068, 'learning_rate': 0.010812050831660312, 'max_depth': 5, 'min_child_weight': 163, 'eval_metric': 'rmse'}. Best is trial 717 with value: 0.6938795554678486.
start listen on 192.168.1.101:41895
@tracker All of 1 nodes getting started
@tracker All nodes finishes job
Trial 774 finished with value: 0.6943447482094094 and parameters: {'objective': 'reg:squarederror', 'tree_method': 'gpu_hist', 'lambda': 0.02008228738363597, 'alpha': 0.056137449164023, 'colsample_bytree': 0.6256059019906085, 'subsample': 0.68438400248608, 'learning_rate': 0.011917479111368083, 'max_depth': 20, 'min_child_weight': 154, 'eval_metric': 'rmse'}. Best is trial 717 with value: 0.6938795554678486.
start listen on 192.168.1.101:58971
@tracker All of 1 nodes getting started
@tracker All nodes finishes job
Trial 775 finished with value: 0.6944770914463818 and parameters: {'objective': 'reg:squarederror', 'tree_method': 'gpu_hist', 'lambda': 0.033930409018717196, 'alpha': 0.07411735836978477, 'colsample_bytree': 0.5375949833333683, 'subsample': 0.6982334539667133, 'learning_rate': 0.012961310575126814, 'max_depth': 20, 'min_child_weight': 176, 'eval_metric': 'rmse'}. Best is trial 717 with value: 0.6938795554678486.
start listen on 192.168.1.101:46321
@tracker All of 1 nodes getting started
@tracker All nodes finishes job
Trial 776 finished with value: 0.6941760311220916 and parameters: {'objective': 'reg:squarederror', 'tree_method': 'gpu_hist', 'lambda': 0.025703884366453933, 'alpha': 0.0275929517823503, 'colsample_bytree': 0.47804761618003155, 'subsample': 0.6806691931983428, 'learning_rate': 0.009887205899887232, 'max_depth': 20, 'min_child_weight': 160, 'eval_metric': 'rmse'}. Best is trial 717 with value: 0.6938795554678486.
start listen on 192.168.1.101:49849
@tracker All of 1 nodes getting started
@tracker All nodes finishes job
Trial 777 finished with value: 0.6941232121502316 and parameters: {'objective': 'reg:squarederror', 'tree_method': 'gpu_hist', 'lambda': 0.09344854857318942, 'alpha': 0.15082813498895536, 'colsample_bytree': 0.5193100093848696, 'subsample': 0.6974745083659806, 'learning_rate': 0.010911147860201127, 'max_depth': 17, 'min_child_weight': 149, 'eval_metric': 'rmse'}. Best is trial 717 with value: 0.6938795554678486.
start listen on 192.168.1.101:47697
@tracker All of 1 nodes getting started
@tracker All nodes finishes job
Trial 778 finished with value: 0.6943586859120382 and parameters: {'objective': 'reg:squarederror', 'tree_method': 'gpu_hist', 'lambda': 0.17910423032200953, 'alpha': 0.12186928759753196, 'colsample_bytree': 0.5574482256140508, 'subsample': 0.6566709869514475, 'learning_rate': 0.009046713959287913, 'max_depth': 20, 'min_child_weight': 167, 'eval_metric': 'rmse'}. Best is trial 717 with value: 0.6938795554678486.
start listen on 192.168.1.101:47209
@tracker All of 1 nodes getting started
@tracker All nodes finishes job
Trial 779 finished with value: 0.6942681280815856 and parameters: {'objective': 'reg:squarederror', 'tree_method': 'gpu_hist', 'lambda': 0.27813199361887186, 'alpha': 0.04633289917579257, 'colsample_bytree': 0.5428354940470425, 'subsample': 0.723967329337634, 'learning_rate': 0.01248827596810502, 'max_depth': 20, 'min_child_weight': 143, 'eval_metric': 'rmse'}. Best is trial 717 with value: 0.6938795554678486.
start listen on 192.168.1.101:51887
@tracker All of 1 nodes getting started
@tracker All nodes finishes job
Trial 780 finished with value: 0.7023363467851146 and parameters: {'objective': 'reg:squarederror', 'tree_method': 'gpu_hist', 'lambda': 0.012360911590347573, 'alpha': 0.09883449763706113, 'colsample_bytree': 0.9563652237647244, 'subsample': 0.6407677037320173, 'learning_rate': 0.014654578087877262, 'max_depth': 20, 'min_child_weight': 13, 'eval_metric': 'rmse'}. Best is trial 717 with value: 0.6938795554678486.
start listen on 192.168.1.101:46863
@tracker All of 1 nodes getting started
@tracker All nodes finishes job
Trial 781 finished with value: 0.6941200934982905 and parameters: {'objective': 'reg:squarederror', 'tree_method': 'gpu_hist', 'lambda': 0.12251738066572064, 'alpha': 0.015231352938590702, 'colsample_bytree': 0.5134030735302881, 'subsample': 0.6665220119867801, 'learning_rate': 0.010239719639991303, 'max_depth': 20, 'min_child_weight': 155, 'eval_metric': 'rmse'}. Best is trial 717 with value: 0.6938795554678486.
start listen on 192.168.1.101:60189
@tracker All of 1 nodes getting started
@tracker All nodes finishes job
Trial 782 finished with value: 0.7085793860712946 and parameters: {'objective': 'reg:squarederror', 'tree_method': 'gpu_hist', 'lambda': 0.02258421466133856, 'alpha': 0.032446333530079335, 'colsample_bytree': 0.5320953928423119, 'subsample': 0.7128046090125693, 'learning_rate': 0.01150642804048649, 'max_depth': 3, 'min_child_weight': 183, 'eval_metric': 'rmse'}. Best is trial 717 with value: 0.6938795554678486.
start listen on 192.168.1.101:48453
@tracker All of 1 nodes getting started
@tracker All nodes finishes job
Trial 783 finished with value: 0.6942710635699962 and parameters: {'objective': 'reg:squarederror', 'tree_method': 'gpu_hist', 'lambda': 0.030011049320650632, 'alpha': 0.06531355212577548, 'colsample_bytree': 0.5601981467957565, 'subsample': 0.6860321612778284, 'learning_rate': 0.009301911663681358, 'max_depth': 20, 'min_child_weight': 163, 'eval_metric': 'rmse'}. Best is trial 717 with value: 0.6938795554678486.
start listen on 192.168.1.101:39129
@tracker All of 1 nodes getting started
@tracker All nodes finishes job
Trial 784 finished with value: 0.6941542309728537 and parameters: {'objective': 'reg:squarederror', 'tree_method': 'gpu_hist', 'lambda': 0.3453850693903983, 'alpha': 0.16836099524839362, 'colsample_bytree': 0.49944838352321497, 'subsample': 0.7019179265296621, 'learning_rate': 0.010634485357893369, 'max_depth': 20, 'min_child_weight': 172, 'eval_metric': 'rmse'}. Best is trial 717 with value: 0.6938795554678486.
start listen on 192.168.1.101:41497
@tracker All of 1 nodes getting started
@tracker All nodes finishes job
Trial 785 finished with value: 0.6946470994631389 and parameters: {'objective': 'reg:squarederror', 'tree_method': 'gpu_hist', 'lambda': 0.06699836412349354, 'alpha': 0.08210352993685377, 'colsample_bytree': 0.6142038030382179, 'subsample': 0.8375204873672104, 'learning_rate': 0.013260144609541278, 'max_depth': 20, 'min_child_weight': 150, 'eval_metric': 'rmse'}. Best is trial 717 with value: 0.6938795554678486.
start listen on 192.168.1.101:46449
@tracker All of 1 nodes getting started
@tracker All nodes finishes job
Trial 786 finished with value: 0.6964382074346847 and parameters: {'objective': 'reg:squarederror', 'tree_method': 'gpu_hist', 'lambda': 0.04211777131504998, 'alpha': 0.13737938622688833, 'colsample_bytree': 0.46472078938914346, 'subsample': 0.6286358831563507, 'learning_rate': 0.02278993796464231, 'max_depth': 20, 'min_child_weight': 158, 'eval_metric': 'rmse'}. Best is trial 717 with value: 0.6938795554678486.
start listen on 192.168.1.101:44375
@tracker All of 1 nodes getting started
@tracker All nodes finishes job
Trial 787 finished with value: 0.694246346683593 and parameters: {'objective': 'reg:squarederror', 'tree_method': 'gpu_hist', 'lambda': 0.019008050306409462, 'alpha': 0.105085753015846, 'colsample_bytree': 0.5257371947534757, 'subsample': 0.7408669183432438, 'learning_rate': 0.011770347154438816, 'max_depth': 20, 'min_child_weight': 143, 'eval_metric': 'rmse'}. Best is trial 717 with value: 0.6938795554678486.
start listen on 192.168.1.101:43265
@tracker All of 1 nodes getting started
@tracker All nodes finishes job
Trial 788 finished with value: 0.6941607801449942 and parameters: {'objective': 'reg:squarederror', 'tree_method': 'gpu_hist', 'lambda': 0.13738807793523963, 'alpha': 0.07679653194138529, 'colsample_bytree': 0.5499618923362608, 'subsample': 0.6736261024039518, 'learning_rate': 0.009488350758693557, 'max_depth': 20, 'min_child_weight': 166, 'eval_metric': 'rmse'}. Best is trial 717 with value: 0.6938795554678486.
start listen on 192.168.1.101:44409
@tracker All of 1 nodes getting started
@tracker All nodes finishes job
Trial 789 finished with value: 0.6941465915954104 and parameters: {'objective': 'reg:squarederror', 'tree_method': 'gpu_hist', 'lambda': 0.03730637392454597, 'alpha': 0.12426019516367465, 'colsample_bytree': 0.48746781049410076, 'subsample': 0.6913183933769469, 'learning_rate': 0.01077585903515018, 'max_depth': 20, 'min_child_weight': 153, 'eval_metric': 'rmse'}. Best is trial 717 with value: 0.6938795554678486.
start listen on 192.168.1.101:49343
@tracker All of 1 nodes getting started
@tracker All nodes finishes job
Trial 790 finished with value: 0.6942705882720166 and parameters: {'objective': 'reg:squarederror', 'tree_method': 'gpu_hist', 'lambda': 0.02973583403511186, 'alpha': 0.0570062625240449, 'colsample_bytree': 0.5093416366147407, 'subsample': 0.6496842406955072, 'learning_rate': 0.012127995747048717, 'max_depth': 13, 'min_child_weight': 146, 'eval_metric': 'rmse'}. Best is trial 717 with value: 0.6938795554678486.
start listen on 192.168.1.101:38565
@tracker All of 1 nodes getting started
@tracker All nodes finishes job
Trial 791 finished with value: 0.6945188801384253 and parameters: {'objective': 'reg:squarederror', 'tree_method': 'gpu_hist', 'lambda': 0.08063089586580623, 'alpha': 0.09415281801943624, 'colsample_bytree': 0.6543309082021458, 'subsample': 0.7143334086575671, 'learning_rate': 0.01019221618940342, 'max_depth': 20, 'min_child_weight': 159, 'eval_metric': 'rmse'}. Best is trial 717 with value: 0.6938795554678486.
start listen on 192.168.1.101:33443
@tracker All of 1 nodes getting started
@tracker All nodes finishes job
Trial 792 finished with value: 0.6972468390807416 and parameters: {'objective': 'reg:squarederror', 'tree_method': 'gpu_hist', 'lambda': 0.023377630121548924, 'alpha': 0.19813951631897153, 'colsample_bytree': 0.539071845907939, 'subsample': 0.6782001874935345, 'learning_rate': 0.013837232001169436, 'max_depth': 7, 'min_child_weight': 175, 'eval_metric': 'rmse'}. Best is trial 717 with value: 0.6938795554678486.
start listen on 192.168.1.101:52029
@tracker All of 1 nodes getting started
@tracker All nodes finishes job
Trial 793 finished with value: 0.695821986472765 and parameters: {'objective': 'reg:squarederror', 'tree_method': 'gpu_hist', 'lambda': 0.10008955297442637, 'alpha': 0.16128560828038827, 'colsample_bytree': 0.5710109033699663, 'subsample': 0.6016388590411887, 'learning_rate': 0.011293943437550073, 'max_depth': 9, 'min_child_weight': 151, 'eval_metric': 'rmse'}. Best is trial 717 with value: 0.6938795554678486.
start listen on 192.168.1.101:36593
@tracker All of 1 nodes getting started
@tracker All nodes finishes job
Trial 794 finished with value: 0.6942050312892607 and parameters: {'objective': 'reg:squarederror', 'tree_method': 'gpu_hist', 'lambda': 0.011072850252125259, 'alpha': 0.038843047687192406, 'colsample_bytree': 0.5240678683230963, 'subsample': 0.7012991647630415, 'learning_rate': 0.009080315067914386, 'max_depth': 20, 'min_child_weight': 169, 'eval_metric': 'rmse'}. Best is trial 717 with value: 0.6938795554678486.
start listen on 192.168.1.101:46481
@tracker All of 1 nodes getting started
@tracker All nodes finishes job
Trial 795 finished with value: 0.6946303151454776 and parameters: {'objective': 'reg:squarederror', 'tree_method': 'gpu_hist', 'lambda': 0.016617279047787686, 'alpha': 0.11165726162254615, 'colsample_bytree': 0.5504099962129178, 'subsample': 0.6652345177244968, 'learning_rate': 0.01275871708352399, 'max_depth': 11, 'min_child_weight': 204, 'eval_metric': 'rmse'}. Best is trial 717 with value: 0.6938795554678486.
start listen on 192.168.1.101:33803
@tracker All of 1 nodes getting started
@tracker All nodes finishes job
Trial 796 finished with value: 0.6942775832165545 and parameters: {'objective': 'reg:squarederror', 'tree_method': 'gpu_hist', 'lambda': 0.05413218211597972, 'alpha': 0.06510490644326226, 'colsample_bytree': 0.596023069320047, 'subsample': 0.7309604233513305, 'learning_rate': 0.010000714456373324, 'max_depth': 20, 'min_child_weight': 136, 'eval_metric': 'rmse'}. Best is trial 717 with value: 0.6938795554678486.
start listen on 192.168.1.101:37405
@tracker All of 1 nodes getting started
@tracker All nodes finishes job
