Trial 126 finished with value: 0.6944105168300325 and parameters: {'objective': 'reg:squarederror', 'tree_method': 'gpu_hist', 'lambda': 0.0010036499305806415, 'alpha': 0.21130429450880903, 'colsample_bytree': 0.5050197409606636, 'subsample': 0.792240026114002, 'learning_rate': 0.01338037270662618, 'max_depth': 17, 'min_child_weight': 275, 'eval_metric': 'rmse'}. Best is trial 105 with value: 0.6940670785990203.
start listen on 192.168.1.101:36177
@tracker All of 1 nodes getting started
@tracker All nodes finishes job
Trial 127 finished with value: 0.6945944792899984 and parameters: {'objective': 'reg:squarederror', 'tree_method': 'gpu_hist', 'lambda': 0.005028476359726331, 'alpha': 1.06691523578271, 'colsample_bytree': 0.49565950290098554, 'subsample': 0.4864735765036998, 'learning_rate': 0.0171957167021985, 'max_depth': 17, 'min_child_weight': 217, 'eval_metric': 'rmse'}. Best is trial 105 with value: 0.6940670785990203.
start listen on 192.168.1.101:46955
@tracker All of 1 nodes getting started
@tracker All nodes finishes job
Trial 128 finished with value: 0.6943245360835747 and parameters: {'objective': 'reg:squarederror', 'tree_method': 'gpu_hist', 'lambda': 0.009567795163691512, 'alpha': 0.28023349580545365, 'colsample_bytree': 0.5469996300123956, 'subsample': 0.8272890159072285, 'learning_rate': 0.00936091615540414, 'max_depth': 17, 'min_child_weight': 202, 'eval_metric': 'rmse'}. Best is trial 105 with value: 0.6940670785990203.
start listen on 192.168.1.101:57875
@tracker All of 1 nodes getting started
@tracker All nodes finishes job
Trial 129 finished with value: 0.694597068187591 and parameters: {'objective': 'reg:squarederror', 'tree_method': 'gpu_hist', 'lambda': 0.0016546220974428438, 'alpha': 0.604747237073378, 'colsample_bytree': 0.4493820040674788, 'subsample': 0.8402371526541045, 'learning_rate': 0.008080290574875706, 'max_depth': 17, 'min_child_weight': 181, 'eval_metric': 'rmse'}. Best is trial 105 with value: 0.6940670785990203.
start listen on 192.168.1.101:52033
@tracker All of 1 nodes getting started
@tracker All nodes finishes job
Trial 130 finished with value: 0.6941617231222686 and parameters: {'objective': 'reg:squarederror', 'tree_method': 'gpu_hist', 'lambda': 0.0023264264883674397, 'alpha': 0.3136383344957425, 'colsample_bytree': 0.4640658353167685, 'subsample': 0.8702877331405419, 'learning_rate': 0.011916870389556425, 'max_depth': 17, 'min_child_weight': 199, 'eval_metric': 'rmse'}. Best is trial 105 with value: 0.6940670785990203.
start listen on 192.168.1.101:52963
@tracker All of 1 nodes getting started
@tracker All nodes finishes job
Trial 131 finished with value: 0.6941448133505681 and parameters: {'objective': 'reg:squarederror', 'tree_method': 'gpu_hist', 'lambda': 0.0022141839756165374, 'alpha': 0.29117362734139934, 'colsample_bytree': 0.46660525057247343, 'subsample': 0.8781387126958697, 'learning_rate': 0.012397039085234717, 'max_depth': 17, 'min_child_weight': 211, 'eval_metric': 'rmse'}. Best is trial 105 with value: 0.6940670785990203.
start listen on 192.168.1.101:40845
@tracker All of 1 nodes getting started
@tracker All nodes finishes job
Trial 132 finished with value: 0.6941369816433598 and parameters: {'objective': 'reg:squarederror', 'tree_method': 'gpu_hist', 'lambda': 0.0023835718530607875, 'alpha': 0.30646918445667043, 'colsample_bytree': 0.4737218404324753, 'subsample': 0.8690841166393887, 'learning_rate': 0.012535981345830963, 'max_depth': 17, 'min_child_weight': 213, 'eval_metric': 'rmse'}. Best is trial 105 with value: 0.6940670785990203.
start listen on 192.168.1.101:40935
@tracker All of 1 nodes getting started
@tracker All nodes finishes job
Trial 133 finished with value: 0.6942810563252406 and parameters: {'objective': 'reg:squarederror', 'tree_method': 'gpu_hist', 'lambda': 0.002170149606677362, 'alpha': 0.287045289339331, 'colsample_bytree': 0.46456158246902324, 'subsample': 0.8712661643060434, 'learning_rate': 0.01040596106882459, 'max_depth': 17, 'min_child_weight': 213, 'eval_metric': 'rmse'}. Best is trial 105 with value: 0.6940670785990203.
start listen on 192.168.1.101:60643
@tracker All of 1 nodes getting started
@tracker All nodes finishes job
Trial 134 finished with value: 0.6944272880400826 and parameters: {'objective': 'reg:squarederror', 'tree_method': 'gpu_hist', 'lambda': 0.007810269086072131, 'alpha': 0.11714393513016727, 'colsample_bytree': 0.42550984422886307, 'subsample': 0.9085571535389171, 'learning_rate': 0.012302394379250289, 'max_depth': 17, 'min_child_weight': 230, 'eval_metric': 'rmse'}. Best is trial 105 with value: 0.6940670785990203.
start listen on 192.168.1.101:60453
@tracker All of 1 nodes getting started
@tracker All nodes finishes job
Trial 135 finished with value: 0.6943625431061105 and parameters: {'objective': 'reg:squarederror', 'tree_method': 'gpu_hist', 'lambda': 0.0012714168111587515, 'alpha': 0.1749966996050078, 'colsample_bytree': 0.47587012874853696, 'subsample': 0.8973262014585424, 'learning_rate': 0.014436534837618267, 'max_depth': 17, 'min_child_weight': 221, 'eval_metric': 'rmse'}. Best is trial 105 with value: 0.6940670785990203.
start listen on 192.168.1.101:44997
@tracker All of 1 nodes getting started
@tracker All nodes finishes job
Trial 136 finished with value: 0.6944625486847436 and parameters: {'objective': 'reg:squarederror', 'tree_method': 'gpu_hist', 'lambda': 0.0031497233228019346, 'alpha': 0.20849176643798809, 'colsample_bytree': 0.4124751781546174, 'subsample': 0.8478716176085515, 'learning_rate': 0.010663718722291863, 'max_depth': 17, 'min_child_weight': 210, 'eval_metric': 'rmse'}. Best is trial 105 with value: 0.6940670785990203.
start listen on 192.168.1.101:39669
@tracker All of 1 nodes getting started
@tracker All nodes finishes job
Trial 137 finished with value: 0.6954382616757697 and parameters: {'objective': 'reg:squarederror', 'tree_method': 'gpu_hist', 'lambda': 0.002424633025458131, 'alpha': 0.31909422392346837, 'colsample_bytree': 0.4859486473892917, 'subsample': 0.9332189590887802, 'learning_rate': 0.015750025771127576, 'max_depth': 9, 'min_child_weight': 205, 'eval_metric': 'rmse'}. Best is trial 105 with value: 0.6940670785990203.
start listen on 192.168.1.101:38741
@tracker All of 1 nodes getting started
@tracker All nodes finishes job
Trial 138 finished with value: 0.6978930132784925 and parameters: {'objective': 'reg:squarederror', 'tree_method': 'gpu_hist', 'lambda': 0.0036026543560664297, 'alpha': 0.5126413875802289, 'colsample_bytree': 0.4658767548159729, 'subsample': 0.8682876999685418, 'learning_rate': 0.011994828407162284, 'max_depth': 7, 'min_child_weight': 188, 'eval_metric': 'rmse'}. Best is trial 105 with value: 0.6940670785990203.
start listen on 192.168.1.101:56885
@tracker All of 1 nodes getting started
@tracker All nodes finishes job
Trial 139 finished with value: 0.6942018074085939 and parameters: {'objective': 'reg:squarederror', 'tree_method': 'gpu_hist', 'lambda': 0.0022821444466441672, 'alpha': 0.7059854052164423, 'colsample_bytree': 0.44097828277226225, 'subsample': 0.8030232451884733, 'learning_rate': 0.01363598476160962, 'max_depth': 17, 'min_child_weight': 238, 'eval_metric': 'rmse'}. Best is trial 105 with value: 0.6940670785990203.
start listen on 192.168.1.101:37019
@tracker All of 1 nodes getting started
@tracker All nodes finishes job
Trial 140 finished with value: 0.6944133437122709 and parameters: {'objective': 'reg:squarederror', 'tree_method': 'gpu_hist', 'lambda': 0.0022130419452539973, 'alpha': 0.9097105188294479, 'colsample_bytree': 0.4326742137258879, 'subsample': 0.8040362452849728, 'learning_rate': 0.018128996818574033, 'max_depth': 17, 'min_child_weight': 242, 'eval_metric': 'rmse'}. Best is trial 105 with value: 0.6940670785990203.
start listen on 192.168.1.101:35791
@tracker All of 1 nodes getting started
@tracker All nodes finishes job
Trial 141 finished with value: 0.6941392852206567 and parameters: {'objective': 'reg:squarederror', 'tree_method': 'gpu_hist', 'lambda': 0.0015254570225213444, 'alpha': 0.6822633053558108, 'colsample_bytree': 0.4457219369317635, 'subsample': 0.844978594509946, 'learning_rate': 0.013587805373652622, 'max_depth': 17, 'min_child_weight': 193, 'eval_metric': 'rmse'}. Best is trial 105 with value: 0.6940670785990203.
start listen on 192.168.1.101:59499
@tracker All of 1 nodes getting started
@tracker All nodes finishes job
Trial 142 finished with value: 0.6941517623397925 and parameters: {'objective': 'reg:squarederror', 'tree_method': 'gpu_hist', 'lambda': 0.001300348512467618, 'alpha': 0.6752968535720205, 'colsample_bytree': 0.4475767059634549, 'subsample': 0.8178605858548187, 'learning_rate': 0.014603873126091196, 'max_depth': 17, 'min_child_weight': 255, 'eval_metric': 'rmse'}. Best is trial 105 with value: 0.6940670785990203.
start listen on 192.168.1.101:58925
@tracker All of 1 nodes getting started
@tracker All nodes finishes job
Trial 143 finished with value: 0.6946473459930255 and parameters: {'objective': 'reg:squarederror', 'tree_method': 'gpu_hist', 'lambda': 0.0012729180704024851, 'alpha': 0.6185520168066072, 'colsample_bytree': 0.4572754923642786, 'subsample': 0.8551024028500389, 'learning_rate': 0.009435447984098658, 'max_depth': 17, 'min_child_weight': 272, 'eval_metric': 'rmse'}. Best is trial 105 with value: 0.6940670785990203.
start listen on 192.168.1.101:47281
@tracker All of 1 nodes getting started
@tracker All nodes finishes job
Trial 144 finished with value: 0.6943032679764009 and parameters: {'objective': 'reg:squarederror', 'tree_method': 'gpu_hist', 'lambda': 0.00163032100448121, 'alpha': 0.3500553430075193, 'colsample_bytree': 0.4042042245879042, 'subsample': 0.8183792569297363, 'learning_rate': 0.01597288782309185, 'max_depth': 17, 'min_child_weight': 191, 'eval_metric': 'rmse'}. Best is trial 105 with value: 0.6940670785990203.
start listen on 192.168.1.101:60575
@tracker All of 1 nodes getting started
@tracker All nodes finishes job
Trial 145 finished with value: 0.6942925514394742 and parameters: {'objective': 'reg:squarederror', 'tree_method': 'gpu_hist', 'lambda': 0.0010121871698029665, 'alpha': 0.8183794726191371, 'colsample_bytree': 0.45160224398728094, 'subsample': 0.8428540414374899, 'learning_rate': 0.014849766180678702, 'max_depth': 17, 'min_child_weight': 252, 'eval_metric': 'rmse'}. Best is trial 105 with value: 0.6940670785990203.
start listen on 192.168.1.101:44225
@tracker All of 1 nodes getting started
@tracker All nodes finishes job
Trial 146 finished with value: 0.694265040881647 and parameters: {'objective': 'reg:squarederror', 'tree_method': 'gpu_hist', 'lambda': 0.0014288951087609145, 'alpha': 0.5262744252146944, 'colsample_bytree': 0.489446080837921, 'subsample': 0.8783443760347688, 'learning_rate': 0.011943545273244696, 'max_depth': 17, 'min_child_weight': 255, 'eval_metric': 'rmse'}. Best is trial 105 with value: 0.6940670785990203.
start listen on 192.168.1.101:34821
@tracker All of 1 nodes getting started
@tracker All nodes finishes job
Trial 147 finished with value: 0.7025392499007644 and parameters: {'objective': 'reg:squarederror', 'tree_method': 'gpu_hist', 'lambda': 0.0017640069634184989, 'alpha': 0.387132384987619, 'colsample_bytree': 0.47344286475638697, 'subsample': 0.8565278922255639, 'learning_rate': 0.010568841754986333, 'max_depth': 5, 'min_child_weight': 178, 'eval_metric': 'rmse'}. Best is trial 105 with value: 0.6940670785990203.
start listen on 192.168.1.101:36747
@tracker All of 1 nodes getting started
@tracker All nodes finishes job
Trial 148 finished with value: 0.6945318745865892 and parameters: {'objective': 'reg:squarederror', 'tree_method': 'gpu_hist', 'lambda': 0.0012017127385310843, 'alpha': 0.2847774644048489, 'colsample_bytree': 0.46382562581075637, 'subsample': 0.823195096426333, 'learning_rate': 0.008944550572325169, 'max_depth': 17, 'min_child_weight': 194, 'eval_metric': 'rmse'}. Best is trial 105 with value: 0.6940670785990203.
start listen on 192.168.1.101:53647
@tracker All of 1 nodes getting started
@tracker All nodes finishes job
Trial 149 finished with value: 0.6941063447808811 and parameters: {'objective': 'reg:squarederror', 'tree_method': 'gpu_hist', 'lambda': 0.0028643840495735278, 'alpha': 1.0204169192970431, 'colsample_bytree': 0.4431632172506239, 'subsample': 0.9560427608490228, 'learning_rate': 0.01261991276252513, 'max_depth': 17, 'min_child_weight': 184, 'eval_metric': 'rmse'}. Best is trial 105 with value: 0.6940670785990203.
start listen on 192.168.1.101:46669
@tracker All of 1 nodes getting started
@tracker All nodes finishes job
Trial 150 finished with value: 0.6945178633350744 and parameters: {'objective': 'reg:squarederror', 'tree_method': 'gpu_hist', 'lambda': 0.002821333304563999, 'alpha': 1.0033245859368096, 'colsample_bytree': 0.4244751043551078, 'subsample': 0.9716973646957365, 'learning_rate': 0.018564213340684674, 'max_depth': 17, 'min_child_weight': 215, 'eval_metric': 'rmse'}. Best is trial 105 with value: 0.6940670785990203.
start listen on 192.168.1.101:35339
@tracker All of 1 nodes getting started
@tracker All nodes finishes job
Trial 151 finished with value: 0.6942168586294825 and parameters: {'objective': 'reg:squarederror', 'tree_method': 'gpu_hist', 'lambda': 0.001980571755498138, 'alpha': 1.7193050395032894, 'colsample_bytree': 0.44737195529172746, 'subsample': 0.9546005281998586, 'learning_rate': 0.012849844935558723, 'max_depth': 17, 'min_child_weight': 186, 'eval_metric': 'rmse'}. Best is trial 105 with value: 0.6940670785990203.
start listen on 192.168.1.101:33899
@tracker All of 1 nodes getting started
@tracker All nodes finishes job
Trial 152 finished with value: 0.6942069807205172 and parameters: {'objective': 'reg:squarederror', 'tree_method': 'gpu_hist', 'lambda': 0.0014233826783961762, 'alpha': 0.62432385882748, 'colsample_bytree': 0.49083204334424024, 'subsample': 0.926487686237638, 'learning_rate': 0.011751278796063372, 'max_depth': 17, 'min_child_weight': 197, 'eval_metric': 'rmse'}. Best is trial 105 with value: 0.6940670785990203.
start listen on 192.168.1.101:59685
@tracker All of 1 nodes getting started
@tracker All nodes finishes job
Trial 153 finished with value: 0.694324567239945 and parameters: {'objective': 'reg:squarederror', 'tree_method': 'gpu_hist', 'lambda': 0.0016271168748529696, 'alpha': 0.4324164403979951, 'colsample_bytree': 0.4801936523668179, 'subsample': 0.9835641703988142, 'learning_rate': 0.014330773921376931, 'max_depth': 17, 'min_child_weight': 211, 'eval_metric': 'rmse'}. Best is trial 105 with value: 0.6940670785990203.
start listen on 192.168.1.101:59405
@tracker All of 1 nodes getting started
@tracker All nodes finishes job
Trial 154 finished with value: 0.6942324222473082 and parameters: {'objective': 'reg:squarederror', 'tree_method': 'gpu_hist', 'lambda': 0.0023251749590003806, 'alpha': 1.1439702326819576, 'colsample_bytree': 0.51614196509853, 'subsample': 0.8445018606101646, 'learning_rate': 0.010148537902870894, 'max_depth': 17, 'min_child_weight': 169, 'eval_metric': 'rmse'}. Best is trial 105 with value: 0.6940670785990203.
start listen on 192.168.1.101:36971
@tracker All of 1 nodes getting started
@tracker All nodes finishes job
Trial 155 finished with value: 0.6946028758747851 and parameters: {'objective': 'reg:squarederror', 'tree_method': 'gpu_hist', 'lambda': 0.0029392097930331135, 'alpha': 0.7608132184432994, 'colsample_bytree': 0.43211098153072103, 'subsample': 0.8635757645282652, 'learning_rate': 0.016535277689991645, 'max_depth': 20, 'min_child_weight': 184, 'eval_metric': 'rmse'}. Best is trial 105 with value: 0.6940670785990203.
start listen on 192.168.1.101:48451
@tracker All of 1 nodes getting started
@tracker All nodes finishes job
Trial 156 finished with value: 0.6942560708711037 and parameters: {'objective': 'reg:squarederror', 'tree_method': 'gpu_hist', 'lambda': 0.001203935567175175, 'alpha': 0.49889830630980436, 'colsample_bytree': 0.4604893123309492, 'subsample': 0.8888016511429253, 'learning_rate': 0.011240236510122051, 'max_depth': 17, 'min_child_weight': 207, 'eval_metric': 'rmse'}. Best is trial 105 with value: 0.6940670785990203.
start listen on 192.168.1.101:60897
@tracker All of 1 nodes getting started
@tracker All nodes finishes job
Trial 157 finished with value: 0.694698124244325 and parameters: {'objective': 'reg:squarederror', 'tree_method': 'gpu_hist', 'lambda': 0.0019762285949422266, 'alpha': 0.3121558569030044, 'colsample_bytree': 0.4459349018128756, 'subsample': 0.9063058285571709, 'learning_rate': 0.012867898959612671, 'max_depth': 11, 'min_child_weight': 193, 'eval_metric': 'rmse'}. Best is trial 105 with value: 0.6940670785990203.
start listen on 192.168.1.101:36883
@tracker All of 1 nodes getting started
@tracker All nodes finishes job
Trial 158 finished with value: 0.7069941415202222 and parameters: {'objective': 'reg:squarederror', 'tree_method': 'gpu_hist', 'lambda': 0.0025816057561224444, 'alpha': 0.38675651231368413, 'colsample_bytree': 0.4983644524070143, 'subsample': 0.8113840958062724, 'learning_rate': 0.01553619631024981, 'max_depth': 3, 'min_child_weight': 268, 'eval_metric': 'rmse'}. Best is trial 105 with value: 0.6940670785990203.
start listen on 192.168.1.101:46953
@tracker All of 1 nodes getting started
@tracker All nodes finishes job
Trial 159 finished with value: 0.6942859589175742 and parameters: {'objective': 'reg:squarederror', 'tree_method': 'gpu_hist', 'lambda': 0.0016164863521610391, 'alpha': 0.2458132126041092, 'colsample_bytree': 0.47486713613432074, 'subsample': 0.946541874320993, 'learning_rate': 0.01410796453770795, 'max_depth': 17, 'min_child_weight': 162, 'eval_metric': 'rmse'}. Best is trial 105 with value: 0.6940670785990203.
start listen on 192.168.1.101:39751
@tracker All of 1 nodes getting started
@tracker All nodes finishes job
Trial 160 finished with value: 0.6948516600303256 and parameters: {'objective': 'reg:squarederror', 'tree_method': 'gpu_hist', 'lambda': 0.01175086947608178, 'alpha': 1.4575247289796638, 'colsample_bytree': 0.41630013616490835, 'subsample': 0.831964951025135, 'learning_rate': 0.010010651935846937, 'max_depth': 17, 'min_child_weight': 219, 'eval_metric': 'rmse'}. Best is trial 105 with value: 0.6940670785990203.
start listen on 192.168.1.101:55367
@tracker All of 1 nodes getting started
@tracker All nodes finishes job
Trial 161 finished with value: 0.6941419251973082 and parameters: {'objective': 'reg:squarederror', 'tree_method': 'gpu_hist', 'lambda': 0.004921524780123279, 'alpha': 0.6765909019769487, 'colsample_bytree': 0.4383883610168994, 'subsample': 0.7964438810188139, 'learning_rate': 0.013365293682097963, 'max_depth': 17, 'min_child_weight': 228, 'eval_metric': 'rmse'}. Best is trial 105 with value: 0.6940670785990203.
start listen on 192.168.1.101:37675
@tracker All of 1 nodes getting started
@tracker All nodes finishes job
Trial 162 finished with value: 0.6943671854576272 and parameters: {'objective': 'reg:squarederror', 'tree_method': 'gpu_hist', 'lambda': 0.00468409232844164, 'alpha': 0.6056574044169016, 'colsample_bytree': 0.4602831465933583, 'subsample': 0.7846256835585756, 'learning_rate': 0.0119222745868869, 'max_depth': 17, 'min_child_weight': 228, 'eval_metric': 'rmse'}. Best is trial 105 with value: 0.6940670785990203.
start listen on 192.168.1.101:55569
@tracker All of 1 nodes getting started
@tracker All nodes finishes job
Trial 163 finished with value: 0.6941255831367185 and parameters: {'objective': 'reg:squarederror', 'tree_method': 'gpu_hist', 'lambda': 0.0032326398647009344, 'alpha': 0.8453239820791333, 'colsample_bytree': 0.3918818302709828, 'subsample': 0.8128739617773609, 'learning_rate': 0.013549679276644766, 'max_depth': 17, 'min_child_weight': 198, 'eval_metric': 'rmse'}. Best is trial 105 with value: 0.6940670785990203.
start listen on 192.168.1.101:60259
@tracker All of 1 nodes getting started
@tracker All nodes finishes job
Trial 164 finished with value: 0.6943648918748206 and parameters: {'objective': 'reg:squarederror', 'tree_method': 'gpu_hist', 'lambda': 0.0034141179109290457, 'alpha': 0.4780644961981018, 'colsample_bytree': 0.38664450171944004, 'subsample': 0.792325225891946, 'learning_rate': 0.01398632388482204, 'max_depth': 17, 'min_child_weight': 223, 'eval_metric': 'rmse'}. Best is trial 105 with value: 0.6940670785990203.
start listen on 192.168.1.101:53261
@tracker All of 1 nodes getting started
@tracker All nodes finishes job
Trial 165 finished with value: 0.6942640456747514 and parameters: {'objective': 'reg:squarederror', 'tree_method': 'gpu_hist', 'lambda': 0.005103506429782731, 'alpha': 0.3367158536184768, 'colsample_bytree': 0.40030036561623883, 'subsample': 0.8181172045019665, 'learning_rate': 0.011129351769778337, 'max_depth': 17, 'min_child_weight': 198, 'eval_metric': 'rmse'}. Best is trial 105 with value: 0.6940670785990203.
start listen on 192.168.1.101:45017
@tracker All of 1 nodes getting started
@tracker All nodes finishes job
Trial 166 finished with value: 0.6941502450953391 and parameters: {'objective': 'reg:squarederror', 'tree_method': 'gpu_hist', 'lambda': 0.004000061077256472, 'alpha': 0.5869084096845095, 'colsample_bytree': 0.43955628472281105, 'subsample': 0.8438712658190647, 'learning_rate': 0.012881474626467779, 'max_depth': 17, 'min_child_weight': 206, 'eval_metric': 'rmse'}. Best is trial 105 with value: 0.6940670785990203.
start listen on 192.168.1.101:49323
@tracker All of 1 nodes getting started
@tracker All nodes finishes job
