Trial 629 finished with value: 0.7122179817942708 and parameters: {'objective': 'reg:squarederror', 'tree_method': 'gpu_hist', 'lambda': 0.036145091749722295, 'alpha': 0.1006708090258955, 'colsample_bytree': 0.5135844417335425, 'subsample': 0.6346638113235327, 'learning_rate': 0.06412173691987018, 'max_depth': 20, 'min_child_weight': 138, 'eval_metric': 'rmse'}. Best is trial 140 with value: 0.693976497093345.
start listen on 192.168.1.101:56045
@tracker All of 1 nodes getting started
@tracker All nodes finishes job
Trial 630 finished with value: 0.6941003104084066 and parameters: {'objective': 'reg:squarederror', 'tree_method': 'gpu_hist', 'lambda': 0.024128972414201137, 'alpha': 0.12614870099969508, 'colsample_bytree': 0.5288801073613603, 'subsample': 0.6783755841294453, 'learning_rate': 0.00985483552094151, 'max_depth': 20, 'min_child_weight': 158, 'eval_metric': 'rmse'}. Best is trial 140 with value: 0.693976497093345.
start listen on 192.168.1.101:60317
@tracker All of 1 nodes getting started
@tracker All nodes finishes job
Trial 631 finished with value: 0.6979144299613566 and parameters: {'objective': 'reg:squarederror', 'tree_method': 'gpu_hist', 'lambda': 0.03152612369621498, 'alpha': 0.08906198507866833, 'colsample_bytree': 0.5644800109469962, 'subsample': 0.6568999264577577, 'learning_rate': 0.011384918143215595, 'max_depth': 7, 'min_child_weight': 150, 'eval_metric': 'rmse'}. Best is trial 140 with value: 0.693976497093345.
start listen on 192.168.1.101:49961
@tracker All of 1 nodes getting started
@tracker All nodes finishes job
Trial 632 finished with value: 0.694718117762418 and parameters: {'objective': 'reg:squarederror', 'tree_method': 'gpu_hist', 'lambda': 0.21403623268965905, 'alpha': 0.13505351085622908, 'colsample_bytree': 0.5834171375660467, 'subsample': 0.6657959445921635, 'learning_rate': 0.007130697385002852, 'max_depth': 20, 'min_child_weight': 165, 'eval_metric': 'rmse'}. Best is trial 140 with value: 0.693976497093345.
start listen on 192.168.1.101:51577
@tracker All of 1 nodes getting started
@tracker All nodes finishes job
Trial 633 finished with value: 0.6955387772180697 and parameters: {'objective': 'reg:squarederror', 'tree_method': 'gpu_hist', 'lambda': 0.4080710950960365, 'alpha': 0.017381024837294947, 'colsample_bytree': 0.5381075209975438, 'subsample': 0.6879612943860328, 'learning_rate': 0.012913928205779104, 'max_depth': 9, 'min_child_weight': 132, 'eval_metric': 'rmse'}. Best is trial 140 with value: 0.693976497093345.
start listen on 192.168.1.101:54467
@tracker All of 1 nodes getting started
@tracker All nodes finishes job
Trial 634 finished with value: 0.6944223842590603 and parameters: {'objective': 'reg:squarederror', 'tree_method': 'gpu_hist', 'lambda': 0.19629551894561575, 'alpha': 0.08257616783252585, 'colsample_bytree': 0.5962411303511135, 'subsample': 0.653059386734404, 'learning_rate': 0.008609717359232863, 'max_depth': 20, 'min_child_weight': 142, 'eval_metric': 'rmse'}. Best is trial 140 with value: 0.693976497093345.
start listen on 192.168.1.101:60465
@tracker All of 1 nodes getting started
@tracker All nodes finishes job
Trial 635 finished with value: 0.6945556580795265 and parameters: {'objective': 'reg:squarederror', 'tree_method': 'gpu_hist', 'lambda': 0.025123907030824205, 'alpha': 0.14630587646304596, 'colsample_bytree': 0.6120016817594515, 'subsample': 0.6774668224523797, 'learning_rate': 0.010368653851399293, 'max_depth': 13, 'min_child_weight': 173, 'eval_metric': 'rmse'}. Best is trial 140 with value: 0.693976497093345.
start listen on 192.168.1.101:59497
@tracker All of 1 nodes getting started
@tracker All nodes finishes job
Trial 636 finished with value: 0.6951456689215936 and parameters: {'objective': 'reg:squarederror', 'tree_method': 'gpu_hist', 'lambda': 0.15837414511287165, 'alpha': 0.014351511017034359, 'colsample_bytree': 0.513281049368271, 'subsample': 0.6659366499413022, 'learning_rate': 0.0099413158330697, 'max_depth': 11, 'min_child_weight': 157, 'eval_metric': 'rmse'}. Best is trial 140 with value: 0.693976497093345.
start listen on 192.168.1.101:46125
@tracker All of 1 nodes getting started
@tracker All nodes finishes job
Trial 637 finished with value: 0.6945496427556865 and parameters: {'objective': 'reg:squarederror', 'tree_method': 'gpu_hist', 'lambda': 0.039548708157516745, 'alpha': 0.03572576195930308, 'colsample_bytree': 0.5716734267895766, 'subsample': 0.6398763675805881, 'learning_rate': 0.011762650944086326, 'max_depth': 20, 'min_child_weight': 139, 'eval_metric': 'rmse'}. Best is trial 140 with value: 0.693976497093345.
start listen on 192.168.1.101:53707
@tracker All of 1 nodes getting started
@tracker All nodes finishes job
Trial 638 finished with value: 0.6943750059710231 and parameters: {'objective': 'reg:squarederror', 'tree_method': 'gpu_hist', 'lambda': 0.2519308415868714, 'alpha': 0.10114227048267094, 'colsample_bytree': 0.5524139647971186, 'subsample': 0.6225228082434858, 'learning_rate': 0.009172466268319064, 'max_depth': 20, 'min_child_weight': 180, 'eval_metric': 'rmse'}. Best is trial 140 with value: 0.693976497093345.
start listen on 192.168.1.101:34409
@tracker All of 1 nodes getting started
@tracker All nodes finishes job
Trial 639 finished with value: 0.6940004719566463 and parameters: {'objective': 'reg:squarederror', 'tree_method': 'gpu_hist', 'lambda': 0.166393538574002, 'alpha': 0.12394174069865616, 'colsample_bytree': 0.5280334649147285, 'subsample': 0.6916516508066496, 'learning_rate': 0.011025776222675362, 'max_depth': 20, 'min_child_weight': 162, 'eval_metric': 'rmse'}. Best is trial 140 with value: 0.693976497093345.
start listen on 192.168.1.101:40237
@tracker All of 1 nodes getting started
@tracker All nodes finishes job
Trial 640 finished with value: 0.694279903416351 and parameters: {'objective': 'reg:squarederror', 'tree_method': 'gpu_hist', 'lambda': 0.2353009814368761, 'alpha': 0.11496670279884905, 'colsample_bytree': 0.4982024219495077, 'subsample': 0.6942555105203045, 'learning_rate': 0.013112426630853604, 'max_depth': 20, 'min_child_weight': 166, 'eval_metric': 'rmse'}. Best is trial 140 with value: 0.693976497093345.
start listen on 192.168.1.101:35181
@tracker All of 1 nodes getting started
@tracker All nodes finishes job
Trial 641 finished with value: 0.7017826029544562 and parameters: {'objective': 'reg:squarederror', 'tree_method': 'gpu_hist', 'lambda': 0.10423896707673573, 'alpha': 0.13386205348365446, 'colsample_bytree': 0.5107313670488651, 'subsample': 0.7072979232270565, 'learning_rate': 0.011535916378758403, 'max_depth': 5, 'min_child_weight': 161, 'eval_metric': 'rmse'}. Best is trial 140 with value: 0.693976497093345.
start listen on 192.168.1.101:35497
@tracker All of 1 nodes getting started
@tracker All nodes finishes job
Trial 642 finished with value: 0.6942641227578319 and parameters: {'objective': 'reg:squarederror', 'tree_method': 'gpu_hist', 'lambda': 0.27832415240407526, 'alpha': 0.08923889989233931, 'colsample_bytree': 0.5238307045278063, 'subsample': 0.6896989937801162, 'learning_rate': 0.01265563207044233, 'max_depth': 20, 'min_child_weight': 153, 'eval_metric': 'rmse'}. Best is trial 140 with value: 0.693976497093345.
start listen on 192.168.1.101:59999
@tracker All of 1 nodes getting started
@tracker All nodes finishes job
Trial 643 finished with value: 0.6943384765199084 and parameters: {'objective': 'reg:squarederror', 'tree_method': 'gpu_hist', 'lambda': 0.29531981895774134, 'alpha': 0.1126300664351828, 'colsample_bytree': 0.4837171571551193, 'subsample': 0.6862414736656974, 'learning_rate': 0.014077977231817694, 'max_depth': 20, 'min_child_weight': 170, 'eval_metric': 'rmse'}. Best is trial 140 with value: 0.693976497093345.
start listen on 192.168.1.101:47957
@tracker All of 1 nodes getting started
@tracker All nodes finishes job
Trial 644 finished with value: 0.6942263131729346 and parameters: {'objective': 'reg:squarederror', 'tree_method': 'gpu_hist', 'lambda': 0.16738742843867863, 'alpha': 0.07964856290015344, 'colsample_bytree': 0.5272621377004799, 'subsample': 0.7005571714191989, 'learning_rate': 0.010886758490685444, 'max_depth': 20, 'min_child_weight': 157, 'eval_metric': 'rmse'}. Best is trial 140 with value: 0.693976497093345.
start listen on 192.168.1.101:40763
@tracker All of 1 nodes getting started
@tracker All nodes finishes job
Trial 645 finished with value: 0.6943214936925651 and parameters: {'objective': 'reg:squarederror', 'tree_method': 'gpu_hist', 'lambda': 0.1546989942364137, 'alpha': 0.13214477782287237, 'colsample_bytree': 0.5374812484555376, 'subsample': 0.7117997554203411, 'learning_rate': 0.011978561936014827, 'max_depth': 20, 'min_child_weight': 163, 'eval_metric': 'rmse'}. Best is trial 140 with value: 0.693976497093345.
start listen on 192.168.1.101:60557
@tracker All of 1 nodes getting started
@tracker All nodes finishes job
Trial 646 finished with value: 0.6942575795344548 and parameters: {'objective': 'reg:squarederror', 'tree_method': 'gpu_hist', 'lambda': 0.14376028777966754, 'alpha': 0.10674175561561668, 'colsample_bytree': 0.5018364191524197, 'subsample': 0.6817920298817666, 'learning_rate': 0.011001546862492204, 'max_depth': 17, 'min_child_weight': 152, 'eval_metric': 'rmse'}. Best is trial 140 with value: 0.693976497093345.
start listen on 192.168.1.101:38829
@tracker All of 1 nodes getting started
@tracker All nodes finishes job
Trial 647 finished with value: 0.6946206162008705 and parameters: {'objective': 'reg:squarederror', 'tree_method': 'gpu_hist', 'lambda': 0.5130564314413997, 'alpha': 0.09088679425875683, 'colsample_bytree': 0.5288742971041008, 'subsample': 0.697526887512925, 'learning_rate': 0.01575932621725513, 'max_depth': 20, 'min_child_weight': 174, 'eval_metric': 'rmse'}. Best is trial 140 with value: 0.693976497093345.
start listen on 192.168.1.101:57581
@tracker All of 1 nodes getting started
@tracker All nodes finishes job
Trial 648 finished with value: 0.6943963105343723 and parameters: {'objective': 'reg:squarederror', 'tree_method': 'gpu_hist', 'lambda': 0.020999224814580716, 'alpha': 0.1601993923163254, 'colsample_bytree': 0.5444462729208793, 'subsample': 0.6775435549734636, 'learning_rate': 0.012694458326064369, 'max_depth': 20, 'min_child_weight': 146, 'eval_metric': 'rmse'}. Best is trial 140 with value: 0.693976497093345.
start listen on 192.168.1.101:47337
@tracker All of 1 nodes getting started
@tracker All nodes finishes job
Trial 649 finished with value: 0.694058859796954 and parameters: {'objective': 'reg:squarederror', 'tree_method': 'gpu_hist', 'lambda': 0.3571303404698887, 'alpha': 0.07705732679815067, 'colsample_bytree': 0.5167975122148867, 'subsample': 0.7215641670756245, 'learning_rate': 0.01040280997040394, 'max_depth': 20, 'min_child_weight': 161, 'eval_metric': 'rmse'}. Best is trial 140 with value: 0.693976497093345.
start listen on 192.168.1.101:38215
@tracker All of 1 nodes getting started
@tracker All nodes finishes job
Trial 650 finished with value: 0.6942735778929511 and parameters: {'objective': 'reg:squarederror', 'tree_method': 'gpu_hist', 'lambda': 0.19826610002601486, 'alpha': 0.09489417677724116, 'colsample_bytree': 0.49435198777547373, 'subsample': 0.7336407979446123, 'learning_rate': 0.010853185216151234, 'max_depth': 20, 'min_child_weight': 159, 'eval_metric': 'rmse'}. Best is trial 140 with value: 0.693976497093345.
start listen on 192.168.1.101:44489
@tracker All of 1 nodes getting started
@tracker All nodes finishes job
Trial 651 finished with value: 0.7083609250524839 and parameters: {'objective': 'reg:squarederror', 'tree_method': 'gpu_hist', 'lambda': 0.20488242514530455, 'alpha': 0.07226064233476025, 'colsample_bytree': 0.5156984243552495, 'subsample': 0.7407328652456102, 'learning_rate': 0.01190350139865314, 'max_depth': 3, 'min_child_weight': 151, 'eval_metric': 'rmse'}. Best is trial 140 with value: 0.693976497093345.
start listen on 192.168.1.101:34129
@tracker All of 1 nodes getting started
@tracker All nodes finishes job
Trial 652 finished with value: 0.6945652237145523 and parameters: {'objective': 'reg:squarederror', 'tree_method': 'gpu_hist', 'lambda': 0.1279114612866175, 'alpha': 0.8595878057987593, 'colsample_bytree': 0.5028506825239617, 'subsample': 0.7183377161648452, 'learning_rate': 0.014572228300681398, 'max_depth': 20, 'min_child_weight': 162, 'eval_metric': 'rmse'}. Best is trial 140 with value: 0.693976497093345.
start listen on 192.168.1.101:56397
@tracker All of 1 nodes getting started
@tracker All nodes finishes job
Trial 653 finished with value: 0.6943383383311075 and parameters: {'objective': 'reg:squarederror', 'tree_method': 'gpu_hist', 'lambda': 0.6108419631030084, 'alpha': 0.11906759267598366, 'colsample_bytree': 0.5148492803608011, 'subsample': 0.7574647058092848, 'learning_rate': 0.013344997664147125, 'max_depth': 20, 'min_child_weight': 155, 'eval_metric': 'rmse'}. Best is trial 140 with value: 0.693976497093345.
start listen on 192.168.1.101:59623
@tracker All of 1 nodes getting started
@tracker All nodes finishes job
Trial 654 finished with value: 0.6942216659225936 and parameters: {'objective': 'reg:squarederror', 'tree_method': 'gpu_hist', 'lambda': 0.18772082026178233, 'alpha': 0.13994664733210171, 'colsample_bytree': 0.4813733627234076, 'subsample': 0.7223131538371317, 'learning_rate': 0.009546893139722576, 'max_depth': 20, 'min_child_weight': 148, 'eval_metric': 'rmse'}. Best is trial 140 with value: 0.693976497093345.
start listen on 192.168.1.101:40891
@tracker All of 1 nodes getting started
@tracker All nodes finishes job
Trial 655 finished with value: 0.6941995354367743 and parameters: {'objective': 'reg:squarederror', 'tree_method': 'gpu_hist', 'lambda': 0.15755306572761812, 'alpha': 0.10046832008836341, 'colsample_bytree': 0.5196757965854035, 'subsample': 0.6919554207725269, 'learning_rate': 0.010600125778716609, 'max_depth': 20, 'min_child_weight': 164, 'eval_metric': 'rmse'}. Best is trial 140 with value: 0.693976497093345.
start listen on 192.168.1.101:55039
@tracker All of 1 nodes getting started
@tracker All nodes finishes job
Trial 656 finished with value: 0.6942632631362533 and parameters: {'objective': 'reg:squarederror', 'tree_method': 'gpu_hist', 'lambda': 0.3100751488310392, 'alpha': 0.0760020004194648, 'colsample_bytree': 0.456398513629028, 'subsample': 0.7283183813488014, 'learning_rate': 0.011747748713970182, 'max_depth': 20, 'min_child_weight': 157, 'eval_metric': 'rmse'}. Best is trial 140 with value: 0.693976497093345.
start listen on 192.168.1.101:53047
@tracker All of 1 nodes getting started
@tracker All nodes finishes job
Trial 657 finished with value: 0.6948532604549937 and parameters: {'objective': 'reg:squarederror', 'tree_method': 'gpu_hist', 'lambda': 0.3221646485338961, 'alpha': 0.12139931879817331, 'colsample_bytree': 0.5303691282484209, 'subsample': 0.6729207247462448, 'learning_rate': 0.008460091910076652, 'max_depth': 13, 'min_child_weight': 126, 'eval_metric': 'rmse'}. Best is trial 140 with value: 0.693976497093345.
start listen on 192.168.1.101:34559
@tracker All of 1 nodes getting started
@tracker All nodes finishes job
Trial 658 finished with value: 0.6951806203747819 and parameters: {'objective': 'reg:squarederror', 'tree_method': 'gpu_hist', 'lambda': 0.1918417608056339, 'alpha': 0.08525642195007799, 'colsample_bytree': 0.5101718066175047, 'subsample': 0.6492116623011224, 'learning_rate': 0.01762655418721285, 'max_depth': 20, 'min_child_weight': 168, 'eval_metric': 'rmse'}. Best is trial 140 with value: 0.693976497093345.
start listen on 192.168.1.101:36625
@tracker All of 1 nodes getting started
@tracker All nodes finishes job
Trial 659 finished with value: 0.6961758308207473 and parameters: {'objective': 'reg:squarederror', 'tree_method': 'gpu_hist', 'lambda': 0.12345647643094278, 'alpha': 0.14972158858688123, 'colsample_bytree': 0.4949524387979309, 'subsample': 0.609188732643454, 'learning_rate': 0.010129374244511956, 'max_depth': 9, 'min_child_weight': 144, 'eval_metric': 'rmse'}. Best is trial 140 with value: 0.693976497093345.
start listen on 192.168.1.101:40993
@tracker All of 1 nodes getting started
@tracker All nodes finishes job
Trial 660 finished with value: 0.7494545684181289 and parameters: {'objective': 'reg:squarederror', 'tree_method': 'gpu_hist', 'lambda': 0.3542706320352656, 'alpha': 0.10018546220906997, 'colsample_bytree': 0.5395490049640794, 'subsample': 0.7061431742004057, 'learning_rate': 0.003317733434463438, 'max_depth': 20, 'min_child_weight': 135, 'eval_metric': 'rmse'}. Best is trial 140 with value: 0.693976497093345.
start listen on 192.168.1.101:52565
@tracker All of 1 nodes getting started
@tracker All nodes finishes job
Trial 661 finished with value: 0.6942057164000868 and parameters: {'objective': 'reg:squarederror', 'tree_method': 'gpu_hist', 'lambda': 0.7574150799938164, 'alpha': 0.5795157378735393, 'colsample_bytree': 0.472073633455547, 'subsample': 0.6833080809809029, 'learning_rate': 0.012483565066807424, 'max_depth': 20, 'min_child_weight': 161, 'eval_metric': 'rmse'}. Best is trial 140 with value: 0.693976497093345.
start listen on 192.168.1.101:60095
@tracker All of 1 nodes getting started
@tracker All nodes finishes job
Trial 662 finished with value: 0.6988030398554275 and parameters: {'objective': 'reg:squarederror', 'tree_method': 'gpu_hist', 'lambda': 0.12391238370633575, 'alpha': 0.11246061793426508, 'colsample_bytree': 0.5211391374607038, 'subsample': 0.6655333089209393, 'learning_rate': 0.009299595579091909, 'max_depth': 7, 'min_child_weight': 151, 'eval_metric': 'rmse'}. Best is trial 140 with value: 0.693976497093345.
start listen on 192.168.1.101:35041
@tracker All of 1 nodes getting started
@tracker All nodes finishes job
Trial 663 finished with value: 0.694147184123531 and parameters: {'objective': 'reg:squarederror', 'tree_method': 'gpu_hist', 'lambda': 0.1595153836572577, 'alpha': 0.02680858760391686, 'colsample_bytree': 0.5374965905424652, 'subsample': 0.7159001238957045, 'learning_rate': 0.011146781012431802, 'max_depth': 20, 'min_child_weight': 140, 'eval_metric': 'rmse'}. Best is trial 140 with value: 0.693976497093345.
start listen on 192.168.1.101:46327
@tracker All of 1 nodes getting started
@tracker All nodes finishes job
Trial 664 finished with value: 0.6946738698310551 and parameters: {'objective': 'reg:squarederror', 'tree_method': 'gpu_hist', 'lambda': 0.430842434737561, 'alpha': 0.07756204527032505, 'colsample_bytree': 0.529831077684474, 'subsample': 0.6924564857356311, 'learning_rate': 0.013418125020325645, 'max_depth': 11, 'min_child_weight': 167, 'eval_metric': 'rmse'}. Best is trial 140 with value: 0.693976497093345.
start listen on 192.168.1.101:33309
@tracker All of 1 nodes getting started
@tracker All nodes finishes job
Trial 665 finished with value: 0.6940410787281784 and parameters: {'objective': 'reg:squarederror', 'tree_method': 'gpu_hist', 'lambda': 0.09961425572270426, 'alpha': 0.14942899973098384, 'colsample_bytree': 0.5051859991245472, 'subsample': 0.6760985812773075, 'learning_rate': 0.010348614081670558, 'max_depth': 20, 'min_child_weight': 156, 'eval_metric': 'rmse'}. Best is trial 140 with value: 0.693976497093345.
start listen on 192.168.1.101:46021
@tracker All of 1 nodes getting started
@tracker All nodes finishes job
Trial 666 finished with value: 0.6941303266533181 and parameters: {'objective': 'reg:squarederror', 'tree_method': 'gpu_hist', 'lambda': 0.0845396894483449, 'alpha': 0.15757590749382316, 'colsample_bytree': 0.4824601668938734, 'subsample': 0.6801896601378894, 'learning_rate': 0.009992782780178294, 'max_depth': 20, 'min_child_weight': 157, 'eval_metric': 'rmse'}. Best is trial 140 with value: 0.693976497093345.
start listen on 192.168.1.101:44031
@tracker All of 1 nodes getting started
@tracker All nodes finishes job
Trial 667 finished with value: 0.6945695736180006 and parameters: {'objective': 'reg:squarederror', 'tree_method': 'gpu_hist', 'lambda': 0.11146491837883538, 'alpha': 0.13715359083267203, 'colsample_bytree': 0.49616792611959654, 'subsample': 0.695590534506742, 'learning_rate': 0.0076796772533187455, 'max_depth': 20, 'min_child_weight': 161, 'eval_metric': 'rmse'}. Best is trial 140 with value: 0.693976497093345.
start listen on 192.168.1.101:40943
@tracker All of 1 nodes getting started
@tracker All nodes finishes job
Trial 668 finished with value: 0.6942874051392822 and parameters: {'objective': 'reg:squarederror', 'tree_method': 'gpu_hist', 'lambda': 0.13168019946810017, 'alpha': 0.15725533168623834, 'colsample_bytree': 0.5059456705291391, 'subsample': 0.7071297158828866, 'learning_rate': 0.008972170909557634, 'max_depth': 20, 'min_child_weight': 155, 'eval_metric': 'rmse'}. Best is trial 140 with value: 0.693976497093345.
start listen on 192.168.1.101:45075
@tracker All of 1 nodes getting started
@tracker All nodes finishes job
Trial 669 finished with value: 0.6942599024182855 and parameters: {'objective': 'reg:squarederror', 'tree_method': 'gpu_hist', 'lambda': 0.08308031404798064, 'alpha': 0.13385929966015958, 'colsample_bytree': 0.4998681550714956, 'subsample': 0.6763331490832772, 'learning_rate': 0.01122776965469382, 'max_depth': 20, 'min_child_weight': 168, 'eval_metric': 'rmse'}. Best is trial 140 with value: 0.693976497093345.
start listen on 192.168.1.101:44339
@tracker All of 1 nodes getting started
@tracker All nodes finishes job
Trial 670 finished with value: 0.6945365375586678 and parameters: {'objective': 'reg:squarederror', 'tree_method': 'gpu_hist', 'lambda': 0.2658051524277138, 'alpha': 0.10872325981217139, 'colsample_bytree': 0.48450263217030715, 'subsample': 0.4279660651765836, 'learning_rate': 0.010618950162838045, 'max_depth': 20, 'min_child_weight': 152, 'eval_metric': 'rmse'}. Best is trial 140 with value: 0.693976497093345.
start listen on 192.168.1.101:52321
@tracker All of 1 nodes getting started
@tracker All nodes finishes job
