Trial 83 finished with value: 0.6942152202684984 and parameters: {'objective': 'reg:squarederror', 'tree_method': 'gpu_hist', 'lambda': 0.02737319338159153, 'alpha': 9.81066845339856, 'colsample_bytree': 0.4132268153415544, 'subsample': 0.9719275694129795, 'learning_rate': 0.017713184488475045, 'max_depth': 17, 'min_child_weight': 190, 'eval_metric': 'rmse'}. Best is trial 81 with value: 0.6941099503148108.
start listen on 192.168.1.101:43781
@tracker All of 1 nodes getting started
@tracker All nodes finishes job
Trial 84 finished with value: 0.694475132585409 and parameters: {'objective': 'reg:squarederror', 'tree_method': 'gpu_hist', 'lambda': 0.02878595889820682, 'alpha': 9.959017105037058, 'colsample_bytree': 0.3511609588629618, 'subsample': 0.9732682820265879, 'learning_rate': 0.01859124396302581, 'max_depth': 17, 'min_child_weight': 162, 'eval_metric': 'rmse'}. Best is trial 81 with value: 0.6941099503148108.
start listen on 192.168.1.101:59615
@tracker All of 1 nodes getting started
@tracker All nodes finishes job
Trial 85 finished with value: 0.6947849246699749 and parameters: {'objective': 'reg:squarederror', 'tree_method': 'gpu_hist', 'lambda': 0.04464353633037997, 'alpha': 6.825709437010648, 'colsample_bytree': 0.32475680659520767, 'subsample': 0.9887046169637239, 'learning_rate': 0.021281164867015697, 'max_depth': 17, 'min_child_weight': 186, 'eval_metric': 'rmse'}. Best is trial 81 with value: 0.6941099503148108.
start listen on 192.168.1.101:56727
@tracker All of 1 nodes getting started
@tracker All nodes finishes job
Trial 86 finished with value: 0.6950348830524862 and parameters: {'objective': 'reg:squarederror', 'tree_method': 'gpu_hist', 'lambda': 0.010946896821366835, 'alpha': 3.417711528733453, 'colsample_bytree': 0.4207925542027333, 'subsample': 0.9563890354237603, 'learning_rate': 0.023249200305365474, 'max_depth': 17, 'min_child_weight': 171, 'eval_metric': 'rmse'}. Best is trial 81 with value: 0.6941099503148108.
start listen on 192.168.1.101:37317
@tracker All of 1 nodes getting started
@tracker All nodes finishes job
Trial 87 finished with value: 0.6947557058141154 and parameters: {'objective': 'reg:squarederror', 'tree_method': 'gpu_hist', 'lambda': 0.025292223936740806, 'alpha': 2.0006763162753365, 'colsample_bytree': 0.38208549352888427, 'subsample': 0.944146645996425, 'learning_rate': 0.009201562499870156, 'max_depth': 17, 'min_child_weight': 147, 'eval_metric': 'rmse'}. Best is trial 81 with value: 0.6941099503148108.
start listen on 192.168.1.101:47999
@tracker All of 1 nodes getting started
@tracker All nodes finishes job
Trial 88 finished with value: 0.6944375372876355 and parameters: {'objective': 'reg:squarederror', 'tree_method': 'gpu_hist', 'lambda': 0.019920630479663557, 'alpha': 7.2734920316188925, 'colsample_bytree': 0.458123381183172, 'subsample': 0.928695878515096, 'learning_rate': 0.012972191349853168, 'max_depth': 17, 'min_child_weight': 187, 'eval_metric': 'rmse'}. Best is trial 81 with value: 0.6941099503148108.
start listen on 192.168.1.101:51991
@tracker All of 1 nodes getting started
@tracker All nodes finishes job
Trial 89 finished with value: 0.7030638918340977 and parameters: {'objective': 'reg:squarederror', 'tree_method': 'gpu_hist', 'lambda': 0.03388617333967171, 'alpha': 4.2027154033429435, 'colsample_bytree': 0.40374623656388187, 'subsample': 0.8942401046990676, 'learning_rate': 0.010651907614425103, 'max_depth': 5, 'min_child_weight': 132, 'eval_metric': 'rmse'}. Best is trial 81 with value: 0.6941099503148108.
start listen on 192.168.1.101:37823
@tracker All of 1 nodes getting started
@tracker All nodes finishes job
Trial 90 finished with value: 0.7029531807292132 and parameters: {'objective': 'reg:squarederror', 'tree_method': 'gpu_hist', 'lambda': 0.008242414869647382, 'alpha': 4.827016375091673, 'colsample_bytree': 0.36786070277317207, 'subsample': 0.840402944882787, 'learning_rate': 0.031934872533117276, 'max_depth': 3, 'min_child_weight': 161, 'eval_metric': 'rmse'}. Best is trial 81 with value: 0.6941099503148108.
start listen on 192.168.1.101:42769
@tracker All of 1 nodes getting started
@tracker All nodes finishes job
Trial 91 finished with value: 0.6945366808796888 and parameters: {'objective': 'reg:squarederror', 'tree_method': 'gpu_hist', 'lambda': 0.05085471949935759, 'alpha': 6.197247627575987, 'colsample_bytree': 0.33253174600876234, 'subsample': 0.9148835273646053, 'learning_rate': 0.016704371169703774, 'max_depth': 17, 'min_child_weight': 199, 'eval_metric': 'rmse'}. Best is trial 81 with value: 0.6941099503148108.
start listen on 192.168.1.101:58979
@tracker All of 1 nodes getting started
@tracker All nodes finishes job
Trial 92 finished with value: 0.6942092857993748 and parameters: {'objective': 'reg:squarederror', 'tree_method': 'gpu_hist', 'lambda': 0.01312505968078021, 'alpha': 9.423572408396712, 'colsample_bytree': 0.36494323871239537, 'subsample': 0.8641227144927468, 'learning_rate': 0.014852705028255909, 'max_depth': 17, 'min_child_weight': 177, 'eval_metric': 'rmse'}. Best is trial 81 with value: 0.6941099503148108.
start listen on 192.168.1.101:48931
@tracker All of 1 nodes getting started
@tracker All nodes finishes job
Trial 93 finished with value: 0.694650208848321 and parameters: {'objective': 'reg:squarederror', 'tree_method': 'gpu_hist', 'lambda': 0.012408755376587493, 'alpha': 9.59923799201515, 'colsample_bytree': 0.30029169835153974, 'subsample': 0.9640797132564544, 'learning_rate': 0.014915361121062218, 'max_depth': 17, 'min_child_weight': 179, 'eval_metric': 'rmse'}. Best is trial 81 with value: 0.6941099503148108.
start listen on 192.168.1.101:52061
@tracker All of 1 nodes getting started
@tracker All nodes finishes job
Trial 94 finished with value: 0.6946363681961828 and parameters: {'objective': 'reg:squarederror', 'tree_method': 'gpu_hist', 'lambda': 0.01766124819169581, 'alpha': 1.550248391295221, 'colsample_bytree': 0.36466697307315166, 'subsample': 0.8688745101274534, 'learning_rate': 0.018426175459663446, 'max_depth': 17, 'min_child_weight': 168, 'eval_metric': 'rmse'}. Best is trial 81 with value: 0.6941099503148108.
start listen on 192.168.1.101:48161
@tracker All of 1 nodes getting started
@tracker All nodes finishes job
Trial 95 finished with value: 0.6950573060388503 and parameters: {'objective': 'reg:squarederror', 'tree_method': 'gpu_hist', 'lambda': 0.02738913062067478, 'alpha': 7.977862783859341, 'colsample_bytree': 0.4281870368896402, 'subsample': 0.9870109316493475, 'learning_rate': 0.025603050777883263, 'max_depth': 17, 'min_child_weight': 177, 'eval_metric': 'rmse'}. Best is trial 81 with value: 0.6941099503148108.
start listen on 192.168.1.101:40695
@tracker All of 1 nodes getting started
@tracker All nodes finishes job
Trial 96 finished with value: 0.6945673764217971 and parameters: {'objective': 'reg:squarederror', 'tree_method': 'gpu_hist', 'lambda': 0.03623187551458659, 'alpha': 4.56716867749046, 'colsample_bytree': 0.38593720945051013, 'subsample': 0.8896968577485381, 'learning_rate': 0.021774225199554246, 'max_depth': 15, 'min_child_weight': 196, 'eval_metric': 'rmse'}. Best is trial 81 with value: 0.6941099503148108.
start listen on 192.168.1.101:38867
@tracker All of 1 nodes getting started
@tracker All nodes finishes job
Trial 97 finished with value: 0.6947582916699494 and parameters: {'objective': 'reg:squarederror', 'tree_method': 'gpu_hist', 'lambda': 0.008553019132532156, 'alpha': 3.4126880591551254, 'colsample_bytree': 0.3492979390327181, 'subsample': 0.9386578713644022, 'learning_rate': 0.013042237447189867, 'max_depth': 17, 'min_child_weight': 215, 'eval_metric': 'rmse'}. Best is trial 81 with value: 0.6941099503148108.
start listen on 192.168.1.101:36793
@tracker All of 1 nodes getting started
@tracker All nodes finishes job
Trial 98 finished with value: 0.6953337919085448 and parameters: {'objective': 'reg:squarederror', 'tree_method': 'gpu_hist', 'lambda': 0.10229309852803381, 'alpha': 2.7192282085045516, 'colsample_bytree': 0.47023124848318115, 'subsample': 0.8521531781362756, 'learning_rate': 0.01907191046550971, 'max_depth': 9, 'min_child_weight': 155, 'eval_metric': 'rmse'}. Best is trial 81 with value: 0.6941099503148108.
start listen on 192.168.1.101:50319
@tracker All of 1 nodes getting started
@tracker All nodes finishes job
Trial 99 finished with value: 0.6941298374419759 and parameters: {'objective': 'reg:squarederror', 'tree_method': 'gpu_hist', 'lambda': 0.021605118559124795, 'alpha': 7.3579704100148975, 'colsample_bytree': 0.4457535022612137, 'subsample': 0.9039427346038896, 'learning_rate': 0.014449582551384363, 'max_depth': 17, 'min_child_weight': 143, 'eval_metric': 'rmse'}. Best is trial 81 with value: 0.6941099503148108.
start listen on 192.168.1.101:41535
@tracker All of 1 nodes getting started
@tracker All nodes finishes job
Trial 100 finished with value: 0.7039491393612933 and parameters: {'objective': 'reg:squarederror', 'tree_method': 'gpu_hist', 'lambda': 0.021590045645733996, 'alpha': 9.995290478809656, 'colsample_bytree': 0.4436840580091314, 'subsample': 0.9004598650010487, 'learning_rate': 0.09628036425624711, 'max_depth': 11, 'min_child_weight': 101, 'eval_metric': 'rmse'}. Best is trial 81 with value: 0.6941099503148108.
start listen on 192.168.1.101:58067
@tracker All of 1 nodes getting started
@tracker All nodes finishes job
Trial 101 finished with value: 0.6942014655342871 and parameters: {'objective': 'reg:squarederror', 'tree_method': 'gpu_hist', 'lambda': 0.06701932220972343, 'alpha': 6.825266749415942, 'colsample_bytree': 0.40911434867098184, 'subsample': 0.9510674222405532, 'learning_rate': 0.014679897494347621, 'max_depth': 17, 'min_child_weight': 127, 'eval_metric': 'rmse'}. Best is trial 81 with value: 0.6941099503148108.
start listen on 192.168.1.101:42239
@tracker All of 1 nodes getting started
@tracker All nodes finishes job
Trial 102 finished with value: 0.6943656522550896 and parameters: {'objective': 'reg:squarederror', 'tree_method': 'gpu_hist', 'lambda': 0.06681236147795182, 'alpha': 7.089563630995283, 'colsample_bytree': 0.4070601301459404, 'subsample': 0.9509958962395686, 'learning_rate': 0.01252172031802851, 'max_depth': 17, 'min_child_weight': 143, 'eval_metric': 'rmse'}. Best is trial 81 with value: 0.6941099503148108.
start listen on 192.168.1.101:35221
@tracker All of 1 nodes getting started
@tracker All nodes finishes job
Trial 103 finished with value: 0.6948631806325061 and parameters: {'objective': 'reg:squarederror', 'tree_method': 'gpu_hist', 'lambda': 0.04926250129912517, 'alpha': 6.5170113282296, 'colsample_bytree': 0.3954082161522353, 'subsample': 0.9992444349308487, 'learning_rate': 0.010837467430837602, 'max_depth': 17, 'min_child_weight': 123, 'eval_metric': 'rmse'}. Best is trial 81 with value: 0.6941099503148108.
start listen on 192.168.1.101:58307
@tracker All of 1 nodes getting started
@tracker All nodes finishes job
Trial 104 finished with value: 0.6944206681116302 and parameters: {'objective': 'reg:squarederror', 'tree_method': 'gpu_hist', 'lambda': 0.01390834986783018, 'alpha': 8.02351434626254, 'colsample_bytree': 0.37889723227603006, 'subsample': 0.9228531627005898, 'learning_rate': 0.014730375270282122, 'max_depth': 17, 'min_child_weight': 129, 'eval_metric': 'rmse'}. Best is trial 81 with value: 0.6941099503148108.
start listen on 192.168.1.101:58851
@tracker All of 1 nodes getting started
@tracker All nodes finishes job
Trial 105 finished with value: 0.6970104423348009 and parameters: {'objective': 'reg:squarederror', 'tree_method': 'gpu_hist', 'lambda': 0.030440992872923317, 'alpha': 3.8967085058547686, 'colsample_bytree': 0.31504543459909923, 'subsample': 0.8807436498760288, 'learning_rate': 0.018056354353061094, 'max_depth': 7, 'min_child_weight': 104, 'eval_metric': 'rmse'}. Best is trial 81 with value: 0.6941099503148108.
start listen on 192.168.1.101:52721
@tracker All of 1 nodes getting started
@tracker All nodes finishes job
Trial 106 finished with value: 0.6943545224388101 and parameters: {'objective': 'reg:squarederror', 'tree_method': 'gpu_hist', 'lambda': 0.03799125779342863, 'alpha': 5.046538328129104, 'colsample_bytree': 0.36663445460350286, 'subsample': 0.856320846951413, 'learning_rate': 0.014189097206147498, 'max_depth': 17, 'min_child_weight': 116, 'eval_metric': 'rmse'}. Best is trial 81 with value: 0.6941099503148108.
start listen on 192.168.1.101:43557
@tracker All of 1 nodes getting started
@tracker All nodes finishes job
Trial 107 finished with value: 0.6943233078383987 and parameters: {'objective': 'reg:squarederror', 'tree_method': 'gpu_hist', 'lambda': 0.02384440896669663, 'alpha': 8.516438453022237, 'colsample_bytree': 0.33628933243879644, 'subsample': 0.9634693231196441, 'learning_rate': 0.017227652898487662, 'max_depth': 17, 'min_child_weight': 139, 'eval_metric': 'rmse'}. Best is trial 81 with value: 0.6941099503148108.
start listen on 192.168.1.101:50979
@tracker All of 1 nodes getting started
@tracker All nodes finishes job
Trial 108 finished with value: 1.290185261426332 and parameters: {'objective': 'reg:squarederror', 'tree_method': 'gpu_hist', 'lambda': 0.08193074203924747, 'alpha': 8.106865971095491, 'colsample_bytree': 0.3358830237985708, 'subsample': 0.8262734072411658, 'learning_rate': 0.0019340419213844766, 'max_depth': 17, 'min_child_weight': 158, 'eval_metric': 'rmse'}. Best is trial 81 with value: 0.6941099503148108.
start listen on 192.168.1.101:55999
@tracker All of 1 nodes getting started
@tracker All nodes finishes job
Trial 109 finished with value: 0.7090216483048516 and parameters: {'objective': 'reg:squarederror', 'tree_method': 'gpu_hist', 'lambda': 0.12199054782350867, 'alpha': 6.009337910098866, 'colsample_bytree': 0.4252760401161132, 'subsample': 0.909487237877982, 'learning_rate': 0.011515648663087744, 'max_depth': 3, 'min_child_weight': 149, 'eval_metric': 'rmse'}. Best is trial 81 with value: 0.6941099503148108.
start listen on 192.168.1.101:55059
@tracker All of 1 nodes getting started
@tracker All nodes finishes job
Trial 110 finished with value: 0.7003712896185428 and parameters: {'objective': 'reg:squarederror', 'tree_method': 'gpu_hist', 'lambda': 0.004426508119194155, 'alpha': 3.3145374526785965, 'colsample_bytree': 0.40805063743968184, 'subsample': 0.9521207673482022, 'learning_rate': 0.01718520530954869, 'max_depth': 5, 'min_child_weight': 112, 'eval_metric': 'rmse'}. Best is trial 81 with value: 0.6941099503148108.
start listen on 192.168.1.101:59415
@tracker All of 1 nodes getting started
@tracker All nodes finishes job
Trial 111 finished with value: 0.694476837107134 and parameters: {'objective': 'reg:squarederror', 'tree_method': 'gpu_hist', 'lambda': 0.02279724310108584, 'alpha': 8.765820801357988, 'colsample_bytree': 0.35670801395224927, 'subsample': 0.9671120185608186, 'learning_rate': 0.020204922825482266, 'max_depth': 17, 'min_child_weight': 175, 'eval_metric': 'rmse'}. Best is trial 81 with value: 0.6941099503148108.
start listen on 192.168.1.101:37715
@tracker All of 1 nodes getting started
@tracker All nodes finishes job
Trial 112 finished with value: 0.6944992084584719 and parameters: {'objective': 'reg:squarederror', 'tree_method': 'gpu_hist', 'lambda': 0.017513737894210755, 'alpha': 6.848010760400809, 'colsample_bytree': 0.3182458838505323, 'subsample': 0.9840628419861328, 'learning_rate': 0.015971457846769305, 'max_depth': 17, 'min_child_weight': 168, 'eval_metric': 'rmse'}. Best is trial 81 with value: 0.6941099503148108.
start listen on 192.168.1.101:34787
@tracker All of 1 nodes getting started
@tracker All nodes finishes job
Trial 113 finished with value: 0.6953207324861105 and parameters: {'objective': 'reg:squarederror', 'tree_method': 'gpu_hist', 'lambda': 0.058018087189738526, 'alpha': 4.466385646527416, 'colsample_bytree': 0.34037691192227243, 'subsample': 0.8865888992884733, 'learning_rate': 0.022887824623727272, 'max_depth': 17, 'min_child_weight': 138, 'eval_metric': 'rmse'}. Best is trial 81 with value: 0.6941099503148108.
start listen on 192.168.1.101:57453
@tracker All of 1 nodes getting started
@tracker All nodes finishes job
Trial 114 finished with value: 0.6943444581367887 and parameters: {'objective': 'reg:squarederror', 'tree_method': 'gpu_hist', 'lambda': 0.04051563897015103, 'alpha': 9.886458787676585, 'colsample_bytree': 0.37743526643514, 'subsample': 0.9022295379935756, 'learning_rate': 0.014273479363624823, 'max_depth': 17, 'min_child_weight': 152, 'eval_metric': 'rmse'}. Best is trial 81 with value: 0.6941099503148108.
start listen on 192.168.1.101:49413
@tracker All of 1 nodes getting started
@tracker All nodes finishes job
Trial 115 finished with value: 0.6945937022197014 and parameters: {'objective': 'reg:squarederror', 'tree_method': 'gpu_hist', 'lambda': 0.029235336173813645, 'alpha': 5.508489085715522, 'colsample_bytree': 0.3932421671737096, 'subsample': 0.9417384248875508, 'learning_rate': 0.020175051467979644, 'max_depth': 17, 'min_child_weight': 94, 'eval_metric': 'rmse'}. Best is trial 81 with value: 0.6941099503148108.
start listen on 192.168.1.101:44395
@tracker All of 1 nodes getting started
@tracker All nodes finishes job
Trial 116 finished with value: 0.6946381297845665 and parameters: {'objective': 'reg:squarederror', 'tree_method': 'gpu_hist', 'lambda': 0.014802659015876603, 'alpha': 2.5184524918505744, 'colsample_bytree': 0.44820884367689945, 'subsample': 0.866050878460003, 'learning_rate': 0.00990671971630544, 'max_depth': 17, 'min_child_weight': 189, 'eval_metric': 'rmse'}. Best is trial 81 with value: 0.6941099503148108.
start listen on 192.168.1.101:34469
@tracker All of 1 nodes getting started
@tracker All nodes finishes job
Trial 117 finished with value: 0.695021794183428 and parameters: {'objective': 'reg:squarederror', 'tree_method': 'gpu_hist', 'lambda': 0.011269401105262714, 'alpha': 7.725369027511275, 'colsample_bytree': 0.35166555895353785, 'subsample': 0.925210355538246, 'learning_rate': 0.012374606772552392, 'max_depth': 17, 'min_child_weight': 181, 'eval_metric': 'rmse'}. Best is trial 81 with value: 0.6941099503148108.
start listen on 192.168.1.101:45409
@tracker All of 1 nodes getting started
@tracker All nodes finishes job
Trial 118 finished with value: 0.6941909714463951 and parameters: {'objective': 'reg:squarederror', 'tree_method': 'gpu_hist', 'lambda': 0.02025621238456175, 'alpha': 6.346968359894651, 'colsample_bytree': 0.43488926483286633, 'subsample': 0.9773028742690364, 'learning_rate': 0.017253651446847228, 'max_depth': 15, 'min_child_weight': 164, 'eval_metric': 'rmse'}. Best is trial 81 with value: 0.6941099503148108.
start listen on 192.168.1.101:54491
@tracker All of 1 nodes getting started
@tracker All nodes finishes job
Trial 119 finished with value: 0.6956497276533693 and parameters: {'objective': 'reg:squarederror', 'tree_method': 'gpu_hist', 'lambda': 0.021049826119176714, 'alpha': 3.7831378627054435, 'colsample_bytree': 0.4865091981578849, 'subsample': 0.9796018155190974, 'learning_rate': 0.007897271972145995, 'max_depth': 15, 'min_child_weight': 139, 'eval_metric': 'rmse'}. Best is trial 81 with value: 0.6941099503148108.
start listen on 192.168.1.101:57113
@tracker All of 1 nodes getting started
@tracker All nodes finishes job
Trial 120 finished with value: 0.6942805753647218 and parameters: {'objective': 'reg:squarederror', 'tree_method': 'gpu_hist', 'lambda': 0.06674302886296499, 'alpha': 4.881421378787369, 'colsample_bytree': 0.4355119901819746, 'subsample': 0.9597364212677433, 'learning_rate': 0.016641566294215523, 'max_depth': 15, 'min_child_weight': 129, 'eval_metric': 'rmse'}. Best is trial 81 with value: 0.6941099503148108.
start listen on 192.168.1.101:36357
@tracker All of 1 nodes getting started
@tracker All nodes finishes job
Trial 121 finished with value: 0.6943130270775655 and parameters: {'objective': 'reg:squarederror', 'tree_method': 'gpu_hist', 'lambda': 0.06914297914776617, 'alpha': 5.3532213280288214, 'colsample_bytree': 0.44038924916042455, 'subsample': 0.9567863413140627, 'learning_rate': 0.016186184280379337, 'max_depth': 15, 'min_child_weight': 143, 'eval_metric': 'rmse'}. Best is trial 81 with value: 0.6941099503148108.
start listen on 192.168.1.101:56875
@tracker All of 1 nodes getting started
@tracker All nodes finishes job
Trial 122 finished with value: 0.694257116626059 and parameters: {'objective': 'reg:squarederror', 'tree_method': 'gpu_hist', 'lambda': 0.06160012044877768, 'alpha': 6.2358810904246855, 'colsample_bytree': 0.469985180243665, 'subsample': 0.956753772255431, 'learning_rate': 0.016591427607672533, 'max_depth': 15, 'min_child_weight': 131, 'eval_metric': 'rmse'}. Best is trial 81 with value: 0.6941099503148108.
start listen on 192.168.1.101:46741
@tracker All of 1 nodes getting started
@tracker All nodes finishes job
Trial 123 finished with value: 0.694269349229207 and parameters: {'objective': 'reg:squarederror', 'tree_method': 'gpu_hist', 'lambda': 0.09247249167255003, 'alpha': 5.157319660429191, 'colsample_bytree': 0.4720905162602619, 'subsample': 0.9525990704615427, 'learning_rate': 0.013352487574168521, 'max_depth': 15, 'min_child_weight': 128, 'eval_metric': 'rmse'}. Best is trial 81 with value: 0.6941099503148108.
start listen on 192.168.1.101:42969
@tracker All of 1 nodes getting started
@tracker All nodes finishes job
Trial 124 finished with value: 0.6943472567546619 and parameters: {'objective': 'reg:squarederror', 'tree_method': 'gpu_hist', 'lambda': 0.08731530951340827, 'alpha': 5.016657513681519, 'colsample_bytree': 0.4729525325848461, 'subsample': 0.9553745713115165, 'learning_rate': 0.013634236219489757, 'max_depth': 15, 'min_child_weight': 128, 'eval_metric': 'rmse'}. Best is trial 81 with value: 0.6941099503148108.
start listen on 192.168.1.101:49319
@tracker All of 1 nodes getting started
@tracker All nodes finishes job
