Trial 797 finished with value: 0.6942603626195386 and parameters: {'objective': 'reg:squarederror', 'tree_method': 'gpu_hist', 'lambda': 0.028520942661097327, 'alpha': 3.3476834167738474, 'colsample_bytree': 0.4984101991817211, 'subsample': 0.6907482937926169, 'learning_rate': 0.011163284884899226, 'max_depth': 20, 'min_child_weight': 162, 'eval_metric': 'rmse'}. Best is trial 717 with value: 0.6938795554678486.
start listen on 192.168.1.101:47253
@tracker All of 1 nodes getting started
@tracker All nodes finishes job
Trial 798 finished with value: 0.6939668863442388 and parameters: {'objective': 'reg:squarederror', 'tree_method': 'gpu_hist', 'lambda': 0.02085185368574982, 'alpha': 0.08960722337395705, 'colsample_bytree': 0.5648502489289174, 'subsample': 0.6762836948901223, 'learning_rate': 0.009620124985855707, 'max_depth': 20, 'min_child_weight': 144, 'eval_metric': 'rmse'}. Best is trial 717 with value: 0.6938795554678486.
start listen on 192.168.1.101:33009
@tracker All of 1 nodes getting started
@tracker All nodes finishes job
Trial 799 finished with value: 0.6941007936537499 and parameters: {'objective': 'reg:squarederror', 'tree_method': 'gpu_hist', 'lambda': 0.013300662598256952, 'alpha': 0.04894362995882262, 'colsample_bytree': 0.5616654247747832, 'subsample': 0.6562090921635768, 'learning_rate': 0.009218033945295747, 'max_depth': 20, 'min_child_weight': 142, 'eval_metric': 'rmse'}. Best is trial 717 with value: 0.6938795554678486.
start listen on 192.168.1.101:48329
@tracker All of 1 nodes getting started
@tracker All nodes finishes job
Trial 800 finished with value: 0.6995990241718878 and parameters: {'objective': 'reg:squarederror', 'tree_method': 'gpu_hist', 'lambda': 0.018084949364173156, 'alpha': 0.08276088737529894, 'colsample_bytree': 0.5473017899929679, 'subsample': 0.6713145738352608, 'learning_rate': 0.03199610043038059, 'max_depth': 20, 'min_child_weight': 158, 'eval_metric': 'rmse'}. Best is trial 717 with value: 0.6938795554678486.
start listen on 192.168.1.101:45563
@tracker All of 1 nodes getting started
@tracker All nodes finishes job
Trial 801 finished with value: 0.6942594056007005 and parameters: {'objective': 'reg:squarederror', 'tree_method': 'gpu_hist', 'lambda': 0.01977113136258793, 'alpha': 0.07096335444621776, 'colsample_bytree': 0.5375073298701416, 'subsample': 0.6480551150690949, 'learning_rate': 0.008587150128370245, 'max_depth': 20, 'min_child_weight': 149, 'eval_metric': 'rmse'}. Best is trial 717 with value: 0.6938795554678486.
start listen on 192.168.1.101:56533
@tracker All of 1 nodes getting started
@tracker All nodes finishes job
Trial 802 finished with value: 0.6943260327177124 and parameters: {'objective': 'reg:squarederror', 'tree_method': 'gpu_hist', 'lambda': 0.01487486996159085, 'alpha': 0.02069274155975405, 'colsample_bytree': 0.5557736341211722, 'subsample': 0.6589653400030824, 'learning_rate': 0.008219183771218077, 'max_depth': 20, 'min_child_weight': 155, 'eval_metric': 'rmse'}. Best is trial 717 with value: 0.6938795554678486.
start listen on 192.168.1.101:44189
@tracker All of 1 nodes getting started
@tracker All nodes finishes job
Trial 803 finished with value: 0.6941048043942916 and parameters: {'objective': 'reg:squarederror', 'tree_method': 'gpu_hist', 'lambda': 0.18588361177596294, 'alpha': 0.08538304979297122, 'colsample_bytree': 0.528054779238197, 'subsample': 0.6366750145165246, 'learning_rate': 0.009847366822577249, 'max_depth': 20, 'min_child_weight': 129, 'eval_metric': 'rmse'}. Best is trial 717 with value: 0.6938795554678486.
start listen on 192.168.1.101:40987
@tracker All of 1 nodes getting started
@tracker All nodes finishes job
Trial 804 finished with value: 0.6943561511387414 and parameters: {'objective': 'reg:squarederror', 'tree_method': 'gpu_hist', 'lambda': 0.10964122917390134, 'alpha': 0.06054547011977711, 'colsample_bytree': 0.56731944632376, 'subsample': 0.6760755272544346, 'learning_rate': 0.00881165399784131, 'max_depth': 17, 'min_child_weight': 166, 'eval_metric': 'rmse'}. Best is trial 717 with value: 0.6938795554678486.
start listen on 192.168.1.101:51927
@tracker All of 1 nodes getting started
@tracker All nodes finishes job
Trial 805 finished with value: 0.7029058136970766 and parameters: {'objective': 'reg:squarederror', 'tree_method': 'gpu_hist', 'lambda': 0.07735852374031192, 'alpha': 0.09703929854092262, 'colsample_bytree': 0.5148421311063128, 'subsample': 0.6813681855807746, 'learning_rate': 0.009598183380813533, 'max_depth': 5, 'min_child_weight': 172, 'eval_metric': 'rmse'}. Best is trial 717 with value: 0.6938795554678486.
start listen on 192.168.1.101:35705
@tracker All of 1 nodes getting started
@tracker All nodes finishes job
Trial 806 finished with value: 0.6941917107411071 and parameters: {'objective': 'reg:squarederror', 'tree_method': 'gpu_hist', 'lambda': 0.00893596055496341, 'alpha': 0.13153002134969474, 'colsample_bytree': 0.5407764169474618, 'subsample': 0.6643119766726914, 'learning_rate': 0.010466256411216292, 'max_depth': 20, 'min_child_weight': 186, 'eval_metric': 'rmse'}. Best is trial 717 with value: 0.6938795554678486.
start listen on 192.168.1.101:40129
@tracker All of 1 nodes getting started
@tracker All nodes finishes job
Trial 807 finished with value: 0.6942345956792835 and parameters: {'objective': 'reg:squarederror', 'tree_method': 'gpu_hist', 'lambda': 0.02212994386630974, 'alpha': 0.044052104253610246, 'colsample_bytree': 0.5028654393284987, 'subsample': 0.7076540368775484, 'learning_rate': 0.0119591901785226, 'max_depth': 20, 'min_child_weight': 140, 'eval_metric': 'rmse'}. Best is trial 717 with value: 0.6938795554678486.
start listen on 192.168.1.101:52925
@tracker All of 1 nodes getting started
@tracker All nodes finishes job
Trial 808 finished with value: 0.694609232206588 and parameters: {'objective': 'reg:squarederror', 'tree_method': 'gpu_hist', 'lambda': 0.15055965325586967, 'alpha': 0.028533954214918826, 'colsample_bytree': 0.5624450519785018, 'subsample': 0.6946800766410098, 'learning_rate': 0.015216256644081728, 'max_depth': 20, 'min_child_weight': 162, 'eval_metric': 'rmse'}. Best is trial 717 with value: 0.6938795554678486.
start listen on 192.168.1.101:53763
@tracker All of 1 nodes getting started
@tracker All nodes finishes job
Trial 809 finished with value: 0.6944108804281639 and parameters: {'objective': 'reg:squarederror', 'tree_method': 'gpu_hist', 'lambda': 0.04783073230755023, 'alpha': 0.07749994305100519, 'colsample_bytree': 0.48039508501023476, 'subsample': 0.6814614836668651, 'learning_rate': 0.007940895688546029, 'max_depth': 20, 'min_child_weight': 148, 'eval_metric': 'rmse'}. Best is trial 717 with value: 0.6938795554678486.
start listen on 192.168.1.101:48553
@tracker All of 1 nodes getting started
@tracker All nodes finishes job
Trial 810 finished with value: 0.6942135951818483 and parameters: {'objective': 'reg:squarederror', 'tree_method': 'gpu_hist', 'lambda': 0.09120710490990416, 'alpha': 0.055595365390205535, 'colsample_bytree': 0.5264187210443813, 'subsample': 0.621119403566281, 'learning_rate': 0.010075481289967846, 'max_depth': 20, 'min_child_weight': 179, 'eval_metric': 'rmse'}. Best is trial 717 with value: 0.6938795554678486.
start listen on 192.168.1.101:46425
@tracker All of 1 nodes getting started
@tracker All nodes finishes job
Trial 811 finished with value: 0.6942451715767463 and parameters: {'objective': 'reg:squarederror', 'tree_method': 'gpu_hist', 'lambda': 0.06506345401733932, 'alpha': 0.1525939946958131, 'colsample_bytree': 0.5434266551518626, 'subsample': 0.7213480915199143, 'learning_rate': 0.01118876012908396, 'max_depth': 20, 'min_child_weight': 155, 'eval_metric': 'rmse'}. Best is trial 717 with value: 0.6938795554678486.
start listen on 192.168.1.101:58427
@tracker All of 1 nodes getting started
@tracker All nodes finishes job
Trial 812 finished with value: 0.7100649553965677 and parameters: {'objective': 'reg:squarederror', 'tree_method': 'gpu_hist', 'lambda': 0.03658301707725217, 'alpha': 0.10942172359900974, 'colsample_bytree': 0.513289081970467, 'subsample': 0.6686066710835681, 'learning_rate': 0.008990608125275629, 'max_depth': 3, 'min_child_weight': 153, 'eval_metric': 'rmse'}. Best is trial 717 with value: 0.6938795554678486.
start listen on 192.168.1.101:52619
@tracker All of 1 nodes getting started
@tracker All nodes finishes job
Trial 813 finished with value: 0.6946359347885717 and parameters: {'objective': 'reg:squarederror', 'tree_method': 'gpu_hist', 'lambda': 0.011776648437218703, 'alpha': 0.21539323968759752, 'colsample_bytree': 0.5750680607029554, 'subsample': 0.6452604110062338, 'learning_rate': 0.013303352096615935, 'max_depth': 20, 'min_child_weight': 135, 'eval_metric': 'rmse'}. Best is trial 717 with value: 0.6938795554678486.
start listen on 192.168.1.101:33267
@tracker All of 1 nodes getting started
@tracker All nodes finishes job
Trial 814 finished with value: 0.6964221671465964 and parameters: {'objective': 'reg:squarederror', 'tree_method': 'gpu_hist', 'lambda': 0.2212472755217689, 'alpha': 0.06971845431676121, 'colsample_bytree': 0.5515259635575533, 'subsample': 0.6999514297366201, 'learning_rate': 0.012031342947775555, 'max_depth': 20, 'min_child_weight': 22, 'eval_metric': 'rmse'}. Best is trial 717 with value: 0.6938795554678486.
start listen on 192.168.1.101:60585
@tracker All of 1 nodes getting started
@tracker All nodes finishes job
Trial 815 finished with value: 0.6941475513368804 and parameters: {'objective': 'reg:squarederror', 'tree_method': 'gpu_hist', 'lambda': 0.02430052299702158, 'alpha': 0.09632075630072816, 'colsample_bytree': 0.530963632141483, 'subsample': 0.6870568298485038, 'learning_rate': 0.010748879676923145, 'max_depth': 20, 'min_child_weight': 144, 'eval_metric': 'rmse'}. Best is trial 717 with value: 0.6938795554678486.
start listen on 192.168.1.101:37625
@tracker All of 1 nodes getting started
@tracker All nodes finishes job
Trial 816 finished with value: 0.6942278890696778 and parameters: {'objective': 'reg:squarederror', 'tree_method': 'gpu_hist', 'lambda': 0.014828307080338242, 'alpha': 0.025034886631660633, 'colsample_bytree': 0.4895131732046153, 'subsample': 0.6600542098429386, 'learning_rate': 0.009582536178388537, 'max_depth': 20, 'min_child_weight': 165, 'eval_metric': 'rmse'}. Best is trial 717 with value: 0.6938795554678486.
start listen on 192.168.1.101:56305
@tracker All of 1 nodes getting started
@tracker All nodes finishes job
Trial 817 finished with value: 0.6943216215610759 and parameters: {'objective': 'reg:squarederror', 'tree_method': 'gpu_hist', 'lambda': 0.018225336540354055, 'alpha': 0.12821256271963596, 'colsample_bytree': 0.5631346365581088, 'subsample': 0.7134272363613675, 'learning_rate': 0.012859130514990193, 'max_depth': 13, 'min_child_weight': 161, 'eval_metric': 'rmse'}. Best is trial 717 with value: 0.6938795554678486.
start listen on 192.168.1.101:43381
@tracker All of 1 nodes getting started
@tracker All nodes finishes job
Trial 818 finished with value: 0.6943238947274432 and parameters: {'objective': 'reg:squarederror', 'tree_method': 'gpu_hist', 'lambda': 0.12021387271393737, 'alpha': 0.03387517713729113, 'colsample_bytree': 0.5142296999005648, 'subsample': 0.6748503515490362, 'learning_rate': 0.008772183260647388, 'max_depth': 20, 'min_child_weight': 170, 'eval_metric': 'rmse'}. Best is trial 717 with value: 0.6938795554678486.
start listen on 192.168.1.101:51039
@tracker All of 1 nodes getting started
@tracker All nodes finishes job
Trial 819 finished with value: 0.6941313253419737 and parameters: {'objective': 'reg:squarederror', 'tree_method': 'gpu_hist', 'lambda': 0.02616311736354946, 'alpha': 0.17112055861073885, 'colsample_bytree': 0.4683037163311846, 'subsample': 0.6904308343049212, 'learning_rate': 0.010354787983535637, 'max_depth': 20, 'min_child_weight': 120, 'eval_metric': 'rmse'}. Best is trial 717 with value: 0.6938795554678486.
start listen on 192.168.1.101:50887
@tracker All of 1 nodes getting started
@tracker All nodes finishes job
Trial 820 finished with value: 0.6978332379081257 and parameters: {'objective': 'reg:squarederror', 'tree_method': 'gpu_hist', 'lambda': 0.0315195340388626, 'alpha': 0.09019063435281655, 'colsample_bytree': 0.5372690717464379, 'subsample': 0.7610260137436983, 'learning_rate': 0.011359913206756509, 'max_depth': 7, 'min_child_weight': 150, 'eval_metric': 'rmse'}. Best is trial 717 with value: 0.6938795554678486.
start listen on 192.168.1.101:44191
@tracker All of 1 nodes getting started
@tracker All nodes finishes job
Trial 821 finished with value: 0.6955311388941712 and parameters: {'objective': 'reg:squarederror', 'tree_method': 'gpu_hist', 'lambda': 0.02057404883219827, 'alpha': 0.11493083119254408, 'colsample_bytree': 0.5794095578814847, 'subsample': 0.705465991711619, 'learning_rate': 0.00779345242686361, 'max_depth': 15, 'min_child_weight': 288, 'eval_metric': 'rmse'}. Best is trial 717 with value: 0.6938795554678486.
start listen on 192.168.1.101:42027
@tracker All of 1 nodes getting started
@tracker All nodes finishes job
Trial 822 finished with value: 0.6952247120761317 and parameters: {'objective': 'reg:squarederror', 'tree_method': 'gpu_hist', 'lambda': 0.04136371360686598, 'alpha': 0.018736325993782534, 'colsample_bytree': 0.4468542411225423, 'subsample': 0.7282060606947341, 'learning_rate': 0.014212317345790875, 'max_depth': 9, 'min_child_weight': 157, 'eval_metric': 'rmse'}. Best is trial 717 with value: 0.6938795554678486.
start listen on 192.168.1.101:45021
@tracker All of 1 nodes getting started
@tracker All nodes finishes job
Trial 823 finished with value: 0.6942047507558997 and parameters: {'objective': 'reg:squarederror', 'tree_method': 'gpu_hist', 'lambda': 0.13855477564602164, 'alpha': 0.051488666410106416, 'colsample_bytree': 0.5005015214658762, 'subsample': 0.6508332052165771, 'learning_rate': 0.00971059099151726, 'max_depth': 20, 'min_child_weight': 144, 'eval_metric': 'rmse'}. Best is trial 717 with value: 0.6938795554678486.
start listen on 192.168.1.101:52553
@tracker All of 1 nodes getting started
@tracker All nodes finishes job
Trial 824 finished with value: 0.6947897704119781 and parameters: {'objective': 'reg:squarederror', 'tree_method': 'gpu_hist', 'lambda': 0.016459680127883142, 'alpha': 0.07065022499184939, 'colsample_bytree': 0.5544236157984259, 'subsample': 0.6804239804860368, 'learning_rate': 0.011880171978638618, 'max_depth': 11, 'min_child_weight': 167, 'eval_metric': 'rmse'}. Best is trial 717 with value: 0.6938795554678486.
start listen on 192.168.1.101:51917
@tracker All of 1 nodes getting started
@tracker All nodes finishes job
Trial 825 finished with value: 0.6940168419085058 and parameters: {'objective': 'reg:squarederror', 'tree_method': 'gpu_hist', 'lambda': 0.09720816183431762, 'alpha': 0.15428489084861854, 'colsample_bytree': 0.5195805768529148, 'subsample': 0.6952291081571997, 'learning_rate': 0.010605094436119589, 'max_depth': 20, 'min_child_weight': 175, 'eval_metric': 'rmse'}. Best is trial 717 with value: 0.6938795554678486.
start listen on 192.168.1.101:36649
@tracker All of 1 nodes getting started
@tracker All nodes finishes job
Trial 826 finished with value: 0.6944918576594252 and parameters: {'objective': 'reg:squarederror', 'tree_method': 'gpu_hist', 'lambda': 0.1144208340503274, 'alpha': 0.0844690636845832, 'colsample_bytree': 0.48382573719155764, 'subsample': 0.699945807800637, 'learning_rate': 0.008545300096873478, 'max_depth': 20, 'min_child_weight': 178, 'eval_metric': 'rmse'}. Best is trial 717 with value: 0.6938795554678486.
start listen on 192.168.1.101:57079
@tracker All of 1 nodes getting started
@tracker All nodes finishes job
Trial 827 finished with value: 0.694379517555599 and parameters: {'objective': 'reg:squarederror', 'tree_method': 'gpu_hist', 'lambda': 0.17013749166919248, 'alpha': 0.1881140266183328, 'colsample_bytree': 0.508691264663062, 'subsample': 0.7094946160587595, 'learning_rate': 0.009401551031751934, 'max_depth': 20, 'min_child_weight': 174, 'eval_metric': 'rmse'}. Best is trial 717 with value: 0.6938795554678486.
start listen on 192.168.1.101:42047
@tracker All of 1 nodes getting started
@tracker All nodes finishes job
Trial 828 finished with value: 0.6941606052873395 and parameters: {'objective': 'reg:squarederror', 'tree_method': 'gpu_hist', 'lambda': 0.11044194021010663, 'alpha': 0.014586550828716682, 'colsample_bytree': 0.522011906045208, 'subsample': 0.7208032809430596, 'learning_rate': 0.01032982099306412, 'max_depth': 20, 'min_child_weight': 181, 'eval_metric': 'rmse'}. Best is trial 717 with value: 0.6938795554678486.
start listen on 192.168.1.101:54097
@tracker All of 1 nodes getting started
@tracker All nodes finishes job
Trial 829 finished with value: 0.6943923293703862 and parameters: {'objective': 'reg:squarederror', 'tree_method': 'gpu_hist', 'lambda': 0.08930291406011703, 'alpha': 0.1434288052095624, 'colsample_bytree': 0.4941967052634631, 'subsample': 0.6953754525530049, 'learning_rate': 0.009195885007971175, 'max_depth': 20, 'min_child_weight': 191, 'eval_metric': 'rmse'}. Best is trial 717 with value: 0.6938795554678486.
start listen on 192.168.1.101:43231
@tracker All of 1 nodes getting started
@tracker All nodes finishes job
Trial 830 finished with value: 0.6943936702671156 and parameters: {'objective': 'reg:squarederror', 'tree_method': 'gpu_hist', 'lambda': 0.4080414013438101, 'alpha': 0.04388454821340719, 'colsample_bytree': 0.5061547059897875, 'subsample': 0.7360808823156562, 'learning_rate': 0.010669620434218664, 'max_depth': 15, 'min_child_weight': 185, 'eval_metric': 'rmse'}. Best is trial 717 with value: 0.6938795554678486.
start listen on 192.168.1.101:52863
@tracker All of 1 nodes getting started
@tracker All nodes finishes job
Trial 831 finished with value: 0.7026964221137616 and parameters: {'objective': 'reg:squarederror', 'tree_method': 'gpu_hist', 'lambda': 0.14105945815670348, 'alpha': 0.11640663415549536, 'colsample_bytree': 0.5198023659078562, 'subsample': 0.6884817812198146, 'learning_rate': 0.009889919419900275, 'max_depth': 5, 'min_child_weight': 131, 'eval_metric': 'rmse'}. Best is trial 717 with value: 0.6938795554678486.
start listen on 192.168.1.101:42089
@tracker All of 1 nodes getting started
@tracker All nodes finishes job
Trial 832 finished with value: 0.6943550866167757 and parameters: {'objective': 'reg:squarederror', 'tree_method': 'gpu_hist', 'lambda': 0.08703472191269418, 'alpha': 0.0659111650055633, 'colsample_bytree': 0.5275627337216117, 'subsample': 0.7062599106953714, 'learning_rate': 0.00825153791819459, 'max_depth': 20, 'min_child_weight': 139, 'eval_metric': 'rmse'}. Best is trial 717 with value: 0.6938795554678486.
start listen on 192.168.1.101:40901
@tracker All of 1 nodes getting started
@tracker All nodes finishes job
Trial 833 finished with value: 0.6942571229692637 and parameters: {'objective': 'reg:squarederror', 'tree_method': 'gpu_hist', 'lambda': 0.1230098231045454, 'alpha': 0.0965765183082094, 'colsample_bytree': 0.4731173867690414, 'subsample': 0.7187185296034112, 'learning_rate': 0.01100982231572109, 'max_depth': 20, 'min_child_weight': 173, 'eval_metric': 'rmse'}. Best is trial 717 with value: 0.6938795554678486.
start listen on 192.168.1.101:36459
@tracker All of 1 nodes getting started
@tracker All nodes finishes job
Trial 834 finished with value: 0.6942157212122182 and parameters: {'objective': 'reg:squarederror', 'tree_method': 'gpu_hist', 'lambda': 0.19901306116036024, 'alpha': 0.15200885176581228, 'colsample_bytree': 0.4949010962178376, 'subsample': 0.6957775265901568, 'learning_rate': 0.009797628848631374, 'max_depth': 20, 'min_child_weight': 147, 'eval_metric': 'rmse'}. Best is trial 717 with value: 0.6938795554678486.
start listen on 192.168.1.101:34497
@tracker All of 1 nodes getting started
@tracker All nodes finishes job
Trial 835 finished with value: 0.6943716929556897 and parameters: {'objective': 'reg:squarederror', 'tree_method': 'gpu_hist', 'lambda': 0.013576766405234426, 'alpha': 0.05755046275398209, 'colsample_bytree': 0.5127329101123086, 'subsample': 0.6858816924414317, 'learning_rate': 0.011052831338085736, 'max_depth': 20, 'min_child_weight': 156, 'eval_metric': 'rmse'}. Best is trial 717 with value: 0.6938795554678486.
start listen on 192.168.1.101:51621
@tracker All of 1 nodes getting started
@tracker All nodes finishes job
Trial 836 finished with value: 0.6944123042517119 and parameters: {'objective': 'reg:squarederror', 'tree_method': 'gpu_hist', 'lambda': 0.010346376325999824, 'alpha': 0.12466076404987371, 'colsample_bytree': 0.5420139864599668, 'subsample': 0.7081809439965958, 'learning_rate': 0.009077542100257668, 'max_depth': 20, 'min_child_weight': 180, 'eval_metric': 'rmse'}. Best is trial 717 with value: 0.6938795554678486.
start listen on 192.168.1.101:53131
@tracker All of 1 nodes getting started
@tracker All nodes finishes job
Trial 837 finished with value: 0.6940551003301664 and parameters: {'objective': 'reg:squarederror', 'tree_method': 'gpu_hist', 'lambda': 0.0958095655685354, 'alpha': 0.034869476255309416, 'colsample_bytree': 0.5306227270871952, 'subsample': 0.6951686768732135, 'learning_rate': 0.01231208353765035, 'max_depth': 20, 'min_child_weight': 195, 'eval_metric': 'rmse'}. Best is trial 717 with value: 0.6938795554678486.
start listen on 192.168.1.101:49703
@tracker All of 1 nodes getting started
@tracker All nodes finishes job
Trial 838 finished with value: 0.6942959980556265 and parameters: {'objective': 'reg:squarederror', 'tree_method': 'gpu_hist', 'lambda': 0.09503312309411219, 'alpha': 0.03516054778453331, 'colsample_bytree': 0.5250587178070754, 'subsample': 0.7014216539409914, 'learning_rate': 0.015219623908965436, 'max_depth': 17, 'min_child_weight': 200, 'eval_metric': 'rmse'}. Best is trial 717 with value: 0.6938795554678486.
start listen on 192.168.1.101:47939
@tracker All of 1 nodes getting started
@tracker All nodes finishes job
