Trial 503 finished with value: 0.6941075471016911 and parameters: {'objective': 'reg:squarederror', 'tree_method': 'gpu_hist', 'lambda': 8.553686970188151, 'alpha': 0.19124268131082267, 'colsample_bytree': 0.5565213849409637, 'subsample': 0.6578434646219301, 'learning_rate': 0.012270953518126064, 'max_depth': 20, 'min_child_weight': 76, 'eval_metric': 'rmse'}. Best is trial 140 with value: 0.693976497093345.
start listen on 192.168.1.101:48207
@tracker All of 1 nodes getting started
@tracker All nodes finishes job
Trial 504 finished with value: 0.6951478790949069 and parameters: {'objective': 'reg:squarederror', 'tree_method': 'gpu_hist', 'lambda': 6.8471535517003295, 'alpha': 0.2591192518255451, 'colsample_bytree': 0.5196606191645556, 'subsample': 0.6341327875333068, 'learning_rate': 0.014569397647127107, 'max_depth': 20, 'min_child_weight': 87, 'eval_metric': 'rmse'}. Best is trial 140 with value: 0.693976497093345.
start listen on 192.168.1.101:41379
@tracker All of 1 nodes getting started
@tracker All nodes finishes job
Trial 505 finished with value: 0.7008945817154552 and parameters: {'objective': 'reg:squarederror', 'tree_method': 'gpu_hist', 'lambda': 0.04172733168303973, 'alpha': 0.20000760326088413, 'colsample_bytree': 0.546448736565305, 'subsample': 0.6557045561889587, 'learning_rate': 0.013137385976133988, 'max_depth': 5, 'min_child_weight': 71, 'eval_metric': 'rmse'}. Best is trial 140 with value: 0.693976497093345.
start listen on 192.168.1.101:60359
@tracker All of 1 nodes getting started
@tracker All nodes finishes job
Trial 506 finished with value: 0.6946658306182432 and parameters: {'objective': 'reg:squarederror', 'tree_method': 'gpu_hist', 'lambda': 6.398519981406984, 'alpha': 0.2384341353776337, 'colsample_bytree': 0.5658708891822608, 'subsample': 0.6129777351447644, 'learning_rate': 0.012334792329192035, 'max_depth': 20, 'min_child_weight': 74, 'eval_metric': 'rmse'}. Best is trial 140 with value: 0.693976497093345.
start listen on 192.168.1.101:39917
@tracker All of 1 nodes getting started
@tracker All nodes finishes job
Trial 507 finished with value: 0.6949778892185625 and parameters: {'objective': 'reg:squarederror', 'tree_method': 'gpu_hist', 'lambda': 3.4468579960259578, 'alpha': 0.18204493556141527, 'colsample_bytree': 0.6771927638983204, 'subsample': 0.727553521758952, 'learning_rate': 0.01622780840647185, 'max_depth': 15, 'min_child_weight': 60, 'eval_metric': 'rmse'}. Best is trial 140 with value: 0.693976497093345.
start listen on 192.168.1.101:54847
@tracker All of 1 nodes getting started
@tracker All nodes finishes job
Trial 508 finished with value: 0.6942425558453749 and parameters: {'objective': 'reg:squarederror', 'tree_method': 'gpu_hist', 'lambda': 8.079889089572873, 'alpha': 0.005350900830042315, 'colsample_bytree': 0.5061941654831262, 'subsample': 0.644058526755279, 'learning_rate': 0.010554108314321638, 'max_depth': 20, 'min_child_weight': 81, 'eval_metric': 'rmse'}. Best is trial 140 with value: 0.693976497093345.
start listen on 192.168.1.101:33133
@tracker All of 1 nodes getting started
@tracker All nodes finishes job
Trial 509 finished with value: 0.6945757346046493 and parameters: {'objective': 'reg:squarederror', 'tree_method': 'gpu_hist', 'lambda': 5.4313764565438225, 'alpha': 0.28954430536789677, 'colsample_bytree': 0.5344567895969906, 'subsample': 0.6652334261835977, 'learning_rate': 0.008330377085013656, 'max_depth': 20, 'min_child_weight': 99, 'eval_metric': 'rmse'}. Best is trial 140 with value: 0.693976497093345.
start listen on 192.168.1.101:37179
@tracker All of 1 nodes getting started
@tracker All nodes finishes job
Trial 510 finished with value: 0.6943593317545643 and parameters: {'objective': 'reg:squarederror', 'tree_method': 'gpu_hist', 'lambda': 9.127498012875835, 'alpha': 0.20100266149725313, 'colsample_bytree': 0.5538923177824717, 'subsample': 0.6550156869434165, 'learning_rate': 0.013978708331819611, 'max_depth': 15, 'min_child_weight': 114, 'eval_metric': 'rmse'}. Best is trial 140 with value: 0.693976497093345.
start listen on 192.168.1.101:45591
@tracker All of 1 nodes getting started
@tracker All nodes finishes job
Trial 511 finished with value: 0.694534643329174 and parameters: {'objective': 'reg:squarederror', 'tree_method': 'gpu_hist', 'lambda': 7.755735990342826, 'alpha': 0.06008781618145684, 'colsample_bytree': 0.596166659115865, 'subsample': 0.6949109997697066, 'learning_rate': 0.00947787730352464, 'max_depth': 20, 'min_child_weight': 68, 'eval_metric': 'rmse'}. Best is trial 140 with value: 0.693976497093345.
start listen on 192.168.1.101:36013
@tracker All of 1 nodes getting started
@tracker All nodes finishes job
Trial 512 finished with value: 0.6944456641002289 and parameters: {'objective': 'reg:squarederror', 'tree_method': 'gpu_hist', 'lambda': 1.8425463328133436, 'alpha': 0.16919547395245044, 'colsample_bytree': 0.5772294492273946, 'subsample': 0.6748100221547861, 'learning_rate': 0.011638849246939245, 'max_depth': 20, 'min_child_weight': 151, 'eval_metric': 'rmse'}. Best is trial 140 with value: 0.693976497093345.
start listen on 192.168.1.101:58781
@tracker All of 1 nodes getting started
@tracker All nodes finishes job
Trial 513 finished with value: 0.6941465964389183 and parameters: {'objective': 'reg:squarederror', 'tree_method': 'gpu_hist', 'lambda': 0.021651407694652004, 'alpha': 0.048866411407957826, 'colsample_bytree': 0.5572333079153461, 'subsample': 0.7040254922394305, 'learning_rate': 0.011055875710921561, 'max_depth': 15, 'min_child_weight': 81, 'eval_metric': 'rmse'}. Best is trial 140 with value: 0.693976497093345.
start listen on 192.168.1.101:37285
@tracker All of 1 nodes getting started
@tracker All nodes finishes job
Trial 514 finished with value: 0.6946013061463625 and parameters: {'objective': 'reg:squarederror', 'tree_method': 'gpu_hist', 'lambda': 2.7016752210706003, 'alpha': 0.01607648618842485, 'colsample_bytree': 0.5281958344993204, 'subsample': 0.6334467527028299, 'learning_rate': 0.012450011070128334, 'max_depth': 17, 'min_child_weight': 56, 'eval_metric': 'rmse'}. Best is trial 140 with value: 0.693976497093345.
start listen on 192.168.1.101:58923
@tracker All of 1 nodes getting started
@tracker All nodes finishes job
Trial 515 finished with value: 0.6945230675988896 and parameters: {'objective': 'reg:squarederror', 'tree_method': 'gpu_hist', 'lambda': 0.017287426869620807, 'alpha': 0.08013313922130386, 'colsample_bytree': 0.5729597354381376, 'subsample': 0.661659486307272, 'learning_rate': 0.01000670574115824, 'max_depth': 20, 'min_child_weight': 76, 'eval_metric': 'rmse'}. Best is trial 140 with value: 0.693976497093345.
start listen on 192.168.1.101:38561
@tracker All of 1 nodes getting started
@tracker All nodes finishes job
Trial 516 finished with value: 0.6943102900938964 and parameters: {'objective': 'reg:squarederror', 'tree_method': 'gpu_hist', 'lambda': 6.29898901452308, 'alpha': 0.14795003648208463, 'colsample_bytree': 0.5426425744623308, 'subsample': 0.6825448777369124, 'learning_rate': 0.010661850090356367, 'max_depth': 20, 'min_child_weight': 65, 'eval_metric': 'rmse'}. Best is trial 140 with value: 0.693976497093345.
start listen on 192.168.1.101:35193
@tracker All of 1 nodes getting started
@tracker All nodes finishes job
Trial 517 finished with value: 0.6949018985869287 and parameters: {'objective': 'reg:squarederror', 'tree_method': 'gpu_hist', 'lambda': 0.00763872671718618, 'alpha': 0.2372239556331827, 'colsample_bytree': 0.5111697665177222, 'subsample': 0.6465125296715298, 'learning_rate': 0.013422889515229635, 'max_depth': 20, 'min_child_weight': 95, 'eval_metric': 'rmse'}. Best is trial 140 with value: 0.693976497093345.
start listen on 192.168.1.101:50523
@tracker All of 1 nodes getting started
@tracker All nodes finishes job
Trial 518 finished with value: 0.7092168102345504 and parameters: {'objective': 'reg:squarederror', 'tree_method': 'gpu_hist', 'lambda': 3.6820629032417918, 'alpha': 0.055603494847327115, 'colsample_bytree': 0.42760234959121607, 'subsample': 0.7160540365617998, 'learning_rate': 0.08258924572995778, 'max_depth': 15, 'min_child_weight': 154, 'eval_metric': 'rmse'}. Best is trial 140 with value: 0.693976497093345.
start listen on 192.168.1.101:60221
@tracker All of 1 nodes getting started
@tracker All nodes finishes job
Trial 519 finished with value: 0.7101321221993218 and parameters: {'objective': 'reg:squarederror', 'tree_method': 'gpu_hist', 'lambda': 0.034054320409492314, 'alpha': 0.17382831424693318, 'colsample_bytree': 0.45968016887117974, 'subsample': 0.6685010785359068, 'learning_rate': 0.008851303513094497, 'max_depth': 3, 'min_child_weight': 162, 'eval_metric': 'rmse'}. Best is trial 140 with value: 0.693976497093345.
start listen on 192.168.1.101:47143
@tracker All of 1 nodes getting started
@tracker All nodes finishes job
Trial 520 finished with value: 0.6944928914158455 and parameters: {'objective': 'reg:squarederror', 'tree_method': 'gpu_hist', 'lambda': 0.027313917702911677, 'alpha': 1.0872596448721998, 'colsample_bytree': 0.5952036953752677, 'subsample': 0.6904856180519139, 'learning_rate': 0.012342013950310749, 'max_depth': 20, 'min_child_weight': 107, 'eval_metric': 'rmse'}. Best is trial 140 with value: 0.693976497093345.
start listen on 192.168.1.101:40123
@tracker All of 1 nodes getting started
@tracker All nodes finishes job
Trial 521 finished with value: 0.6944018820550115 and parameters: {'objective': 'reg:squarederror', 'tree_method': 'gpu_hist', 'lambda': 5.0140406173620695, 'alpha': 0.08653682086833649, 'colsample_bytree': 0.5538211352253529, 'subsample': 0.7045007096589654, 'learning_rate': 0.009619212805003588, 'max_depth': 20, 'min_child_weight': 144, 'eval_metric': 'rmse'}. Best is trial 140 with value: 0.693976497093345.
start listen on 192.168.1.101:41987
@tracker All of 1 nodes getting started
@tracker All nodes finishes job
Trial 522 finished with value: 0.6954654168438649 and parameters: {'objective': 'reg:squarederror', 'tree_method': 'gpu_hist', 'lambda': 0.010149689267183291, 'alpha': 0.06894621136085205, 'colsample_bytree': 0.579598524973511, 'subsample': 0.6256707842490185, 'learning_rate': 0.007136963047824399, 'max_depth': 15, 'min_child_weight': 250, 'eval_metric': 'rmse'}. Best is trial 140 with value: 0.693976497093345.
start listen on 192.168.1.101:44341
@tracker All of 1 nodes getting started
@tracker All nodes finishes job
Trial 523 finished with value: 0.6941704807541929 and parameters: {'objective': 'reg:squarederror', 'tree_method': 'gpu_hist', 'lambda': 0.02038806949065036, 'alpha': 0.14232081878329328, 'colsample_bytree': 0.5416301625926869, 'subsample': 0.6531438176275295, 'learning_rate': 0.011361908578622352, 'max_depth': 20, 'min_child_weight': 157, 'eval_metric': 'rmse'}. Best is trial 140 with value: 0.693976497093345.
start listen on 192.168.1.101:58847
@tracker All of 1 nodes getting started
@tracker All nodes finishes job
Trial 524 finished with value: 0.6946629214491223 and parameters: {'objective': 'reg:squarederror', 'tree_method': 'gpu_hist', 'lambda': 0.024495132372440664, 'alpha': 0.29761323321975547, 'colsample_bytree': 0.5240196527724413, 'subsample': 0.6802807350280339, 'learning_rate': 0.015092073976102922, 'max_depth': 20, 'min_child_weight': 147, 'eval_metric': 'rmse'}. Best is trial 140 with value: 0.693976497093345.
start listen on 192.168.1.101:42051
@tracker All of 1 nodes getting started
@tracker All nodes finishes job
Trial 525 finished with value: 0.6943364865502922 and parameters: {'objective': 'reg:squarederror', 'tree_method': 'gpu_hist', 'lambda': 0.04192086646105122, 'alpha': 0.04364891523554454, 'colsample_bytree': 0.558065914641192, 'subsample': 0.6630542730439134, 'learning_rate': 0.007984292212318498, 'max_depth': 15, 'min_child_weight': 90, 'eval_metric': 'rmse'}. Best is trial 140 with value: 0.693976497093345.
start listen on 192.168.1.101:35507
@tracker All of 1 nodes getting started
@tracker All nodes finishes job
Trial 526 finished with value: 0.6946727360500351 and parameters: {'objective': 'reg:squarederror', 'tree_method': 'gpu_hist', 'lambda': 0.030074233787224878, 'alpha': 0.21508962155160924, 'colsample_bytree': 0.5699488938107452, 'subsample': 0.6398428450192738, 'learning_rate': 0.010335114375111469, 'max_depth': 13, 'min_child_weight': 163, 'eval_metric': 'rmse'}. Best is trial 140 with value: 0.693976497093345.
start listen on 192.168.1.101:58653
@tracker All of 1 nodes getting started
@tracker All nodes finishes job
Trial 527 finished with value: 0.6942548789701499 and parameters: {'objective': 'reg:squarederror', 'tree_method': 'gpu_hist', 'lambda': 0.015082984735832005, 'alpha': 0.12315527374919953, 'colsample_bytree': 0.5039702929636392, 'subsample': 0.9832140901483322, 'learning_rate': 0.011771537037513083, 'max_depth': 20, 'min_child_weight': 223, 'eval_metric': 'rmse'}. Best is trial 140 with value: 0.693976497093345.
start listen on 192.168.1.101:33277
@tracker All of 1 nodes getting started
@tracker All nodes finishes job
Trial 528 finished with value: 0.6957312837609405 and parameters: {'objective': 'reg:squarederror', 'tree_method': 'gpu_hist', 'lambda': 5.566607118366619, 'alpha': 0.0913340178891863, 'colsample_bytree': 0.6106044944187173, 'subsample': 0.6962622380001244, 'learning_rate': 0.013246630101831944, 'max_depth': 9, 'min_child_weight': 131, 'eval_metric': 'rmse'}. Best is trial 140 with value: 0.693976497093345.
start listen on 192.168.1.101:58277
@tracker All of 1 nodes getting started
@tracker All nodes finishes job
Trial 529 finished with value: 0.6947831429646781 and parameters: {'objective': 'reg:squarederror', 'tree_method': 'gpu_hist', 'lambda': 0.03414679087430378, 'alpha': 0.07630557364063927, 'colsample_bytree': 0.3008839577207251, 'subsample': 0.6770580703689185, 'learning_rate': 0.010529235437019712, 'max_depth': 20, 'min_child_weight': 154, 'eval_metric': 'rmse'}. Best is trial 140 with value: 0.693976497093345.
start listen on 192.168.1.101:39949
@tracker All of 1 nodes getting started
@tracker All nodes finishes job
Trial 530 finished with value: 0.6988403120671538 and parameters: {'objective': 'reg:squarederror', 'tree_method': 'gpu_hist', 'lambda': 0.023568811620647587, 'alpha': 0.06023272206841306, 'colsample_bytree': 0.5366418372432328, 'subsample': 0.7367738091385787, 'learning_rate': 0.009126105085490404, 'max_depth': 7, 'min_child_weight': 118, 'eval_metric': 'rmse'}. Best is trial 140 with value: 0.693976497093345.
start listen on 192.168.1.101:60755
@tracker All of 1 nodes getting started
@tracker All nodes finishes job
Trial 531 finished with value: 0.6945822060453036 and parameters: {'objective': 'reg:squarederror', 'tree_method': 'gpu_hist', 'lambda': 0.05151212721763454, 'alpha': 0.11502615500198944, 'colsample_bytree': 0.5861077273189059, 'subsample': 0.6533844806008188, 'learning_rate': 0.012003746896342607, 'max_depth': 11, 'min_child_weight': 104, 'eval_metric': 'rmse'}. Best is trial 140 with value: 0.693976497093345.
start listen on 192.168.1.101:35021
@tracker All of 1 nodes getting started
@tracker All nodes finishes job
Trial 532 finished with value: 0.6941947192237112 and parameters: {'objective': 'reg:squarederror', 'tree_method': 'gpu_hist', 'lambda': 0.4233371162471992, 'alpha': 0.07149210148754212, 'colsample_bytree': 0.5650007886483418, 'subsample': 0.6898707928574345, 'learning_rate': 0.009733399581909715, 'max_depth': 20, 'min_child_weight': 149, 'eval_metric': 'rmse'}. Best is trial 140 with value: 0.693976497093345.
start listen on 192.168.1.101:32901
@tracker All of 1 nodes getting started
@tracker All nodes finishes job
Trial 533 finished with value: 0.6941926181588111 and parameters: {'objective': 'reg:squarederror', 'tree_method': 'gpu_hist', 'lambda': 0.01780602779227546, 'alpha': 0.15607529191766328, 'colsample_bytree': 0.5482641639430785, 'subsample': 0.6680680040221058, 'learning_rate': 0.01098844686947568, 'max_depth': 15, 'min_child_weight': 140, 'eval_metric': 'rmse'}. Best is trial 140 with value: 0.693976497093345.
start listen on 192.168.1.101:35201
@tracker All of 1 nodes getting started
@tracker All nodes finishes job
Trial 534 finished with value: 0.6944392747399004 and parameters: {'objective': 'reg:squarederror', 'tree_method': 'gpu_hist', 'lambda': 0.027421086989434507, 'alpha': 0.041197723814225214, 'colsample_bytree': 0.5176394979063765, 'subsample': 0.7123438059112646, 'learning_rate': 0.013743588167238818, 'max_depth': 20, 'min_child_weight': 168, 'eval_metric': 'rmse'}. Best is trial 140 with value: 0.693976497093345.
start listen on 192.168.1.101:50307
@tracker All of 1 nodes getting started
@tracker All nodes finishes job
Trial 535 finished with value: 0.6943412537108565 and parameters: {'objective': 'reg:squarederror', 'tree_method': 'gpu_hist', 'lambda': 0.040762146951995086, 'alpha': 0.0989958555807685, 'colsample_bytree': 0.5275675507492551, 'subsample': 0.6836694980696308, 'learning_rate': 0.008497227086840262, 'max_depth': 20, 'min_child_weight': 164, 'eval_metric': 'rmse'}. Best is trial 140 with value: 0.693976497093345.
start listen on 192.168.1.101:57403
@tracker All of 1 nodes getting started
@tracker All nodes finishes job
Trial 536 finished with value: 0.6943574798332783 and parameters: {'objective': 'reg:squarederror', 'tree_method': 'gpu_hist', 'lambda': 0.0222064025348151, 'alpha': 0.6582423483997362, 'colsample_bytree': 0.5719243172061005, 'subsample': 0.7258629618035223, 'learning_rate': 0.012622668974606805, 'max_depth': 15, 'min_child_weight': 155, 'eval_metric': 'rmse'}. Best is trial 140 with value: 0.693976497093345.
start listen on 192.168.1.101:35673
@tracker All of 1 nodes getting started
@tracker All nodes finishes job
Trial 537 finished with value: 0.7026752895366238 and parameters: {'objective': 'reg:squarederror', 'tree_method': 'gpu_hist', 'lambda': 9.60290762897186, 'alpha': 0.054623114918965494, 'colsample_bytree': 0.6300338843970135, 'subsample': 0.7023705266143025, 'learning_rate': 0.011099883923233847, 'max_depth': 5, 'min_child_weight': 84, 'eval_metric': 'rmse'}. Best is trial 140 with value: 0.693976497093345.
start listen on 192.168.1.101:56885
@tracker All of 1 nodes getting started
@tracker All nodes finishes job
Trial 538 finished with value: 0.6945766196553456 and parameters: {'objective': 'reg:squarederror', 'tree_method': 'gpu_hist', 'lambda': 0.03265600043674467, 'alpha': 0.12423920875742542, 'colsample_bytree': 0.5958053682366449, 'subsample': 0.6617474483724898, 'learning_rate': 0.010043808473948668, 'max_depth': 20, 'min_child_weight': 75, 'eval_metric': 'rmse'}. Best is trial 140 with value: 0.693976497093345.
start listen on 192.168.1.101:51483
@tracker All of 1 nodes getting started
@tracker All nodes finishes job
Trial 539 finished with value: 0.6944006736221916 and parameters: {'objective': 'reg:squarederror', 'tree_method': 'gpu_hist', 'lambda': 1.1325616849744475, 'alpha': 0.20189184259516854, 'colsample_bytree': 0.546885251316819, 'subsample': 0.6461612659635927, 'learning_rate': 0.01206918853135619, 'max_depth': 20, 'min_child_weight': 124, 'eval_metric': 'rmse'}. Best is trial 140 with value: 0.693976497093345.
start listen on 192.168.1.101:42673
@tracker All of 1 nodes getting started
@tracker All nodes finishes job
Trial 540 finished with value: 0.6943695302031131 and parameters: {'objective': 'reg:squarederror', 'tree_method': 'gpu_hist', 'lambda': 0.019955378951780667, 'alpha': 0.32904954935333736, 'colsample_bytree': 0.5571636752924093, 'subsample': 0.6730456256209624, 'learning_rate': 0.014922721642044782, 'max_depth': 15, 'min_child_weight': 213, 'eval_metric': 'rmse'}. Best is trial 140 with value: 0.693976497093345.
start listen on 192.168.1.101:46971
@tracker All of 1 nodes getting started
@tracker All nodes finishes job
Trial 541 finished with value: 0.694438847851754 and parameters: {'objective': 'reg:squarederror', 'tree_method': 'gpu_hist', 'lambda': 0.013663284916710624, 'alpha': 0.03698487529193957, 'colsample_bytree': 0.6521275524673634, 'subsample': 0.6868598748851926, 'learning_rate': 0.009318926105116535, 'max_depth': 20, 'min_child_weight': 135, 'eval_metric': 'rmse'}. Best is trial 140 with value: 0.693976497093345.
start listen on 192.168.1.101:53691
@tracker All of 1 nodes getting started
@tracker All nodes finishes job
Trial 542 finished with value: 0.6941732602797138 and parameters: {'objective': 'reg:squarederror', 'tree_method': 'gpu_hist', 'lambda': 0.026688924879616393, 'alpha': 0.2663806228360989, 'colsample_bytree': 0.5851739535107973, 'subsample': 0.6348323961993683, 'learning_rate': 0.010577448816836197, 'max_depth': 20, 'min_child_weight': 159, 'eval_metric': 'rmse'}. Best is trial 140 with value: 0.693976497093345.
start listen on 192.168.1.101:47835
@tracker All of 1 nodes getting started
@tracker All nodes finishes job
Trial 543 finished with value: 0.6956842074561131 and parameters: {'objective': 'reg:squarederror', 'tree_method': 'gpu_hist', 'lambda': 0.047891758924423065, 'alpha': 0.0881232967692275, 'colsample_bytree': 0.5363825027114689, 'subsample': 0.6529171034264086, 'learning_rate': 0.017058227639046224, 'max_depth': 20, 'min_child_weight': 94, 'eval_metric': 'rmse'}. Best is trial 140 with value: 0.693976497093345.
start listen on 192.168.1.101:58569
@tracker All of 1 nodes getting started
@tracker All nodes finishes job
Trial 544 finished with value: 0.6944296304185452 and parameters: {'objective': 'reg:squarederror', 'tree_method': 'gpu_hist', 'lambda': 0.03766243628762249, 'alpha': 0.01305250232189796, 'colsample_bytree': 0.5008635471326179, 'subsample': 0.6992350153656041, 'learning_rate': 0.01145938122996515, 'max_depth': 15, 'min_child_weight': 147, 'eval_metric': 'rmse'}. Best is trial 140 with value: 0.693976497093345.
start listen on 192.168.1.101:43817
@tracker All of 1 nodes getting started
@tracker All nodes finishes job
