Trial 839 finished with value: 0.6945517282668687 and parameters: {'objective': 'reg:squarederror', 'tree_method': 'gpu_hist', 'lambda': 0.08906864668389308, 'alpha': 0.03432579329739031, 'colsample_bytree': 0.5292009012521146, 'subsample': 0.7163788521065745, 'learning_rate': 0.01690306530896764, 'max_depth': 20, 'min_child_weight': 218, 'eval_metric': 'rmse'}. Best is trial 717 with value: 0.6938795554678486.
start listen on 192.168.1.101:38023
@tracker All of 1 nodes getting started
@tracker All nodes finishes job
Trial 840 finished with value: 0.6942745873319792 and parameters: {'objective': 'reg:squarederror', 'tree_method': 'gpu_hist', 'lambda': 0.101272942382678, 'alpha': 0.03136548302092186, 'colsample_bytree': 0.5114176498464585, 'subsample': 0.7259123093396236, 'learning_rate': 0.013092772696426674, 'max_depth': 15, 'min_child_weight': 216, 'eval_metric': 'rmse'}. Best is trial 717 with value: 0.6938795554678486.
start listen on 192.168.1.101:34899
@tracker All of 1 nodes getting started
@tracker All nodes finishes job
Trial 841 finished with value: 0.6945492353080127 and parameters: {'objective': 'reg:squarederror', 'tree_method': 'gpu_hist', 'lambda': 0.12346274243928367, 'alpha': 0.027010121165956105, 'colsample_bytree': 0.7491812084967351, 'subsample': 0.7467125961120353, 'learning_rate': 0.012605034414810512, 'max_depth': 20, 'min_child_weight': 196, 'eval_metric': 'rmse'}. Best is trial 717 with value: 0.6938795554678486.
start listen on 192.168.1.101:53243
@tracker All of 1 nodes getting started
@tracker All nodes finishes job
Trial 842 finished with value: 0.6942271019434838 and parameters: {'objective': 'reg:squarederror', 'tree_method': 'gpu_hist', 'lambda': 0.07736476541797055, 'alpha': 0.039175242056935934, 'colsample_bytree': 0.5021613910355428, 'subsample': 0.6947981785341313, 'learning_rate': 0.011937184546175544, 'max_depth': 20, 'min_child_weight': 196, 'eval_metric': 'rmse'}. Best is trial 717 with value: 0.6938795554678486.
start listen on 192.168.1.101:53205
@tracker All of 1 nodes getting started
@tracker All nodes finishes job
Trial 843 finished with value: 0.7074983456996492 and parameters: {'objective': 'reg:squarederror', 'tree_method': 'gpu_hist', 'lambda': 0.10405118490985796, 'alpha': 0.02380731048318361, 'colsample_bytree': 0.5394904513574892, 'subsample': 0.6782440332030987, 'learning_rate': 0.013838316064891434, 'max_depth': 3, 'min_child_weight': 210, 'eval_metric': 'rmse'}. Best is trial 717 with value: 0.6938795554678486.
start listen on 192.168.1.101:56333
@tracker All of 1 nodes getting started
@tracker All nodes finishes job
Trial 844 finished with value: 0.6941853938902698 and parameters: {'objective': 'reg:squarederror', 'tree_method': 'gpu_hist', 'lambda': 0.14046202992600293, 'alpha': 0.04204080548053748, 'colsample_bytree': 0.5261558722365995, 'subsample': 0.7102761560588065, 'learning_rate': 0.01247625506776672, 'max_depth': 20, 'min_child_weight': 200, 'eval_metric': 'rmse'}. Best is trial 717 with value: 0.6938795554678486.
start listen on 192.168.1.101:56187
@tracker All of 1 nodes getting started
@tracker All nodes finishes job
Trial 845 finished with value: 0.6941116663226004 and parameters: {'objective': 'reg:squarederror', 'tree_method': 'gpu_hist', 'lambda': 0.07977051359934705, 'alpha': 0.026605102640234246, 'colsample_bytree': 0.5391617510472821, 'subsample': 0.695714114273551, 'learning_rate': 0.011552594613968013, 'max_depth': 20, 'min_child_weight': 190, 'eval_metric': 'rmse'}. Best is trial 717 with value: 0.6938795554678486.
start listen on 192.168.1.101:38863
@tracker All of 1 nodes getting started
@tracker All nodes finishes job
Trial 846 finished with value: 0.6948029883698562 and parameters: {'objective': 'reg:squarederror', 'tree_method': 'gpu_hist', 'lambda': 0.10181169182475636, 'alpha': 0.03198670041598816, 'colsample_bytree': 0.4852100890402495, 'subsample': 0.6815319725438365, 'learning_rate': 0.007466512095059172, 'max_depth': 20, 'min_child_weight': 186, 'eval_metric': 'rmse'}. Best is trial 717 with value: 0.6938795554678486.
start listen on 192.168.1.101:53813
@tracker All of 1 nodes getting started
@tracker All nodes finishes job
Trial 847 finished with value: 0.6944181802397716 and parameters: {'objective': 'reg:squarederror', 'tree_method': 'gpu_hist', 'lambda': 0.2500717962171438, 'alpha': 0.042048402268686225, 'colsample_bytree': 0.5198162099977097, 'subsample': 0.7032448700098579, 'learning_rate': 0.013849599300041713, 'max_depth': 15, 'min_child_weight': 230, 'eval_metric': 'rmse'}. Best is trial 717 with value: 0.6938795554678486.
start listen on 192.168.1.101:42859
@tracker All of 1 nodes getting started
@tracker All nodes finishes job
Trial 848 finished with value: 0.7128635138811621 and parameters: {'objective': 'reg:squarederror', 'tree_method': 'gpu_hist', 'lambda': 0.17046221167047285, 'alpha': 0.05025905588731746, 'colsample_bytree': 0.5034294960331716, 'subsample': 0.7161841629091582, 'learning_rate': 0.003936721267573133, 'max_depth': 20, 'min_child_weight': 193, 'eval_metric': 'rmse'}. Best is trial 717 with value: 0.6938795554678486.
start listen on 192.168.1.101:51505
@tracker All of 1 nodes getting started
@tracker All nodes finishes job
Trial 849 finished with value: 0.6942857393224316 and parameters: {'objective': 'reg:squarederror', 'tree_method': 'gpu_hist', 'lambda': 0.12039242124690899, 'alpha': 0.0344462910503691, 'colsample_bytree': 0.5471611716809909, 'subsample': 0.7336221518420041, 'learning_rate': 0.010805102653513038, 'max_depth': 20, 'min_child_weight': 225, 'eval_metric': 'rmse'}. Best is trial 717 with value: 0.6938795554678486.
start listen on 192.168.1.101:33703
@tracker All of 1 nodes getting started
@tracker All nodes finishes job
Trial 850 finished with value: 0.694199831680932 and parameters: {'objective': 'reg:squarederror', 'tree_method': 'gpu_hist', 'lambda': 0.15292815205945426, 'alpha': 0.0216704466564442, 'colsample_bytree': 0.5179747967574392, 'subsample': 0.6716404737389939, 'learning_rate': 0.012119964710511072, 'max_depth': 20, 'min_child_weight': 254, 'eval_metric': 'rmse'}. Best is trial 717 with value: 0.6938795554678486.
start listen on 192.168.1.101:43423
@tracker All of 1 nodes getting started
@tracker All nodes finishes job
Trial 851 finished with value: 0.6947326836739504 and parameters: {'objective': 'reg:squarederror', 'tree_method': 'gpu_hist', 'lambda': 0.07389192842792588, 'alpha': 0.04877186671990336, 'colsample_bytree': 0.5286465481587741, 'subsample': 0.6932221158226337, 'learning_rate': 0.010102242568513173, 'max_depth': 13, 'min_child_weight': 188, 'eval_metric': 'rmse'}. Best is trial 717 with value: 0.6938795554678486.
start listen on 192.168.1.101:60277
@tracker All of 1 nodes getting started
@tracker All nodes finishes job
Trial 852 finished with value: 0.6941629052239202 and parameters: {'objective': 'reg:squarederror', 'tree_method': 'gpu_hist', 'lambda': 0.09838024918040417, 'alpha': 0.029385887118160765, 'colsample_bytree': 0.5360198710861805, 'subsample': 0.8053790379295586, 'learning_rate': 0.011516315939092468, 'max_depth': 20, 'min_child_weight': 137, 'eval_metric': 'rmse'}. Best is trial 717 with value: 0.6938795554678486.
start listen on 192.168.1.101:37115
@tracker All of 1 nodes getting started
@tracker All nodes finishes job
Trial 853 finished with value: 0.6973940359098678 and parameters: {'objective': 'reg:squarederror', 'tree_method': 'gpu_hist', 'lambda': 0.109879043166935, 'alpha': 0.038393513285790444, 'colsample_bytree': 0.49781455681912307, 'subsample': 0.6836501005820751, 'learning_rate': 0.013179280029274064, 'max_depth': 7, 'min_child_weight': 132, 'eval_metric': 'rmse'}. Best is trial 717 with value: 0.6938795554678486.
start listen on 192.168.1.101:57165
@tracker All of 1 nodes getting started
@tracker All nodes finishes job
Trial 854 finished with value: 0.6940541795831905 and parameters: {'objective': 'reg:squarederror', 'tree_method': 'gpu_hist', 'lambda': 0.08763271757050953, 'alpha': 0.2171466219134061, 'colsample_bytree': 0.552617936220632, 'subsample': 0.6700992718019139, 'learning_rate': 0.010669972265364197, 'max_depth': 20, 'min_child_weight': 145, 'eval_metric': 'rmse'}. Best is trial 717 with value: 0.6938795554678486.
start listen on 192.168.1.101:49983
@tracker All of 1 nodes getting started
@tracker All nodes finishes job
Trial 855 finished with value: 0.6944499176261165 and parameters: {'objective': 'reg:squarederror', 'tree_method': 'gpu_hist', 'lambda': 0.09012433454832351, 'alpha': 0.19162190466047366, 'colsample_bytree': 0.4584388197731306, 'subsample': 0.6683233020833514, 'learning_rate': 0.012708131665231999, 'max_depth': 20, 'min_child_weight': 125, 'eval_metric': 'rmse'}. Best is trial 717 with value: 0.6938795554678486.
start listen on 192.168.1.101:58857
@tracker All of 1 nodes getting started
@tracker All nodes finishes job
Trial 856 finished with value: 0.6952013947263095 and parameters: {'objective': 'reg:squarederror', 'tree_method': 'gpu_hist', 'lambda': 0.07886799838426048, 'alpha': 0.022921305188354838, 'colsample_bytree': 0.5530755549794968, 'subsample': 0.6653131649376731, 'learning_rate': 0.015280258948939135, 'max_depth': 9, 'min_child_weight': 140, 'eval_metric': 'rmse'}. Best is trial 717 with value: 0.6938795554678486.
start listen on 192.168.1.101:44817
@tracker All of 1 nodes getting started
@tracker All nodes finishes job
Trial 857 finished with value: 0.6946287852196938 and parameters: {'objective': 'reg:squarederror', 'tree_method': 'gpu_hist', 'lambda': 0.07766480510915055, 'alpha': 0.2194870626377776, 'colsample_bytree': 0.4891515787150268, 'subsample': 0.6745926114634535, 'learning_rate': 0.011227461389124622, 'max_depth': 15, 'min_child_weight': 203, 'eval_metric': 'rmse'}. Best is trial 717 with value: 0.6938795554678486.
start listen on 192.168.1.101:51045
@tracker All of 1 nodes getting started
@tracker All nodes finishes job
Trial 858 finished with value: 0.6947117594415972 and parameters: {'objective': 'reg:squarederror', 'tree_method': 'gpu_hist', 'lambda': 0.1228878078891355, 'alpha': 0.0178512475964919, 'colsample_bytree': 0.5122601372490218, 'subsample': 0.6554571479400403, 'learning_rate': 0.011976268292094368, 'max_depth': 11, 'min_child_weight': 143, 'eval_metric': 'rmse'}. Best is trial 717 with value: 0.6938795554678486.
start listen on 192.168.1.101:59983
@tracker All of 1 nodes getting started
@tracker All nodes finishes job
Trial 859 finished with value: 0.6940708978161466 and parameters: {'objective': 'reg:squarederror', 'tree_method': 'gpu_hist', 'lambda': 0.10260602990833506, 'alpha': 0.22497387405383037, 'colsample_bytree': 0.5350086134375555, 'subsample': 0.673917616530855, 'learning_rate': 0.01092710031745138, 'max_depth': 20, 'min_child_weight': 136, 'eval_metric': 'rmse'}. Best is trial 717 with value: 0.6938795554678486.
start listen on 192.168.1.101:46717
@tracker All of 1 nodes getting started
@tracker All nodes finishes job
Trial 860 finished with value: 0.6941247095095064 and parameters: {'objective': 'reg:squarederror', 'tree_method': 'gpu_hist', 'lambda': 0.1470257718630428, 'alpha': 0.22173678183393047, 'colsample_bytree': 0.5539802947286939, 'subsample': 0.6618280884149553, 'learning_rate': 0.010518358168602825, 'max_depth': 20, 'min_child_weight': 132, 'eval_metric': 'rmse'}. Best is trial 717 with value: 0.6938795554678486.
start listen on 192.168.1.101:36513
@tracker All of 1 nodes getting started
@tracker All nodes finishes job
Trial 861 finished with value: 0.6946543645659926 and parameters: {'objective': 'reg:squarederror', 'tree_method': 'gpu_hist', 'lambda': 0.11120249480819286, 'alpha': 0.20306912365350607, 'colsample_bytree': 0.5394738011985672, 'subsample': 0.672559104814985, 'learning_rate': 0.013972985168874586, 'max_depth': 20, 'min_child_weight': 124, 'eval_metric': 'rmse'}. Best is trial 717 with value: 0.6938795554678486.
start listen on 192.168.1.101:37979
@tracker All of 1 nodes getting started
@tracker All nodes finishes job
Trial 862 finished with value: 0.6941682239689186 and parameters: {'objective': 'reg:squarederror', 'tree_method': 'gpu_hist', 'lambda': 0.13582047604913902, 'alpha': 0.22563396416836978, 'colsample_bytree': 0.5233419383018011, 'subsample': 0.6570856182338711, 'learning_rate': 0.010708959926815382, 'max_depth': 20, 'min_child_weight': 132, 'eval_metric': 'rmse'}. Best is trial 717 with value: 0.6938795554678486.
start listen on 192.168.1.101:55711
@tracker All of 1 nodes getting started
@tracker All nodes finishes job
Trial 863 finished with value: 0.6943946475711302 and parameters: {'objective': 'reg:squarederror', 'tree_method': 'gpu_hist', 'lambda': 0.096957875105246, 'alpha': 0.25064874524014147, 'colsample_bytree': 0.5630286113874822, 'subsample': 0.6392670352570492, 'learning_rate': 0.0124873445319344, 'max_depth': 20, 'min_child_weight': 134, 'eval_metric': 'rmse'}. Best is trial 717 with value: 0.6938795554678486.
start listen on 192.168.1.101:46521
@tracker All of 1 nodes getting started
@tracker All nodes finishes job
Trial 864 finished with value: 0.694207331198719 and parameters: {'objective': 'reg:squarederror', 'tree_method': 'gpu_hist', 'lambda': 0.0912785604362671, 'alpha': 0.25931958817887524, 'colsample_bytree': 0.474125747625735, 'subsample': 0.6715864193818629, 'learning_rate': 0.010063453384693624, 'max_depth': 20, 'min_child_weight': 139, 'eval_metric': 'rmse'}. Best is trial 717 with value: 0.6938795554678486.
start listen on 192.168.1.101:57729
@tracker All of 1 nodes getting started
@tracker All nodes finishes job
Trial 865 finished with value: 0.7017077857597 and parameters: {'objective': 'reg:squarederror', 'tree_method': 'gpu_hist', 'lambda': 0.06758641063837029, 'alpha': 0.18339960500345104, 'colsample_bytree': 0.5347175261982313, 'subsample': 0.6616593854620081, 'learning_rate': 0.01164333244930068, 'max_depth': 5, 'min_child_weight': 127, 'eval_metric': 'rmse'}. Best is trial 717 with value: 0.6938795554678486.
start listen on 192.168.1.101:54507
@tracker All of 1 nodes getting started
@tracker All nodes finishes job
Trial 866 finished with value: 0.6944576407087664 and parameters: {'objective': 'reg:squarederror', 'tree_method': 'gpu_hist', 'lambda': 0.16746831842154872, 'alpha': 0.2257792231415879, 'colsample_bytree': 0.505321270472096, 'subsample': 0.99805126510828, 'learning_rate': 0.010943296685374805, 'max_depth': 15, 'min_child_weight': 136, 'eval_metric': 'rmse'}. Best is trial 717 with value: 0.6938795554678486.
start listen on 192.168.1.101:52741
@tracker All of 1 nodes getting started
@tracker All nodes finishes job
Trial 867 finished with value: 0.6943586731891612 and parameters: {'objective': 'reg:squarederror', 'tree_method': 'gpu_hist', 'lambda': 0.27509916120615924, 'alpha': 0.1785651342990497, 'colsample_bytree': 0.5496339611816043, 'subsample': 0.6481707506845488, 'learning_rate': 0.012903651515707229, 'max_depth': 20, 'min_child_weight': 143, 'eval_metric': 'rmse'}. Best is trial 717 with value: 0.6938795554678486.
start listen on 192.168.1.101:42245
@tracker All of 1 nodes getting started
@tracker All nodes finishes job
Trial 868 finished with value: 0.6940741593441208 and parameters: {'objective': 'reg:squarederror', 'tree_method': 'gpu_hist', 'lambda': 0.11643087144157936, 'alpha': 0.24544848127995392, 'colsample_bytree': 0.5132119480729815, 'subsample': 0.6812921100237318, 'learning_rate': 0.010249856558157232, 'max_depth': 20, 'min_child_weight': 138, 'eval_metric': 'rmse'}. Best is trial 717 with value: 0.6938795554678486.
start listen on 192.168.1.101:52047
@tracker All of 1 nodes getting started
@tracker All nodes finishes job
Trial 869 finished with value: 0.6943053191771524 and parameters: {'objective': 'reg:squarederror', 'tree_method': 'gpu_hist', 'lambda': 0.1328624808505883, 'alpha': 0.26082424568940465, 'colsample_bytree': 0.5220780702051621, 'subsample': 0.6738546098743975, 'learning_rate': 0.009805057180032333, 'max_depth': 20, 'min_child_weight': 118, 'eval_metric': 'rmse'}. Best is trial 717 with value: 0.6938795554678486.
start listen on 192.168.1.101:33445
@tracker All of 1 nodes getting started
@tracker All nodes finishes job
Trial 870 finished with value: 0.6944279130257269 and parameters: {'objective': 'reg:squarederror', 'tree_method': 'gpu_hist', 'lambda': 0.1640937467140293, 'alpha': 0.22650310630049944, 'colsample_bytree': 0.5400306779447913, 'subsample': 0.6673536690282484, 'learning_rate': 0.008652170107648436, 'max_depth': 17, 'min_child_weight': 134, 'eval_metric': 'rmse'}. Best is trial 717 with value: 0.6938795554678486.
start listen on 192.168.1.101:56943
@tracker All of 1 nodes getting started
@tracker All nodes finishes job
Trial 871 finished with value: 0.6944246894673312 and parameters: {'objective': 'reg:squarederror', 'tree_method': 'gpu_hist', 'lambda': 0.12623803194209346, 'alpha': 0.25414654491497246, 'colsample_bytree': 0.5636832909445836, 'subsample': 0.6807168508495345, 'learning_rate': 0.009020178688717956, 'max_depth': 20, 'min_child_weight': 207, 'eval_metric': 'rmse'}. Best is trial 717 with value: 0.6938795554678486.
start listen on 192.168.1.101:52949
@tracker All of 1 nodes getting started
@tracker All nodes finishes job
Trial 872 finished with value: 0.7240499332086348 and parameters: {'objective': 'reg:squarederror', 'tree_method': 'gpu_hist', 'lambda': 0.18316921282279494, 'alpha': 0.2377123568428954, 'colsample_bytree': 0.5176298112889003, 'subsample': 0.658278470341687, 'learning_rate': 0.09086379093692723, 'max_depth': 20, 'min_child_weight': 127, 'eval_metric': 'rmse'}. Best is trial 717 with value: 0.6938795554678486.
start listen on 192.168.1.101:58449
@tracker All of 1 nodes getting started
@tracker All nodes finishes job
Trial 873 finished with value: 0.6940293853076779 and parameters: {'objective': 'reg:squarederror', 'tree_method': 'gpu_hist', 'lambda': 0.21962776616321766, 'alpha': 0.19343401900424734, 'colsample_bytree': 0.5486360614686103, 'subsample': 0.6797213293226473, 'learning_rate': 0.010040848598653609, 'max_depth': 20, 'min_child_weight': 130, 'eval_metric': 'rmse'}. Best is trial 717 with value: 0.6938795554678486.
start listen on 192.168.1.101:44685
@tracker All of 1 nodes getting started
@tracker All nodes finishes job
Trial 874 finished with value: 0.694213761508993 and parameters: {'objective': 'reg:squarederror', 'tree_method': 'gpu_hist', 'lambda': 0.25077753604381076, 'alpha': 0.2174755385817996, 'colsample_bytree': 0.5660712904280242, 'subsample': 0.6827541024207787, 'learning_rate': 0.0083930748805655, 'max_depth': 20, 'min_child_weight': 119, 'eval_metric': 'rmse'}. Best is trial 717 with value: 0.6938795554678486.
start listen on 192.168.1.101:43529
@tracker All of 1 nodes getting started
@tracker All nodes finishes job
Trial 875 finished with value: 0.6944869517597696 and parameters: {'objective': 'reg:squarederror', 'tree_method': 'gpu_hist', 'lambda': 0.22545318728679095, 'alpha': 0.2056288301356932, 'colsample_bytree': 0.5481564056652913, 'subsample': 0.6854063466696455, 'learning_rate': 0.00975123638327079, 'max_depth': 15, 'min_child_weight': 129, 'eval_metric': 'rmse'}. Best is trial 717 with value: 0.6938795554678486.
start listen on 192.168.1.101:33835
@tracker All of 1 nodes getting started
@tracker All nodes finishes job
Trial 876 finished with value: 0.6941829588861576 and parameters: {'objective': 'reg:squarederror', 'tree_method': 'gpu_hist', 'lambda': 0.19467380239226678, 'alpha': 0.1865848737123986, 'colsample_bytree': 0.5537501811843426, 'subsample': 0.6669141825445071, 'learning_rate': 0.009114202187668573, 'max_depth': 20, 'min_child_weight': 126, 'eval_metric': 'rmse'}. Best is trial 717 with value: 0.6938795554678486.
start listen on 192.168.1.101:38085
@tracker All of 1 nodes getting started
@tracker All nodes finishes job
Trial 877 finished with value: 0.6945212622059164 and parameters: {'objective': 'reg:squarederror', 'tree_method': 'gpu_hist', 'lambda': 0.22300399200778123, 'alpha': 0.26862726525393005, 'colsample_bytree': 0.41750841197557886, 'subsample': 0.6773491284836732, 'learning_rate': 0.010255950537330274, 'max_depth': 20, 'min_child_weight': 134, 'eval_metric': 'rmse'}. Best is trial 717 with value: 0.6938795554678486.
start listen on 192.168.1.101:41133
@tracker All of 1 nodes getting started
@tracker All nodes finishes job
Trial 878 finished with value: 0.7096582452314334 and parameters: {'objective': 'reg:squarederror', 'tree_method': 'gpu_hist', 'lambda': 0.17696126436516674, 'alpha': 0.19724125135983367, 'colsample_bytree': 0.5748584136100036, 'subsample': 0.6898145386115443, 'learning_rate': 0.009485546538166516, 'max_depth': 3, 'min_child_weight': 122, 'eval_metric': 'rmse'}. Best is trial 717 with value: 0.6938795554678486.
start listen on 192.168.1.101:51637
@tracker All of 1 nodes getting started
@tracker All nodes finishes job
Trial 879 finished with value: 0.6979002627540187 and parameters: {'objective': 'reg:squarederror', 'tree_method': 'gpu_hist', 'lambda': 0.47821742980137355, 'alpha': 0.23844534817837382, 'colsample_bytree': 0.5604133958289049, 'subsample': 0.5131244067470342, 'learning_rate': 0.005210364834388659, 'max_depth': 20, 'min_child_weight': 137, 'eval_metric': 'rmse'}. Best is trial 717 with value: 0.6938795554678486.
start listen on 192.168.1.101:57395
@tracker All of 1 nodes getting started
@tracker All nodes finishes job
Trial 880 finished with value: 0.6945714851041042 and parameters: {'objective': 'reg:squarederror', 'tree_method': 'gpu_hist', 'lambda': 0.3072719295197668, 'alpha': 0.17226062624148664, 'colsample_bytree': 0.5442299387916577, 'subsample': 0.6466463870266399, 'learning_rate': 0.007511691380001634, 'max_depth': 20, 'min_child_weight': 131, 'eval_metric': 'rmse'}. Best is trial 717 with value: 0.6938795554678486.
start listen on 192.168.1.101:44285
@tracker All of 1 nodes getting started
@tracker All nodes finishes job
