Trial 167 finished with value: 0.6941958579806023 and parameters: {'objective': 'reg:squarederror', 'tree_method': 'gpu_hist', 'lambda': 0.004040171297362486, 'alpha': 0.8868610854871524, 'colsample_bytree': 0.438308740416027, 'subsample': 0.7729794922301638, 'learning_rate': 0.016868367618334167, 'max_depth': 17, 'min_child_weight': 258, 'eval_metric': 'rmse'}. Best is trial 105 with value: 0.6940670785990203.
start listen on 192.168.1.101:58365
@tracker All of 1 nodes getting started
@tracker All nodes finishes job
Trial 168 finished with value: 0.6954531101409905 and parameters: {'objective': 'reg:squarederror', 'tree_method': 'gpu_hist', 'lambda': 0.002532659797805786, 'alpha': 0.6596012911981279, 'colsample_bytree': 0.4122083044105754, 'subsample': 0.8470995013530811, 'learning_rate': 0.015147976842201467, 'max_depth': 9, 'min_child_weight': 206, 'eval_metric': 'rmse'}. Best is trial 105 with value: 0.6940670785990203.
start listen on 192.168.1.101:59797
@tracker All of 1 nodes getting started
@tracker All nodes finishes job
Trial 169 finished with value: 0.6946902321363084 and parameters: {'objective': 'reg:squarederror', 'tree_method': 'gpu_hist', 'lambda': 0.007235427597910395, 'alpha': 0.5572685572635145, 'colsample_bytree': 0.42660750311703993, 'subsample': 0.8086964648624982, 'learning_rate': 0.009353526302206577, 'max_depth': 17, 'min_child_weight': 212, 'eval_metric': 'rmse'}. Best is trial 105 with value: 0.6940670785990203.
start listen on 192.168.1.101:57209
@tracker All of 1 nodes getting started
@tracker All nodes finishes job
Trial 170 finished with value: 0.6977983521870728 and parameters: {'objective': 'reg:squarederror', 'tree_method': 'gpu_hist', 'lambda': 0.001965645523722402, 'alpha': 1.0244574511230398, 'colsample_bytree': 0.44706338790993655, 'subsample': 0.838615974515134, 'learning_rate': 0.012578906484366905, 'max_depth': 7, 'min_child_weight': 219, 'eval_metric': 'rmse'}. Best is trial 105 with value: 0.6940670785990203.
start listen on 192.168.1.101:39261
@tracker All of 1 nodes getting started
@tracker All nodes finishes job
Trial 171 finished with value: 0.6941153610700761 and parameters: {'objective': 'reg:squarederror', 'tree_method': 'gpu_hist', 'lambda': 0.0031417372016369523, 'alpha': 0.41767787168003156, 'colsample_bytree': 0.4725705685032785, 'subsample': 0.8743310157132848, 'learning_rate': 0.013347110102275666, 'max_depth': 17, 'min_child_weight': 200, 'eval_metric': 'rmse'}. Best is trial 105 with value: 0.6940670785990203.
start listen on 192.168.1.101:59341
@tracker All of 1 nodes getting started
@tracker All nodes finishes job
Trial 172 finished with value: 0.6939758125235556 and parameters: {'objective': 'reg:squarederror', 'tree_method': 'gpu_hist', 'lambda': 0.0031094280135164887, 'alpha': 0.4072531288477996, 'colsample_bytree': 0.4740781404213422, 'subsample': 0.8668066564304174, 'learning_rate': 0.01376083612591711, 'max_depth': 17, 'min_child_weight': 203, 'eval_metric': 'rmse'}. Best is trial 172 with value: 0.6939758125235556.
start listen on 192.168.1.101:43641
@tracker All of 1 nodes getting started
@tracker All nodes finishes job
Trial 173 finished with value: 0.6942840368640933 and parameters: {'objective': 'reg:squarederror', 'tree_method': 'gpu_hist', 'lambda': 0.0031017359600821522, 'alpha': 0.5403239343609886, 'colsample_bytree': 0.47283493316747105, 'subsample': 0.8726266184744761, 'learning_rate': 0.013901206567790194, 'max_depth': 17, 'min_child_weight': 204, 'eval_metric': 'rmse'}. Best is trial 172 with value: 0.6939758125235556.
start listen on 192.168.1.101:36687
@tracker All of 1 nodes getting started
@tracker All nodes finishes job
Trial 174 finished with value: 0.6941511416764563 and parameters: {'objective': 'reg:squarederror', 'tree_method': 'gpu_hist', 'lambda': 0.003909494677324808, 'alpha': 0.27160081116898027, 'colsample_bytree': 0.46574530678186865, 'subsample': 0.8609381897706794, 'learning_rate': 0.015192186275539024, 'max_depth': 17, 'min_child_weight': 201, 'eval_metric': 'rmse'}. Best is trial 172 with value: 0.6939758125235556.
start listen on 192.168.1.101:57733
@tracker All of 1 nodes getting started
@tracker All nodes finishes job
Trial 175 finished with value: 0.6947244256540533 and parameters: {'objective': 'reg:squarederror', 'tree_method': 'gpu_hist', 'lambda': 0.00407182183266634, 'alpha': 0.24384055167009044, 'colsample_bytree': 0.4280471972884582, 'subsample': 0.863166231650362, 'learning_rate': 0.01891236684615266, 'max_depth': 17, 'min_child_weight': 208, 'eval_metric': 'rmse'}. Best is trial 172 with value: 0.6939758125235556.
start listen on 192.168.1.101:44275
@tracker All of 1 nodes getting started
@tracker All nodes finishes job
Trial 176 finished with value: 0.6943639476393949 and parameters: {'objective': 'reg:squarederror', 'tree_method': 'gpu_hist', 'lambda': 0.005446184884005234, 'alpha': 0.19376493450482268, 'colsample_bytree': 0.4589112578546311, 'subsample': 0.8844717470755965, 'learning_rate': 0.01567253382634427, 'max_depth': 17, 'min_child_weight': 215, 'eval_metric': 'rmse'}. Best is trial 172 with value: 0.6939758125235556.
start listen on 192.168.1.101:48545
@tracker All of 1 nodes getting started
@tracker All nodes finishes job
Trial 177 finished with value: 0.694404649436961 and parameters: {'objective': 'reg:squarederror', 'tree_method': 'gpu_hist', 'lambda': 0.0037292974149337687, 'alpha': 0.7231735214074168, 'colsample_bytree': 0.4416554880509865, 'subsample': 0.8536083845654877, 'learning_rate': 0.017133443810964665, 'max_depth': 17, 'min_child_weight': 201, 'eval_metric': 'rmse'}. Best is trial 172 with value: 0.6939758125235556.
start listen on 192.168.1.101:49377
@tracker All of 1 nodes getting started
@tracker All nodes finishes job
Trial 178 finished with value: 0.6942887503783326 and parameters: {'objective': 'reg:squarederror', 'tree_method': 'gpu_hist', 'lambda': 0.0031365323243569606, 'alpha': 0.29889641544637174, 'colsample_bytree': 0.4014594758959821, 'subsample': 0.8754973498040044, 'learning_rate': 0.014958233568501669, 'max_depth': 17, 'min_child_weight': 223, 'eval_metric': 'rmse'}. Best is trial 172 with value: 0.6939758125235556.
start listen on 192.168.1.101:56573
@tracker All of 1 nodes getting started
@tracker All nodes finishes job
Trial 179 finished with value: 0.694203422238029 and parameters: {'objective': 'reg:squarederror', 'tree_method': 'gpu_hist', 'lambda': 0.004418537311337846, 'alpha': 0.442047887372854, 'colsample_bytree': 0.47407435818808563, 'subsample': 0.8530276270188765, 'learning_rate': 0.011933558185476012, 'max_depth': 17, 'min_child_weight': 188, 'eval_metric': 'rmse'}. Best is trial 172 with value: 0.6939758125235556.
start listen on 192.168.1.101:48733
@tracker All of 1 nodes getting started
@tracker All nodes finishes job
Trial 180 finished with value: 0.6944451052423999 and parameters: {'objective': 'reg:squarederror', 'tree_method': 'gpu_hist', 'lambda': 0.0035291344315482687, 'alpha': 0.3390443629934281, 'colsample_bytree': 0.45390421924523766, 'subsample': 0.8707023882778918, 'learning_rate': 0.014126294816554216, 'max_depth': 17, 'min_child_weight': 205, 'eval_metric': 'rmse'}. Best is trial 172 with value: 0.6939758125235556.
start listen on 192.168.1.101:35935
@tracker All of 1 nodes getting started
@tracker All nodes finishes job
Trial 181 finished with value: 0.6942361075297689 and parameters: {'objective': 'reg:squarederror', 'tree_method': 'gpu_hist', 'lambda': 0.0026954852462524517, 'alpha': 0.39836286076631855, 'colsample_bytree': 0.48665464849490736, 'subsample': 0.8438926326722216, 'learning_rate': 0.013227357718567982, 'max_depth': 17, 'min_child_weight': 197, 'eval_metric': 'rmse'}. Best is trial 172 with value: 0.6939758125235556.
start listen on 192.168.1.101:46239
@tracker All of 1 nodes getting started
@tracker All nodes finishes job
Trial 182 finished with value: 0.6942407874705595 and parameters: {'objective': 'reg:squarederror', 'tree_method': 'gpu_hist', 'lambda': 0.0023108296544918365, 'alpha': 0.25370204785976713, 'colsample_bytree': 0.4638258325545088, 'subsample': 0.8254135950971231, 'learning_rate': 0.012531617941684331, 'max_depth': 17, 'min_child_weight': 200, 'eval_metric': 'rmse'}. Best is trial 172 with value: 0.6939758125235556.
start listen on 192.168.1.101:49523
@tracker All of 1 nodes getting started
@tracker All nodes finishes job
Trial 183 finished with value: 0.694812434137207 and parameters: {'objective': 'reg:squarederror', 'tree_method': 'gpu_hist', 'lambda': 0.002080298839529596, 'alpha': 0.4854720768024936, 'colsample_bytree': 0.8846763751746646, 'subsample': 0.862388689992887, 'learning_rate': 0.011148923302924756, 'max_depth': 17, 'min_child_weight': 212, 'eval_metric': 'rmse'}. Best is trial 172 with value: 0.6939758125235556.
start listen on 192.168.1.101:40369
@tracker All of 1 nodes getting started
@tracker All nodes finishes job
Trial 184 finished with value: 0.6943216888098301 and parameters: {'objective': 'reg:squarederror', 'tree_method': 'gpu_hist', 'lambda': 0.0029146881283497778, 'alpha': 0.32536194012635866, 'colsample_bytree': 0.48247783611023226, 'subsample': 0.8390171717792576, 'learning_rate': 0.01355400661187504, 'max_depth': 17, 'min_child_weight': 190, 'eval_metric': 'rmse'}. Best is trial 172 with value: 0.6939758125235556.
start listen on 192.168.1.101:43431
@tracker All of 1 nodes getting started
@tracker All nodes finishes job
Trial 185 finished with value: 0.7006081466091123 and parameters: {'objective': 'reg:squarederror', 'tree_method': 'gpu_hist', 'lambda': 0.0018186137620650486, 'alpha': 0.85597191796338, 'colsample_bytree': 0.4415195933028592, 'subsample': 0.89513616272313, 'learning_rate': 0.015541582772026089, 'max_depth': 5, 'min_child_weight': 235, 'eval_metric': 'rmse'}. Best is trial 172 with value: 0.6939758125235556.
start listen on 192.168.1.101:54095
@tracker All of 1 nodes getting started
@tracker All nodes finishes job
Trial 186 finished with value: 0.6942664361807909 and parameters: {'objective': 'reg:squarederror', 'tree_method': 'gpu_hist', 'lambda': 0.0047149374536370895, 'alpha': 0.5779949873162366, 'colsample_bytree': 0.4694203066070831, 'subsample': 0.8014210417473177, 'learning_rate': 0.012095254706523166, 'max_depth': 17, 'min_child_weight': 197, 'eval_metric': 'rmse'}. Best is trial 172 with value: 0.6939758125235556.
start listen on 192.168.1.101:41043
@tracker All of 1 nodes getting started
@tracker All nodes finishes job
Trial 187 finished with value: 0.6945507251722092 and parameters: {'objective': 'reg:squarederror', 'tree_method': 'gpu_hist', 'lambda': 0.003509827107840844, 'alpha': 0.27888699698762376, 'colsample_bytree': 0.7420939930315373, 'subsample': 0.8545325629088886, 'learning_rate': 0.01047836657417207, 'max_depth': 17, 'min_child_weight': 207, 'eval_metric': 'rmse'}. Best is trial 172 with value: 0.6939758125235556.
start listen on 192.168.1.101:59149
@tracker All of 1 nodes getting started
@tracker All nodes finishes job
Trial 188 finished with value: 0.6944216740965571 and parameters: {'objective': 'reg:squarederror', 'tree_method': 'gpu_hist', 'lambda': 0.002417700249865161, 'alpha': 0.3659275325480852, 'colsample_bytree': 0.42114417552672495, 'subsample': 0.8226183175965107, 'learning_rate': 0.017267945040229292, 'max_depth': 17, 'min_child_weight': 219, 'eval_metric': 'rmse'}. Best is trial 172 with value: 0.6939758125235556.
start listen on 192.168.1.101:46819
@tracker All of 1 nodes getting started
@tracker All nodes finishes job
Trial 189 finished with value: 0.6941471285626805 and parameters: {'objective': 'reg:squarederror', 'tree_method': 'gpu_hist', 'lambda': 0.0062892881445652145, 'alpha': 0.4488355357502982, 'colsample_bytree': 0.49583128335284404, 'subsample': 0.8790135379610994, 'learning_rate': 0.014614306748572843, 'max_depth': 17, 'min_child_weight': 200, 'eval_metric': 'rmse'}. Best is trial 172 with value: 0.6939758125235556.
start listen on 192.168.1.101:43715
@tracker All of 1 nodes getting started
@tracker All nodes finishes job
Trial 190 finished with value: 0.6942955941139283 and parameters: {'objective': 'reg:squarederror', 'tree_method': 'gpu_hist', 'lambda': 0.0070893638403922935, 'alpha': 0.7191344476179242, 'colsample_bytree': 0.45107460798285814, 'subsample': 0.8831019459444619, 'learning_rate': 0.014649704707081004, 'max_depth': 20, 'min_child_weight': 179, 'eval_metric': 'rmse'}. Best is trial 172 with value: 0.6939758125235556.
start listen on 192.168.1.101:56707
@tracker All of 1 nodes getting started
@tracker All nodes finishes job
Trial 191 finished with value: 0.6941435210159141 and parameters: {'objective': 'reg:squarederror', 'tree_method': 'gpu_hist', 'lambda': 0.0029086863370773393, 'alpha': 0.4549652382692428, 'colsample_bytree': 0.48933596447580774, 'subsample': 0.8665271967518384, 'learning_rate': 0.013131257628374464, 'max_depth': 17, 'min_child_weight': 201, 'eval_metric': 'rmse'}. Best is trial 172 with value: 0.6939758125235556.
start listen on 192.168.1.101:37211
@tracker All of 1 nodes getting started
@tracker All nodes finishes job
Trial 192 finished with value: 0.6941716674929643 and parameters: {'objective': 'reg:squarederror', 'tree_method': 'gpu_hist', 'lambda': 0.005953295962673433, 'alpha': 0.4636843169795733, 'colsample_bytree': 0.5136825357358649, 'subsample': 0.8670523721407094, 'learning_rate': 0.01171170393952448, 'max_depth': 17, 'min_child_weight': 202, 'eval_metric': 'rmse'}. Best is trial 172 with value: 0.6939758125235556.
start listen on 192.168.1.101:51221
@tracker All of 1 nodes getting started
@tracker All nodes finishes job
Trial 193 finished with value: 0.6941021564955596 and parameters: {'objective': 'reg:squarederror', 'tree_method': 'gpu_hist', 'lambda': 0.004016745919353171, 'alpha': 0.5649403007690148, 'colsample_bytree': 0.4837128159779479, 'subsample': 0.8910801968429763, 'learning_rate': 0.01348364861499094, 'max_depth': 17, 'min_child_weight': 212, 'eval_metric': 'rmse'}. Best is trial 172 with value: 0.6939758125235556.
start listen on 192.168.1.101:44497
@tracker All of 1 nodes getting started
@tracker All nodes finishes job
Trial 194 finished with value: 0.6940757312820718 and parameters: {'objective': 'reg:squarederror', 'tree_method': 'gpu_hist', 'lambda': 0.005040758497951352, 'alpha': 0.6196185777796305, 'colsample_bytree': 0.4706335425181953, 'subsample': 0.8939609994934853, 'learning_rate': 0.01614791171277614, 'max_depth': 17, 'min_child_weight': 212, 'eval_metric': 'rmse'}. Best is trial 172 with value: 0.6939758125235556.
start listen on 192.168.1.101:47693
@tracker All of 1 nodes getting started
@tracker All nodes finishes job
Trial 195 finished with value: 0.6945258237516592 and parameters: {'objective': 'reg:squarederror', 'tree_method': 'gpu_hist', 'lambda': 0.008067027922386326, 'alpha': 0.5502044465509953, 'colsample_bytree': 0.4589854262239852, 'subsample': 0.9016310664644255, 'learning_rate': 0.01808772948461112, 'max_depth': 17, 'min_child_weight': 211, 'eval_metric': 'rmse'}. Best is trial 172 with value: 0.6939758125235556.
start listen on 192.168.1.101:39443
@tracker All of 1 nodes getting started
@tracker All nodes finishes job
Trial 196 finished with value: 0.6948306986155681 and parameters: {'objective': 'reg:squarederror', 'tree_method': 'gpu_hist', 'lambda': 0.004468359847968749, 'alpha': 0.6432663307875114, 'colsample_bytree': 0.435212313491611, 'subsample': 0.8927003092391466, 'learning_rate': 0.020009566720687655, 'max_depth': 17, 'min_child_weight': 216, 'eval_metric': 'rmse'}. Best is trial 172 with value: 0.6939758125235556.
start listen on 192.168.1.101:42099
@tracker All of 1 nodes getting started
@tracker All nodes finishes job
Trial 197 finished with value: 0.7066778304470047 and parameters: {'objective': 'reg:squarederror', 'tree_method': 'gpu_hist', 'lambda': 0.006224424966307891, 'alpha': 0.9366830798681733, 'colsample_bytree': 0.5006655194364075, 'subsample': 0.8777286732312567, 'learning_rate': 0.016357719828388653, 'max_depth': 3, 'min_child_weight': 192, 'eval_metric': 'rmse'}. Best is trial 172 with value: 0.6939758125235556.
start listen on 192.168.1.101:57723
@tracker All of 1 nodes getting started
@tracker All nodes finishes job
Trial 198 finished with value: 0.6942329217899924 and parameters: {'objective': 'reg:squarederror', 'tree_method': 'gpu_hist', 'lambda': 0.005210481939841472, 'alpha': 0.7890841995457412, 'colsample_bytree': 0.4734198348371233, 'subsample': 0.882493435605266, 'learning_rate': 0.014760025675495067, 'max_depth': 17, 'min_child_weight': 205, 'eval_metric': 'rmse'}. Best is trial 172 with value: 0.6939758125235556.
start listen on 192.168.1.101:49027
@tracker All of 1 nodes getting started
@tracker All nodes finishes job
Trial 199 finished with value: 0.6941881336448769 and parameters: {'objective': 'reg:squarederror', 'tree_method': 'gpu_hist', 'lambda': 0.003954513535805708, 'alpha': 1.222755579148971, 'colsample_bytree': 0.4531226122588066, 'subsample': 0.913961176818541, 'learning_rate': 0.016044104732856994, 'max_depth': 17, 'min_child_weight': 187, 'eval_metric': 'rmse'}. Best is trial 172 with value: 0.6939758125235556.
start listen on 192.168.1.101:37625
@tracker All of 1 nodes getting started
@tracker All nodes finishes job
Trial 200 finished with value: 0.6943066317035186 and parameters: {'objective': 'reg:squarederror', 'tree_method': 'gpu_hist', 'lambda': 0.0030493443035934727, 'alpha': 0.5092215646733697, 'colsample_bytree': 0.48784125261628647, 'subsample': 0.8667508558347621, 'learning_rate': 0.01341143816816586, 'max_depth': 17, 'min_child_weight': 211, 'eval_metric': 'rmse'}. Best is trial 172 with value: 0.6939758125235556.
start listen on 192.168.1.101:44749
@tracker All of 1 nodes getting started
@tracker All nodes finishes job
Trial 201 finished with value: 0.6948650344686031 and parameters: {'objective': 'reg:squarederror', 'tree_method': 'gpu_hist', 'lambda': 0.0011757262030691838, 'alpha': 0.6535026702989268, 'colsample_bytree': 0.47784249287551006, 'subsample': 0.8581614015357047, 'learning_rate': 0.01231719359121504, 'max_depth': 11, 'min_child_weight': 199, 'eval_metric': 'rmse'}. Best is trial 172 with value: 0.6939758125235556.
start listen on 192.168.1.101:40405
@tracker All of 1 nodes getting started
@tracker All nodes finishes job
Trial 202 finished with value: 0.6942413034948239 and parameters: {'objective': 'reg:squarederror', 'tree_method': 'gpu_hist', 'lambda': 0.0030995551600531924, 'alpha': 0.4516307177435314, 'colsample_bytree': 0.464278456264698, 'subsample': 0.9956642041711113, 'learning_rate': 0.01441205868159831, 'max_depth': 17, 'min_child_weight': 204, 'eval_metric': 'rmse'}. Best is trial 172 with value: 0.6939758125235556.
start listen on 192.168.1.101:56179
@tracker All of 1 nodes getting started
@tracker All nodes finishes job
Trial 203 finished with value: 0.6941998126979537 and parameters: {'objective': 'reg:squarederror', 'tree_method': 'gpu_hist', 'lambda': 0.0014072644227757657, 'alpha': 0.2955639834547683, 'colsample_bytree': 0.5009059436015549, 'subsample': 0.8774180468194946, 'learning_rate': 0.010807807099884943, 'max_depth': 17, 'min_child_weight': 196, 'eval_metric': 'rmse'}. Best is trial 172 with value: 0.6939758125235556.
start listen on 192.168.1.101:35633
@tracker All of 1 nodes getting started
@tracker All nodes finishes job
Trial 204 finished with value: 0.6946544751879586 and parameters: {'objective': 'reg:squarederror', 'tree_method': 'gpu_hist', 'lambda': 0.0010095635499647643, 'alpha': 0.5735275931558076, 'colsample_bytree': 0.3496025523976127, 'subsample': 0.9009369799073954, 'learning_rate': 0.01305839307996596, 'max_depth': 17, 'min_child_weight': 208, 'eval_metric': 'rmse'}. Best is trial 172 with value: 0.6939758125235556.
start listen on 192.168.1.101:58881
@tracker All of 1 nodes getting started
@tracker All nodes finishes job
Trial 205 finished with value: 0.6942242554280575 and parameters: {'objective': 'reg:squarederror', 'tree_method': 'gpu_hist', 'lambda': 0.0018832340457583204, 'alpha': 0.4173668396812466, 'colsample_bytree': 0.47847946332278546, 'subsample': 0.8890434821913248, 'learning_rate': 0.011298393847001919, 'max_depth': 17, 'min_child_weight': 193, 'eval_metric': 'rmse'}. Best is trial 172 with value: 0.6939758125235556.
start listen on 192.168.1.101:36101
@tracker All of 1 nodes getting started
@tracker All nodes finishes job
Trial 206 finished with value: 0.6944285009619307 and parameters: {'objective': 'reg:squarederror', 'tree_method': 'gpu_hist', 'lambda': 0.004817601022861506, 'alpha': 0.33728162236683085, 'colsample_bytree': 0.31887502351192837, 'subsample': 0.8485849848236163, 'learning_rate': 0.014813800985034951, 'max_depth': 17, 'min_child_weight': 214, 'eval_metric': 'rmse'}. Best is trial 172 with value: 0.6939758125235556.
start listen on 192.168.1.101:58605
@tracker All of 1 nodes getting started
@tracker All nodes finishes job
Trial 207 finished with value: 0.6942774704852376 and parameters: {'objective': 'reg:squarederror', 'tree_method': 'gpu_hist', 'lambda': 0.0026411540118081293, 'alpha': 0.7056064439394513, 'colsample_bytree': 0.4393084527765007, 'subsample': 0.8556291217070833, 'learning_rate': 0.012263501289666795, 'max_depth': 17, 'min_child_weight': 200, 'eval_metric': 'rmse'}. Best is trial 172 with value: 0.6939758125235556.
start listen on 192.168.1.101:42517
@tracker All of 1 nodes getting started
@tracker All nodes finishes job
