Trial 249 finished with value: 0.6943292534459834 and parameters: {'objective': 'reg:squarederror', 'tree_method': 'gpu_hist', 'lambda': 0.003478402520561068, 'alpha': 0.5785998553241056, 'colsample_bytree': 0.5311369540876726, 'subsample': 0.9250654329797697, 'learning_rate': 0.01125348192499203, 'max_depth': 17, 'min_child_weight': 210, 'eval_metric': 'rmse'}. Best is trial 172 with value: 0.6939758125235556.
start listen on 192.168.1.101:42355
@tracker All of 1 nodes getting started
@tracker All nodes finishes job
Trial 250 finished with value: 0.6940891426301479 and parameters: {'objective': 'reg:squarederror', 'tree_method': 'gpu_hist', 'lambda': 0.002748139570007827, 'alpha': 0.9042863651087989, 'colsample_bytree': 0.49036280441707003, 'subsample': 0.8504591197399689, 'learning_rate': 0.01237451975243129, 'max_depth': 17, 'min_child_weight': 197, 'eval_metric': 'rmse'}. Best is trial 172 with value: 0.6939758125235556.
start listen on 192.168.1.101:44445
@tracker All of 1 nodes getting started
@tracker All nodes finishes job
Trial 251 finished with value: 0.6938977954226339 and parameters: {'objective': 'reg:squarederror', 'tree_method': 'gpu_hist', 'lambda': 0.004450810691613363, 'alpha': 0.9870468911658457, 'colsample_bytree': 0.4960491252546589, 'subsample': 0.8506942333325078, 'learning_rate': 0.01243311101656323, 'max_depth': 17, 'min_child_weight': 196, 'eval_metric': 'rmse'}. Best is trial 251 with value: 0.6938977954226339.
start listen on 192.168.1.101:41381
@tracker All of 1 nodes getting started
@tracker All nodes finishes job
Trial 252 finished with value: 0.6940714325602907 and parameters: {'objective': 'reg:squarederror', 'tree_method': 'gpu_hist', 'lambda': 0.0028825509088549876, 'alpha': 1.1206189416905235, 'colsample_bytree': 0.4879803972100001, 'subsample': 0.8488595050767865, 'learning_rate': 0.01213906308307311, 'max_depth': 17, 'min_child_weight': 195, 'eval_metric': 'rmse'}. Best is trial 251 with value: 0.6938977954226339.
start listen on 192.168.1.101:60017
@tracker All of 1 nodes getting started
@tracker All nodes finishes job
Trial 253 finished with value: 0.6943550728481694 and parameters: {'objective': 'reg:squarederror', 'tree_method': 'gpu_hist', 'lambda': 0.0027440378059150994, 'alpha': 1.2926622413400095, 'colsample_bytree': 0.4960506698314776, 'subsample': 0.8498059528349224, 'learning_rate': 0.010574758497666226, 'max_depth': 17, 'min_child_weight': 189, 'eval_metric': 'rmse'}. Best is trial 251 with value: 0.6938977954226339.
start listen on 192.168.1.101:55751
@tracker All of 1 nodes getting started
@tracker All nodes finishes job
Trial 254 finished with value: 0.6941689086541104 and parameters: {'objective': 'reg:squarederror', 'tree_method': 'gpu_hist', 'lambda': 0.002863906080054726, 'alpha': 1.04989212482789, 'colsample_bytree': 0.5209503418987469, 'subsample': 0.9141932419471676, 'learning_rate': 0.012023832516083738, 'max_depth': 17, 'min_child_weight': 194, 'eval_metric': 'rmse'}. Best is trial 251 with value: 0.6938977954226339.
start listen on 192.168.1.101:34935
@tracker All of 1 nodes getting started
@tracker All nodes finishes job
Trial 255 finished with value: 0.6942295689716654 and parameters: {'objective': 'reg:squarederror', 'tree_method': 'gpu_hist', 'lambda': 0.0032554502284616637, 'alpha': 1.528077190066449, 'colsample_bytree': 0.5075705520462682, 'subsample': 0.8758305466214963, 'learning_rate': 0.01142094500595402, 'max_depth': 17, 'min_child_weight': 186, 'eval_metric': 'rmse'}. Best is trial 251 with value: 0.6938977954226339.
start listen on 192.168.1.101:41891
@tracker All of 1 nodes getting started
@tracker All nodes finishes job
Trial 256 finished with value: 0.694095640591118 and parameters: {'objective': 'reg:squarederror', 'tree_method': 'gpu_hist', 'lambda': 0.004755930521034396, 'alpha': 1.1711546210333048, 'colsample_bytree': 0.49168723702985473, 'subsample': 0.8559701080317942, 'learning_rate': 0.01243494829348371, 'max_depth': 17, 'min_child_weight': 197, 'eval_metric': 'rmse'}. Best is trial 251 with value: 0.6938977954226339.
start listen on 192.168.1.101:48013
@tracker All of 1 nodes getting started
@tracker All nodes finishes job
Trial 257 finished with value: 0.696333030440395 and parameters: {'objective': 'reg:squarederror', 'tree_method': 'gpu_hist', 'lambda': 0.004609985271436884, 'alpha': 0.9557287319924663, 'colsample_bytree': 0.4857724092986924, 'subsample': 0.8538981788308628, 'learning_rate': 0.010673586948253051, 'max_depth': 9, 'min_child_weight': 194, 'eval_metric': 'rmse'}. Best is trial 251 with value: 0.6938977954226339.
start listen on 192.168.1.101:35203
@tracker All of 1 nodes getting started
@tracker All nodes finishes job
Trial 258 finished with value: 0.7134096395654649 and parameters: {'objective': 'reg:squarederror', 'tree_method': 'gpu_hist', 'lambda': 0.002524086565781802, 'alpha': 1.2004944213552766, 'colsample_bytree': 0.48752980768154364, 'subsample': 0.8386929334350384, 'learning_rate': 0.09526034642858872, 'max_depth': 17, 'min_child_weight': 187, 'eval_metric': 'rmse'}. Best is trial 251 with value: 0.6938977954226339.
start listen on 192.168.1.101:47925
@tracker All of 1 nodes getting started
@tracker All nodes finishes job
Trial 259 finished with value: 0.6942380237753135 and parameters: {'objective': 'reg:squarederror', 'tree_method': 'gpu_hist', 'lambda': 0.0018712023011138567, 'alpha': 1.887554781066448, 'colsample_bytree': 0.5172112476937051, 'subsample': 0.9388329357068795, 'learning_rate': 0.012143928296164926, 'max_depth': 17, 'min_child_weight': 197, 'eval_metric': 'rmse'}. Best is trial 251 with value: 0.6938977954226339.
start listen on 192.168.1.101:42629
@tracker All of 1 nodes getting started
@tracker All nodes finishes job
Trial 260 finished with value: 0.6992078741685304 and parameters: {'objective': 'reg:squarederror', 'tree_method': 'gpu_hist', 'lambda': 0.0034390300782664446, 'alpha': 1.0889758358349964, 'colsample_bytree': 0.5058997887807196, 'subsample': 0.8599941702103363, 'learning_rate': 0.009097446330007376, 'max_depth': 7, 'min_child_weight': 181, 'eval_metric': 'rmse'}. Best is trial 251 with value: 0.6938977954226339.
start listen on 192.168.1.101:53689
@tracker All of 1 nodes getting started
@tracker All nodes finishes job
Trial 261 finished with value: 0.6942804120903421 and parameters: {'objective': 'reg:squarederror', 'tree_method': 'gpu_hist', 'lambda': 0.0023542594263148402, 'alpha': 0.9146581235087493, 'colsample_bytree': 0.4791768325485444, 'subsample': 0.8435715161929723, 'learning_rate': 0.012994855207387643, 'max_depth': 17, 'min_child_weight': 222, 'eval_metric': 'rmse'}. Best is trial 251 with value: 0.6938977954226339.
start listen on 192.168.1.101:45905
@tracker All of 1 nodes getting started
@tracker All nodes finishes job
Trial 262 finished with value: 0.6941499239237087 and parameters: {'objective': 'reg:squarederror', 'tree_method': 'gpu_hist', 'lambda': 0.0030107423799334006, 'alpha': 1.358843930310906, 'colsample_bytree': 0.5374749196814149, 'subsample': 0.8693850627262613, 'learning_rate': 0.011986333784216801, 'max_depth': 17, 'min_child_weight': 214, 'eval_metric': 'rmse'}. Best is trial 251 with value: 0.6938977954226339.
start listen on 192.168.1.101:58381
@tracker All of 1 nodes getting started
@tracker All nodes finishes job
Trial 263 finished with value: 0.6942422452561152 and parameters: {'objective': 'reg:squarederror', 'tree_method': 'gpu_hist', 'lambda': 0.0050881728404963454, 'alpha': 0.8426359349210456, 'colsample_bytree': 0.49302502564573186, 'subsample': 0.8532063700445424, 'learning_rate': 0.009991098684779784, 'max_depth': 17, 'min_child_weight': 202, 'eval_metric': 'rmse'}. Best is trial 251 with value: 0.6938977954226339.
start listen on 192.168.1.101:37695
@tracker All of 1 nodes getting started
@tracker All nodes finishes job
Trial 264 finished with value: 0.6942391346092174 and parameters: {'objective': 'reg:squarederror', 'tree_method': 'gpu_hist', 'lambda': 0.0036118520641535974, 'alpha': 0.7683927365799854, 'colsample_bytree': 0.47800641931444277, 'subsample': 0.8935858444348946, 'learning_rate': 0.011104562997275849, 'max_depth': 17, 'min_child_weight': 191, 'eval_metric': 'rmse'}. Best is trial 251 with value: 0.6938977954226339.
start listen on 192.168.1.101:32953
@tracker All of 1 nodes getting started
@tracker All nodes finishes job
Trial 265 finished with value: 0.6942040544614488 and parameters: {'objective': 'reg:squarederror', 'tree_method': 'gpu_hist', 'lambda': 0.0028295879324437066, 'alpha': 1.1110188515011228, 'colsample_bytree': 0.5083045765633805, 'subsample': 0.8365806808825181, 'learning_rate': 0.013665999649522455, 'max_depth': 17, 'min_child_weight': 197, 'eval_metric': 'rmse'}. Best is trial 251 with value: 0.6938977954226339.
start listen on 192.168.1.101:34499
@tracker All of 1 nodes getting started
@tracker All nodes finishes job
Trial 266 finished with value: 0.694101811256794 and parameters: {'objective': 'reg:squarederror', 'tree_method': 'gpu_hist', 'lambda': 0.008368701995833349, 'alpha': 0.9911080403587328, 'colsample_bytree': 0.48935753422753625, 'subsample': 0.8639302508140493, 'learning_rate': 0.012963516681637104, 'max_depth': 17, 'min_child_weight': 231, 'eval_metric': 'rmse'}. Best is trial 251 with value: 0.6938977954226339.
start listen on 192.168.1.101:50953
@tracker All of 1 nodes getting started
@tracker All nodes finishes job
Trial 267 finished with value: 0.6945759100663342 and parameters: {'objective': 'reg:squarederror', 'tree_method': 'gpu_hist', 'lambda': 0.005950801640261252, 'alpha': 1.4145473582972183, 'colsample_bytree': 0.5243759944805225, 'subsample': 0.5804198415530916, 'learning_rate': 0.013284391739259235, 'max_depth': 17, 'min_child_weight': 233, 'eval_metric': 'rmse'}. Best is trial 251 with value: 0.6938977954226339.
start listen on 192.168.1.101:37711
@tracker All of 1 nodes getting started
@tracker All nodes finishes job
Trial 268 finished with value: 0.6944208459652558 and parameters: {'objective': 'reg:squarederror', 'tree_method': 'gpu_hist', 'lambda': 0.008244376099381447, 'alpha': 1.7138317983291684, 'colsample_bytree': 0.49471043591556785, 'subsample': 0.9484088532724221, 'learning_rate': 0.012365702674619504, 'max_depth': 17, 'min_child_weight': 223, 'eval_metric': 'rmse'}. Best is trial 251 with value: 0.6938977954226339.
start listen on 192.168.1.101:59617
@tracker All of 1 nodes getting started
@tracker All nodes finishes job
Trial 269 finished with value: 0.6997777230525026 and parameters: {'objective': 'reg:squarederror', 'tree_method': 'gpu_hist', 'lambda': 0.004495199734925068, 'alpha': 1.0244337907905798, 'colsample_bytree': 0.3727584882579293, 'subsample': 0.8627934504845426, 'learning_rate': 0.05069656643924844, 'max_depth': 17, 'min_child_weight': 235, 'eval_metric': 'rmse'}. Best is trial 251 with value: 0.6938977954226339.
start listen on 192.168.1.101:33163
@tracker All of 1 nodes getting started
@tracker All nodes finishes job
Trial 270 finished with value: 0.7024622264370624 and parameters: {'objective': 'reg:squarederror', 'tree_method': 'gpu_hist', 'lambda': 0.004289323648460188, 'alpha': 0.0010219863086295487, 'colsample_bytree': 0.48395854694797047, 'subsample': 0.851919870038276, 'learning_rate': 0.01082333355258111, 'max_depth': 5, 'min_child_weight': 227, 'eval_metric': 'rmse'}. Best is trial 251 with value: 0.6938977954226339.
start listen on 192.168.1.101:38861
@tracker All of 1 nodes getting started
@tracker All nodes finishes job
Trial 271 finished with value: 0.6944090098844882 and parameters: {'objective': 'reg:squarederror', 'tree_method': 'gpu_hist', 'lambda': 0.00555208407491377, 'alpha': 0.9313582331232722, 'colsample_bytree': 0.5061481440588397, 'subsample': 0.553882413912653, 'learning_rate': 0.013861459966938548, 'max_depth': 17, 'min_child_weight': 241, 'eval_metric': 'rmse'}. Best is trial 251 with value: 0.6938977954226339.
start listen on 192.168.1.101:60225
@tracker All of 1 nodes getting started
@tracker All nodes finishes job
Trial 272 finished with value: 0.6943022643713065 and parameters: {'objective': 'reg:squarederror', 'tree_method': 'gpu_hist', 'lambda': 0.003650165130262466, 'alpha': 0.7956942125079827, 'colsample_bytree': 0.494038876894668, 'subsample': 0.8291688810781134, 'learning_rate': 0.011628365637634214, 'max_depth': 17, 'min_child_weight': 206, 'eval_metric': 'rmse'}. Best is trial 251 with value: 0.6938977954226339.
start listen on 192.168.1.101:40981
@tracker All of 1 nodes getting started
@tracker All nodes finishes job
Trial 273 finished with value: 0.694282459164754 and parameters: {'objective': 'reg:squarederror', 'tree_method': 'gpu_hist', 'lambda': 0.0025598535016410776, 'alpha': 0.7021123288881903, 'colsample_bytree': 0.4786088711254077, 'subsample': 0.8676945514047761, 'learning_rate': 0.012858058856797923, 'max_depth': 17, 'min_child_weight': 190, 'eval_metric': 'rmse'}. Best is trial 251 with value: 0.6938977954226339.
start listen on 192.168.1.101:57193
@tracker All of 1 nodes getting started
@tracker All nodes finishes job
Trial 274 finished with value: 0.6943431460172147 and parameters: {'objective': 'reg:squarederror', 'tree_method': 'gpu_hist', 'lambda': 0.0018417035394114186, 'alpha': 0.9135267638747092, 'colsample_bytree': 0.46997689445952723, 'subsample': 0.8470013915364222, 'learning_rate': 0.010233771464761088, 'max_depth': 17, 'min_child_weight': 200, 'eval_metric': 'rmse'}. Best is trial 251 with value: 0.6938977954226339.
start listen on 192.168.1.101:38195
@tracker All of 1 nodes getting started
@tracker All nodes finishes job
Trial 275 finished with value: 0.6940980971441387 and parameters: {'objective': 'reg:squarederror', 'tree_method': 'gpu_hist', 'lambda': 0.003038790437810742, 'alpha': 0.722604485710097, 'colsample_bytree': 0.5164575439611468, 'subsample': 0.9041797215295471, 'learning_rate': 0.014146317772312598, 'max_depth': 17, 'min_child_weight': 217, 'eval_metric': 'rmse'}. Best is trial 251 with value: 0.6938977954226339.
start listen on 192.168.1.101:56841
@tracker All of 1 nodes getting started
@tracker All nodes finishes job
Trial 276 finished with value: 0.6944113145257309 and parameters: {'objective': 'reg:squarederror', 'tree_method': 'gpu_hist', 'lambda': 0.004795870035829823, 'alpha': 1.2604466748502985, 'colsample_bytree': 0.5231306324130206, 'subsample': 0.9073097124845035, 'learning_rate': 0.015952473287142267, 'max_depth': 20, 'min_child_weight': 229, 'eval_metric': 'rmse'}. Best is trial 251 with value: 0.6938977954226339.
start listen on 192.168.1.101:42503
@tracker All of 1 nodes getting started
@tracker All nodes finishes job
Trial 277 finished with value: 1.5698194428978682 and parameters: {'objective': 'reg:squarederror', 'tree_method': 'gpu_hist', 'lambda': 0.0036749829941341923, 'alpha': 0.7396197913662976, 'colsample_bytree': 0.543548033392176, 'subsample': 0.44391237138472817, 'learning_rate': 0.0016664089469947776, 'max_depth': 17, 'min_child_weight': 217, 'eval_metric': 'rmse'}. Best is trial 251 with value: 0.6938977954226339.
start listen on 192.168.1.101:50949
@tracker All of 1 nodes getting started
@tracker All nodes finishes job
Trial 278 finished with value: 0.6943746839422136 and parameters: {'objective': 'reg:squarederror', 'tree_method': 'gpu_hist', 'lambda': 0.001580305483315629, 'alpha': 1.1258562382178499, 'colsample_bytree': 0.5150008546263495, 'subsample': 0.8939787089597397, 'learning_rate': 0.014261202481171907, 'max_depth': 17, 'min_child_weight': 221, 'eval_metric': 'rmse'}. Best is trial 251 with value: 0.6938977954226339.
start listen on 192.168.1.101:39211
@tracker All of 1 nodes getting started
@tracker All nodes finishes job
Trial 279 finished with value: 0.6945438319958914 and parameters: {'objective': 'reg:squarederror', 'tree_method': 'gpu_hist', 'lambda': 0.0021874143894606807, 'alpha': 0.8660504797679007, 'colsample_bytree': 0.5331406820750031, 'subsample': 0.9220082833470953, 'learning_rate': 0.011654874909305732, 'max_depth': 13, 'min_child_weight': 210, 'eval_metric': 'rmse'}. Best is trial 251 with value: 0.6938977954226339.
start listen on 192.168.1.101:37793
@tracker All of 1 nodes getting started
@tracker All nodes finishes job
Trial 280 finished with value: 0.694300735051502 and parameters: {'objective': 'reg:squarederror', 'tree_method': 'gpu_hist', 'lambda': 0.00728788632454628, 'alpha': 0.683300671574858, 'colsample_bytree': 0.49986254143844455, 'subsample': 0.9115200189979044, 'learning_rate': 0.01253129564510532, 'max_depth': 17, 'min_child_weight': 216, 'eval_metric': 'rmse'}. Best is trial 251 with value: 0.6938977954226339.
start listen on 192.168.1.101:34335
@tracker All of 1 nodes getting started
@tracker All nodes finishes job
Trial 281 finished with value: 0.6956794695025708 and parameters: {'objective': 'reg:squarederror', 'tree_method': 'gpu_hist', 'lambda': 0.0032639484762718887, 'alpha': 0.958927931425811, 'colsample_bytree': 0.5113723550441404, 'subsample': 0.9614094284588119, 'learning_rate': 0.009482410325494971, 'max_depth': 11, 'min_child_weight': 206, 'eval_metric': 'rmse'}. Best is trial 251 with value: 0.6938977954226339.
start listen on 192.168.1.101:53657
@tracker All of 1 nodes getting started
@tracker All nodes finishes job
Trial 282 finished with value: 0.7076530072488567 and parameters: {'objective': 'reg:squarederror', 'tree_method': 'gpu_hist', 'lambda': 0.004198005111288359, 'alpha': 0.6470648512734298, 'colsample_bytree': 0.47600172501927895, 'subsample': 0.8871720453734953, 'learning_rate': 0.013944931427384283, 'max_depth': 3, 'min_child_weight': 227, 'eval_metric': 'rmse'}. Best is trial 251 with value: 0.6938977954226339.
start listen on 192.168.1.101:52825
@tracker All of 1 nodes getting started
@tracker All nodes finishes job
Trial 283 finished with value: 0.6944543431681587 and parameters: {'objective': 'reg:squarederror', 'tree_method': 'gpu_hist', 'lambda': 0.0026498238248036775, 'alpha': 0.7510148511830469, 'colsample_bytree': 0.49053162172212944, 'subsample': 0.836967412261245, 'learning_rate': 0.0170031350644729, 'max_depth': 17, 'min_child_weight': 193, 'eval_metric': 'rmse'}. Best is trial 251 with value: 0.6938977954226339.
start listen on 192.168.1.101:60787
@tracker All of 1 nodes getting started
@tracker All nodes finishes job
Trial 284 finished with value: 0.6944942847381697 and parameters: {'objective': 'reg:squarederror', 'tree_method': 'gpu_hist', 'lambda': 0.0031382673150007713, 'alpha': 1.080706091604646, 'colsample_bytree': 0.3886387193065906, 'subsample': 0.9039488293035526, 'learning_rate': 0.015342772761433277, 'max_depth': 17, 'min_child_weight': 183, 'eval_metric': 'rmse'}. Best is trial 251 with value: 0.6938977954226339.
start listen on 192.168.1.101:48817
@tracker All of 1 nodes getting started
@tracker All nodes finishes job
Trial 285 finished with value: 0.6943677363388272 and parameters: {'objective': 'reg:squarederror', 'tree_method': 'gpu_hist', 'lambda': 0.009123156887218957, 'alpha': 1.6352633252549804, 'colsample_bytree': 0.45795000500370264, 'subsample': 0.8825895634917449, 'learning_rate': 0.010959979765184282, 'max_depth': 17, 'min_child_weight': 213, 'eval_metric': 'rmse'}. Best is trial 251 with value: 0.6938977954226339.
start listen on 192.168.1.101:33975
@tracker All of 1 nodes getting started
@tracker All nodes finishes job
Trial 286 finished with value: 0.7003186504621891 and parameters: {'objective': 'reg:squarederror', 'tree_method': 'gpu_hist', 'lambda': 0.00546308695279785, 'alpha': 0.8456760313855891, 'colsample_bytree': 0.47271411203216246, 'subsample': 0.8571286041919562, 'learning_rate': 0.004818015141494339, 'max_depth': 17, 'min_child_weight': 246, 'eval_metric': 'rmse'}. Best is trial 251 with value: 0.6938977954226339.
start listen on 192.168.1.101:44269
@tracker All of 1 nodes getting started
@tracker All nodes finishes job
Trial 287 finished with value: 0.6942802491319494 and parameters: {'objective': 'reg:squarederror', 'tree_method': 'gpu_hist', 'lambda': 0.017907184940671787, 'alpha': 0.6380879721944556, 'colsample_bytree': 0.49977495892461127, 'subsample': 0.9397574481787264, 'learning_rate': 0.012285607154046389, 'max_depth': 17, 'min_child_weight': 176, 'eval_metric': 'rmse'}. Best is trial 251 with value: 0.6938977954226339.
start listen on 192.168.1.101:38317
@tracker All of 1 nodes getting started
@tracker All nodes finishes job
Trial 288 finished with value: 0.6943374603503328 and parameters: {'objective': 'reg:squarederror', 'tree_method': 'gpu_hist', 'lambda': 0.0018052024550506492, 'alpha': 1.2837019547169335, 'colsample_bytree': 0.5149270360343499, 'subsample': 0.8431158262712425, 'learning_rate': 0.013755638229717003, 'max_depth': 17, 'min_child_weight': 196, 'eval_metric': 'rmse'}. Best is trial 251 with value: 0.6938977954226339.
start listen on 192.168.1.101:59147
@tracker All of 1 nodes getting started
@tracker All nodes finishes job
Trial 289 finished with value: 0.6943399129011767 and parameters: {'objective': 'reg:squarederror', 'tree_method': 'gpu_hist', 'lambda': 0.003936338266668726, 'alpha': 0.5559912226728648, 'colsample_bytree': 0.4814736594908254, 'subsample': 0.826035741370373, 'learning_rate': 0.01507902437331899, 'max_depth': 17, 'min_child_weight': 208, 'eval_metric': 'rmse'}. Best is trial 251 with value: 0.6938977954226339.
start listen on 192.168.1.101:51843
@tracker All of 1 nodes getting started
@tracker All nodes finishes job
