number,value,params_alpha,params_colsample_bytree,params_eval_metric,params_lambda,params_learning_rate,params_max_depth,params_min_child_weight,params_objective,params_subsample,params_tree_method,state
257,0.6944407272422173,0.0840355231309784,0.6022591991312497,rmse,0.02845711074513782,0.010740452940978085,20,154,reg:squarederror,0.7065872685081449,gpu_hist,COMPLETE
258,0.6942299257254266,0.10168176434687129,0.6308423301057853,rmse,0.02448753045001806,0.009994489288087787,20,144,reg:squarederror,0.6819831943323892,gpu_hist,COMPLETE
259,0.6943025661234998,0.09058765326612503,0.5914996169762234,rmse,0.020826144465112877,0.01088862767057381,20,159,reg:squarederror,0.6924632086332555,gpu_hist,COMPLETE
260,0.6949558719525003,9.79662232794178,0.5775095494355184,rmse,0.028587982006079985,0.009962507299851927,20,99,reg:squarederror,0.6823950859782975,gpu_hist,COMPLETE
261,0.6943209054472763,0.11694964322937357,0.5926994423872968,rmse,0.03759323060457204,0.008989704433031362,20,76,reg:squarederror,0.70148974763572,gpu_hist,COMPLETE
262,0.6944896682079722,0.07725367998592433,0.5803526410614921,rmse,0.0239737568772181,0.01124980509009648,20,155,reg:squarederror,0.6703495684008277,gpu_hist,COMPLETE
263,0.694169245138549,0.1326335434877224,0.5673466288503559,rmse,0.020037127724344295,0.010203470167539263,20,145,reg:squarederror,0.691365182081838,gpu_hist,COMPLETE
264,0.6941877982166399,0.13503125985657374,0.5688176628528911,rmse,0.018079364658074016,0.009771459978841263,20,137,reg:squarederror,0.6963673777595537,gpu_hist,COMPLETE
265,0.6942162627551995,0.1496965232848959,0.5681176174668504,rmse,0.019104012508363674,0.008519205629529271,20,138,reg:squarederror,0.7015343890276312,gpu_hist,COMPLETE
266,0.6943421448045386,0.1284514475443458,0.5676909204090459,rmse,0.020370565373481184,0.009484748754276543,20,134,reg:squarederror,0.7143292195716212,gpu_hist,COMPLETE
267,0.6944711782471663,0.11249118400705599,0.5940969063722478,rmse,0.01797764231983044,0.011601945772533076,20,122,reg:squarederror,0.6906728621220048,gpu_hist,COMPLETE
268,1.4843092811529306,0.1321607954616502,0.5647277307208771,rmse,0.022849816916136127,0.001735572079997046,20,147,reg:squarederror,0.6886639989672008,gpu_hist,COMPLETE
269,0.6942439916009845,0.09277998169946998,0.5830627846341225,rmse,0.4810519266418569,0.010177678547016221,20,142,reg:squarederror,0.7279487441342621,gpu_hist,COMPLETE
270,0.7079511294750546,0.11164947046412908,0.5623373415102728,rmse,0.016168464745738364,0.012779749713721122,3,130,reg:squarederror,0.7052739842199818,gpu_hist,COMPLETE
271,0.6950311247960494,0.07157333781032926,0.6115932561219939,rmse,0.025502550478228816,0.014504058104421782,20,116,reg:squarederror,0.6794234122095395,gpu_hist,COMPLETE
272,0.6945567234832402,0.1318870367283632,0.544919781620552,rmse,0.020519565894616454,0.011749238688670024,20,91,reg:squarederror,0.6901232112938256,gpu_hist,COMPLETE
273,0.6941265186655217,0.08621943778599561,0.5725036284647937,rmse,0.031632007810451016,0.0092957399452407,20,144,reg:squarederror,0.7123862902176079,gpu_hist,COMPLETE
274,0.6943856495967939,0.05593136090976817,0.5377959961206998,rmse,0.03151585991575474,0.008329688351539468,20,145,reg:squarederror,0.7124615867023735,gpu_hist,COMPLETE
275,0.6944566596510258,0.07866182205513156,0.5995637618139036,rmse,0.04402024435548871,0.010853042645017881,13,152,reg:squarederror,0.6287186189387205,gpu_hist,COMPLETE
276,0.6943819298282691,0.04660320596110277,0.5529730664096095,rmse,0.03429425895930063,0.00902784502814349,20,168,reg:squarederror,0.7172218815251866,gpu_hist,COMPLETE
277,0.694869155110727,0.09538040821388591,0.573313014057297,rmse,0.02639715933046308,0.0135474703521418,20,105,reg:squarederror,0.6713111429396434,gpu_hist,COMPLETE
278,0.69554004310263,0.06160711404351662,0.5273629940208964,rmse,0.04636464077017772,0.03727366103926909,9,143,reg:squarederror,0.677232442843193,gpu_hist,COMPLETE
279,0.6944177469519279,0.08849543773438166,0.5803130368506075,rmse,0.02272772235671939,0.007629452287897583,20,149,reg:squarederror,0.6630780086309325,gpu_hist,COMPLETE
280,0.694626410707001,0.10191588597190765,0.5597218498270589,rmse,0.12796752384747764,0.015573171936375627,11,163,reg:squarederror,0.6187487096514024,gpu_hist,COMPLETE
281,0.694309618511436,0.07049823655628472,0.5368328142201663,rmse,0.031769971577830694,0.012165469768136766,20,156,reg:squarederror,0.6371615314589034,gpu_hist,COMPLETE
282,0.698164787403434,0.08213194858802975,0.5138846821185358,rmse,0.03803554615921428,0.010401875041581722,7,151,reg:squarederror,0.6654413600590208,gpu_hist,COMPLETE
283,0.694894895364931,0.11253584699684085,0.32309934790586314,rmse,0.026843746849386448,0.011691415900271937,20,166,reg:squarederror,0.6830483549960346,gpu_hist,COMPLETE
284,0.6942290382429506,0.03554936277758243,0.5440344559000517,rmse,0.10144165983964404,0.013452032269721121,20,192,reg:squarederror,0.6452368338773857,gpu_hist,COMPLETE
285,0.6946850163364836,0.04710835532964084,0.5248946844826374,rmse,0.02318459093679963,0.009593074927895618,20,49,reg:squarederror,0.7030243514181524,gpu_hist,COMPLETE
286,0.7018290594360314,0.15423744481442894,0.5891582693778482,rmse,0.05334885546392881,0.011159502691781318,5,140,reg:squarederror,0.6546481075256527,gpu_hist,COMPLETE
287,0.6945094444834411,0.060600964665440425,0.5550829244326576,rmse,0.015156733906196625,0.012859685246795946,20,146,reg:squarederror,0.632950206207513,gpu_hist,COMPLETE
288,0.6945700525664005,0.10314120879455546,0.60308326337454,rmse,0.1592258479541735,0.008813783141701857,15,160,reg:squarederror,0.7285675720385519,gpu_hist,COMPLETE
289,0.694158332813109,0.08697574986717015,0.5124278175783008,rmse,0.030395740849643468,0.010395881935099584,20,168,reg:squarederror,0.6726919555546784,gpu_hist,COMPLETE
290,0.6942063422481116,0.08271632802098607,0.4990260968353614,rmse,0.019930655393999363,0.010150077458753612,20,154,reg:squarederror,0.6746079972307529,gpu_hist,COMPLETE
291,0.6943296309999167,0.07237932896222553,0.48508104238407385,rmse,0.031074534536119185,0.010989083378485916,15,160,reg:squarederror,0.6895027967801687,gpu_hist,COMPLETE
292,0.6942797869402777,0.05351077240048868,0.51226158411957,rmse,0.5848245475360134,0.009854274115860444,20,165,reg:squarederror,0.6653584224554693,gpu_hist,COMPLETE
293,0.6945217678737424,0.129071774666959,0.5197941147276668,rmse,0.027075050831340187,0.00846681368050992,15,148,reg:squarederror,0.6823273360965113,gpu_hist,COMPLETE
294,0.6940798473351243,0.09090718435960658,0.53040253085908,rmse,0.08314970144877211,0.011123313171192563,20,169,reg:squarederror,0.6999244382276575,gpu_hist,COMPLETE
295,0.694223296477935,0.10295705253895544,0.5306819521130288,rmse,0.11466084282110137,0.011928239073818486,20,178,reg:squarederror,0.7134911744048729,gpu_hist,COMPLETE
296,0.708868664713135,0.08779741392074535,0.5562408952757276,rmse,0.09046840025318645,0.01097221538862271,3,169,reg:squarederror,0.698379484974816,gpu_hist,COMPLETE
297,0.6945455297060672,0.0022926648342213533,0.5809442991735204,rmse,0.08173201275185385,0.012352441884592592,15,300,reg:squarederror,0.7196186268531332,gpu_hist,COMPLETE
298,0.6944174167610507,0.15793587650120916,0.6189641746298068,rmse,4.371681467286024,0.01100870316289762,20,124,reg:squarederror,0.7007290953067712,gpu_hist,COMPLETE
299,0.6943606497805415,0.12450623132248559,0.5323021785098137,rmse,0.01656828466284978,0.00919834751295214,20,178,reg:squarederror,0.6873566116929194,gpu_hist,COMPLETE
300,0.6941059864575012,0.0694818339717068,0.5678458252957818,rmse,0.021976952160051917,0.012034716856952378,15,137,reg:squarederror,0.6723037822430751,gpu_hist,COMPLETE
301,0.6940878996096405,0.06876764305262827,0.5682464225388434,rmse,0.02192631095583411,0.012979483790896718,15,135,reg:squarederror,0.6795181169853509,gpu_hist,COMPLETE
302,0.6943684583231866,0.06545704399217861,0.5634934479820269,rmse,0.02016967953006133,0.015121996695503338,15,128,reg:squarederror,0.6938113382066421,gpu_hist,COMPLETE
303,0.6943316373375125,0.06848013602739927,0.5507227219430375,rmse,0.013833216346566991,0.012662805302339486,15,140,reg:squarederror,0.6782352956539731,gpu_hist,COMPLETE
304,0.6943885023826961,0.0794476988531709,0.570190240017991,rmse,0.022689576792454185,0.013796455028751268,15,133,reg:squarederror,0.7054854951721111,gpu_hist,COMPLETE
305,0.6942825050749332,0.04344540889606714,0.5421364457204314,rmse,0.018470791933012376,0.012099820917083032,15,136,reg:squarederror,0.6760035745100144,gpu_hist,COMPLETE
306,0.6944961539190192,0.02673137108564952,0.5933481221485069,rmse,0.016755232352612885,0.013216292596440167,15,113,reg:squarederror,0.6903548478498531,gpu_hist,COMPLETE
307,0.6942068031012746,0.06094551952266173,0.5577702542936265,rmse,0.07564771356443656,0.01201979214551739,15,129,reg:squarederror,0.7093872851690435,gpu_hist,COMPLETE
308,0.6944444940512033,0.08720481858611298,0.5687087043876138,rmse,0.10266138794657317,0.014220439635641376,15,139,reg:squarederror,0.6718759627776663,gpu_hist,COMPLETE
309,0.694520979250063,0.06604901984517306,0.5263803366534273,rmse,0.1347610859413442,0.011559148134415158,15,135,reg:squarederror,0.7255442342935543,gpu_hist,COMPLETE
310,0.8642024300265072,0.07779059903431247,0.5450783086677946,rmse,0.06544782739202096,0.002683783711349019,15,121,reg:squarederror,0.6809077389154615,gpu_hist,COMPLETE
311,0.6948290724231139,0.09356558413477285,0.5787901660004884,rmse,0.022808854756291724,0.016714474465030806,15,100,reg:squarederror,0.664424365910412,gpu_hist,COMPLETE
312,0.6944352981646437,0.05281570367011896,0.5526072202103482,rmse,0.015077422377132188,0.015041383991221898,15,128,reg:squarederror,0.6949578540565703,gpu_hist,COMPLETE
313,0.6954253639153298,0.07719199873969611,0.5382688435373829,rmse,0.02028240752044121,0.012970790942801734,9,143,reg:squarederror,0.6576553870119891,gpu_hist,COMPLETE
314,0.6949929821713677,0.09801269988031322,0.6072676423613794,rmse,0.026196400439945512,0.009753003330111193,11,144,reg:squarederror,0.6859130026159532,gpu_hist,COMPLETE
315,0.6944666523283946,0.040268867404992595,0.5199599081939675,rmse,0.033395870405808464,0.011308623887816244,13,184,reg:squarederror,0.7047053149517963,gpu_hist,COMPLETE
316,0.6942519096097818,0.06115885960499471,0.5665715037162371,rmse,0.0417787883154818,0.012960807913050513,15,110,reg:squarederror,0.6712343755213401,gpu_hist,COMPLETE
317,0.6980978550354583,0.12233867691020814,0.591212711800498,rmse,0.01842009274431158,0.010584027882319578,7,133,reg:squarederror,0.6548336267001648,gpu_hist,COMPLETE
318,0.7015554678989188,0.09071465242538929,0.5349592649754549,rmse,0.0913121056985312,0.011855297526934948,5,93,reg:squarederror,0.6812320972832079,gpu_hist,COMPLETE
319,0.6955048734393254,0.08140300559070064,0.5490686351761125,rmse,0.013866336295437544,0.007954955413784198,15,171,reg:squarederror,0.40777351287462127,gpu_hist,COMPLETE
320,0.6944950857910283,0.0690109296873821,0.643758624444594,rmse,0.023634728437609918,0.009149684787813993,15,148,reg:squarederror,0.7190833172560532,gpu_hist,COMPLETE
321,0.6945252407452356,0.10601099326622598,0.5171921020401457,rmse,0.028505762712212765,0.014490451895134227,15,82,reg:squarederror,0.6962154352148396,gpu_hist,COMPLETE
322,0.6951288523454984,0.05255747320138352,0.9853938316721251,rmse,0.05301865337055857,0.010311396625707488,20,168,reg:squarederror,0.6587819929768969,gpu_hist,COMPLETE
323,0.694197534097123,0.13762218341833266,0.5624469322653595,rmse,0.011468852482617236,0.012243883461339335,15,140,reg:squarederror,0.670885975288184,gpu_hist,COMPLETE
324,0.6940647395686201,0.10358934626106692,0.5779776560848467,rmse,0.033994612099814865,0.011371439511814671,20,176,reg:squarederror,0.688850638461831,gpu_hist,COMPLETE
325,0.694274993948953,0.08822213458157835,0.5804889130814244,rmse,0.0422358743757363,0.009421777315452356,20,171,reg:squarederror,0.690094645074311,gpu_hist,COMPLETE
326,0.6943144920960755,0.06871444607267388,0.604853957593025,rmse,0.03292264079776236,0.010817580471361856,20,184,reg:squarederror,0.7129398994972372,gpu_hist,COMPLETE
327,0.6942517813276053,0.045031208485351505,0.5887669891113242,rmse,0.03580981226028504,0.011407340108813425,20,178,reg:squarederror,0.7336951038839843,gpu_hist,COMPLETE
328,0.6940960466051236,0.056178817412772475,0.5764580469843352,rmse,0.02667328772905728,0.009946079043118505,20,176,reg:squarederror,0.7030884790946844,gpu_hist,COMPLETE
329,0.694236067746739,0.03297588800252384,0.6258505154866766,rmse,0.02401408514127969,0.008610183608032892,20,172,reg:squarederror,0.6853648022251865,gpu_hist,COMPLETE
330,0.6946094085742331,0.05717197770673849,0.5764781501678594,rmse,9.325200200346012,0.00962428312914654,20,191,reg:squarederror,0.7013175982396191,gpu_hist,COMPLETE
331,0.6943293003235922,0.04697865344904284,0.5902774066724041,rmse,0.029161083702562665,0.010368143625581628,20,178,reg:squarederror,0.6505646297691957,gpu_hist,COMPLETE
332,0.6947040875413676,0.058333223042584176,0.7594491393969052,rmse,0.022470601601597594,0.00894338557221731,20,123,reg:squarederror,0.6765483920895431,gpu_hist,COMPLETE
333,0.7109741253726235,0.07985006580727214,0.5713961879820674,rmse,0.01787451312474847,0.007657149626816649,3,177,reg:squarederror,0.6407009794177435,gpu_hist,COMPLETE
334,0.6942117687287653,0.037212605770318964,0.6006886822143941,rmse,0.027936632328041177,0.010278234449741306,20,187,reg:squarederror,0.6630538778107281,gpu_hist,COMPLETE
335,0.6946221179926744,0.068858966664772,0.5595413523734505,rmse,0.04698476579116821,0.011272943401547013,20,104,reg:squarederror,0.6940631292847367,gpu_hist,COMPLETE
336,0.6941410445680354,0.09870218172263436,0.5428804029193522,rmse,0.033981073886373565,0.00968347819735164,20,182,reg:squarederror,0.6817912448593362,gpu_hist,COMPLETE
337,0.6944455478780777,0.09537551926923254,0.5286186506050378,rmse,0.03349006167469908,0.008522528768148858,20,191,reg:squarederror,0.6610711154531845,gpu_hist,COMPLETE
338,0.6943723280442713,0.07322649987580683,0.5395864540279249,rmse,0.04009235352839833,0.009698344568114843,20,184,reg:squarederror,0.6768018643560281,gpu_hist,COMPLETE
339,0.6942666448072046,0.05285407127100683,0.5496889536803122,rmse,0.03859099497673574,0.01359999589560281,13,181,reg:squarederror,0.6456047766112951,gpu_hist,COMPLETE
340,0.6978335616039025,0.09793106774930349,0.5097060876454339,rmse,0.028518423615674273,0.011618204415151252,7,174,reg:squarederror,0.668318241756622,gpu_hist,COMPLETE
341,0.6953989943164418,0.07908060856828956,0.5358522940983012,rmse,0.05412100025159949,0.006899961680589342,20,235,reg:squarederror,0.63292662058213,gpu_hist,COMPLETE
342,0.6963513913818276,0.06479609689345106,0.49127676548023524,rmse,0.033207371961080624,0.009404973994661553,9,164,reg:squarederror,0.7096433403186387,gpu_hist,COMPLETE
343,0.6947005460512533,0.04420346424456495,0.6900570047996055,rmse,0.06595438621871261,0.013194619850635502,11,116,reg:squarederror,0.6532660595849915,gpu_hist,COMPLETE
344,0.6942821822341023,0.10401275221555213,0.4721038881515977,rmse,0.02569544015073608,0.01101525432322925,20,188,reg:squarederror,0.6840886752622782,gpu_hist,COMPLETE
345,0.6948581311712531,0.06102084457780698,0.5519354407904824,rmse,0.048634198422221574,0.01597941803741512,20,178,reg:squarederror,0.6636954222154984,gpu_hist,COMPLETE
346,0.6951983644443838,0.08680891861879704,0.5808627445311241,rmse,0.02355552990121899,0.007914766184537876,15,267,reg:squarederror,0.7006048169263733,gpu_hist,COMPLETE
347,0.7025013609361211,0.07368646233043086,0.5296632824740448,rmse,0.03219199436601155,0.010225375412105438,5,168,reg:squarederror,0.6804963727918532,gpu_hist,COMPLETE
348,2.519333496050516,0.11139164757510388,0.615192075987005,rmse,0.021207784865043246,0.0011201226452983238,20,204,reg:squarederror,0.7205750979241387,gpu_hist,COMPLETE
349,0.6946288373800159,0.05397091902624538,0.5051398846887081,rmse,0.039488786589027096,0.012544114556499498,20,173,reg:squarederror,0.4983889385462782,gpu_hist,COMPLETE
350,0.6944441242898787,0.007266771854053621,0.5478426484853166,rmse,0.015834227825699723,0.011233717485551738,15,197,reg:squarederror,0.6393310066667843,gpu_hist,COMPLETE
351,0.6944931146436242,0.09006502038674524,0.568596520661026,rmse,0.028002208019064532,0.009426698036576609,20,65,reg:squarederror,0.6497383226061998,gpu_hist,COMPLETE
352,0.694487195516985,0.11478696545072857,0.5240529897791545,rmse,0.03380671050533756,0.014004279204822107,15,88,reg:squarederror,0.6700967172773664,gpu_hist,COMPLETE
353,0.6941939471681089,0.06793825822344227,0.540311836145858,rmse,0.02528580791329697,0.011925142474333062,20,162,reg:squarederror,0.687409825382328,gpu_hist,COMPLETE
354,0.6945807958780491,0.1457152132880626,0.8031212940747325,rmse,0.01882106573218707,0.00881553154958332,20,135,reg:squarederror,0.6630737465647134,gpu_hist,COMPLETE
355,0.6942831766844567,0.04874046372738494,0.5886901528793209,rmse,0.040726108809209245,0.010737915934658674,15,164,reg:squarederror,0.6964367107133866,gpu_hist,COMPLETE
356,0.6942576178361926,0.08443117560282118,0.5651806031663097,rmse,0.012452333175534446,0.012902339881402176,20,179,reg:squarederror,0.6270723596600632,gpu_hist,COMPLETE
357,0.6945259136546692,0.10132108834017751,0.6601306037448216,rmse,0.021173887990531437,0.00998768684618232,15,130,reg:squarederror,0.6772518075164894,gpu_hist,COMPLETE
358,0.6942588980944921,0.039457906608551946,0.5117447542949093,rmse,0.029765094536939964,0.011475253250628745,20,152,reg:squarederror,0.709768822501571,gpu_hist,COMPLETE
359,0.7072426075991686,0.05996991150021979,0.551220488032863,rmse,0.015548428389300923,0.014237963398210339,3,96,reg:squarederror,0.6536134693997575,gpu_hist,COMPLETE
360,0.6941283391656147,0.12632797690344835,0.4907494690268535,rmse,0.062398737054223025,0.010466629594229353,20,185,reg:squarederror,0.6447571973327557,gpu_hist,COMPLETE
361,0.7034436669395219,0.1791143236825334,0.601232413349442,rmse,0.060527806628635404,0.05506127786825144,15,191,reg:squarederror,0.4778011379658008,gpu_hist,COMPLETE
362,0.6942017422928903,0.13948496708970334,0.4751573029271818,rmse,0.07619603174781454,0.012956980318964167,20,186,reg:squarederror,0.6315955950283951,gpu_hist,COMPLETE
363,0.694604484195535,0.12173749842360929,0.46172936222667177,rmse,0.06267268758484312,0.011693311988591039,20,185,reg:squarederror,0.42557005646461565,gpu_hist,COMPLETE
364,0.6949391740492269,0.02960529832910973,0.4969635521722002,rmse,0.05763450507056574,0.008402971216297357,15,198,reg:squarederror,0.620124816529969,gpu_hist,COMPLETE
365,0.6942738528431496,0.15100114938702927,0.490843543658253,rmse,0.08100567245672527,0.009315550547398063,20,78,reg:squarederror,0.533936906335726,gpu_hist,COMPLETE
366,0.6950267711002525,0.10362498906393099,0.5784051411554347,rmse,3.4026990629477254,0.010756852553824338,13,181,reg:squarederror,0.6409534555420244,gpu_hist,COMPLETE
367,0.6946141477534045,0.12648373022277212,0.5321902744327831,rmse,0.04225805837672355,0.012461420039305266,20,120,reg:squarederror,0.6015791622318819,gpu_hist,COMPLETE
368,0.694322800146146,0.019869236065809873,0.5587980951727516,rmse,0.04779161881578038,0.009857957376489066,15,138,reg:squarederror,0.6488787601898323,gpu_hist,COMPLETE
369,0.6978062633283753,0.07458439484476016,0.5744168498976835,rmse,0.0723780314540358,0.011441521075063401,7,174,reg:squarederror,0.6586987107965617,gpu_hist,COMPLETE
370,0.695620925541441,0.1096274732091272,0.714444705481488,rmse,0.0178867754081924,0.015350047887310855,20,147,reg:squarederror,0.6405384500605803,gpu_hist,COMPLETE
371,0.695429560111532,0.05213983661375249,0.5401487583751274,rmse,0.09942379373155631,0.013511654283232024,9,157,reg:squarederror,0.7412793719866524,gpu_hist,COMPLETE
372,0.6948556010325052,0.1767397571797589,0.35583809034383307,rmse,0.02326145369823556,0.010460673385103529,15,105,reg:squarederror,0.7242161242794425,gpu_hist,COMPLETE
373,0.6947641887446833,0.08761488896573334,0.48311763558348086,rmse,0.012973484615610466,0.012238796152742386,11,126,reg:squarederror,0.6916664682464888,gpu_hist,COMPLETE
374,0.6940768102312823,0.04331983408137181,0.5551687394668623,rmse,0.024998367956650815,0.008920632814620825,20,141,reg:squarederror,0.6561554660109087,gpu_hist,COMPLETE
375,0.6943931712529354,0.040670598040741315,0.5876790453030326,rmse,0.026354327872715185,0.007694446570112863,20,144,reg:squarederror,0.6678574704746739,gpu_hist,COMPLETE
376,0.6942364252268356,0.03665400438674678,0.5605485280035071,rmse,0.0319487116830968,0.008457974545874889,20,151,reg:squarederror,0.6812395373893417,gpu_hist,COMPLETE
377,0.6941263750601074,0.030971051429859037,0.5542126392591119,rmse,0.036475478902139834,0.00897096367258412,20,139,reg:squarederror,0.7024800292150846,gpu_hist,COMPLETE
378,0.6945079381266884,0.024790748218051994,0.571158589479168,rmse,0.04752966068247351,0.007416068261922375,20,137,reg:squarederror,0.7033958014007814,gpu_hist,COMPLETE
379,0.6945529015597834,0.03173484996399892,0.5567950710809596,rmse,0.03679441337119395,0.009041920583292139,20,174,reg:squarederror,0.7151434019681165,gpu_hist,COMPLETE
380,0.6984952811692718,0.019873896095446323,0.5867608212537061,rmse,0.0582097813940539,0.027151629549763127,20,161,reg:squarederror,0.6975758428286969,gpu_hist,COMPLETE
381,0.6944077473824888,0.043968481870041876,0.5490240791177381,rmse,0.03769712655425526,0.008604046298673717,20,194,reg:squarederror,0.731409505189054,gpu_hist,COMPLETE
382,0.6941561902983057,0.03291306780863865,0.5707714416101903,rmse,0.04844232923923879,0.009841808847220402,20,184,reg:squarederror,0.7079100046234662,gpu_hist,COMPLETE
383,0.6943830902357762,0.035177825842043306,0.6062251765360767,rmse,0.021824583438532975,0.00808883197821332,20,132,reg:squarederror,0.6782156206184486,gpu_hist,COMPLETE
384,0.7022891589250158,0.024418402365722205,0.5563195606549421,rmse,0.08470177255067339,0.010605961823269599,5,141,reg:squarederror,0.6956440992441525,gpu_hist,COMPLETE
385,0.694278237213229,0.0582655949696685,0.581339782613503,rmse,0.03476195850256693,0.009372593561378107,20,171,reg:squarederror,0.685135284379897,gpu_hist,COMPLETE
