Trial 251 finished with value: 0.6997556910646336 and parameters: {'objective': 'reg:squarederror', 'tree_method': 'gpu_hist', 'lambda': 0.05639464908638, 'alpha': 4.808118362367393, 'colsample_bytree': 0.33722778498975026, 'subsample': 0.7156703327132419, 'learning_rate': 0.01995962764841792, 'max_depth': 5, 'min_child_weight': 144, 'eval_metric': 'rmse'}. Best is trial 186 with value: 0.6940181384029701.
start listen on 192.168.1.101:42599
@tracker All of 1 nodes getting started
@tracker All nodes finishes job
Trial 252 finished with value: 0.6943427591522662 and parameters: {'objective': 'reg:squarederror', 'tree_method': 'gpu_hist', 'lambda': 0.01960512543393955, 'alpha': 3.818819705617575, 'colsample_bytree': 0.3901338385994385, 'subsample': 0.9009037434394818, 'learning_rate': 0.013096316523703657, 'max_depth': 17, 'min_child_weight': 135, 'eval_metric': 'rmse'}. Best is trial 186 with value: 0.6940181384029701.
start listen on 192.168.1.101:33343
@tracker All of 1 nodes getting started
@tracker All nodes finishes job
Trial 253 finished with value: 0.7065623572938358 and parameters: {'objective': 'reg:squarederror', 'tree_method': 'gpu_hist', 'lambda': 0.006974863319120688, 'alpha': 8.475976239511034, 'colsample_bytree': 0.3636777284156727, 'subsample': 0.8666059967812094, 'learning_rate': 0.017593840550318915, 'max_depth': 3, 'min_child_weight': 169, 'eval_metric': 'rmse'}. Best is trial 186 with value: 0.6940181384029701.
start listen on 192.168.1.101:52877
@tracker All of 1 nodes getting started
@tracker All nodes finishes job
Trial 254 finished with value: 0.6941854792022814 and parameters: {'objective': 'reg:squarederror', 'tree_method': 'gpu_hist', 'lambda': 0.025055398732253324, 'alpha': 7.2658157815862605, 'colsample_bytree': 0.4085254841352325, 'subsample': 0.8833385203364552, 'learning_rate': 0.015863702511101103, 'max_depth': 17, 'min_child_weight': 158, 'eval_metric': 'rmse'}. Best is trial 186 with value: 0.6940181384029701.
start listen on 192.168.1.101:43835
@tracker All of 1 nodes getting started
@tracker All nodes finishes job
Trial 255 finished with value: 0.6943700357735879 and parameters: {'objective': 'reg:squarederror', 'tree_method': 'gpu_hist', 'lambda': 0.024940014854505838, 'alpha': 7.209720509922561, 'colsample_bytree': 0.4100491547382629, 'subsample': 0.8847722435327634, 'learning_rate': 0.016105376757053376, 'max_depth': 13, 'min_child_weight': 142, 'eval_metric': 'rmse'}. Best is trial 186 with value: 0.6940181384029701.
start listen on 192.168.1.101:59309
@tracker All of 1 nodes getting started
@tracker All nodes finishes job
Trial 256 finished with value: 0.6943033072524099 and parameters: {'objective': 'reg:squarederror', 'tree_method': 'gpu_hist', 'lambda': 0.01720155569741171, 'alpha': 7.932607130943824, 'colsample_bytree': 0.425437998893613, 'subsample': 0.8931515112048689, 'learning_rate': 0.01865207761429752, 'max_depth': 17, 'min_child_weight': 149, 'eval_metric': 'rmse'}. Best is trial 186 with value: 0.6940181384029701.
start listen on 192.168.1.101:57843
@tracker All of 1 nodes getting started
@tracker All nodes finishes job
Trial 257 finished with value: 0.694274068758245 and parameters: {'objective': 'reg:squarederror', 'tree_method': 'gpu_hist', 'lambda': 0.027445962451159465, 'alpha': 6.181402465163176, 'colsample_bytree': 0.40660800805840014, 'subsample': 0.9149360004506979, 'learning_rate': 0.015881680632347597, 'max_depth': 17, 'min_child_weight': 155, 'eval_metric': 'rmse'}. Best is trial 186 with value: 0.6940181384029701.
start listen on 192.168.1.101:36333
@tracker All of 1 nodes getting started
@tracker All nodes finishes job
Trial 258 finished with value: 0.6942470880116738 and parameters: {'objective': 'reg:squarederror', 'tree_method': 'gpu_hist', 'lambda': 0.022093190190596367, 'alpha': 8.368026696925863, 'colsample_bytree': 0.4340753386349775, 'subsample': 0.8739633582893075, 'learning_rate': 0.017327885222109613, 'max_depth': 17, 'min_child_weight': 148, 'eval_metric': 'rmse'}. Best is trial 186 with value: 0.6940181384029701.
start listen on 192.168.1.101:56321
@tracker All of 1 nodes getting started
@tracker All nodes finishes job
Trial 259 finished with value: 0.6942605270958677 and parameters: {'objective': 'reg:squarederror', 'tree_method': 'gpu_hist', 'lambda': 0.03091229147586564, 'alpha': 5.5227423715340835, 'colsample_bytree': 0.38969679089680215, 'subsample': 0.9008997928965338, 'learning_rate': 0.015041314270486127, 'max_depth': 20, 'min_child_weight': 129, 'eval_metric': 'rmse'}. Best is trial 186 with value: 0.6940181384029701.
start listen on 192.168.1.101:38147
@tracker All of 1 nodes getting started
@tracker All nodes finishes job
Trial 260 finished with value: 0.6945760371376399 and parameters: {'objective': 'reg:squarederror', 'tree_method': 'gpu_hist', 'lambda': 0.05069495075403974, 'alpha': 7.003900557999726, 'colsample_bytree': 0.41514665660083144, 'subsample': 0.886882141803073, 'learning_rate': 0.020146126227688792, 'max_depth': 17, 'min_child_weight': 163, 'eval_metric': 'rmse'}. Best is trial 186 with value: 0.6940181384029701.
start listen on 192.168.1.101:57011
@tracker All of 1 nodes getting started
@tracker All nodes finishes job
Trial 261 finished with value: 0.6943646814711811 and parameters: {'objective': 'reg:squarederror', 'tree_method': 'gpu_hist', 'lambda': 0.012733009177858516, 'alpha': 5.772440992216788, 'colsample_bytree': 0.3784093549043802, 'subsample': 0.9139021777398733, 'learning_rate': 0.016606220406882154, 'max_depth': 17, 'min_child_weight': 140, 'eval_metric': 'rmse'}. Best is trial 186 with value: 0.6940181384029701.
start listen on 192.168.1.101:43247
@tracker All of 1 nodes getting started
@tracker All nodes finishes job
Trial 262 finished with value: 0.6949545724270902 and parameters: {'objective': 'reg:squarederror', 'tree_method': 'gpu_hist', 'lambda': 0.03666890388160071, 'alpha': 0.07591977389393276, 'colsample_bytree': 0.39817579451387825, 'subsample': 0.9295058560083966, 'learning_rate': 0.01831113422373358, 'max_depth': 17, 'min_child_weight': 156, 'eval_metric': 'rmse'}. Best is trial 186 with value: 0.6940181384029701.
start listen on 192.168.1.101:40723
@tracker All of 1 nodes getting started
@tracker All nodes finishes job
Trial 263 finished with value: 0.694763210360908 and parameters: {'objective': 'reg:squarederror', 'tree_method': 'gpu_hist', 'lambda': 0.025313361817466865, 'alpha': 8.617834531862579, 'colsample_bytree': 0.3878876841527728, 'subsample': 0.8418938356073351, 'learning_rate': 0.011864952689635907, 'max_depth': 17, 'min_child_weight': 169, 'eval_metric': 'rmse'}. Best is trial 186 with value: 0.6940181384029701.
start listen on 192.168.1.101:58547
@tracker All of 1 nodes getting started
@tracker All nodes finishes job
Trial 264 finished with value: 0.6940611015567498 and parameters: {'objective': 'reg:squarederror', 'tree_method': 'gpu_hist', 'lambda': 0.01952460696184244, 'alpha': 6.852561149694199, 'colsample_bytree': 0.43978102598211904, 'subsample': 0.8745233471953705, 'learning_rate': 0.01475425752869639, 'max_depth': 17, 'min_child_weight': 125, 'eval_metric': 'rmse'}. Best is trial 186 with value: 0.6940181384029701.
start listen on 192.168.1.101:46577
@tracker All of 1 nodes getting started
@tracker All nodes finishes job
Trial 265 finished with value: 0.6939996524465389 and parameters: {'objective': 'reg:squarederror', 'tree_method': 'gpu_hist', 'lambda': 0.01870011083149974, 'alpha': 4.940506984417352, 'colsample_bytree': 0.43272698246207225, 'subsample': 0.8752947436511468, 'learning_rate': 0.014506359186369592, 'max_depth': 17, 'min_child_weight': 116, 'eval_metric': 'rmse'}. Best is trial 265 with value: 0.6939996524465389.
start listen on 192.168.1.101:51865
@tracker All of 1 nodes getting started
@tracker All nodes finishes job
Trial 266 finished with value: 0.6953293555935237 and parameters: {'objective': 'reg:squarederror', 'tree_method': 'gpu_hist', 'lambda': 0.021143031254557146, 'alpha': 4.8060296454730445, 'colsample_bytree': 0.4466657517985591, 'subsample': 0.8749905394777564, 'learning_rate': 0.016228360533190968, 'max_depth': 9, 'min_child_weight': 116, 'eval_metric': 'rmse'}. Best is trial 265 with value: 0.6939996524465389.
start listen on 192.168.1.101:40245
@tracker All of 1 nodes getting started
@tracker All nodes finishes job
Trial 267 finished with value: 0.6940457704703659 and parameters: {'objective': 'reg:squarederror', 'tree_method': 'gpu_hist', 'lambda': 0.019601138705088447, 'alpha': 5.020025648312506, 'colsample_bytree': 0.43831722022177394, 'subsample': 0.8894390819467044, 'learning_rate': 0.014423490837298563, 'max_depth': 17, 'min_child_weight': 135, 'eval_metric': 'rmse'}. Best is trial 265 with value: 0.6939996524465389.
start listen on 192.168.1.101:49141
@tracker All of 1 nodes getting started
@tracker All nodes finishes job
Trial 268 finished with value: 0.6943493977998428 and parameters: {'objective': 'reg:squarederror', 'tree_method': 'gpu_hist', 'lambda': 0.018458750336283945, 'alpha': 3.249903221798746, 'colsample_bytree': 0.4368784737410093, 'subsample': 0.8957827951145786, 'learning_rate': 0.0126185162974804, 'max_depth': 17, 'min_child_weight': 123, 'eval_metric': 'rmse'}. Best is trial 265 with value: 0.6939996524465389.
start listen on 192.168.1.101:46559
@tracker All of 1 nodes getting started
@tracker All nodes finishes job
Trial 269 finished with value: 0.6943733747501295 and parameters: {'objective': 'reg:squarederror', 'tree_method': 'gpu_hist', 'lambda': 0.015576268153902376, 'alpha': 3.792463636037266, 'colsample_bytree': 0.4510342640179237, 'subsample': 0.8886000291877559, 'learning_rate': 0.014321652346604792, 'max_depth': 17, 'min_child_weight': 106, 'eval_metric': 'rmse'}. Best is trial 265 with value: 0.6939996524465389.
start listen on 192.168.1.101:34625
@tracker All of 1 nodes getting started
@tracker All nodes finishes job
Trial 270 finished with value: 0.6941949714432286 and parameters: {'objective': 'reg:squarederror', 'tree_method': 'gpu_hist', 'lambda': 0.018069669086067625, 'alpha': 4.843241098641759, 'colsample_bytree': 0.43501748227916714, 'subsample': 0.9027201265530634, 'learning_rate': 0.013141957281125253, 'max_depth': 17, 'min_child_weight': 136, 'eval_metric': 'rmse'}. Best is trial 265 with value: 0.6939996524465389.
start listen on 192.168.1.101:37945
@tracker All of 1 nodes getting started
@tracker All nodes finishes job
Trial 271 finished with value: 0.6944060840412755 and parameters: {'objective': 'reg:squarederror', 'tree_method': 'gpu_hist', 'lambda': 0.02328134705589748, 'alpha': 5.499464778087211, 'colsample_bytree': 0.4244861868613455, 'subsample': 0.8821087745862096, 'learning_rate': 0.014912801068760426, 'max_depth': 17, 'min_child_weight': 133, 'eval_metric': 'rmse'}. Best is trial 265 with value: 0.6939996524465389.
start listen on 192.168.1.101:34633
@tracker All of 1 nodes getting started
@tracker All nodes finishes job
Trial 272 finished with value: 0.6946286526032686 and parameters: {'objective': 'reg:squarederror', 'tree_method': 'gpu_hist', 'lambda': 0.014955706301402708, 'alpha': 4.476488980634517, 'colsample_bytree': 0.8294431936204651, 'subsample': 0.90204950681853, 'learning_rate': 0.011579075967794632, 'max_depth': 17, 'min_child_weight': 120, 'eval_metric': 'rmse'}. Best is trial 265 with value: 0.6939996524465389.
start listen on 192.168.1.101:35809
@tracker All of 1 nodes getting started
@tracker All nodes finishes job
Trial 273 finished with value: 0.6947383980727053 and parameters: {'objective': 'reg:squarederror', 'tree_method': 'gpu_hist', 'lambda': 0.019682906944576802, 'alpha': 5.908308714169252, 'colsample_bytree': 0.4406714635767699, 'subsample': 0.9201822145880687, 'learning_rate': 0.010425301708171276, 'max_depth': 17, 'min_child_weight': 145, 'eval_metric': 'rmse'}. Best is trial 265 with value: 0.6939996524465389.
start listen on 192.168.1.101:48527
@tracker All of 1 nodes getting started
@tracker All nodes finishes job
Trial 274 finished with value: 0.6949792654400944 and parameters: {'objective': 'reg:squarederror', 'tree_method': 'gpu_hist', 'lambda': 0.02811323163722506, 'alpha': 3.730505325023121, 'colsample_bytree': 0.42272699546631876, 'subsample': 0.8820855566999994, 'learning_rate': 0.01395533326672665, 'max_depth': 11, 'min_child_weight': 113, 'eval_metric': 'rmse'}. Best is trial 265 with value: 0.6939996524465389.
start listen on 192.168.1.101:56949
@tracker All of 1 nodes getting started
@tracker All nodes finishes job
Trial 275 finished with value: 0.6974679318551825 and parameters: {'objective': 'reg:squarederror', 'tree_method': 'gpu_hist', 'lambda': 0.02349058206287628, 'alpha': 4.9021490544305335, 'colsample_bytree': 0.44709915234754066, 'subsample': 0.8941153529317549, 'learning_rate': 0.015644777657897346, 'max_depth': 7, 'min_child_weight': 125, 'eval_metric': 'rmse'}. Best is trial 265 with value: 0.6939996524465389.
start listen on 192.168.1.101:49827
@tracker All of 1 nodes getting started
@tracker All nodes finishes job
Trial 276 finished with value: 0.6942992418345303 and parameters: {'objective': 'reg:squarederror', 'tree_method': 'gpu_hist', 'lambda': 0.029356600113524683, 'alpha': 6.283911391833591, 'colsample_bytree': 0.42069744249836344, 'subsample': 0.8642795388069359, 'learning_rate': 0.01840147212210109, 'max_depth': 17, 'min_child_weight': 139, 'eval_metric': 'rmse'}. Best is trial 265 with value: 0.6939996524465389.
start listen on 192.168.1.101:37381
@tracker All of 1 nodes getting started
@tracker All nodes finishes job
Trial 277 finished with value: 0.6943084396827538 and parameters: {'objective': 'reg:squarederror', 'tree_method': 'gpu_hist', 'lambda': 0.021164690235091103, 'alpha': 7.13802297714756, 'colsample_bytree': 0.37619966892827894, 'subsample': 0.907459444999751, 'learning_rate': 0.012950747547563179, 'max_depth': 17, 'min_child_weight': 131, 'eval_metric': 'rmse'}. Best is trial 265 with value: 0.6939996524465389.
start listen on 192.168.1.101:36287
@tracker All of 1 nodes getting started
@tracker All nodes finishes job
Trial 278 finished with value: 0.6946737329104098 and parameters: {'objective': 'reg:squarederror', 'tree_method': 'gpu_hist', 'lambda': 0.03327237573123206, 'alpha': 5.410455827691743, 'colsample_bytree': 0.4138585545662762, 'subsample': 0.8757778467151148, 'learning_rate': 0.020788151954270046, 'max_depth': 17, 'min_child_weight': 149, 'eval_metric': 'rmse'}. Best is trial 265 with value: 0.6939996524465389.
start listen on 192.168.1.101:55735
@tracker All of 1 nodes getting started
@tracker All nodes finishes job
Trial 279 finished with value: 0.6942773202571998 and parameters: {'objective': 'reg:squarederror', 'tree_method': 'gpu_hist', 'lambda': 0.01672763966258141, 'alpha': 4.386213171678198, 'colsample_bytree': 0.43411064013736644, 'subsample': 0.8919394234653752, 'learning_rate': 0.016741295383220386, 'max_depth': 17, 'min_child_weight': 141, 'eval_metric': 'rmse'}. Best is trial 265 with value: 0.6939996524465389.
start listen on 192.168.1.101:54681
@tracker All of 1 nodes getting started
@tracker All nodes finishes job
Trial 280 finished with value: 0.6946253130302829 and parameters: {'objective': 'reg:squarederror', 'tree_method': 'gpu_hist', 'lambda': 0.0251559973172668, 'alpha': 6.370260581825411, 'colsample_bytree': 0.3527552131265112, 'subsample': 0.8592349395904495, 'learning_rate': 0.014670122883351152, 'max_depth': 17, 'min_child_weight': 151, 'eval_metric': 'rmse'}. Best is trial 265 with value: 0.6939996524465389.
start listen on 192.168.1.101:48943
@tracker All of 1 nodes getting started
@tracker All nodes finishes job
Trial 281 finished with value: 0.6944058755144354 and parameters: {'objective': 'reg:squarederror', 'tree_method': 'gpu_hist', 'lambda': 0.04214208812559109, 'alpha': 2.9439846108785166, 'colsample_bytree': 0.4570342655091886, 'subsample': 0.9155488474528947, 'learning_rate': 0.01575221205018442, 'max_depth': 17, 'min_child_weight': 126, 'eval_metric': 'rmse'}. Best is trial 265 with value: 0.6939996524465389.
start listen on 192.168.1.101:58393
@tracker All of 1 nodes getting started
@tracker All nodes finishes job
Trial 282 finished with value: 0.6944101811844247 and parameters: {'objective': 'reg:squarederror', 'tree_method': 'gpu_hist', 'lambda': 0.03452133362074948, 'alpha': 5.281639819478185, 'colsample_bytree': 0.4002592136960004, 'subsample': 0.8735648954191819, 'learning_rate': 0.018290195130144623, 'max_depth': 17, 'min_child_weight': 146, 'eval_metric': 'rmse'}. Best is trial 265 with value: 0.6939996524465389.
start listen on 192.168.1.101:39749
@tracker All of 1 nodes getting started
@tracker All nodes finishes job
Trial 283 finished with value: 0.7014901956199746 and parameters: {'objective': 'reg:squarederror', 'tree_method': 'gpu_hist', 'lambda': 0.029917946808293957, 'alpha': 3.9199716353898726, 'colsample_bytree': 0.3724336848955583, 'subsample': 0.889750281334083, 'learning_rate': 0.01389880010932504, 'max_depth': 5, 'min_child_weight': 135, 'eval_metric': 'rmse'}. Best is trial 265 with value: 0.6939996524465389.
start listen on 192.168.1.101:39589
@tracker All of 1 nodes getting started
@tracker All nodes finishes job
Trial 284 finished with value: 0.6939650886418381 and parameters: {'objective': 'reg:squarederror', 'tree_method': 'gpu_hist', 'lambda': 0.019974330141171587, 'alpha': 7.00621059946072, 'colsample_bytree': 0.3874137921316683, 'subsample': 0.8509928829376991, 'learning_rate': 0.01693244645934755, 'max_depth': 17, 'min_child_weight': 153, 'eval_metric': 'rmse'}. Best is trial 284 with value: 0.6939650886418381.
start listen on 192.168.1.101:58597
@tracker All of 1 nodes getting started
@tracker All nodes finishes job
Trial 285 finished with value: 0.7056453238970173 and parameters: {'objective': 'reg:squarederror', 'tree_method': 'gpu_hist', 'lambda': 0.019063696683356085, 'alpha': 0.04020050891755791, 'colsample_bytree': 0.3889124978917874, 'subsample': 0.8440035845648804, 'learning_rate': 0.019851593511274326, 'max_depth': 3, 'min_child_weight': 154, 'eval_metric': 'rmse'}. Best is trial 284 with value: 0.6939650886418381.
start listen on 192.168.1.101:32973
@tracker All of 1 nodes getting started
@tracker All nodes finishes job
Trial 286 finished with value: 0.6942077541690496 and parameters: {'objective': 'reg:squarederror', 'tree_method': 'gpu_hist', 'lambda': 0.014039005956987947, 'alpha': 7.3705935452177, 'colsample_bytree': 0.4070378644131892, 'subsample': 0.8301873313653864, 'learning_rate': 0.017185888784520587, 'max_depth': 17, 'min_child_weight': 158, 'eval_metric': 'rmse'}. Best is trial 284 with value: 0.6939650886418381.
start listen on 192.168.1.101:36189
@tracker All of 1 nodes getting started
@tracker All nodes finishes job
Trial 287 finished with value: 0.6943601614042508 and parameters: {'objective': 'reg:squarederror', 'tree_method': 'gpu_hist', 'lambda': 0.02189183259800586, 'alpha': 0.014431835529706082, 'colsample_bytree': 0.4389148461804763, 'subsample': 0.8538455726947382, 'learning_rate': 0.015649885747032282, 'max_depth': 13, 'min_child_weight': 102, 'eval_metric': 'rmse'}. Best is trial 284 with value: 0.6939650886418381.
start listen on 192.168.1.101:33705
@tracker All of 1 nodes getting started
@tracker All nodes finishes job
Trial 288 finished with value: 0.6947935911492868 and parameters: {'objective': 'reg:squarederror', 'tree_method': 'gpu_hist', 'lambda': 0.010773867956386508, 'alpha': 0.029405916818969008, 'colsample_bytree': 0.42083460090358166, 'subsample': 0.8591296439602685, 'learning_rate': 0.018982646642566728, 'max_depth': 17, 'min_child_weight': 165, 'eval_metric': 'rmse'}. Best is trial 284 with value: 0.6939650886418381.
start listen on 192.168.1.101:47201
@tracker All of 1 nodes getting started
@tracker All nodes finishes job
Trial 289 finished with value: 0.6943022018656995 and parameters: {'objective': 'reg:squarederror', 'tree_method': 'gpu_hist', 'lambda': 0.01729425888435792, 'alpha': 6.884354335521439, 'colsample_bytree': 0.3903934399723057, 'subsample': 0.8730503949477684, 'learning_rate': 0.016526981077880844, 'max_depth': 17, 'min_child_weight': 119, 'eval_metric': 'rmse'}. Best is trial 284 with value: 0.6939650886418381.
start listen on 192.168.1.101:56643
@tracker All of 1 nodes getting started
@tracker All nodes finishes job
Trial 290 finished with value: 0.6944647310914448 and parameters: {'objective': 'reg:squarederror', 'tree_method': 'gpu_hist', 'lambda': 0.027207935223732736, 'alpha': 6.2789377447249, 'colsample_bytree': 0.4570676900642838, 'subsample': 0.8441145938959304, 'learning_rate': 0.01826263670564352, 'max_depth': 20, 'min_child_weight': 143, 'eval_metric': 'rmse'}. Best is trial 284 with value: 0.6939650886418381.
start listen on 192.168.1.101:53287
@tracker All of 1 nodes getting started
@tracker All nodes finishes job
Trial 291 finished with value: 0.6942703667287002 and parameters: {'objective': 'reg:squarederror', 'tree_method': 'gpu_hist', 'lambda': 0.023856068635496854, 'alpha': 7.8606117688710455, 'colsample_bytree': 0.4045396283075692, 'subsample': 0.866307670523963, 'learning_rate': 0.015181606938707308, 'max_depth': 17, 'min_child_weight': 96, 'eval_metric': 'rmse'}. Best is trial 284 with value: 0.6939650886418381.
start listen on 192.168.1.101:34397
@tracker All of 1 nodes getting started
@tracker All nodes finishes job
Trial 292 finished with value: 0.6947786465622369 and parameters: {'objective': 'reg:squarederror', 'tree_method': 'gpu_hist', 'lambda': 0.020132327596052196, 'alpha': 5.913603107868264, 'colsample_bytree': 0.3444091581748082, 'subsample': 0.90598295005153, 'learning_rate': 0.021761658504335108, 'max_depth': 17, 'min_child_weight': 154, 'eval_metric': 'rmse'}. Best is trial 284 with value: 0.6939650886418381.
start listen on 192.168.1.101:37213
@tracker All of 1 nodes getting started
@tracker All nodes finishes job
