Trial 42 finished with value: 0.6953795315880276 and parameters: {'objective': 'reg:squarederror', 'tree_method': 'gpu_hist', 'lambda': 1.8796642017563607, 'alpha': 6.227675053857461, 'colsample_bytree': 0.551429174599221, 'subsample': 0.816643328836469, 'learning_rate': 0.008759634180190138, 'max_depth': 15, 'min_child_weight': 82, 'eval_metric': 'rmse'}. Best is trial 32 with value: 0.6943386413213146.
start listen on 192.168.1.101:40123
@tracker All of 1 nodes getting started
@tracker All nodes finishes job
Trial 43 finished with value: 0.6993355280751242 and parameters: {'objective': 'reg:squarederror', 'tree_method': 'gpu_hist', 'lambda': 0.19143499841238448, 'alpha': 1.4916569314321788, 'colsample_bytree': 0.4840831442765729, 'subsample': 0.9401604751039213, 'learning_rate': 0.020384221656201018, 'max_depth': 5, 'min_child_weight': 113, 'eval_metric': 'rmse'}. Best is trial 32 with value: 0.6943386413213146.
start listen on 192.168.1.101:55213
@tracker All of 1 nodes getting started
@tracker All nodes finishes job
Trial 44 finished with value: 0.695854871969344 and parameters: {'objective': 'reg:squarederror', 'tree_method': 'gpu_hist', 'lambda': 0.3514072261231394, 'alpha': 2.4286327550854114, 'colsample_bytree': 0.9259195641322784, 'subsample': 0.6807649761395151, 'learning_rate': 0.014829802201933768, 'max_depth': 15, 'min_child_weight': 40, 'eval_metric': 'rmse'}. Best is trial 32 with value: 0.6943386413213146.
start listen on 192.168.1.101:35481
@tracker All of 1 nodes getting started
@tracker All nodes finishes job
Trial 45 finished with value: 0.7095893468172837 and parameters: {'objective': 'reg:squarederror', 'tree_method': 'gpu_hist', 'lambda': 0.8510828160480486, 'alpha': 3.9474921011565405, 'colsample_bytree': 0.4141332038773362, 'subsample': 0.7717374737544584, 'learning_rate': 0.010241118881808746, 'max_depth': 3, 'min_child_weight': 64, 'eval_metric': 'rmse'}. Best is trial 32 with value: 0.6943386413213146.
start listen on 192.168.1.101:43171
@tracker All of 1 nodes getting started
@tracker All nodes finishes job
Trial 46 finished with value: 0.7007454930597851 and parameters: {'objective': 'reg:squarederror', 'tree_method': 'gpu_hist', 'lambda': 0.10438251949754644, 'alpha': 0.003896201052357052, 'colsample_bytree': 0.44127319542043464, 'subsample': 0.6357231278126577, 'learning_rate': 0.006642432462661435, 'max_depth': 7, 'min_child_weight': 81, 'eval_metric': 'rmse'}. Best is trial 32 with value: 0.6943386413213146.
start listen on 192.168.1.101:59435
@tracker All of 1 nodes getting started
@tracker All nodes finishes job
Trial 47 finished with value: 0.6948738587665194 and parameters: {'objective': 'reg:squarederror', 'tree_method': 'gpu_hist', 'lambda': 1.4256882522187726, 'alpha': 0.3435218837540334, 'colsample_bytree': 0.3527384673230263, 'subsample': 0.7383812441925873, 'learning_rate': 0.013445007549269283, 'max_depth': 15, 'min_child_weight': 112, 'eval_metric': 'rmse'}. Best is trial 32 with value: 0.6943386413213146.
start listen on 192.168.1.101:34699
@tracker All of 1 nodes getting started
@tracker All nodes finishes job
Trial 48 finished with value: 0.694878624988297 and parameters: {'objective': 'reg:squarederror', 'tree_method': 'gpu_hist', 'lambda': 3.0416720418577277, 'alpha': 6.888238961251937, 'colsample_bytree': 0.5116441461279574, 'subsample': 0.4064514769821364, 'learning_rate': 0.018170377198858043, 'max_depth': 20, 'min_child_weight': 299, 'eval_metric': 'rmse'}. Best is trial 32 with value: 0.6943386413213146.
start listen on 192.168.1.101:33861
@tracker All of 1 nodes getting started
@tracker All nodes finishes job
Trial 49 finished with value: 0.6950058404963386 and parameters: {'objective': 'reg:squarederror', 'tree_method': 'gpu_hist', 'lambda': 5.541153318401261, 'alpha': 0.9513443194231465, 'colsample_bytree': 0.6114435548473032, 'subsample': 0.7227070165822249, 'learning_rate': 0.00996671356522858, 'max_depth': 17, 'min_child_weight': 17, 'eval_metric': 'rmse'}. Best is trial 32 with value: 0.6943386413213146.
start listen on 192.168.1.101:54947
@tracker All of 1 nodes getting started
@tracker All nodes finishes job
Trial 50 finished with value: 0.6950864917111949 and parameters: {'objective': 'reg:squarederror', 'tree_method': 'gpu_hist', 'lambda': 0.5331601940152444, 'alpha': 1.602347503692719, 'colsample_bytree': 0.468623852186804, 'subsample': 0.6511183922488046, 'learning_rate': 0.02980991041820935, 'max_depth': 11, 'min_child_weight': 133, 'eval_metric': 'rmse'}. Best is trial 32 with value: 0.6943386413213146.
start listen on 192.168.1.101:35693
@tracker All of 1 nodes getting started
@tracker All nodes finishes job
Trial 51 finished with value: 0.6943549583254305 and parameters: {'objective': 'reg:squarederror', 'tree_method': 'gpu_hist', 'lambda': 0.7353994738477178, 'alpha': 3.496517558726814, 'colsample_bytree': 0.45582966566896904, 'subsample': 0.7975427621743841, 'learning_rate': 0.013367902936801934, 'max_depth': 15, 'min_child_weight': 91, 'eval_metric': 'rmse'}. Best is trial 32 with value: 0.6943386413213146.
start listen on 192.168.1.101:58305
@tracker All of 1 nodes getting started
@tracker All nodes finishes job
Trial 52 finished with value: 0.6944642275061585 and parameters: {'objective': 'reg:squarederror', 'tree_method': 'gpu_hist', 'lambda': 0.6646664202750276, 'alpha': 3.085793579563779, 'colsample_bytree': 0.4401861352018513, 'subsample': 0.8168456823780014, 'learning_rate': 0.015287871801537855, 'max_depth': 15, 'min_child_weight': 92, 'eval_metric': 'rmse'}. Best is trial 32 with value: 0.6943386413213146.
start listen on 192.168.1.101:40115
@tracker All of 1 nodes getting started
@tracker All nodes finishes job
Trial 53 finished with value: 0.694151368306717 and parameters: {'objective': 'reg:squarederror', 'tree_method': 'gpu_hist', 'lambda': 0.7879729252898978, 'alpha': 7.709586524154435, 'colsample_bytree': 0.44506821003879976, 'subsample': 0.817791318414584, 'learning_rate': 0.01535183619442937, 'max_depth': 15, 'min_child_weight': 94, 'eval_metric': 'rmse'}. Best is trial 53 with value: 0.694151368306717.
start listen on 192.168.1.101:38151
@tracker All of 1 nodes getting started
@tracker All nodes finishes job
Trial 54 finished with value: 0.6943179052451394 and parameters: {'objective': 'reg:squarederror', 'tree_method': 'gpu_hist', 'lambda': 2.4938596551171632, 'alpha': 8.181451106114052, 'colsample_bytree': 0.37814310361135883, 'subsample': 0.8442590094973422, 'learning_rate': 0.020534402611319506, 'max_depth': 15, 'min_child_weight': 166, 'eval_metric': 'rmse'}. Best is trial 53 with value: 0.694151368306717.
start listen on 192.168.1.101:35841
@tracker All of 1 nodes getting started
@tracker All nodes finishes job
Trial 55 finished with value: 0.6952012947008095 and parameters: {'objective': 'reg:squarederror', 'tree_method': 'gpu_hist', 'lambda': 2.4815501143033507, 'alpha': 8.077075845167773, 'colsample_bytree': 0.37858294320212454, 'subsample': 0.8847500994027813, 'learning_rate': 0.020081364816473168, 'max_depth': 9, 'min_child_weight': 165, 'eval_metric': 'rmse'}. Best is trial 53 with value: 0.694151368306717.
start listen on 192.168.1.101:53507
@tracker All of 1 nodes getting started
@tracker All nodes finishes job
Trial 56 finished with value: 0.7051070593415045 and parameters: {'objective': 'reg:squarederror', 'tree_method': 'gpu_hist', 'lambda': 7.6803740326921295, 'alpha': 9.818247110017294, 'colsample_bytree': 0.32549287953305717, 'subsample': 0.8467368813685244, 'learning_rate': 0.08577631239877817, 'max_depth': 15, 'min_child_weight': 180, 'eval_metric': 'rmse'}. Best is trial 53 with value: 0.694151368306717.
start listen on 192.168.1.101:38839
@tracker All of 1 nodes getting started
@tracker All nodes finishes job
Trial 57 finished with value: 0.6944748933910964 and parameters: {'objective': 'reg:squarederror', 'tree_method': 'gpu_hist', 'lambda': 1.3719771808508243, 'alpha': 6.365672240020654, 'colsample_bytree': 0.4105738567372504, 'subsample': 0.9564785980908317, 'learning_rate': 0.021788743218611413, 'max_depth': 15, 'min_child_weight': 141, 'eval_metric': 'rmse'}. Best is trial 53 with value: 0.694151368306717.
start listen on 192.168.1.101:37835
@tracker All of 1 nodes getting started
@tracker All nodes finishes job
Trial 58 finished with value: 0.6956262492409332 and parameters: {'objective': 'reg:squarederror', 'tree_method': 'gpu_hist', 'lambda': 5.31359837984382, 'alpha': 4.524130559000019, 'colsample_bytree': 0.4537707402074988, 'subsample': 0.8002726191343621, 'learning_rate': 0.030036196900573336, 'max_depth': 15, 'min_child_weight': 199, 'eval_metric': 'rmse'}. Best is trial 53 with value: 0.694151368306717.
start listen on 192.168.1.101:52785
@tracker All of 1 nodes getting started
@tracker All nodes finishes job
Trial 59 finished with value: 0.7008508376405277 and parameters: {'objective': 'reg:squarederror', 'tree_method': 'gpu_hist', 'lambda': 2.484210385126271, 'alpha': 4.386616267013088, 'colsample_bytree': 0.35730550007097484, 'subsample': 0.7625762156512247, 'learning_rate': 0.016181724597870886, 'max_depth': 5, 'min_child_weight': 233, 'eval_metric': 'rmse'}. Best is trial 53 with value: 0.694151368306717.
start listen on 192.168.1.101:42951
@tracker All of 1 nodes getting started
@tracker All nodes finishes job
Trial 60 finished with value: 0.696952448071761 and parameters: {'objective': 'reg:squarederror', 'tree_method': 'gpu_hist', 'lambda': 0.7282696335259161, 'alpha': 2.161926745553703, 'colsample_bytree': 0.3338435449646723, 'subsample': 0.8385935557882056, 'learning_rate': 0.00745195085017865, 'max_depth': 13, 'min_child_weight': 99, 'eval_metric': 'rmse'}. Best is trial 53 with value: 0.694151368306717.
start listen on 192.168.1.101:44443
@tracker All of 1 nodes getting started
@tracker All nodes finishes job
Trial 61 finished with value: 0.6943032832087436 and parameters: {'objective': 'reg:squarederror', 'tree_method': 'gpu_hist', 'lambda': 0.4518286844457336, 'alpha': 3.514464182926289, 'colsample_bytree': 0.5382830155252907, 'subsample': 0.8791850333342859, 'learning_rate': 0.011344385944406439, 'max_depth': 15, 'min_child_weight': 85, 'eval_metric': 'rmse'}. Best is trial 53 with value: 0.694151368306717.
start listen on 192.168.1.101:39531
@tracker All of 1 nodes getting started
@tracker All nodes finishes job
Trial 62 finished with value: 0.6946522458194723 and parameters: {'objective': 'reg:squarederror', 'tree_method': 'gpu_hist', 'lambda': 0.5068745936821583, 'alpha': 7.536986206308213, 'colsample_bytree': 0.5352477965693465, 'subsample': 0.8801722078992965, 'learning_rate': 0.010485396198564045, 'max_depth': 15, 'min_child_weight': 86, 'eval_metric': 'rmse'}. Best is trial 53 with value: 0.694151368306717.
start listen on 192.168.1.101:46093
@tracker All of 1 nodes getting started
@tracker All nodes finishes job
Trial 63 finished with value: 0.6951315294368056 and parameters: {'objective': 'reg:squarederror', 'tree_method': 'gpu_hist', 'lambda': 1.1641949796219488, 'alpha': 3.7007766866259106, 'colsample_bytree': 0.4315201155696287, 'subsample': 0.9213782446785117, 'learning_rate': 0.008763392441166539, 'max_depth': 15, 'min_child_weight': 118, 'eval_metric': 'rmse'}. Best is trial 53 with value: 0.694151368306717.
start listen on 192.168.1.101:44365
@tracker All of 1 nodes getting started
@tracker All nodes finishes job
Trial 64 finished with value: 0.6974385144149445 and parameters: {'objective': 'reg:squarederror', 'tree_method': 'gpu_hist', 'lambda': 0.15614311937767258, 'alpha': 1.907838296570983, 'colsample_bytree': 0.3992830977397374, 'subsample': 0.8019755915138789, 'learning_rate': 0.005928605659534602, 'max_depth': 15, 'min_child_weight': 106, 'eval_metric': 'rmse'}. Best is trial 53 with value: 0.694151368306717.
start listen on 192.168.1.101:45797
@tracker All of 1 nodes getting started
@tracker All nodes finishes job
Trial 65 finished with value: 0.6944399842377241 and parameters: {'objective': 'reg:squarederror', 'tree_method': 'gpu_hist', 'lambda': 1.9393477880080325, 'alpha': 5.341486206307498, 'colsample_bytree': 0.46861261181865527, 'subsample': 0.8469065430880047, 'learning_rate': 0.01808892894618684, 'max_depth': 15, 'min_child_weight': 67, 'eval_metric': 'rmse'}. Best is trial 53 with value: 0.694151368306717.
start listen on 192.168.1.101:55913
@tracker All of 1 nodes getting started
@tracker All nodes finishes job
Trial 66 finished with value: 0.694859923830506 and parameters: {'objective': 'reg:squarederror', 'tree_method': 'gpu_hist', 'lambda': 0.24716430281978227, 'alpha': 3.447995677676696, 'colsample_bytree': 0.38926004048677837, 'subsample': 0.9016156270590348, 'learning_rate': 0.014139260592388275, 'max_depth': 20, 'min_child_weight': 51, 'eval_metric': 'rmse'}. Best is trial 53 with value: 0.694151368306717.
start listen on 192.168.1.101:60491
@tracker All of 1 nodes getting started
@tracker All nodes finishes job
Trial 67 finished with value: 0.6969211112325159 and parameters: {'objective': 'reg:squarederror', 'tree_method': 'gpu_hist', 'lambda': 0.7025745059371036, 'alpha': 7.939757038818853, 'colsample_bytree': 0.9961472250048291, 'subsample': 0.8623597910576087, 'learning_rate': 0.011527224029384404, 'max_depth': 9, 'min_child_weight': 86, 'eval_metric': 'rmse'}. Best is trial 53 with value: 0.694151368306717.
start listen on 192.168.1.101:57649
@tracker All of 1 nodes getting started
@tracker All nodes finishes job
Trial 68 finished with value: 0.6949306281161607 and parameters: {'objective': 'reg:squarederror', 'tree_method': 'gpu_hist', 'lambda': 0.01682775837321629, 'alpha': 1.2589439404316094, 'colsample_bytree': 0.8105056943804732, 'subsample': 0.7794795181647405, 'learning_rate': 0.016635710398638537, 'max_depth': 15, 'min_child_weight': 126, 'eval_metric': 'rmse'}. Best is trial 53 with value: 0.694151368306717.
start listen on 192.168.1.101:60921
@tracker All of 1 nodes getting started
@tracker All nodes finishes job
Trial 69 finished with value: 0.7161853648217725 and parameters: {'objective': 'reg:squarederror', 'tree_method': 'gpu_hist', 'lambda': 0.006226263694739945, 'alpha': 9.986921299930247, 'colsample_bytree': 0.49123906542522044, 'subsample': 0.8352749764856598, 'learning_rate': 0.004156435549847155, 'max_depth': 11, 'min_child_weight': 63, 'eval_metric': 'rmse'}. Best is trial 53 with value: 0.694151368306717.
start listen on 192.168.1.101:49951
@tracker All of 1 nodes getting started
@tracker All nodes finishes job
Trial 70 finished with value: 0.6948345553054937 and parameters: {'objective': 'reg:squarederror', 'tree_method': 'gpu_hist', 'lambda': 0.08510682050075924, 'alpha': 0.0020868833313403127, 'colsample_bytree': 0.5913436357143955, 'subsample': 0.7613242685269811, 'learning_rate': 0.012637037309343126, 'max_depth': 17, 'min_child_weight': 75, 'eval_metric': 'rmse'}. Best is trial 53 with value: 0.694151368306717.
start listen on 192.168.1.101:43431
@tracker All of 1 nodes getting started
@tracker All nodes finishes job
Trial 71 finished with value: 0.69495909366897 and parameters: {'objective': 'reg:squarederror', 'tree_method': 'gpu_hist', 'lambda': 0.4417282018138952, 'alpha': 2.756451324376188, 'colsample_bytree': 0.4540785781862318, 'subsample': 0.8065958394056949, 'learning_rate': 0.009551945226340487, 'max_depth': 15, 'min_child_weight': 159, 'eval_metric': 'rmse'}. Best is trial 53 with value: 0.694151368306717.
start listen on 192.168.1.101:46503
@tracker All of 1 nodes getting started
@tracker All nodes finishes job
Trial 72 finished with value: 0.695985468760496 and parameters: {'objective': 'reg:squarederror', 'tree_method': 'gpu_hist', 'lambda': 0.27405193052584875, 'alpha': 4.616091329927885, 'colsample_bytree': 0.5011686897407276, 'subsample': 0.6834428124097308, 'learning_rate': 0.025676552680951894, 'max_depth': 15, 'min_child_weight': 105, 'eval_metric': 'rmse'}. Best is trial 53 with value: 0.694151368306717.
start listen on 192.168.1.101:52309
@tracker All of 1 nodes getting started
@tracker All nodes finishes job
Trial 73 finished with value: 0.6953522706083758 and parameters: {'objective': 'reg:squarederror', 'tree_method': 'gpu_hist', 'lambda': 0.3409656059002022, 'alpha': 2.6666540481255807, 'colsample_bytree': 0.3712319824873906, 'subsample': 0.8738450028339387, 'learning_rate': 0.008227929424802034, 'max_depth': 15, 'min_child_weight': 61, 'eval_metric': 'rmse'}. Best is trial 53 with value: 0.694151368306717.
start listen on 192.168.1.101:46255
@tracker All of 1 nodes getting started
@tracker All nodes finishes job
Trial 74 finished with value: 0.7090858687305232 and parameters: {'objective': 'reg:squarederror', 'tree_method': 'gpu_hist', 'lambda': 0.9117552472646493, 'alpha': 6.397847698218584, 'colsample_bytree': 0.5463496166004248, 'subsample': 0.7342243290157208, 'learning_rate': 0.010936637417353165, 'max_depth': 3, 'min_child_weight': 91, 'eval_metric': 'rmse'}. Best is trial 53 with value: 0.694151368306717.
start listen on 192.168.1.101:55771
@tracker All of 1 nodes getting started
@tracker All nodes finishes job
Trial 75 finished with value: 0.6941842923392034 and parameters: {'objective': 'reg:squarederror', 'tree_method': 'gpu_hist', 'lambda': 0.04568335711037068, 'alpha': 0.7676134464276387, 'colsample_bytree': 0.5743176888154166, 'subsample': 0.8259602646703638, 'learning_rate': 0.012840564572558763, 'max_depth': 15, 'min_child_weight': 183, 'eval_metric': 'rmse'}. Best is trial 53 with value: 0.694151368306717.
start listen on 192.168.1.101:34739
@tracker All of 1 nodes getting started
@tracker All nodes finishes job
Trial 76 finished with value: 0.6943400624838709 and parameters: {'objective': 'reg:squarederror', 'tree_method': 'gpu_hist', 'lambda': 0.03938003968280137, 'alpha': 0.8020748658777196, 'colsample_bytree': 0.5684348025678676, 'subsample': 0.9224373012580285, 'learning_rate': 0.014532455947286142, 'max_depth': 15, 'min_child_weight': 183, 'eval_metric': 'rmse'}. Best is trial 53 with value: 0.694151368306717.
start listen on 192.168.1.101:39517
@tracker All of 1 nodes getting started
@tracker All nodes finishes job
Trial 77 finished with value: 0.6964373922845254 and parameters: {'objective': 'reg:squarederror', 'tree_method': 'gpu_hist', 'lambda': 0.03573504428294097, 'alpha': 0.10668099006274798, 'colsample_bytree': 0.5917813033390059, 'subsample': 0.9707547415803235, 'learning_rate': 0.01974255417693813, 'max_depth': 7, 'min_child_weight': 189, 'eval_metric': 'rmse'}. Best is trial 53 with value: 0.694151368306717.
start listen on 192.168.1.101:36469
@tracker All of 1 nodes getting started
@tracker All nodes finishes job
Trial 78 finished with value: 0.6944741245040593 and parameters: {'objective': 'reg:squarederror', 'tree_method': 'gpu_hist', 'lambda': 0.03891592201030282, 'alpha': 0.7942132305254914, 'colsample_bytree': 0.6517232918307289, 'subsample': 0.9153060015009606, 'learning_rate': 0.014683393454859875, 'max_depth': 15, 'min_child_weight': 218, 'eval_metric': 'rmse'}. Best is trial 53 with value: 0.694151368306717.
start listen on 192.168.1.101:43491
@tracker All of 1 nodes getting started
@tracker All nodes finishes job
Trial 79 finished with value: 0.6949504126690731 and parameters: {'objective': 'reg:squarederror', 'tree_method': 'gpu_hist', 'lambda': 0.025623553316546997, 'alpha': 0.1864289780264874, 'colsample_bytree': 0.6454603537443147, 'subsample': 0.9309504388359683, 'learning_rate': 0.01680437613481162, 'max_depth': 15, 'min_child_weight': 167, 'eval_metric': 'rmse'}. Best is trial 53 with value: 0.694151368306717.
start listen on 192.168.1.101:59619
@tracker All of 1 nodes getting started
@tracker All nodes finishes job
Trial 80 finished with value: 0.6943215087585389 and parameters: {'objective': 'reg:squarederror', 'tree_method': 'gpu_hist', 'lambda': 0.047995172281400655, 'alpha': 0.4954281475570915, 'colsample_bytree': 0.5281613698159602, 'subsample': 0.8527938200351676, 'learning_rate': 0.012673614949814135, 'max_depth': 15, 'min_child_weight': 211, 'eval_metric': 'rmse'}. Best is trial 53 with value: 0.694151368306717.
start listen on 192.168.1.101:59199
@tracker All of 1 nodes getting started
@tracker All nodes finishes job
Trial 81 finished with value: 2.7755643184837515 and parameters: {'objective': 'reg:squarederror', 'tree_method': 'gpu_hist', 'lambda': 0.04539590517638191, 'alpha': 0.444963210861629, 'colsample_bytree': 0.5760373087618659, 'subsample': 0.8517677175174738, 'learning_rate': 0.00101606248673052, 'max_depth': 15, 'min_child_weight': 209, 'eval_metric': 'rmse'}. Best is trial 53 with value: 0.694151368306717.
start listen on 192.168.1.101:47355
@tracker All of 1 nodes getting started
@tracker All nodes finishes job
Trial 82 finished with value: 0.6942886360751807 and parameters: {'objective': 'reg:squarederror', 'tree_method': 'gpu_hist', 'lambda': 0.0711686191922867, 'alpha': 0.5573845103498614, 'colsample_bytree': 0.5284129567213518, 'subsample': 0.8196336643572686, 'learning_rate': 0.01260538395801919, 'max_depth': 15, 'min_child_weight': 189, 'eval_metric': 'rmse'}. Best is trial 53 with value: 0.694151368306717.
start listen on 192.168.1.101:58503
@tracker All of 1 nodes getting started
@tracker All nodes finishes job
Trial 83 finished with value: 0.6944194720047017 and parameters: {'objective': 'reg:squarederror', 'tree_method': 'gpu_hist', 'lambda': 0.06844673800537983, 'alpha': 0.5481372818341379, 'colsample_bytree': 0.5710708923775967, 'subsample': 0.8999887896138529, 'learning_rate': 0.012310438900743301, 'max_depth': 15, 'min_child_weight': 194, 'eval_metric': 'rmse'}. Best is trial 53 with value: 0.694151368306717.
start listen on 192.168.1.101:56315
@tracker All of 1 nodes getting started
@tracker All nodes finishes job
