number,value,params_alpha,params_colsample_bytree,params_eval_metric,params_lambda,params_learning_rate,params_max_depth,params_min_child_weight,params_objective,params_subsample,params_tree_method,state
773,0.7022104206941694,0.11256773576491019,0.5049998153320924,rmse,0.051551622222916337,0.010812050831660312,5,163,reg:squarederror,0.6637603697058068,gpu_hist,COMPLETE
774,0.6943447482094094,0.056137449164023,0.6256059019906085,rmse,0.02008228738363597,0.011917479111368083,20,154,reg:squarederror,0.68438400248608,gpu_hist,COMPLETE
775,0.6944770914463818,0.07411735836978477,0.5375949833333683,rmse,0.033930409018717196,0.012961310575126814,20,176,reg:squarederror,0.6982334539667133,gpu_hist,COMPLETE
776,0.6941760311220916,0.0275929517823503,0.47804761618003155,rmse,0.025703884366453933,0.009887205899887232,20,160,reg:squarederror,0.6806691931983428,gpu_hist,COMPLETE
777,0.6941232121502316,0.15082813498895536,0.5193100093848696,rmse,0.09344854857318942,0.010911147860201127,17,149,reg:squarederror,0.6974745083659806,gpu_hist,COMPLETE
778,0.6943586859120382,0.12186928759753196,0.5574482256140508,rmse,0.17910423032200953,0.009046713959287913,20,167,reg:squarederror,0.6566709869514475,gpu_hist,COMPLETE
779,0.6942681280815856,0.04633289917579257,0.5428354940470425,rmse,0.27813199361887186,0.01248827596810502,20,143,reg:squarederror,0.723967329337634,gpu_hist,COMPLETE
780,0.7023363467851146,0.09883449763706113,0.9563652237647244,rmse,0.012360911590347573,0.014654578087877262,20,13,reg:squarederror,0.6407677037320173,gpu_hist,COMPLETE
781,0.6941200934982905,0.015231352938590702,0.5134030735302881,rmse,0.12251738066572064,0.010239719639991303,20,155,reg:squarederror,0.6665220119867801,gpu_hist,COMPLETE
782,0.7085793860712946,0.032446333530079335,0.5320953928423119,rmse,0.02258421466133856,0.01150642804048649,3,183,reg:squarederror,0.7128046090125693,gpu_hist,COMPLETE
783,0.6942710635699962,0.06531355212577548,0.5601981467957565,rmse,0.030011049320650632,0.009301911663681358,20,163,reg:squarederror,0.6860321612778284,gpu_hist,COMPLETE
784,0.6941542309728537,0.16836099524839362,0.49944838352321497,rmse,0.3453850693903983,0.010634485357893369,20,172,reg:squarederror,0.7019179265296621,gpu_hist,COMPLETE
785,0.6946470994631389,0.08210352993685377,0.6142038030382179,rmse,0.06699836412349354,0.013260144609541278,20,150,reg:squarederror,0.8375204873672104,gpu_hist,COMPLETE
786,0.6964382074346847,0.13737938622688833,0.46472078938914346,rmse,0.04211777131504998,0.02278993796464231,20,158,reg:squarederror,0.6286358831563507,gpu_hist,COMPLETE
787,0.694246346683593,0.105085753015846,0.5257371947534757,rmse,0.019008050306409462,0.011770347154438816,20,143,reg:squarederror,0.7408669183432438,gpu_hist,COMPLETE
788,0.6941607801449942,0.07679653194138529,0.5499618923362608,rmse,0.13738807793523963,0.009488350758693557,20,166,reg:squarederror,0.6736261024039518,gpu_hist,COMPLETE
789,0.6941465915954104,0.12426019516367465,0.48746781049410076,rmse,0.03730637392454597,0.01077585903515018,20,153,reg:squarederror,0.6913183933769469,gpu_hist,COMPLETE
790,0.6942705882720166,0.0570062625240449,0.5093416366147407,rmse,0.02973583403511186,0.012127995747048717,13,146,reg:squarederror,0.6496842406955072,gpu_hist,COMPLETE
791,0.6945188801384253,0.09415281801943624,0.6543309082021458,rmse,0.08063089586580623,0.01019221618940342,20,159,reg:squarederror,0.7143334086575671,gpu_hist,COMPLETE
792,0.6972468390807416,0.19813951631897153,0.539071845907939,rmse,0.023377630121548924,0.013837232001169436,7,175,reg:squarederror,0.6782001874935345,gpu_hist,COMPLETE
793,0.695821986472765,0.16128560828038827,0.5710109033699663,rmse,0.10008955297442637,0.011293943437550073,9,151,reg:squarederror,0.6016388590411887,gpu_hist,COMPLETE
794,0.6942050312892607,0.038843047687192406,0.5240678683230963,rmse,0.011072850252125259,0.009080315067914386,20,169,reg:squarederror,0.7012991647630415,gpu_hist,COMPLETE
795,0.6946303151454776,0.11165726162254615,0.5504099962129178,rmse,0.016617279047787686,0.01275871708352399,11,204,reg:squarederror,0.6652345177244968,gpu_hist,COMPLETE
796,0.6942775832165545,0.06510490644326226,0.596023069320047,rmse,0.05413218211597972,0.010000714456373324,20,136,reg:squarederror,0.7309604233513305,gpu_hist,COMPLETE
797,0.6942603626195386,3.3476834167738474,0.4984101991817211,rmse,0.028520942661097327,0.011163284884899226,20,162,reg:squarederror,0.6907482937926169,gpu_hist,COMPLETE
798,0.6939668863442388,0.08960722337395705,0.5648502489289174,rmse,0.02085185368574982,0.009620124985855707,20,144,reg:squarederror,0.6762836948901223,gpu_hist,COMPLETE
799,0.6941007936537499,0.04894362995882262,0.5616654247747832,rmse,0.013300662598256952,0.009218033945295747,20,142,reg:squarederror,0.6562090921635768,gpu_hist,COMPLETE
800,0.6995990241718878,0.08276088737529894,0.5473017899929679,rmse,0.018084949364173156,0.03199610043038059,20,158,reg:squarederror,0.6713145738352608,gpu_hist,COMPLETE
801,0.6942594056007005,0.07096335444621776,0.5375073298701416,rmse,0.01977113136258793,0.008587150128370245,20,149,reg:squarederror,0.6480551150690949,gpu_hist,COMPLETE
802,0.6943260327177124,0.02069274155975405,0.5557736341211722,rmse,0.01487486996159085,0.008219183771218077,20,155,reg:squarederror,0.6589653400030824,gpu_hist,COMPLETE
803,0.6941048043942916,0.08538304979297122,0.528054779238197,rmse,0.18588361177596294,0.009847366822577249,20,129,reg:squarederror,0.6366750145165246,gpu_hist,COMPLETE
804,0.6943561511387414,0.06054547011977711,0.56731944632376,rmse,0.10964122917390134,0.00881165399784131,17,166,reg:squarederror,0.6760755272544346,gpu_hist,COMPLETE
805,0.7029058136970766,0.09703929854092262,0.5148421311063128,rmse,0.07735852374031192,0.009598183380813533,5,172,reg:squarederror,0.6813681855807746,gpu_hist,COMPLETE
806,0.6941917107411071,0.13153002134969474,0.5407764169474618,rmse,0.00893596055496341,0.010466256411216292,20,186,reg:squarederror,0.6643119766726914,gpu_hist,COMPLETE
807,0.6942345956792835,0.044052104253610246,0.5028654393284987,rmse,0.02212994386630974,0.0119591901785226,20,140,reg:squarederror,0.7076540368775484,gpu_hist,COMPLETE
808,0.694609232206588,0.028533954214918826,0.5624450519785018,rmse,0.15055965325586967,0.015216256644081728,20,162,reg:squarederror,0.6946800766410098,gpu_hist,COMPLETE
809,0.6944108804281639,0.07749994305100519,0.48039508501023476,rmse,0.04783073230755023,0.007940895688546029,20,148,reg:squarederror,0.6814614836668651,gpu_hist,COMPLETE
810,0.6942135951818483,0.055595365390205535,0.5264187210443813,rmse,0.09120710490990416,0.010075481289967846,20,179,reg:squarederror,0.621119403566281,gpu_hist,COMPLETE
811,0.6942451715767463,0.1525939946958131,0.5434266551518626,rmse,0.06506345401733932,0.01118876012908396,20,155,reg:squarederror,0.7213480915199143,gpu_hist,COMPLETE
812,0.7100649553965677,0.10942172359900974,0.513289081970467,rmse,0.03658301707725217,0.008990608125275629,3,153,reg:squarederror,0.6686066710835681,gpu_hist,COMPLETE
813,0.6946359347885717,0.21539323968759752,0.5750680607029554,rmse,0.011776648437218703,0.013303352096615935,20,135,reg:squarederror,0.6452604110062338,gpu_hist,COMPLETE
814,0.6964221671465964,0.06971845431676121,0.5515259635575533,rmse,0.2212472755217689,0.012031342947775555,20,22,reg:squarederror,0.6999514297366201,gpu_hist,COMPLETE
815,0.6941475513368804,0.09632075630072816,0.530963632141483,rmse,0.02430052299702158,0.010748879676923145,20,144,reg:squarederror,0.6870568298485038,gpu_hist,COMPLETE
816,0.6942278890696778,0.025034886631660633,0.4895131732046153,rmse,0.014828307080338242,0.009582536178388537,20,165,reg:squarederror,0.6600542098429386,gpu_hist,COMPLETE
817,0.6943216215610759,0.12821256271963596,0.5631346365581088,rmse,0.018225336540354055,0.012859130514990193,13,161,reg:squarederror,0.7134272363613675,gpu_hist,COMPLETE
818,0.6943238947274432,0.03387517713729113,0.5142296999005648,rmse,0.12021387271393737,0.008772183260647388,20,170,reg:squarederror,0.6748503515490362,gpu_hist,COMPLETE
819,0.6941313253419737,0.17112055861073885,0.4683037163311846,rmse,0.02616311736354946,0.010354787983535637,20,120,reg:squarederror,0.6904308343049212,gpu_hist,COMPLETE
820,0.6978332379081257,0.09019063435281655,0.5372690717464379,rmse,0.0315195340388626,0.011359913206756509,7,150,reg:squarederror,0.7610260137436983,gpu_hist,COMPLETE
821,0.6955311388941712,0.11493083119254408,0.5794095578814847,rmse,0.02057404883219827,0.00779345242686361,15,288,reg:squarederror,0.705465991711619,gpu_hist,COMPLETE
822,0.6952247120761317,0.018736325993782534,0.4468542411225423,rmse,0.04136371360686598,0.014212317345790875,9,157,reg:squarederror,0.7282060606947341,gpu_hist,COMPLETE
823,0.6942047507558997,0.051488666410106416,0.5005015214658762,rmse,0.13855477564602164,0.00971059099151726,20,144,reg:squarederror,0.6508332052165771,gpu_hist,COMPLETE
824,0.6947897704119781,0.07065022499184939,0.5544236157984259,rmse,0.016459680127883142,0.011880171978638618,11,167,reg:squarederror,0.6804239804860368,gpu_hist,COMPLETE
825,0.6940168419085058,0.15428489084861854,0.5195805768529148,rmse,0.09720816183431762,0.010605094436119589,20,175,reg:squarederror,0.6952291081571997,gpu_hist,COMPLETE
826,0.6944918576594252,0.0844690636845832,0.48382573719155764,rmse,0.1144208340503274,0.008545300096873478,20,178,reg:squarederror,0.699945807800637,gpu_hist,COMPLETE
827,0.694379517555599,0.1881140266183328,0.508691264663062,rmse,0.17013749166919248,0.009401551031751934,20,174,reg:squarederror,0.7094946160587595,gpu_hist,COMPLETE
828,0.6941606052873395,0.014586550828716682,0.522011906045208,rmse,0.11044194021010663,0.01032982099306412,20,181,reg:squarederror,0.7208032809430596,gpu_hist,COMPLETE
829,0.6943923293703862,0.1434288052095624,0.4941967052634631,rmse,0.08930291406011703,0.009195885007971175,20,191,reg:squarederror,0.6953754525530049,gpu_hist,COMPLETE
830,0.6943936702671156,0.04388454821340719,0.5061547059897875,rmse,0.4080414013438101,0.010669620434218664,15,185,reg:squarederror,0.7360808823156562,gpu_hist,COMPLETE
831,0.7026964221137616,0.11640663415549536,0.5198023659078562,rmse,0.14105945815670348,0.009889919419900275,5,131,reg:squarederror,0.6884817812198146,gpu_hist,COMPLETE
832,0.6943550866167757,0.0659111650055633,0.5275627337216117,rmse,0.08703472191269418,0.00825153791819459,20,139,reg:squarederror,0.7062599106953714,gpu_hist,COMPLETE
833,0.6942571229692637,0.0965765183082094,0.4731173867690414,rmse,0.1230098231045454,0.01100982231572109,20,173,reg:squarederror,0.7187185296034112,gpu_hist,COMPLETE
834,0.6942157212122182,0.15200885176581228,0.4949010962178376,rmse,0.19901306116036024,0.009797628848631374,20,147,reg:squarederror,0.6957775265901568,gpu_hist,COMPLETE
835,0.6943716929556897,0.05755046275398209,0.5127329101123086,rmse,0.013576766405234426,0.011052831338085736,20,156,reg:squarederror,0.6858816924414317,gpu_hist,COMPLETE
836,0.6944123042517119,0.12466076404987371,0.5420139864599668,rmse,0.010346376325999824,0.009077542100257668,20,180,reg:squarederror,0.7081809439965958,gpu_hist,COMPLETE
837,0.6940551003301664,0.034869476255309416,0.5306227270871952,rmse,0.0958095655685354,0.01231208353765035,20,195,reg:squarederror,0.6951686768732135,gpu_hist,COMPLETE
838,0.6942959980556265,0.03516054778453331,0.5250587178070754,rmse,0.09503312309411219,0.015219623908965436,17,200,reg:squarederror,0.7014216539409914,gpu_hist,COMPLETE
839,0.6945517282668687,0.03432579329739031,0.5292009012521146,rmse,0.08906864668389308,0.01690306530896764,20,218,reg:squarederror,0.7163788521065745,gpu_hist,COMPLETE
840,0.6942745873319792,0.03136548302092186,0.5114176498464585,rmse,0.101272942382678,0.013092772696426674,15,216,reg:squarederror,0.7259123093396236,gpu_hist,COMPLETE
841,0.6945492353080127,0.027010121165956105,0.7491812084967351,rmse,0.12346274243928367,0.012605034414810512,20,196,reg:squarederror,0.7467125961120353,gpu_hist,COMPLETE
842,0.6942271019434838,0.039175242056935934,0.5021613910355428,rmse,0.07736476541797055,0.011937184546175544,20,196,reg:squarederror,0.6947981785341313,gpu_hist,COMPLETE
843,0.7074983456996492,0.02380731048318361,0.5394904513574892,rmse,0.10405118490985796,0.013838316064891434,3,210,reg:squarederror,0.6782440332030987,gpu_hist,COMPLETE
844,0.6941853938902698,0.04204080548053748,0.5261558722365995,rmse,0.14046202992600293,0.01247625506776672,20,200,reg:squarederror,0.7102761560588065,gpu_hist,COMPLETE
845,0.6941116663226004,0.026605102640234246,0.5391617510472821,rmse,0.07977051359934705,0.011552594613968013,20,190,reg:squarederror,0.695714114273551,gpu_hist,COMPLETE
846,0.6948029883698562,0.03198670041598816,0.4852100890402495,rmse,0.10181169182475636,0.007466512095059172,20,186,reg:squarederror,0.6815319725438365,gpu_hist,COMPLETE
847,0.6944181802397716,0.042048402268686225,0.5198162099977097,rmse,0.2500717962171438,0.013849599300041713,15,230,reg:squarederror,0.7032448700098579,gpu_hist,COMPLETE
848,0.7128635138811621,0.05025905588731746,0.5034294960331716,rmse,0.17046221167047285,0.003936721267573133,20,193,reg:squarederror,0.7161841629091582,gpu_hist,COMPLETE
849,0.6942857393224316,0.0344462910503691,0.5471611716809909,rmse,0.12039242124690899,0.010805102653513038,20,225,reg:squarederror,0.7336221518420041,gpu_hist,COMPLETE
850,0.694199831680932,0.0216704466564442,0.5179747967574392,rmse,0.15292815205945426,0.012119964710511072,20,254,reg:squarederror,0.6716404737389939,gpu_hist,COMPLETE
851,0.6947326836739504,0.04877186671990336,0.5286465481587741,rmse,0.07389192842792588,0.010102242568513173,13,188,reg:squarederror,0.6932221158226337,gpu_hist,COMPLETE
852,0.6941629052239202,0.029385887118160765,0.5360198710861805,rmse,0.09838024918040417,0.011516315939092468,20,137,reg:squarederror,0.8053790379295586,gpu_hist,COMPLETE
853,0.6973940359098678,0.038393513285790444,0.49781455681912307,rmse,0.109879043166935,0.013179280029274064,7,132,reg:squarederror,0.6836501005820751,gpu_hist,COMPLETE
854,0.6940541795831905,0.2171466219134061,0.552617936220632,rmse,0.08763271757050953,0.010669972265364197,20,145,reg:squarederror,0.6700992718019139,gpu_hist,COMPLETE
855,0.6944499176261165,0.19162190466047366,0.4584388197731306,rmse,0.09012433454832351,0.012708131665231999,20,125,reg:squarederror,0.6683233020833514,gpu_hist,COMPLETE
856,0.6952013947263095,0.022921305188354838,0.5530755549794968,rmse,0.07886799838426048,0.015280258948939135,9,140,reg:squarederror,0.6653131649376731,gpu_hist,COMPLETE
857,0.6946287852196938,0.2194870626377776,0.4891515787150268,rmse,0.07766480510915055,0.011227461389124622,15,203,reg:squarederror,0.6745926114634535,gpu_hist,COMPLETE
858,0.6947117594415972,0.0178512475964919,0.5122601372490218,rmse,0.1228878078891355,0.011976268292094368,11,143,reg:squarederror,0.6554571479400403,gpu_hist,COMPLETE
859,0.6940708978161466,0.22497387405383037,0.5350086134375555,rmse,0.10260602990833506,0.01092710031745138,20,136,reg:squarederror,0.673917616530855,gpu_hist,COMPLETE
860,0.6941247095095064,0.22173678183393047,0.5539802947286939,rmse,0.1470257718630428,0.010518358168602825,20,132,reg:squarederror,0.6618280884149553,gpu_hist,COMPLETE
861,0.6946543645659926,0.20306912365350607,0.5394738011985672,rmse,0.11120249480819286,0.013972985168874586,20,124,reg:squarederror,0.672559104814985,gpu_hist,COMPLETE
862,0.6941682239689186,0.22563396416836978,0.5233419383018011,rmse,0.13582047604913902,0.010708959926815382,20,132,reg:squarederror,0.6570856182338711,gpu_hist,COMPLETE
863,0.6943946475711302,0.25064874524014147,0.5630286113874822,rmse,0.096957875105246,0.0124873445319344,20,134,reg:squarederror,0.6392670352570492,gpu_hist,COMPLETE
864,0.694207331198719,0.25931958817887524,0.474125747625735,rmse,0.0912785604362671,0.010063453384693624,20,139,reg:squarederror,0.6715864193818629,gpu_hist,COMPLETE
865,0.7017077857597,0.18339960500345104,0.5347175261982313,rmse,0.06758641063837029,0.01164333244930068,5,127,reg:squarederror,0.6616593854620081,gpu_hist,COMPLETE
866,0.6944576407087664,0.2257792231415879,0.505321270472096,rmse,0.16746831842154872,0.010943296685374805,15,136,reg:squarederror,0.99805126510828,gpu_hist,COMPLETE
867,0.6943586731891612,0.1785651342990497,0.5496339611816043,rmse,0.27509916120615924,0.012903651515707229,20,143,reg:squarederror,0.6481707506845488,gpu_hist,COMPLETE
868,0.6940741593441208,0.24544848127995392,0.5132119480729815,rmse,0.11643087144157936,0.010249856558157232,20,138,reg:squarederror,0.6812921100237318,gpu_hist,COMPLETE
869,0.6943053191771524,0.26082424568940465,0.5220780702051621,rmse,0.1328624808505883,0.009805057180032333,20,118,reg:squarederror,0.6738546098743975,gpu_hist,COMPLETE
870,0.6944279130257269,0.22650310630049944,0.5400306779447913,rmse,0.1640937467140293,0.008652170107648436,17,134,reg:squarederror,0.6673536690282484,gpu_hist,COMPLETE
871,0.6944246894673312,0.25414654491497246,0.5636832909445836,rmse,0.12623803194209346,0.009020178688717956,20,207,reg:squarederror,0.6807168508495345,gpu_hist,COMPLETE
872,0.7240499332086348,0.2377123568428954,0.5176298112889003,rmse,0.18316921282279494,0.09086379093692723,20,127,reg:squarederror,0.658278470341687,gpu_hist,COMPLETE
873,0.6940293853076779,0.19343401900424734,0.5486360614686103,rmse,0.21962776616321766,0.010040848598653609,20,130,reg:squarederror,0.6797213293226473,gpu_hist,COMPLETE
874,0.694213761508993,0.2174755385817996,0.5660712904280242,rmse,0.25077753604381076,0.0083930748805655,20,119,reg:squarederror,0.6827541024207787,gpu_hist,COMPLETE
875,0.6944869517597696,0.2056288301356932,0.5481564056652913,rmse,0.22545318728679095,0.00975123638327079,15,129,reg:squarederror,0.6854063466696455,gpu_hist,COMPLETE
876,0.6941829588861576,0.1865848737123986,0.5537501811843426,rmse,0.19467380239226678,0.009114202187668573,20,126,reg:squarederror,0.6669141825445071,gpu_hist,COMPLETE
877,0.6945212622059164,0.26862726525393005,0.41750841197557886,rmse,0.22300399200778123,0.010255950537330274,20,134,reg:squarederror,0.6773491284836732,gpu_hist,COMPLETE
878,0.7096582452314334,0.19724125135983367,0.5748584136100036,rmse,0.17696126436516674,0.009485546538166516,3,122,reg:squarederror,0.6898145386115443,gpu_hist,COMPLETE
879,0.6979002627540187,0.23844534817837382,0.5604133958289049,rmse,0.47821742980137355,0.005210364834388659,20,137,reg:squarederror,0.5131244067470342,gpu_hist,COMPLETE
880,0.6945714851041042,0.17226062624148664,0.5442299387916577,rmse,0.3072719295197668,0.007511691380001634,20,131,reg:squarederror,0.6466463870266399,gpu_hist,COMPLETE
881,0.6942206828904288,0.2701233234758264,0.5341716341315587,rmse,0.20816414142169035,0.010626311367869378,20,138,reg:squarederror,0.6744459131390395,gpu_hist,COMPLETE
882,0.6942155771641259,0.16000920641384922,0.5668765641592172,rmse,0.15725880819956056,0.008179103786184555,20,129,reg:squarederror,0.6888132092230055,gpu_hist,COMPLETE
883,0.6943524212123604,0.19778292234357017,0.5500261719977781,rmse,0.14847800107040576,0.010256121937504926,15,137,reg:squarederror,0.6607546177778755,gpu_hist,COMPLETE
884,0.6950214902118658,0.22530404014326552,0.5347428544554106,rmse,0.3844246252966767,0.009014887746621486,13,141,reg:squarederror,0.6320935900520599,gpu_hist,COMPLETE
885,0.694115864425936,0.17313511294789613,0.5556908413138079,rmse,0.31911747988382927,0.010800198908903755,20,113,reg:squarederror,0.6818967101546471,gpu_hist,COMPLETE
886,0.6942625875025435,0.27954334394805935,0.5715538903923162,rmse,0.2524167883793976,0.009849544603949108,20,129,reg:squarederror,0.692663567707896,gpu_hist,COMPLETE
887,0.694184066355416,0.1981341041128291,0.5430889619137793,rmse,0.21447597535821455,0.011349622085937377,20,140,reg:squarederror,0.6692789520709019,gpu_hist,COMPLETE
888,0.6951186649381205,0.16072323494996968,0.34987249322405606,rmse,0.1349783848068319,0.008944239497582933,20,137,reg:squarederror,0.5927220690932995,gpu_hist,COMPLETE
889,0.6976743994183312,0.16569609737152863,0.5777844983846939,rmse,0.11502247493970157,0.011699072099738292,7,125,reg:squarederror,0.652295620775759,gpu_hist,COMPLETE
890,0.6961490670216564,0.16494398909638802,0.5324825724968701,rmse,0.17612682135450303,0.009913430919368775,9,132,reg:squarederror,0.6952988502185492,gpu_hist,COMPLETE
891,0.6952392157817475,0.2156955576394857,0.5451014122058897,rmse,0.14521662891574935,0.010915311157309737,11,241,reg:squarederror,0.6788712909058582,gpu_hist,COMPLETE
892,0.6942255700685516,0.1476172900172071,0.5582755489672803,rmse,0.2012920450530058,0.008199416576214615,20,143,reg:squarederror,0.6671960509224586,gpu_hist,COMPLETE
893,0.6942646604617488,0.23888107646887136,0.5274947198737403,rmse,0.1144077365183428,0.012545963186129874,15,118,reg:squarederror,0.6842088699367236,gpu_hist,COMPLETE
894,0.6942679076252452,0.15279199270391658,0.5652659257317916,rmse,0.327935200322972,0.009357073785935479,20,145,reg:squarederror,0.6972113900384678,gpu_hist,COMPLETE
895,0.6941377341920031,0.19070455752469237,0.5214123193975704,rmse,0.008139087868578742,0.010176950008864746,20,134,reg:squarederror,0.6602650956089507,gpu_hist,COMPLETE
896,0.6945951091862852,0.13930163536455478,0.5452817564862235,rmse,0.11886857532720052,0.01154582932798198,20,142,reg:squarederror,0.6780402244854428,gpu_hist,COMPLETE
897,0.694242777242245,0.03192956992535215,0.5313431636809133,rmse,0.09960659028511774,0.01361666131065776,20,210,reg:squarederror,0.6994893266088765,gpu_hist,COMPLETE
898,0.6939447159523701,0.2909295027317185,0.5500793298631871,rmse,0.1373032553946125,0.010669503486817116,20,138,reg:squarederror,0.6508583304976441,gpu_hist,COMPLETE
899,0.69443889039381,0.2504142767637487,0.5172014646721012,rmse,0.16872852080828568,0.012316192187476488,20,125,reg:squarederror,0.6192646409337882,gpu_hist,COMPLETE
900,0.7003450548481099,0.2981940594262251,0.5357002448553321,rmse,0.1611784481360207,0.014549674719463019,5,137,reg:squarederror,0.6320659747881685,gpu_hist,COMPLETE
901,0.6942942409955103,0.31545961310879717,0.5549727428069049,rmse,0.13751342023492924,0.01112337977727535,17,121,reg:squarederror,0.6899954585454203,gpu_hist,COMPLETE
