Trial 41 finished with value: 0.7008838086343784 and parameters: {'objective': 'reg:squarederror', 'tree_method': 'gpu_hist', 'lambda': 0.022136771766026603, 'alpha': 0.10015548913665265, 'colsample_bytree': 0.42249054501484223, 'subsample': 0.8457463228966816, 'learning_rate': 0.014444401255089633, 'max_depth': 5, 'min_child_weight': 106, 'eval_metric': 'rmse'}. Best is trial 33 with value: 0.6942090509536232.
start listen on 192.168.1.101:39417
@tracker All of 1 nodes getting started
@tracker All nodes finishes job
Trial 42 finished with value: 0.6945368517310831 and parameters: {'objective': 'reg:squarederror', 'tree_method': 'gpu_hist', 'lambda': 0.05026926560537442, 'alpha': 0.6107302658635076, 'colsample_bytree': 0.3628408690773175, 'subsample': 0.7838129706050732, 'learning_rate': 0.014022259976985574, 'max_depth': 11, 'min_child_weight': 47, 'eval_metric': 'rmse'}. Best is trial 33 with value: 0.6942090509536232.
start listen on 192.168.1.101:45083
@tracker All of 1 nodes getting started
@tracker All nodes finishes job
Trial 43 finished with value: 0.6963157244869587 and parameters: {'objective': 'reg:squarederror', 'tree_method': 'gpu_hist', 'lambda': 0.005939597483572568, 'alpha': 0.3445709407579331, 'colsample_bytree': 0.42552023111157516, 'subsample': 0.8630915113867942, 'learning_rate': 0.0066935144950901445, 'max_depth': 11, 'min_child_weight': 82, 'eval_metric': 'rmse'}. Best is trial 33 with value: 0.6942090509536232.
start listen on 192.168.1.101:52557
@tracker All of 1 nodes getting started
@tracker All nodes finishes job
Trial 44 finished with value: 0.695587544501523 and parameters: {'objective': 'reg:squarederror', 'tree_method': 'gpu_hist', 'lambda': 0.012986350096103673, 'alpha': 1.586691814705374, 'colsample_bytree': 0.6065925511287336, 'subsample': 0.9426801181286093, 'learning_rate': 0.009468158424453515, 'max_depth': 11, 'min_child_weight': 117, 'eval_metric': 'rmse'}. Best is trial 33 with value: 0.6942090509536232.
start listen on 192.168.1.101:55035
@tracker All of 1 nodes getting started
@tracker All nodes finishes job
Trial 45 finished with value: 0.7259399913738455 and parameters: {'objective': 'reg:squarederror', 'tree_method': 'gpu_hist', 'lambda': 0.03275587877522425, 'alpha': 0.8612950607212261, 'colsample_bytree': 0.49588426611411274, 'subsample': 0.7609587702838148, 'learning_rate': 0.0036564872986587153, 'max_depth': 20, 'min_child_weight': 165, 'eval_metric': 'rmse'}. Best is trial 33 with value: 0.6942090509536232.
start listen on 192.168.1.101:42621
@tracker All of 1 nodes getting started
@tracker All nodes finishes job
Trial 46 finished with value: 0.6943940424055409 and parameters: {'objective': 'reg:squarederror', 'tree_method': 'gpu_hist', 'lambda': 0.04247771625768899, 'alpha': 0.29140388981551674, 'colsample_bytree': 0.44781727459415743, 'subsample': 0.9952845038005331, 'learning_rate': 0.014394187136336877, 'max_depth': 13, 'min_child_weight': 67, 'eval_metric': 'rmse'}. Best is trial 33 with value: 0.6942090509536232.
start listen on 192.168.1.101:45061
@tracker All of 1 nodes getting started
@tracker All nodes finishes job
Trial 47 finished with value: 0.6962176145268634 and parameters: {'objective': 'reg:squarederror', 'tree_method': 'gpu_hist', 'lambda': 0.10059010072868767, 'alpha': 0.0031012159655659805, 'colsample_bytree': 0.3389828830511732, 'subsample': 0.9877801626127942, 'learning_rate': 0.03414753931288977, 'max_depth': 11, 'min_child_weight': 57, 'eval_metric': 'rmse'}. Best is trial 33 with value: 0.6942090509536232.
start listen on 192.168.1.101:60511
@tracker All of 1 nodes getting started
@tracker All nodes finishes job
Trial 48 finished with value: 0.6948011563902329 and parameters: {'objective': 'reg:squarederror', 'tree_method': 'gpu_hist', 'lambda': 0.04370463290237363, 'alpha': 0.26791074784253177, 'colsample_bytree': 0.4488387155988764, 'subsample': 0.9686510129613058, 'learning_rate': 0.015185039707640739, 'max_depth': 13, 'min_child_weight': 28, 'eval_metric': 'rmse'}. Best is trial 33 with value: 0.6942090509536232.
start listen on 192.168.1.101:51643
@tracker All of 1 nodes getting started
@tracker All nodes finishes job
Trial 49 finished with value: 0.6953937718131298 and parameters: {'objective': 'reg:squarederror', 'tree_method': 'gpu_hist', 'lambda': 0.019055501652848746, 'alpha': 0.13281172657356088, 'colsample_bytree': 0.38998184827792576, 'subsample': 0.8835410535605267, 'learning_rate': 0.022360399438821014, 'max_depth': 13, 'min_child_weight': 60, 'eval_metric': 'rmse'}. Best is trial 33 with value: 0.6942090509536232.
start listen on 192.168.1.101:50299
@tracker All of 1 nodes getting started
@tracker All nodes finishes job
Trial 50 finished with value: 0.6950573391531346 and parameters: {'objective': 'reg:squarederror', 'tree_method': 'gpu_hist', 'lambda': 0.07528071736016684, 'alpha': 0.023670512074865077, 'colsample_bytree': 0.4551564534171127, 'subsample': 0.9317788887951789, 'learning_rate': 0.007051749287820825, 'max_depth': 13, 'min_child_weight': 100, 'eval_metric': 'rmse'}. Best is trial 33 with value: 0.6942090509536232.
start listen on 192.168.1.101:56097
@tracker All of 1 nodes getting started
@tracker All nodes finishes job
Trial 51 finished with value: 0.6942210997156204 and parameters: {'objective': 'reg:squarederror', 'tree_method': 'gpu_hist', 'lambda': 0.010725699679214537, 'alpha': 0.6332896809594356, 'colsample_bytree': 0.5730801971493191, 'subsample': 0.7879389703546187, 'learning_rate': 0.009563950563501334, 'max_depth': 17, 'min_child_weight': 151, 'eval_metric': 'rmse'}. Best is trial 33 with value: 0.6942090509536232.
start listen on 192.168.1.101:34129
@tracker All of 1 nodes getting started
@tracker All nodes finishes job
Trial 52 finished with value: 0.6943677940678141 and parameters: {'objective': 'reg:squarederror', 'tree_method': 'gpu_hist', 'lambda': 0.011226269919968631, 'alpha': 0.2669064588000501, 'colsample_bytree': 0.5697982289604275, 'subsample': 0.8470627316551738, 'learning_rate': 0.008847247773032174, 'max_depth': 17, 'min_child_weight': 146, 'eval_metric': 'rmse'}. Best is trial 33 with value: 0.6942090509536232.
start listen on 192.168.1.101:42773
@tracker All of 1 nodes getting started
@tracker All nodes finishes job
Trial 53 finished with value: 0.6946414580089536 and parameters: {'objective': 'reg:squarederror', 'tree_method': 'gpu_hist', 'lambda': 0.004848037072362552, 'alpha': 1.390543765492554, 'colsample_bytree': 0.5565893474670391, 'subsample': 0.8801993147858103, 'learning_rate': 0.00869558181545976, 'max_depth': 17, 'min_child_weight': 191, 'eval_metric': 'rmse'}. Best is trial 33 with value: 0.6942090509536232.
start listen on 192.168.1.101:39743
@tracker All of 1 nodes getting started
@tracker All nodes finishes job
Trial 54 finished with value: 0.6955095187897151 and parameters: {'objective': 'reg:squarederror', 'tree_method': 'gpu_hist', 'lambda': 0.01228700930889862, 'alpha': 0.07158445687703596, 'colsample_bytree': 0.5213807745483484, 'subsample': 0.9667310140485521, 'learning_rate': 0.00582972671176122, 'max_depth': 17, 'min_child_weight': 146, 'eval_metric': 'rmse'}. Best is trial 33 with value: 0.6942090509536232.
start listen on 192.168.1.101:43367
@tracker All of 1 nodes getting started
@tracker All nodes finishes job
Trial 55 finished with value: 0.6948412896789624 and parameters: {'objective': 'reg:squarederror', 'tree_method': 'gpu_hist', 'lambda': 0.12001572389550191, 'alpha': 0.9957066131538708, 'colsample_bytree': 0.5842027770064453, 'subsample': 0.7829778469089752, 'learning_rate': 0.007606979139017913, 'max_depth': 17, 'min_child_weight': 178, 'eval_metric': 'rmse'}. Best is trial 33 with value: 0.6942090509536232.
start listen on 192.168.1.101:43953
@tracker All of 1 nodes getting started
@tracker All nodes finishes job
Trial 56 finished with value: 0.6942588998561272 and parameters: {'objective': 'reg:squarederror', 'tree_method': 'gpu_hist', 'lambda': 0.002342599226592013, 'alpha': 0.2378849929151192, 'colsample_bytree': 0.5559911381010562, 'subsample': 0.7486131285409814, 'learning_rate': 0.009668891028434658, 'max_depth': 17, 'min_child_weight': 150, 'eval_metric': 'rmse'}. Best is trial 33 with value: 0.6942090509536232.
start listen on 192.168.1.101:45003
@tracker All of 1 nodes getting started
@tracker All nodes finishes job
Trial 57 finished with value: 0.6943038754484953 and parameters: {'objective': 'reg:squarederror', 'tree_method': 'gpu_hist', 'lambda': 0.002587206320828899, 'alpha': 0.608746189549307, 'colsample_bytree': 0.6023178056241284, 'subsample': 0.7487151160696833, 'learning_rate': 0.00960892110600972, 'max_depth': 17, 'min_child_weight': 148, 'eval_metric': 'rmse'}. Best is trial 33 with value: 0.6942090509536232.
start listen on 192.168.1.101:56219
@tracker All of 1 nodes getting started
@tracker All nodes finishes job
Trial 58 finished with value: 0.8386584544776051 and parameters: {'objective': 'reg:squarederror', 'tree_method': 'gpu_hist', 'lambda': 0.0019174340892260144, 'alpha': 0.6230390355277433, 'colsample_bytree': 0.6048719093092766, 'subsample': 0.7408366143898538, 'learning_rate': 0.002779945347342496, 'max_depth': 17, 'min_child_weight': 132, 'eval_metric': 'rmse'}. Best is trial 33 with value: 0.6942090509536232.
start listen on 192.168.1.101:36423
@tracker All of 1 nodes getting started
@tracker All nodes finishes job
Trial 59 finished with value: 0.6966223263187113 and parameters: {'objective': 'reg:squarederror', 'tree_method': 'gpu_hist', 'lambda': 0.002617836179039457, 'alpha': 2.0918184053473117, 'colsample_bytree': 0.5442326340569049, 'subsample': 0.7050941641028408, 'learning_rate': 0.006228050011122103, 'max_depth': 17, 'min_child_weight': 168, 'eval_metric': 'rmse'}. Best is trial 33 with value: 0.6942090509536232.
start listen on 192.168.1.101:46997
@tracker All of 1 nodes getting started
@tracker All nodes finishes job
Trial 60 finished with value: 0.6943074820380557 and parameters: {'objective': 'reg:squarederror', 'tree_method': 'gpu_hist', 'lambda': 0.003390902496459487, 'alpha': 0.16533374525145395, 'colsample_bytree': 0.6085999173894397, 'subsample': 0.653925117167017, 'learning_rate': 0.009948219711309056, 'max_depth': 17, 'min_child_weight': 187, 'eval_metric': 'rmse'}. Best is trial 33 with value: 0.6942090509536232.
start listen on 192.168.1.101:36715
@tracker All of 1 nodes getting started
@tracker All nodes finishes job
Trial 61 finished with value: 0.6942669012867392 and parameters: {'objective': 'reg:squarederror', 'tree_method': 'gpu_hist', 'lambda': 0.0016706689932522434, 'alpha': 0.15165518820060614, 'colsample_bytree': 0.6090716832260423, 'subsample': 0.6266634663108558, 'learning_rate': 0.009977885649237423, 'max_depth': 17, 'min_child_weight': 187, 'eval_metric': 'rmse'}. Best is trial 33 with value: 0.6942090509536232.
start listen on 192.168.1.101:46211
@tracker All of 1 nodes getting started
@tracker All nodes finishes job
Trial 62 finished with value: 0.6945671408608227 and parameters: {'objective': 'reg:squarederror', 'tree_method': 'gpu_hist', 'lambda': 0.0034121368804891678, 'alpha': 0.1559627016974416, 'colsample_bytree': 0.6079390883858733, 'subsample': 0.6360008038514032, 'learning_rate': 0.010068255264379636, 'max_depth': 17, 'min_child_weight': 212, 'eval_metric': 'rmse'}. Best is trial 33 with value: 0.6942090509536232.
start listen on 192.168.1.101:37183
@tracker All of 1 nodes getting started
@tracker All nodes finishes job
Trial 63 finished with value: 0.6945502227397925 and parameters: {'objective': 'reg:squarederror', 'tree_method': 'gpu_hist', 'lambda': 0.001418937014394932, 'alpha': 0.4799804890384425, 'colsample_bytree': 0.7134928781516061, 'subsample': 0.6049073720981071, 'learning_rate': 0.009619208711173013, 'max_depth': 17, 'min_child_weight': 189, 'eval_metric': 'rmse'}. Best is trial 33 with value: 0.6942090509536232.
start listen on 192.168.1.101:39163
@tracker All of 1 nodes getting started
@tracker All nodes finishes job
Trial 64 finished with value: 0.6945943896035622 and parameters: {'objective': 'reg:squarederror', 'tree_method': 'gpu_hist', 'lambda': 0.0022067772667756012, 'alpha': 0.675052952509983, 'colsample_bytree': 0.6592259359710559, 'subsample': 0.6680611966019466, 'learning_rate': 0.012322128866376932, 'max_depth': 17, 'min_child_weight': 202, 'eval_metric': 'rmse'}. Best is trial 33 with value: 0.6942090509536232.
start listen on 192.168.1.101:34215
@tracker All of 1 nodes getting started
@tracker All nodes finishes job
Trial 65 finished with value: 0.6982165329836094 and parameters: {'objective': 'reg:squarederror', 'tree_method': 'gpu_hist', 'lambda': 0.0017393672115049654, 'alpha': 1.146470708558265, 'colsample_bytree': 0.5961354609388555, 'subsample': 0.6282836451357324, 'learning_rate': 0.005213196018192676, 'max_depth': 17, 'min_child_weight': 179, 'eval_metric': 'rmse'}. Best is trial 33 with value: 0.6942090509536232.
start listen on 192.168.1.101:51777
@tracker All of 1 nodes getting started
@tracker All nodes finishes job
Trial 66 finished with value: 0.6948779183187657 and parameters: {'objective': 'reg:squarederror', 'tree_method': 'gpu_hist', 'lambda': 0.005268211753051004, 'alpha': 0.19897309423937254, 'colsample_bytree': 0.7437106798267733, 'subsample': 0.529189303599946, 'learning_rate': 0.013368459395468154, 'max_depth': 15, 'min_child_weight': 152, 'eval_metric': 'rmse'}. Best is trial 33 with value: 0.6942090509536232.
start listen on 192.168.1.101:50157
@tracker All of 1 nodes getting started
@tracker All nodes finishes job
Trial 67 finished with value: 0.6947586388738161 and parameters: {'objective': 'reg:squarederror', 'tree_method': 'gpu_hist', 'lambda': 0.003737418175890272, 'alpha': 0.05266898825224042, 'colsample_bytree': 0.6261469142740191, 'subsample': 0.6526328195527064, 'learning_rate': 0.007415712932282282, 'max_depth': 17, 'min_child_weight': 170, 'eval_metric': 'rmse'}. Best is trial 33 with value: 0.6942090509536232.
start listen on 192.168.1.101:48743
@tracker All of 1 nodes getting started
@tracker All nodes finishes job
Trial 68 finished with value: 0.7059988388230134 and parameters: {'objective': 'reg:squarederror', 'tree_method': 'gpu_hist', 'lambda': 0.0014298252957677512, 'alpha': 0.22533960734766775, 'colsample_bytree': 0.5564240871419598, 'subsample': 0.6128092949409915, 'learning_rate': 0.016922919100783536, 'max_depth': 3, 'min_child_weight': 135, 'eval_metric': 'rmse'}. Best is trial 33 with value: 0.6942090509536232.
start listen on 192.168.1.101:40267
@tracker All of 1 nodes getting started
@tracker All nodes finishes job
Trial 69 finished with value: 0.6943617577089503 and parameters: {'objective': 'reg:squarederror', 'tree_method': 'gpu_hist', 'lambda': 0.007242284387085959, 'alpha': 0.11437234352163186, 'colsample_bytree': 0.5153430665072178, 'subsample': 0.5585053963041293, 'learning_rate': 0.010257083639529143, 'max_depth': 17, 'min_child_weight': 186, 'eval_metric': 'rmse'}. Best is trial 33 with value: 0.6942090509536232.
start listen on 192.168.1.101:36077
@tracker All of 1 nodes getting started
@tracker All nodes finishes job
Trial 70 finished with value: 0.6958567257669099 and parameters: {'objective': 'reg:squarederror', 'tree_method': 'gpu_hist', 'lambda': 0.002831773532932256, 'alpha': 0.38209415017416287, 'colsample_bytree': 0.6525451844528131, 'subsample': 0.7431158668348411, 'learning_rate': 0.020981012165056545, 'max_depth': 7, 'min_child_weight': 124, 'eval_metric': 'rmse'}. Best is trial 33 with value: 0.6942090509536232.
start listen on 192.168.1.101:33237
@tracker All of 1 nodes getting started
@tracker All nodes finishes job
Trial 71 finished with value: 0.6946571019981648 and parameters: {'objective': 'reg:squarederror', 'tree_method': 'gpu_hist', 'lambda': 0.004343553729145499, 'alpha': 0.09317808373379217, 'colsample_bytree': 0.48481034331575995, 'subsample': 0.7026889091197586, 'learning_rate': 0.007648395630971951, 'max_depth': 17, 'min_child_weight': 159, 'eval_metric': 'rmse'}. Best is trial 33 with value: 0.6942090509536232.
start listen on 192.168.1.101:60851
@tracker All of 1 nodes getting started
@tracker All nodes finishes job
Trial 72 finished with value: 0.6944652677283456 and parameters: {'objective': 'reg:squarederror', 'tree_method': 'gpu_hist', 'lambda': 0.007287343772330688, 'alpha': 0.08137897362889229, 'colsample_bytree': 0.5715427271050066, 'subsample': 0.7816372489606646, 'learning_rate': 0.01068874671873969, 'max_depth': 20, 'min_child_weight': 142, 'eval_metric': 'rmse'}. Best is trial 33 with value: 0.6942090509536232.
start listen on 192.168.1.101:54271
@tracker All of 1 nodes getting started
@tracker All nodes finishes job
Trial 73 finished with value: 0.694499823507231 and parameters: {'objective': 'reg:squarederror', 'tree_method': 'gpu_hist', 'lambda': 0.0031148727463069445, 'alpha': 0.15350568794026792, 'colsample_bytree': 0.5284315476016703, 'subsample': 0.583085956108357, 'learning_rate': 0.012620586492435115, 'max_depth': 17, 'min_child_weight': 196, 'eval_metric': 'rmse'}. Best is trial 33 with value: 0.6942090509536232.
start listen on 192.168.1.101:52111
@tracker All of 1 nodes getting started
@tracker All nodes finishes job
Trial 74 finished with value: 0.7036778498338595 and parameters: {'objective': 'reg:squarederror', 'tree_method': 'gpu_hist', 'lambda': 0.002141665819707816, 'alpha': 0.058730445996107494, 'colsample_bytree': 0.6211873882235394, 'subsample': 0.8242375428758826, 'learning_rate': 0.008613167908670488, 'max_depth': 5, 'min_child_weight': 155, 'eval_metric': 'rmse'}. Best is trial 33 with value: 0.6942090509536232.
start listen on 192.168.1.101:43387
@tracker All of 1 nodes getting started
@tracker All nodes finishes job
Trial 75 finished with value: 0.7041596048831349 and parameters: {'objective': 'reg:squarederror', 'tree_method': 'gpu_hist', 'lambda': 0.015500212693307895, 'alpha': 7.351006714885671, 'colsample_bytree': 0.5929960239331545, 'subsample': 0.669577308012058, 'learning_rate': 0.004903256383416356, 'max_depth': 15, 'min_child_weight': 175, 'eval_metric': 'rmse'}. Best is trial 33 with value: 0.6942090509536232.
start listen on 192.168.1.101:42057
@tracker All of 1 nodes getting started
@tracker All nodes finishes job
Trial 76 finished with value: 0.6944743639705474 and parameters: {'objective': 'reg:squarederror', 'tree_method': 'gpu_hist', 'lambda': 0.0065529684199592195, 'alpha': 2.7712556582908148, 'colsample_bytree': 0.5411041917355667, 'subsample': 0.7267263862773318, 'learning_rate': 0.01652514573970831, 'max_depth': 20, 'min_child_weight': 208, 'eval_metric': 'rmse'}. Best is trial 33 with value: 0.6942090509536232.
start listen on 192.168.1.101:44497
@tracker All of 1 nodes getting started
@tracker All nodes finishes job
Trial 77 finished with value: 0.6967503297419326 and parameters: {'objective': 'reg:squarederror', 'tree_method': 'gpu_hist', 'lambda': 4.704157256043036, 'alpha': 0.029591639720875803, 'colsample_bytree': 0.686495251253905, 'subsample': 0.6858792727373614, 'learning_rate': 0.006414998994729524, 'max_depth': 17, 'min_child_weight': 243, 'eval_metric': 'rmse'}. Best is trial 33 with value: 0.6942090509536232.
start listen on 192.168.1.101:34581
@tracker All of 1 nodes getting started
@tracker All nodes finishes job
Trial 78 finished with value: 0.7057950774169205 and parameters: {'objective': 'reg:squarederror', 'tree_method': 'gpu_hist', 'lambda': 0.004536441384255247, 'alpha': 0.47977149172655686, 'colsample_bytree': 0.5641787735900681, 'subsample': 0.7507416071442796, 'learning_rate': 0.004232003132940039, 'max_depth': 20, 'min_child_weight': 183, 'eval_metric': 'rmse'}. Best is trial 33 with value: 0.6942090509536232.
start listen on 192.168.1.101:38575
@tracker All of 1 nodes getting started
@tracker All nodes finishes job
Trial 79 finished with value: 0.6942590925484142 and parameters: {'objective': 'reg:squarederror', 'tree_method': 'gpu_hist', 'lambda': 0.008898812189608162, 'alpha': 0.7854026019396573, 'colsample_bytree': 0.5090631987061872, 'subsample': 0.7172412340668927, 'learning_rate': 0.009773065159621914, 'max_depth': 17, 'min_child_weight': 161, 'eval_metric': 'rmse'}. Best is trial 33 with value: 0.6942090509536232.
start listen on 192.168.1.101:36277
@tracker All of 1 nodes getting started
@tracker All nodes finishes job
Trial 80 finished with value: 0.6944924508137107 and parameters: {'objective': 'reg:squarederror', 'tree_method': 'gpu_hist', 'lambda': 0.0011895943830508883, 'alpha': 0.9113035488718185, 'colsample_bytree': 0.6679382893673674, 'subsample': 0.7105801453873126, 'learning_rate': 0.011318320350848707, 'max_depth': 17, 'min_child_weight': 220, 'eval_metric': 'rmse'}. Best is trial 33 with value: 0.6942090509536232.
start listen on 192.168.1.101:39645
@tracker All of 1 nodes getting started
@tracker All nodes finishes job
Trial 81 finished with value: 0.6942219918339632 and parameters: {'objective': 'reg:squarederror', 'tree_method': 'gpu_hist', 'lambda': 0.009118226210480295, 'alpha': 0.3460503911768479, 'colsample_bytree': 0.504238584681402, 'subsample': 0.7563939724834402, 'learning_rate': 0.00977596216920883, 'max_depth': 17, 'min_child_weight': 160, 'eval_metric': 'rmse'}. Best is trial 33 with value: 0.6942090509536232.
start listen on 192.168.1.101:55923
@tracker All of 1 nodes getting started
@tracker All nodes finishes job
Trial 82 finished with value: 0.6942958358503105 and parameters: {'objective': 'reg:squarederror', 'tree_method': 'gpu_hist', 'lambda': 0.00978151943631041, 'alpha': 0.33710726072001546, 'colsample_bytree': 0.6180912210989135, 'subsample': 0.7735102015311459, 'learning_rate': 0.010062127455017224, 'max_depth': 17, 'min_child_weight': 150, 'eval_metric': 'rmse'}. Best is trial 33 with value: 0.6942090509536232.
start listen on 192.168.1.101:43229
@tracker All of 1 nodes getting started
@tracker All nodes finishes job
