Trial 167 finished with value: 0.6944168403398053 and parameters: {'objective': 'reg:squarederror', 'tree_method': 'gpu_hist', 'lambda': 0.25910901515834334, 'alpha': 0.041876124080508975, 'colsample_bytree': 0.5030942374163337, 'subsample': 0.6307208519608574, 'learning_rate': 0.01017861913467254, 'max_depth': 20, 'min_child_weight': 171, 'eval_metric': 'rmse'}. Best is trial 140 with value: 0.693976497093345.
start listen on 192.168.1.101:59801
@tracker All of 1 nodes getting started
@tracker All nodes finishes job
Trial 168 finished with value: 0.7103117852905207 and parameters: {'objective': 'reg:squarederror', 'tree_method': 'gpu_hist', 'lambda': 0.014734558625765492, 'alpha': 0.05912225415926043, 'colsample_bytree': 0.5300320801304054, 'subsample': 0.6657812311800743, 'learning_rate': 0.008563092882758817, 'max_depth': 3, 'min_child_weight': 139, 'eval_metric': 'rmse'}. Best is trial 140 with value: 0.693976497093345.
start listen on 192.168.1.101:35681
@tracker All of 1 nodes getting started
@tracker All nodes finishes job
Trial 169 finished with value: 0.694077802291741 and parameters: {'objective': 'reg:squarederror', 'tree_method': 'gpu_hist', 'lambda': 0.029600130368386737, 'alpha': 0.08726321706616749, 'colsample_bytree': 0.5094099075947575, 'subsample': 0.6732874460457091, 'learning_rate': 0.010434810066876283, 'max_depth': 20, 'min_child_weight': 156, 'eval_metric': 'rmse'}. Best is trial 140 with value: 0.693976497093345.
start listen on 192.168.1.101:59249
@tracker All of 1 nodes getting started
@tracker All nodes finishes job
Trial 170 finished with value: 0.6941880153047766 and parameters: {'objective': 'reg:squarederror', 'tree_method': 'gpu_hist', 'lambda': 0.028396774281721344, 'alpha': 2.2213312721957923, 'colsample_bytree': 0.5471867541306603, 'subsample': 0.6731915153967226, 'learning_rate': 0.010357932423297968, 'max_depth': 20, 'min_child_weight': 159, 'eval_metric': 'rmse'}. Best is trial 140 with value: 0.693976497093345.
start listen on 192.168.1.101:54201
@tracker All of 1 nodes getting started
@tracker All nodes finishes job
Trial 171 finished with value: 0.6942442403210374 and parameters: {'objective': 'reg:squarederror', 'tree_method': 'gpu_hist', 'lambda': 0.031230260666167523, 'alpha': 1.8273562297755304, 'colsample_bytree': 0.5462746465249527, 'subsample': 0.6767916108552994, 'learning_rate': 0.010151174658643326, 'max_depth': 20, 'min_child_weight': 161, 'eval_metric': 'rmse'}. Best is trial 140 with value: 0.693976497093345.
start listen on 192.168.1.101:34199
@tracker All of 1 nodes getting started
@tracker All nodes finishes job
Trial 172 finished with value: 0.6942383160545629 and parameters: {'objective': 'reg:squarederror', 'tree_method': 'gpu_hist', 'lambda': 0.027453080924191575, 'alpha': 0.08015633522391573, 'colsample_bytree': 0.5126093897400956, 'subsample': 0.6553535808354797, 'learning_rate': 0.008975469918123152, 'max_depth': 20, 'min_child_weight': 153, 'eval_metric': 'rmse'}. Best is trial 140 with value: 0.693976497093345.
start listen on 192.168.1.101:54801
@tracker All of 1 nodes getting started
@tracker All nodes finishes job
Trial 173 finished with value: 0.6942978422538764 and parameters: {'objective': 'reg:squarederror', 'tree_method': 'gpu_hist', 'lambda': 0.02140593018798177, 'alpha': 2.79496771937105, 'colsample_bytree': 0.57584406465513, 'subsample': 0.6727876307626611, 'learning_rate': 0.010738999443973236, 'max_depth': 20, 'min_child_weight': 157, 'eval_metric': 'rmse'}. Best is trial 140 with value: 0.693976497093345.
start listen on 192.168.1.101:38645
@tracker All of 1 nodes getting started
@tracker All nodes finishes job
Trial 174 finished with value: 0.6940608534781143 and parameters: {'objective': 'reg:squarederror', 'tree_method': 'gpu_hist', 'lambda': 0.10048948189993509, 'alpha': 0.12069295788056073, 'colsample_bytree': 0.5575871680905062, 'subsample': 0.7078819861170289, 'learning_rate': 0.011803063779736151, 'max_depth': 20, 'min_child_weight': 166, 'eval_metric': 'rmse'}. Best is trial 140 with value: 0.693976497093345.
start listen on 192.168.1.101:51265
@tracker All of 1 nodes getting started
@tracker All nodes finishes job
Trial 175 finished with value: 0.6941705096155361 and parameters: {'objective': 'reg:squarederror', 'tree_method': 'gpu_hist', 'lambda': 0.12132460924748871, 'alpha': 0.1279101137748837, 'colsample_bytree': 0.5598153668385795, 'subsample': 0.7048995728455674, 'learning_rate': 0.01221306249768591, 'max_depth': 20, 'min_child_weight': 167, 'eval_metric': 'rmse'}. Best is trial 140 with value: 0.693976497093345.
start listen on 192.168.1.101:56311
@tracker All of 1 nodes getting started
@tracker All nodes finishes job
Trial 176 finished with value: 0.6943516832366261 and parameters: {'objective': 'reg:squarederror', 'tree_method': 'gpu_hist', 'lambda': 0.14545185065249006, 'alpha': 0.11877206101926607, 'colsample_bytree': 0.559545953898847, 'subsample': 0.6872272837286866, 'learning_rate': 0.012608193859340065, 'max_depth': 20, 'min_child_weight': 176, 'eval_metric': 'rmse'}. Best is trial 140 with value: 0.693976497093345.
start listen on 192.168.1.101:40935
@tracker All of 1 nodes getting started
@tracker All nodes finishes job
Trial 177 finished with value: 0.6944649486855048 and parameters: {'objective': 'reg:squarederror', 'tree_method': 'gpu_hist', 'lambda': 0.10957134707240905, 'alpha': 0.09920488423693345, 'colsample_bytree': 0.5759839678321522, 'subsample': 0.725620245353806, 'learning_rate': 0.011985388193499976, 'max_depth': 20, 'min_child_weight': 168, 'eval_metric': 'rmse'}. Best is trial 140 with value: 0.693976497093345.
start listen on 192.168.1.101:53495
@tracker All of 1 nodes getting started
@tracker All nodes finishes job
Trial 178 finished with value: 0.6944931696290675 and parameters: {'objective': 'reg:squarederror', 'tree_method': 'gpu_hist', 'lambda': 0.550494179720393, 'alpha': 2.232704532910614, 'colsample_bytree': 0.528300933718749, 'subsample': 0.7016284176096262, 'learning_rate': 0.009594005615964704, 'max_depth': 20, 'min_child_weight': 165, 'eval_metric': 'rmse'}. Best is trial 140 with value: 0.693976497093345.
start listen on 192.168.1.101:41349
@tracker All of 1 nodes getting started
@tracker All nodes finishes job
Trial 179 finished with value: 0.6941170778925181 and parameters: {'objective': 'reg:squarederror', 'tree_method': 'gpu_hist', 'lambda': 0.1267500842255706, 'alpha': 0.12753853754705421, 'colsample_bytree': 0.5586918705277182, 'subsample': 0.6718820786703674, 'learning_rate': 0.01158826524385412, 'max_depth': 20, 'min_child_weight': 175, 'eval_metric': 'rmse'}. Best is trial 140 with value: 0.693976497093345.
start listen on 192.168.1.101:38727
@tracker All of 1 nodes getting started
@tracker All nodes finishes job
Trial 180 finished with value: 0.6945076089109783 and parameters: {'objective': 'reg:squarederror', 'tree_method': 'gpu_hist', 'lambda': 0.09407116862687523, 'alpha': 4.786749270667572, 'colsample_bytree': 0.8365203174089149, 'subsample': 0.7084842594736406, 'learning_rate': 0.011831574981588775, 'max_depth': 20, 'min_child_weight': 172, 'eval_metric': 'rmse'}. Best is trial 140 with value: 0.693976497093345.
start listen on 192.168.1.101:59923
@tracker All of 1 nodes getting started
@tracker All nodes finishes job
Trial 181 finished with value: 0.6943203712915215 and parameters: {'objective': 'reg:squarederror', 'tree_method': 'gpu_hist', 'lambda': 0.2638614055038182, 'alpha': 0.15099385870002485, 'colsample_bytree': 0.5604476321828818, 'subsample': 0.6659227283116738, 'learning_rate': 0.011355000808729464, 'max_depth': 20, 'min_child_weight': 153, 'eval_metric': 'rmse'}. Best is trial 140 with value: 0.693976497093345.
start listen on 192.168.1.101:32841
@tracker All of 1 nodes getting started
@tracker All nodes finishes job
Trial 182 finished with value: 0.6944425304900762 and parameters: {'objective': 'reg:squarederror', 'tree_method': 'gpu_hist', 'lambda': 0.21501862523087867, 'alpha': 0.12086236118191583, 'colsample_bytree': 0.593871894248119, 'subsample': 0.6524281074385873, 'learning_rate': 0.012811158935558078, 'max_depth': 20, 'min_child_weight': 164, 'eval_metric': 'rmse'}. Best is trial 140 with value: 0.693976497093345.
start listen on 192.168.1.101:43291
@tracker All of 1 nodes getting started
@tracker All nodes finishes job
Trial 183 finished with value: 0.6946702112968188 and parameters: {'objective': 'reg:squarederror', 'tree_method': 'gpu_hist', 'lambda': 0.40367623311746514, 'alpha': 0.0897209824514739, 'colsample_bytree': 0.5503935854032183, 'subsample': 0.67660368311575, 'learning_rate': 0.015057693666843659, 'max_depth': 20, 'min_child_weight': 149, 'eval_metric': 'rmse'}. Best is trial 140 with value: 0.693976497093345.
start listen on 192.168.1.101:46167
@tracker All of 1 nodes getting started
@tracker All nodes finishes job
Trial 184 finished with value: 0.6943451253588494 and parameters: {'objective': 'reg:squarederror', 'tree_method': 'gpu_hist', 'lambda': 0.1869688250076836, 'alpha': 0.1632850027907727, 'colsample_bytree': 0.5776238126164028, 'subsample': 0.6868071480958331, 'learning_rate': 0.010642517210165493, 'max_depth': 20, 'min_child_weight': 157, 'eval_metric': 'rmse'}. Best is trial 140 with value: 0.693976497093345.
start listen on 192.168.1.101:44767
@tracker All of 1 nodes getting started
@tracker All nodes finishes job
Trial 185 finished with value: 0.6942233476495492 and parameters: {'objective': 'reg:squarederror', 'tree_method': 'gpu_hist', 'lambda': 0.07492334031768423, 'alpha': 0.10889205701959957, 'colsample_bytree': 0.5366815625358052, 'subsample': 0.6463920313885289, 'learning_rate': 0.011629509153934417, 'max_depth': 20, 'min_child_weight': 173, 'eval_metric': 'rmse'}. Best is trial 140 with value: 0.693976497093345.
start listen on 192.168.1.101:55925
@tracker All of 1 nodes getting started
@tracker All nodes finishes job
Trial 186 finished with value: 0.6945227853226472 and parameters: {'objective': 'reg:squarederror', 'tree_method': 'gpu_hist', 'lambda': 0.047890509373004105, 'alpha': 0.052501268297802876, 'colsample_bytree': 0.518876294984782, 'subsample': 0.6621936185146157, 'learning_rate': 0.008608841439913976, 'max_depth': 20, 'min_child_weight': 180, 'eval_metric': 'rmse'}. Best is trial 140 with value: 0.693976497093345.
start listen on 192.168.1.101:44603
@tracker All of 1 nodes getting started
@tracker All nodes finishes job
Trial 187 finished with value: 0.6944715619284124 and parameters: {'objective': 'reg:squarederror', 'tree_method': 'gpu_hist', 'lambda': 0.06327359506752617, 'alpha': 3.25239318199726, 'colsample_bytree': 0.5657158876005334, 'subsample': 0.7064838029782508, 'learning_rate': 0.00970277904644118, 'max_depth': 20, 'min_child_weight': 143, 'eval_metric': 'rmse'}. Best is trial 140 with value: 0.693976497093345.
start listen on 192.168.1.101:53599
@tracker All of 1 nodes getting started
@tracker All nodes finishes job
Trial 188 finished with value: 0.6943363852243287 and parameters: {'objective': 'reg:squarederror', 'tree_method': 'gpu_hist', 'lambda': 0.1129151856583122, 'alpha': 0.07723156493944841, 'colsample_bytree': 0.5458370467369279, 'subsample': 0.6701447616705916, 'learning_rate': 0.01305109115681219, 'max_depth': 20, 'min_child_weight': 160, 'eval_metric': 'rmse'}. Best is trial 140 with value: 0.693976497093345.
start listen on 192.168.1.101:45015
@tracker All of 1 nodes getting started
@tracker All nodes finishes job
Trial 189 finished with value: 0.6944876391707705 and parameters: {'objective': 'reg:squarederror', 'tree_method': 'gpu_hist', 'lambda': 0.027941527519448728, 'alpha': 0.13330366726732995, 'colsample_bytree': 0.526635144159887, 'subsample': 0.640657227269249, 'learning_rate': 0.014460467943523146, 'max_depth': 20, 'min_child_weight': 166, 'eval_metric': 'rmse'}. Best is trial 140 with value: 0.693976497093345.
start listen on 192.168.1.101:50575
@tracker All of 1 nodes getting started
@tracker All nodes finishes job
Trial 190 finished with value: 0.694237100989283 and parameters: {'objective': 'reg:squarederror', 'tree_method': 'gpu_hist', 'lambda': 0.08662878861236291, 'alpha': 1.419564950204567, 'colsample_bytree': 0.5849574862632767, 'subsample': 0.6819955577620137, 'learning_rate': 0.010553253169098385, 'max_depth': 20, 'min_child_weight': 150, 'eval_metric': 'rmse'}. Best is trial 140 with value: 0.693976497093345.
start listen on 192.168.1.101:35089
@tracker All of 1 nodes getting started
@tracker All nodes finishes job
Trial 191 finished with value: 0.6950525973923427 and parameters: {'objective': 'reg:squarederror', 'tree_method': 'gpu_hist', 'lambda': 0.9871615264497572, 'alpha': 0.09845511628136362, 'colsample_bytree': 0.5042767403926266, 'subsample': 0.6550753625278934, 'learning_rate': 0.009439547076110014, 'max_depth': 13, 'min_child_weight': 159, 'eval_metric': 'rmse'}. Best is trial 140 with value: 0.693976497093345.
start listen on 192.168.1.101:59849
@tracker All of 1 nodes getting started
@tracker All nodes finishes job
Trial 192 finished with value: 0.6943407183718917 and parameters: {'objective': 'reg:squarederror', 'tree_method': 'gpu_hist', 'lambda': 0.14213213248104614, 'alpha': 0.04979032259587793, 'colsample_bytree': 0.5090340364206092, 'subsample': 0.7204200583301954, 'learning_rate': 0.011813642860569936, 'max_depth': 20, 'min_child_weight': 177, 'eval_metric': 'rmse'}. Best is trial 140 with value: 0.693976497093345.
start listen on 192.168.1.101:49845
@tracker All of 1 nodes getting started
@tracker All nodes finishes job
Trial 193 finished with value: 0.6994554138547209 and parameters: {'objective': 'reg:squarederror', 'tree_method': 'gpu_hist', 'lambda': 0.023390691610602386, 'alpha': 0.038308982706825964, 'colsample_bytree': 0.556163623732538, 'subsample': 0.6950700937261258, 'learning_rate': 0.008135509228697598, 'max_depth': 7, 'min_child_weight': 155, 'eval_metric': 'rmse'}. Best is trial 140 with value: 0.693976497093345.
start listen on 192.168.1.101:54543
@tracker All of 1 nodes getting started
@tracker All nodes finishes job
Trial 194 finished with value: 0.6962456712890069 and parameters: {'objective': 'reg:squarederror', 'tree_method': 'gpu_hist', 'lambda': 0.12645056081204142, 'alpha': 0.18867161970836707, 'colsample_bytree': 0.4964508783665103, 'subsample': 0.7392769220215653, 'learning_rate': 0.010257470488728809, 'max_depth': 9, 'min_child_weight': 169, 'eval_metric': 'rmse'}. Best is trial 140 with value: 0.693976497093345.
start listen on 192.168.1.101:33213
@tracker All of 1 nodes getting started
@tracker All nodes finishes job
Trial 195 finished with value: 0.6960120116892241 and parameters: {'objective': 'reg:squarederror', 'tree_method': 'gpu_hist', 'lambda': 0.03211198909947902, 'alpha': 0.061964080839006806, 'colsample_bytree': 0.5380730736421568, 'subsample': 0.9252666282158659, 'learning_rate': 0.007202665084969942, 'max_depth': 11, 'min_child_weight': 146, 'eval_metric': 'rmse'}. Best is trial 140 with value: 0.693976497093345.
start listen on 192.168.1.101:48051
@tracker All of 1 nodes getting started
@tracker All nodes finishes job
Trial 196 finished with value: 0.7011726690605602 and parameters: {'objective': 'reg:squarederror', 'tree_method': 'gpu_hist', 'lambda': 0.01889887897271849, 'alpha': 0.08273703664599448, 'colsample_bytree': 0.5148700124255586, 'subsample': 0.6588952920020288, 'learning_rate': 0.012739740889244467, 'max_depth': 5, 'min_child_weight': 139, 'eval_metric': 'rmse'}. Best is trial 140 with value: 0.693976497093345.
start listen on 192.168.1.101:51995
@tracker All of 1 nodes getting started
@tracker All nodes finishes job
Trial 197 finished with value: 0.6943803821131848 and parameters: {'objective': 'reg:squarederror', 'tree_method': 'gpu_hist', 'lambda': 0.05401211675070299, 'alpha': 0.07171232147991667, 'colsample_bytree': 0.4710858864949383, 'subsample': 0.671878697011523, 'learning_rate': 0.011147929757424098, 'max_depth': 20, 'min_child_weight': 162, 'eval_metric': 'rmse'}. Best is trial 140 with value: 0.693976497093345.
start listen on 192.168.1.101:37953
@tracker All of 1 nodes getting started
@tracker All nodes finishes job
Trial 198 finished with value: 0.6946003931679181 and parameters: {'objective': 'reg:squarederror', 'tree_method': 'gpu_hist', 'lambda': 0.3813278773238273, 'alpha': 0.5878438473488722, 'colsample_bytree': 0.5266530351638862, 'subsample': 0.45419167087586887, 'learning_rate': 0.009220426031368781, 'max_depth': 20, 'min_child_weight': 150, 'eval_metric': 'rmse'}. Best is trial 140 with value: 0.693976497093345.
start listen on 192.168.1.101:35265
@tracker All of 1 nodes getting started
@tracker All nodes finishes job
Trial 199 finished with value: 0.6943666681726718 and parameters: {'objective': 'reg:squarederror', 'tree_method': 'gpu_hist', 'lambda': 0.013335773203013544, 'alpha': 1.0356319932312756, 'colsample_bytree': 0.5007553723714794, 'subsample': 0.9606640151868316, 'learning_rate': 0.010173084477787683, 'max_depth': 20, 'min_child_weight': 155, 'eval_metric': 'rmse'}. Best is trial 140 with value: 0.693976497093345.
start listen on 192.168.1.101:59555
@tracker All of 1 nodes getting started
@tracker All nodes finishes job
Trial 200 finished with value: 0.697066447950915 and parameters: {'objective': 'reg:squarederror', 'tree_method': 'gpu_hist', 'lambda': 0.02338484181673748, 'alpha': 0.12872813077092946, 'colsample_bytree': 0.5630481510297902, 'subsample': 0.6359122669581401, 'learning_rate': 0.011813796508002362, 'max_depth': 20, 'min_child_weight': 15, 'eval_metric': 'rmse'}. Best is trial 140 with value: 0.693976497093345.
start listen on 192.168.1.101:59523
@tracker All of 1 nodes getting started
@tracker All nodes finishes job
Trial 201 finished with value: 0.6941224459918416 and parameters: {'objective': 'reg:squarederror', 'tree_method': 'gpu_hist', 'lambda': 0.07700845983589902, 'alpha': 0.10568128744626927, 'colsample_bytree': 0.5365534102703637, 'subsample': 0.6454372864825159, 'learning_rate': 0.01137045534854233, 'max_depth': 20, 'min_child_weight': 173, 'eval_metric': 'rmse'}. Best is trial 140 with value: 0.693976497093345.
start listen on 192.168.1.101:44939
@tracker All of 1 nodes getting started
@tracker All nodes finishes job
Trial 202 finished with value: 0.6941827913650576 and parameters: {'objective': 'reg:squarederror', 'tree_method': 'gpu_hist', 'lambda': 0.03751928223335876, 'alpha': 0.11024787180095824, 'colsample_bytree': 0.5431102584952386, 'subsample': 0.6231764093744601, 'learning_rate': 0.013954131063872456, 'max_depth': 20, 'min_child_weight': 173, 'eval_metric': 'rmse'}. Best is trial 140 with value: 0.693976497093345.
start listen on 192.168.1.101:40985
@tracker All of 1 nodes getting started
@tracker All nodes finishes job
Trial 203 finished with value: 0.6944781819534702 and parameters: {'objective': 'reg:squarederror', 'tree_method': 'gpu_hist', 'lambda': 0.03757038753971937, 'alpha': 0.10653267018157726, 'colsample_bytree': 0.543386159124562, 'subsample': 0.6245858957490885, 'learning_rate': 0.013413139862990075, 'max_depth': 20, 'min_child_weight': 177, 'eval_metric': 'rmse'}. Best is trial 140 with value: 0.693976497093345.
start listen on 192.168.1.101:48683
@tracker All of 1 nodes getting started
@tracker All nodes finishes job
Trial 204 finished with value: 0.6946624082561448 and parameters: {'objective': 'reg:squarederror', 'tree_method': 'gpu_hist', 'lambda': 0.07046816463006657, 'alpha': 0.08412919390706494, 'colsample_bytree': 0.5529154674199879, 'subsample': 0.6075952850604879, 'learning_rate': 0.015438069718454935, 'max_depth': 20, 'min_child_weight': 171, 'eval_metric': 'rmse'}. Best is trial 140 with value: 0.693976497093345.
start listen on 192.168.1.101:53409
@tracker All of 1 nodes getting started
@tracker All nodes finishes job
Trial 205 finished with value: 0.694562489846045 and parameters: {'objective': 'reg:squarederror', 'tree_method': 'gpu_hist', 'lambda': 0.044989141052880724, 'alpha': 0.1411474682922162, 'colsample_bytree': 0.571852788911854, 'subsample': 0.6501887977920584, 'learning_rate': 0.014022219555657117, 'max_depth': 20, 'min_child_weight': 183, 'eval_metric': 'rmse'}. Best is trial 140 with value: 0.693976497093345.
start listen on 192.168.1.101:49539
@tracker All of 1 nodes getting started
@tracker All nodes finishes job
Trial 206 finished with value: 0.6943250814253794 and parameters: {'objective': 'reg:squarederror', 'tree_method': 'gpu_hist', 'lambda': 0.034048435648308596, 'alpha': 0.0962002133984288, 'colsample_bytree': 0.5349065841378116, 'subsample': 0.6382829729603579, 'learning_rate': 0.011323463060572405, 'max_depth': 20, 'min_child_weight': 165, 'eval_metric': 'rmse'}. Best is trial 140 with value: 0.693976497093345.
start listen on 192.168.1.101:37985
@tracker All of 1 nodes getting started
@tracker All nodes finishes job
Trial 207 finished with value: 0.6942737426094767 and parameters: {'objective': 'reg:squarederror', 'tree_method': 'gpu_hist', 'lambda': 0.09436521902918164, 'alpha': 0.11837561299247466, 'colsample_bytree': 0.5984907993737891, 'subsample': 0.6212751067359321, 'learning_rate': 0.012654555437107083, 'max_depth': 20, 'min_child_weight': 172, 'eval_metric': 'rmse'}. Best is trial 140 with value: 0.693976497093345.
start listen on 192.168.1.101:34367
@tracker All of 1 nodes getting started
@tracker All nodes finishes job
Trial 208 finished with value: 0.6943508983104794 and parameters: {'objective': 'reg:squarederror', 'tree_method': 'gpu_hist', 'lambda': 0.027674103486983972, 'alpha': 0.04747754608188835, 'colsample_bytree': 0.5272196845234444, 'subsample': 0.6608553251852436, 'learning_rate': 0.012295570321811094, 'max_depth': 20, 'min_child_weight': 95, 'eval_metric': 'rmse'}. Best is trial 140 with value: 0.693976497093345.
start listen on 192.168.1.101:39071
@tracker All of 1 nodes getting started
@tracker All nodes finishes job
