Trial 881 finished with value: 0.6942206828904288 and parameters: {'objective': 'reg:squarederror', 'tree_method': 'gpu_hist', 'lambda': 0.20816414142169035, 'alpha': 0.2701233234758264, 'colsample_bytree': 0.5341716341315587, 'subsample': 0.6744459131390395, 'learning_rate': 0.010626311367869378, 'max_depth': 20, 'min_child_weight': 138, 'eval_metric': 'rmse'}. Best is trial 717 with value: 0.6938795554678486.
start listen on 192.168.1.101:43403
@tracker All of 1 nodes getting started
@tracker All nodes finishes job
Trial 882 finished with value: 0.6942155771641259 and parameters: {'objective': 'reg:squarederror', 'tree_method': 'gpu_hist', 'lambda': 0.15725880819956056, 'alpha': 0.16000920641384922, 'colsample_bytree': 0.5668765641592172, 'subsample': 0.6888132092230055, 'learning_rate': 0.008179103786184555, 'max_depth': 20, 'min_child_weight': 129, 'eval_metric': 'rmse'}. Best is trial 717 with value: 0.6938795554678486.
start listen on 192.168.1.101:45987
@tracker All of 1 nodes getting started
@tracker All nodes finishes job
Trial 883 finished with value: 0.6943524212123604 and parameters: {'objective': 'reg:squarederror', 'tree_method': 'gpu_hist', 'lambda': 0.14847800107040576, 'alpha': 0.19778292234357017, 'colsample_bytree': 0.5500261719977781, 'subsample': 0.6607546177778755, 'learning_rate': 0.010256121937504926, 'max_depth': 15, 'min_child_weight': 137, 'eval_metric': 'rmse'}. Best is trial 717 with value: 0.6938795554678486.
start listen on 192.168.1.101:57953
@tracker All of 1 nodes getting started
@tracker All nodes finishes job
Trial 884 finished with value: 0.6950214902118658 and parameters: {'objective': 'reg:squarederror', 'tree_method': 'gpu_hist', 'lambda': 0.3844246252966767, 'alpha': 0.22530404014326552, 'colsample_bytree': 0.5347428544554106, 'subsample': 0.6320935900520599, 'learning_rate': 0.009014887746621486, 'max_depth': 13, 'min_child_weight': 141, 'eval_metric': 'rmse'}. Best is trial 717 with value: 0.6938795554678486.
start listen on 192.168.1.101:59297
@tracker All of 1 nodes getting started
@tracker All nodes finishes job
Trial 885 finished with value: 0.694115864425936 and parameters: {'objective': 'reg:squarederror', 'tree_method': 'gpu_hist', 'lambda': 0.31911747988382927, 'alpha': 0.17313511294789613, 'colsample_bytree': 0.5556908413138079, 'subsample': 0.6818967101546471, 'learning_rate': 0.010800198908903755, 'max_depth': 20, 'min_child_weight': 113, 'eval_metric': 'rmse'}. Best is trial 717 with value: 0.6938795554678486.
start listen on 192.168.1.101:53793
@tracker All of 1 nodes getting started
@tracker All nodes finishes job
Trial 886 finished with value: 0.6942625875025435 and parameters: {'objective': 'reg:squarederror', 'tree_method': 'gpu_hist', 'lambda': 0.2524167883793976, 'alpha': 0.27954334394805935, 'colsample_bytree': 0.5715538903923162, 'subsample': 0.692663567707896, 'learning_rate': 0.009849544603949108, 'max_depth': 20, 'min_child_weight': 129, 'eval_metric': 'rmse'}. Best is trial 717 with value: 0.6938795554678486.
start listen on 192.168.1.101:43919
@tracker All of 1 nodes getting started
@tracker All nodes finishes job
Trial 887 finished with value: 0.694184066355416 and parameters: {'objective': 'reg:squarederror', 'tree_method': 'gpu_hist', 'lambda': 0.21447597535821455, 'alpha': 0.1981341041128291, 'colsample_bytree': 0.5430889619137793, 'subsample': 0.6692789520709019, 'learning_rate': 0.011349622085937377, 'max_depth': 20, 'min_child_weight': 140, 'eval_metric': 'rmse'}. Best is trial 717 with value: 0.6938795554678486.
start listen on 192.168.1.101:44525
@tracker All of 1 nodes getting started
@tracker All nodes finishes job
Trial 888 finished with value: 0.6951186649381205 and parameters: {'objective': 'reg:squarederror', 'tree_method': 'gpu_hist', 'lambda': 0.1349783848068319, 'alpha': 0.16072323494996968, 'colsample_bytree': 0.34987249322405606, 'subsample': 0.5927220690932995, 'learning_rate': 0.008944239497582933, 'max_depth': 20, 'min_child_weight': 137, 'eval_metric': 'rmse'}. Best is trial 717 with value: 0.6938795554678486.
start listen on 192.168.1.101:50883
@tracker All of 1 nodes getting started
@tracker All nodes finishes job
Trial 889 finished with value: 0.6976743994183312 and parameters: {'objective': 'reg:squarederror', 'tree_method': 'gpu_hist', 'lambda': 0.11502247493970157, 'alpha': 0.16569609737152863, 'colsample_bytree': 0.5777844983846939, 'subsample': 0.652295620775759, 'learning_rate': 0.011699072099738292, 'max_depth': 7, 'min_child_weight': 125, 'eval_metric': 'rmse'}. Best is trial 717 with value: 0.6938795554678486.
start listen on 192.168.1.101:56237
@tracker All of 1 nodes getting started
@tracker All nodes finishes job
Trial 890 finished with value: 0.6961490670216564 and parameters: {'objective': 'reg:squarederror', 'tree_method': 'gpu_hist', 'lambda': 0.17612682135450303, 'alpha': 0.16494398909638802, 'colsample_bytree': 0.5324825724968701, 'subsample': 0.6952988502185492, 'learning_rate': 0.009913430919368775, 'max_depth': 9, 'min_child_weight': 132, 'eval_metric': 'rmse'}. Best is trial 717 with value: 0.6938795554678486.
start listen on 192.168.1.101:53787
@tracker All of 1 nodes getting started
@tracker All nodes finishes job
Trial 891 finished with value: 0.6952392157817475 and parameters: {'objective': 'reg:squarederror', 'tree_method': 'gpu_hist', 'lambda': 0.14521662891574935, 'alpha': 0.2156955576394857, 'colsample_bytree': 0.5451014122058897, 'subsample': 0.6788712909058582, 'learning_rate': 0.010915311157309737, 'max_depth': 11, 'min_child_weight': 241, 'eval_metric': 'rmse'}. Best is trial 717 with value: 0.6938795554678486.
start listen on 192.168.1.101:33747
@tracker All of 1 nodes getting started
@tracker All nodes finishes job
Trial 892 finished with value: 0.6942255700685516 and parameters: {'objective': 'reg:squarederror', 'tree_method': 'gpu_hist', 'lambda': 0.2012920450530058, 'alpha': 0.1476172900172071, 'colsample_bytree': 0.5582755489672803, 'subsample': 0.6671960509224586, 'learning_rate': 0.008199416576214615, 'max_depth': 20, 'min_child_weight': 143, 'eval_metric': 'rmse'}. Best is trial 717 with value: 0.6938795554678486.
start listen on 192.168.1.101:57117
@tracker All of 1 nodes getting started
@tracker All nodes finishes job
Trial 893 finished with value: 0.6942646604617488 and parameters: {'objective': 'reg:squarederror', 'tree_method': 'gpu_hist', 'lambda': 0.1144077365183428, 'alpha': 0.23888107646887136, 'colsample_bytree': 0.5274947198737403, 'subsample': 0.6842088699367236, 'learning_rate': 0.012545963186129874, 'max_depth': 15, 'min_child_weight': 118, 'eval_metric': 'rmse'}. Best is trial 717 with value: 0.6938795554678486.
start listen on 192.168.1.101:47369
@tracker All of 1 nodes getting started
@tracker All nodes finishes job
Trial 894 finished with value: 0.6942679076252452 and parameters: {'objective': 'reg:squarederror', 'tree_method': 'gpu_hist', 'lambda': 0.327935200322972, 'alpha': 0.15279199270391658, 'colsample_bytree': 0.5652659257317916, 'subsample': 0.6972113900384678, 'learning_rate': 0.009357073785935479, 'max_depth': 20, 'min_child_weight': 145, 'eval_metric': 'rmse'}. Best is trial 717 with value: 0.6938795554678486.
start listen on 192.168.1.101:48629
@tracker All of 1 nodes getting started
@tracker All nodes finishes job
Trial 895 finished with value: 0.6941377341920031 and parameters: {'objective': 'reg:squarederror', 'tree_method': 'gpu_hist', 'lambda': 0.008139087868578742, 'alpha': 0.19070455752469237, 'colsample_bytree': 0.5214123193975704, 'subsample': 0.6602650956089507, 'learning_rate': 0.010176950008864746, 'max_depth': 20, 'min_child_weight': 134, 'eval_metric': 'rmse'}. Best is trial 717 with value: 0.6938795554678486.
start listen on 192.168.1.101:59347
@tracker All of 1 nodes getting started
@tracker All nodes finishes job
Trial 896 finished with value: 0.6945951091862852 and parameters: {'objective': 'reg:squarederror', 'tree_method': 'gpu_hist', 'lambda': 0.11886857532720052, 'alpha': 0.13930163536455478, 'colsample_bytree': 0.5452817564862235, 'subsample': 0.6780402244854428, 'learning_rate': 0.01154582932798198, 'max_depth': 20, 'min_child_weight': 142, 'eval_metric': 'rmse'}. Best is trial 717 with value: 0.6938795554678486.
start listen on 192.168.1.101:48939
@tracker All of 1 nodes getting started
@tracker All nodes finishes job
Trial 897 finished with value: 0.694242777242245 and parameters: {'objective': 'reg:squarederror', 'tree_method': 'gpu_hist', 'lambda': 0.09960659028511774, 'alpha': 0.03192956992535215, 'colsample_bytree': 0.5313431636809133, 'subsample': 0.6994893266088765, 'learning_rate': 0.01361666131065776, 'max_depth': 20, 'min_child_weight': 210, 'eval_metric': 'rmse'}. Best is trial 717 with value: 0.6938795554678486.
start listen on 192.168.1.101:50135
@tracker All of 1 nodes getting started
@tracker All nodes finishes job
Trial 898 finished with value: 0.6939447159523701 and parameters: {'objective': 'reg:squarederror', 'tree_method': 'gpu_hist', 'lambda': 0.1373032553946125, 'alpha': 0.2909295027317185, 'colsample_bytree': 0.5500793298631871, 'subsample': 0.6508583304976441, 'learning_rate': 0.010669503486817116, 'max_depth': 20, 'min_child_weight': 138, 'eval_metric': 'rmse'}. Best is trial 717 with value: 0.6938795554678486.
start listen on 192.168.1.101:55161
@tracker All of 1 nodes getting started
@tracker All nodes finishes job
Trial 899 finished with value: 0.69443889039381 and parameters: {'objective': 'reg:squarederror', 'tree_method': 'gpu_hist', 'lambda': 0.16872852080828568, 'alpha': 0.2504142767637487, 'colsample_bytree': 0.5172014646721012, 'subsample': 0.6192646409337882, 'learning_rate': 0.012316192187476488, 'max_depth': 20, 'min_child_weight': 125, 'eval_metric': 'rmse'}. Best is trial 717 with value: 0.6938795554678486.
start listen on 192.168.1.101:44951
@tracker All of 1 nodes getting started
@tracker All nodes finishes job
Trial 900 finished with value: 0.7003450548481099 and parameters: {'objective': 'reg:squarederror', 'tree_method': 'gpu_hist', 'lambda': 0.1611784481360207, 'alpha': 0.2981940594262251, 'colsample_bytree': 0.5357002448553321, 'subsample': 0.6320659747881685, 'learning_rate': 0.014549674719463019, 'max_depth': 5, 'min_child_weight': 137, 'eval_metric': 'rmse'}. Best is trial 717 with value: 0.6938795554678486.
start listen on 192.168.1.101:35645
@tracker All of 1 nodes getting started
@tracker All nodes finishes job
Trial 901 finished with value: 0.6942942409955103 and parameters: {'objective': 'reg:squarederror', 'tree_method': 'gpu_hist', 'lambda': 0.13751342023492924, 'alpha': 0.31545961310879717, 'colsample_bytree': 0.5549727428069049, 'subsample': 0.6899954585454203, 'learning_rate': 0.01112337977727535, 'max_depth': 17, 'min_child_weight': 121, 'eval_metric': 'rmse'}. Best is trial 717 with value: 0.6938795554678486.
start listen on 192.168.1.101:60691
@tracker All of 1 nodes getting started
@tracker All nodes finishes job
Trial 902 finished with value: 0.6941493040349203 and parameters: {'objective': 'reg:squarederror', 'tree_method': 'gpu_hist', 'lambda': 0.19539734838573747, 'alpha': 0.31365799444155895, 'colsample_bytree': 0.5150961727286091, 'subsample': 0.6702073274152401, 'learning_rate': 0.01225743043207162, 'max_depth': 15, 'min_child_weight': 130, 'eval_metric': 'rmse'}. Best is trial 717 with value: 0.6938795554678486.
start listen on 192.168.1.101:54549
@tracker All of 1 nodes getting started
@tracker All nodes finishes job
Trial 903 finished with value: 0.6944138180981575 and parameters: {'objective': 'reg:squarederror', 'tree_method': 'gpu_hist', 'lambda': 0.1510504419728667, 'alpha': 0.3447467208276251, 'colsample_bytree': 0.5726860349379638, 'subsample': 0.6423668651714963, 'learning_rate': 0.010878052660206163, 'max_depth': 20, 'min_child_weight': 146, 'eval_metric': 'rmse'}. Best is trial 717 with value: 0.6938795554678486.
start listen on 192.168.1.101:48485
@tracker All of 1 nodes getting started
@tracker All nodes finishes job
Trial 904 finished with value: 0.694960249536749 and parameters: {'objective': 'reg:squarederror', 'tree_method': 'gpu_hist', 'lambda': 0.12200630965527874, 'alpha': 0.25230918782763984, 'colsample_bytree': 0.5402683993562483, 'subsample': 0.7033935561218051, 'learning_rate': 0.016068054204893916, 'max_depth': 20, 'min_child_weight': 141, 'eval_metric': 'rmse'}. Best is trial 717 with value: 0.6938795554678486.
start listen on 192.168.1.101:58037
@tracker All of 1 nodes getting started
@tracker All nodes finishes job
Trial 905 finished with value: 0.6948131591536181 and parameters: {'objective': 'reg:squarederror', 'tree_method': 'gpu_hist', 'lambda': 0.11612571479486451, 'alpha': 0.316521980387443, 'colsample_bytree': 0.5844501951576887, 'subsample': 0.6454969910149548, 'learning_rate': 0.013436466202798493, 'max_depth': 20, 'min_child_weight': 133, 'eval_metric': 'rmse'}. Best is trial 717 with value: 0.6938795554678486.
start listen on 192.168.1.101:35803
@tracker All of 1 nodes getting started
@tracker All nodes finishes job
Trial 906 finished with value: 0.6940621659984978 and parameters: {'objective': 'reg:squarederror', 'tree_method': 'gpu_hist', 'lambda': 0.1465784375251382, 'alpha': 0.22932414733248077, 'colsample_bytree': 0.5321915456370901, 'subsample': 0.6863220556804812, 'learning_rate': 0.010266043726932744, 'max_depth': 20, 'min_child_weight': 145, 'eval_metric': 'rmse'}. Best is trial 717 with value: 0.6938795554678486.
start listen on 192.168.1.101:45265
@tracker All of 1 nodes getting started
@tracker All nodes finishes job
Trial 907 finished with value: 0.6943365153627479 and parameters: {'objective': 'reg:squarederror', 'tree_method': 'gpu_hist', 'lambda': 0.24118196149307233, 'alpha': 0.27758989367091297, 'colsample_bytree': 0.5490459985334468, 'subsample': 0.6936137169852182, 'learning_rate': 0.012075773104365877, 'max_depth': 20, 'min_child_weight': 147, 'eval_metric': 'rmse'}. Best is trial 717 with value: 0.6938795554678486.
start listen on 192.168.1.101:50179
@tracker All of 1 nodes getting started
@tracker All nodes finishes job
Trial 908 finished with value: 0.7088400570270208 and parameters: {'objective': 'reg:squarederror', 'tree_method': 'gpu_hist', 'lambda': 0.1689042306115786, 'alpha': 0.19269080305002104, 'colsample_bytree': 0.5568093684470796, 'subsample': 0.7011416864576231, 'learning_rate': 0.011066407088935155, 'max_depth': 3, 'min_child_weight': 146, 'eval_metric': 'rmse'}. Best is trial 717 with value: 0.6938795554678486.
start listen on 192.168.1.101:33969
@tracker All of 1 nodes getting started
@tracker All nodes finishes job
Trial 909 finished with value: 0.6941826987580912 and parameters: {'objective': 'reg:squarederror', 'tree_method': 'gpu_hist', 'lambda': 0.1809849785785963, 'alpha': 0.2241786415995816, 'colsample_bytree': 0.5339497378967334, 'subsample': 0.7085194671154027, 'learning_rate': 0.010362569062718721, 'max_depth': 20, 'min_child_weight': 149, 'eval_metric': 'rmse'}. Best is trial 717 with value: 0.6938795554678486.
start listen on 192.168.1.101:35459
@tracker All of 1 nodes getting started
@tracker All nodes finishes job
Trial 910 finished with value: 0.6944187613953506 and parameters: {'objective': 'reg:squarederror', 'tree_method': 'gpu_hist', 'lambda': 0.13476814955534983, 'alpha': 4.249111649098289, 'colsample_bytree': 0.5653450622728281, 'subsample': 0.6896080851947685, 'learning_rate': 0.011759475587720744, 'max_depth': 15, 'min_child_weight': 143, 'eval_metric': 'rmse'}. Best is trial 717 with value: 0.6938795554678486.
start listen on 192.168.1.101:51005
@tracker All of 1 nodes getting started
@tracker All nodes finishes job
Trial 911 finished with value: 0.694306733953631 and parameters: {'objective': 'reg:squarederror', 'tree_method': 'gpu_hist', 'lambda': 0.2097031966816675, 'alpha': 0.28274590266367094, 'colsample_bytree': 0.5449836704403278, 'subsample': 0.6565348059116067, 'learning_rate': 0.01285184855332557, 'max_depth': 20, 'min_child_weight': 148, 'eval_metric': 'rmse'}. Best is trial 717 with value: 0.6938795554678486.
start listen on 192.168.1.101:46041
@tracker All of 1 nodes getting started
@tracker All nodes finishes job
Trial 912 finished with value: 0.6943318664105038 and parameters: {'objective': 'reg:squarederror', 'tree_method': 'gpu_hist', 'lambda': 0.15398268764241088, 'alpha': 0.381862177618571, 'colsample_bytree': 0.5288579011864183, 'subsample': 0.6762634691218385, 'learning_rate': 0.0096927719700836, 'max_depth': 20, 'min_child_weight': 150, 'eval_metric': 'rmse'}. Best is trial 717 with value: 0.6938795554678486.
start listen on 192.168.1.101:44575
@tracker All of 1 nodes getting started
@tracker All nodes finishes job
Trial 913 finished with value: 0.6945683573576811 and parameters: {'objective': 'reg:squarederror', 'tree_method': 'gpu_hist', 'lambda': 0.2970700550627978, 'alpha': 0.21776608191208882, 'colsample_bytree': 0.5781191123722887, 'subsample': 0.7191403243492931, 'learning_rate': 0.011273170533377007, 'max_depth': 20, 'min_child_weight': 143, 'eval_metric': 'rmse'}. Best is trial 717 with value: 0.6938795554678486.
start listen on 192.168.1.101:39153
@tracker All of 1 nodes getting started
@tracker All nodes finishes job
Trial 914 finished with value: 0.6946221990974486 and parameters: {'objective': 'reg:squarederror', 'tree_method': 'gpu_hist', 'lambda': 0.004666592382931781, 'alpha': 0.19310440335582754, 'colsample_bytree': 0.557890623505328, 'subsample': 0.6872767773358341, 'learning_rate': 0.014103491508839872, 'max_depth': 20, 'min_child_weight': 138, 'eval_metric': 'rmse'}. Best is trial 717 with value: 0.6938795554678486.
start listen on 192.168.1.101:48539
@tracker All of 1 nodes getting started
@tracker All nodes finishes job
Trial 915 finished with value: 0.6940622047791093 and parameters: {'objective': 'reg:squarederror', 'tree_method': 'gpu_hist', 'lambda': 0.1882485518669035, 'alpha': 0.20471999370230973, 'colsample_bytree': 0.5296498363474093, 'subsample': 0.6681974566678607, 'learning_rate': 0.010537448605808852, 'max_depth': 20, 'min_child_weight': 113, 'eval_metric': 'rmse'}. Best is trial 717 with value: 0.6938795554678486.
start listen on 192.168.1.101:47181
@tracker All of 1 nodes getting started
@tracker All nodes finishes job
Trial 916 finished with value: 0.6940812660289186 and parameters: {'objective': 'reg:squarederror', 'tree_method': 'gpu_hist', 'lambda': 0.2525396853282676, 'alpha': 0.21633756656745098, 'colsample_bytree': 0.5287799107629432, 'subsample': 0.6702694932880691, 'learning_rate': 0.009496548727854038, 'max_depth': 20, 'min_child_weight': 119, 'eval_metric': 'rmse'}. Best is trial 717 with value: 0.6938795554678486.
start listen on 192.168.1.101:44295
@tracker All of 1 nodes getting started
@tracker All nodes finishes job
Trial 917 finished with value: 0.6943632745549558 and parameters: {'objective': 'reg:squarederror', 'tree_method': 'gpu_hist', 'lambda': 0.18136285219508885, 'alpha': 0.18623598227082344, 'colsample_bytree': 0.522436234825547, 'subsample': 0.7026853133972102, 'learning_rate': 0.010167403016227346, 'max_depth': 20, 'min_child_weight': 110, 'eval_metric': 'rmse'}. Best is trial 717 with value: 0.6938795554678486.
start listen on 192.168.1.101:46155
@tracker All of 1 nodes getting started
@tracker All nodes finishes job
Trial 918 finished with value: 0.7133497272771404 and parameters: {'objective': 'reg:squarederror', 'tree_method': 'gpu_hist', 'lambda': 0.20085350963519638, 'alpha': 0.24936415604005757, 'colsample_bytree': 0.5000615922471477, 'subsample': 0.6811297665659319, 'learning_rate': 0.06389848040342586, 'max_depth': 20, 'min_child_weight': 120, 'eval_metric': 'rmse'}. Best is trial 717 with value: 0.6938795554678486.
start listen on 192.168.1.101:49215
@tracker All of 1 nodes getting started
@tracker All nodes finishes job
Trial 919 finished with value: 0.6940381549949309 and parameters: {'objective': 'reg:squarederror', 'tree_method': 'gpu_hist', 'lambda': 0.15069572133295606, 'alpha': 0.16966573702847432, 'colsample_bytree': 0.5381317256131022, 'subsample': 0.687506546538218, 'learning_rate': 0.00924199084598798, 'max_depth': 20, 'min_child_weight': 103, 'eval_metric': 'rmse'}. Best is trial 717 with value: 0.6938795554678486.
start listen on 192.168.1.101:48767
@tracker All of 1 nodes getting started
@tracker All nodes finishes job
Trial 920 finished with value: 0.6943512612671072 and parameters: {'objective': 'reg:squarederror', 'tree_method': 'gpu_hist', 'lambda': 0.2476151283614485, 'alpha': 0.1508091453890978, 'colsample_bytree': 0.5174726782220811, 'subsample': 0.704786556800038, 'learning_rate': 0.008823841693340146, 'max_depth': 20, 'min_child_weight': 91, 'eval_metric': 'rmse'}. Best is trial 717 with value: 0.6938795554678486.
start listen on 192.168.1.101:52711
@tracker All of 1 nodes getting started
@tracker All nodes finishes job
Trial 921 finished with value: 0.694177790539669 and parameters: {'objective': 'reg:squarederror', 'tree_method': 'gpu_hist', 'lambda': 0.22492638054608116, 'alpha': 0.011339961053360163, 'colsample_bytree': 0.5388613294073149, 'subsample': 0.6918766739910386, 'learning_rate': 0.00823994863860951, 'max_depth': 20, 'min_child_weight': 111, 'eval_metric': 'rmse'}. Best is trial 717 with value: 0.6938795554678486.
start listen on 192.168.1.101:32897
@tracker All of 1 nodes getting started
@tracker All nodes finishes job
Trial 922 finished with value: 0.6943881433134439 and parameters: {'objective': 'reg:squarederror', 'tree_method': 'gpu_hist', 'lambda': 0.2102243712776513, 'alpha': 0.16907919464339569, 'colsample_bytree': 0.5487942682942092, 'subsample': 0.7110950902738664, 'learning_rate': 0.008952338024359957, 'max_depth': 20, 'min_child_weight': 110, 'eval_metric': 'rmse'}. Best is trial 717 with value: 0.6938795554678486.
start listen on 192.168.1.101:43063
@tracker All of 1 nodes getting started
@tracker All nodes finishes job
