Trial 419 finished with value: 0.694303670076559 and parameters: {'objective': 'reg:squarederror', 'tree_method': 'gpu_hist', 'lambda': 0.014284833073127348, 'alpha': 0.08344638946309701, 'colsample_bytree': 0.4930660932985838, 'subsample': 0.6797063832215842, 'learning_rate': 0.012180047988541397, 'max_depth': 20, 'min_child_weight': 134, 'eval_metric': 'rmse'}. Best is trial 140 with value: 0.693976497093345.
start listen on 192.168.1.101:51403
@tracker All of 1 nodes getting started
@tracker All nodes finishes job
Trial 420 finished with value: 0.6945541635144009 and parameters: {'objective': 'reg:squarederror', 'tree_method': 'gpu_hist', 'lambda': 0.02462594420738438, 'alpha': 0.05290749599978059, 'colsample_bytree': 0.5698770675502549, 'subsample': 0.6535971801391872, 'learning_rate': 0.014895772314103535, 'max_depth': 20, 'min_child_weight': 168, 'eval_metric': 'rmse'}. Best is trial 140 with value: 0.693976497093345.
start listen on 192.168.1.101:55015
@tracker All of 1 nodes getting started
@tracker All nodes finishes job
Trial 421 finished with value: 2.1252374293878282 and parameters: {'objective': 'reg:squarederror', 'tree_method': 'gpu_hist', 'lambda': 0.02981819358266098, 'alpha': 0.07074511316156064, 'colsample_bytree': 0.5230321539957139, 'subsample': 0.6948385519921245, 'learning_rate': 0.0013077612390683733, 'max_depth': 15, 'min_child_weight': 174, 'eval_metric': 'rmse'}. Best is trial 140 with value: 0.693976497093345.
start listen on 192.168.1.101:46133
@tracker All of 1 nodes getting started
@tracker All nodes finishes job
Trial 422 finished with value: 0.7088980014269103 and parameters: {'objective': 'reg:squarederror', 'tree_method': 'gpu_hist', 'lambda': 0.04753950893023188, 'alpha': 5.586470134718834, 'colsample_bytree': 0.5872452572264337, 'subsample': 0.6693038746077186, 'learning_rate': 0.011178219006946164, 'max_depth': 3, 'min_child_weight': 153, 'eval_metric': 'rmse'}. Best is trial 140 with value: 0.693976497093345.
start listen on 192.168.1.101:42123
@tracker All of 1 nodes getting started
@tracker All nodes finishes job
Trial 423 finished with value: 0.6941672356163526 and parameters: {'objective': 'reg:squarederror', 'tree_method': 'gpu_hist', 'lambda': 0.01670922958477689, 'alpha': 0.14884160049904105, 'colsample_bytree': 0.5391253460418827, 'subsample': 0.6400920370573598, 'learning_rate': 0.009501591141927184, 'max_depth': 20, 'min_child_weight': 144, 'eval_metric': 'rmse'}. Best is trial 140 with value: 0.693976497093345.
start listen on 192.168.1.101:36447
@tracker All of 1 nodes getting started
@tracker All nodes finishes job
Trial 424 finished with value: 0.6944059976281418 and parameters: {'objective': 'reg:squarederror', 'tree_method': 'gpu_hist', 'lambda': 0.03921057837970481, 'alpha': 0.04047359801710593, 'colsample_bytree': 0.5571962029446303, 'subsample': 0.7143720521715652, 'learning_rate': 0.013052322886187923, 'max_depth': 20, 'min_child_weight': 128, 'eval_metric': 'rmse'}. Best is trial 140 with value: 0.693976497093345.
start listen on 192.168.1.101:39665
@tracker All of 1 nodes getting started
@tracker All nodes finishes job
Trial 425 finished with value: 0.6943394309752597 and parameters: {'objective': 'reg:squarederror', 'tree_method': 'gpu_hist', 'lambda': 0.021734898362784326, 'alpha': 0.10469470509517387, 'colsample_bytree': 0.5011512654347887, 'subsample': 0.7419264357300193, 'learning_rate': 0.010613903055183978, 'max_depth': 15, 'min_child_weight': 95, 'eval_metric': 'rmse'}. Best is trial 140 with value: 0.693976497093345.
start listen on 192.168.1.101:34279
@tracker All of 1 nodes getting started
@tracker All nodes finishes job
Trial 426 finished with value: 0.6993416269639166 and parameters: {'objective': 'reg:squarederror', 'tree_method': 'gpu_hist', 'lambda': 0.03357677140782744, 'alpha': 0.08758143707942857, 'colsample_bytree': 0.5654540916355051, 'subsample': 0.6828540187292731, 'learning_rate': 0.011906174213961085, 'max_depth': 20, 'min_child_weight': 2, 'eval_metric': 'rmse'}. Best is trial 140 with value: 0.693976497093345.
start listen on 192.168.1.101:46151
@tracker All of 1 nodes getting started
@tracker All nodes finishes job
Trial 427 finished with value: 0.6945146642810488 and parameters: {'objective': 'reg:squarederror', 'tree_method': 'gpu_hist', 'lambda': 0.0271141062474718, 'alpha': 0.029539299312058547, 'colsample_bytree': 0.6117859589670442, 'subsample': 0.6623615346770826, 'learning_rate': 0.007591281267178941, 'max_depth': 20, 'min_child_weight': 159, 'eval_metric': 'rmse'}. Best is trial 140 with value: 0.693976497093345.
start listen on 192.168.1.101:48763
@tracker All of 1 nodes getting started
@tracker All nodes finishes job
Trial 428 finished with value: 0.6942634168464774 and parameters: {'objective': 'reg:squarederror', 'tree_method': 'gpu_hist', 'lambda': 0.01935221494591174, 'alpha': 0.060705758930621204, 'colsample_bytree': 0.5444252477790534, 'subsample': 0.7006617456344807, 'learning_rate': 0.009948145896683674, 'max_depth': 15, 'min_child_weight': 151, 'eval_metric': 'rmse'}. Best is trial 140 with value: 0.693976497093345.
start listen on 192.168.1.101:45731
@tracker All of 1 nodes getting started
@tracker All nodes finishes job
Trial 429 finished with value: 0.6942043817689522 and parameters: {'objective': 'reg:squarederror', 'tree_method': 'gpu_hist', 'lambda': 0.05616101506951396, 'alpha': 0.1169234217055145, 'colsample_bytree': 0.5816140422823854, 'subsample': 0.648353927750792, 'learning_rate': 0.008823941093495762, 'max_depth': 20, 'min_child_weight': 166, 'eval_metric': 'rmse'}. Best is trial 140 with value: 0.693976497093345.
start listen on 192.168.1.101:47219
@tracker All of 1 nodes getting started
@tracker All nodes finishes job
Trial 430 finished with value: 0.6978425363445107 and parameters: {'objective': 'reg:squarederror', 'tree_method': 'gpu_hist', 'lambda': 0.012169396552874587, 'alpha': 0.04799731229439657, 'colsample_bytree': 0.5258551737444378, 'subsample': 0.6216092382012278, 'learning_rate': 0.011542973309579891, 'max_depth': 7, 'min_child_weight': 173, 'eval_metric': 'rmse'}. Best is trial 140 with value: 0.693976497093345.
start listen on 192.168.1.101:58597
@tracker All of 1 nodes getting started
@tracker All nodes finishes job
Trial 431 finished with value: 0.6943617241722327 and parameters: {'objective': 'reg:squarederror', 'tree_method': 'gpu_hist', 'lambda': 0.2322198452498822, 'alpha': 0.2052663253108361, 'colsample_bytree': 0.598000017639319, 'subsample': 0.6713021432201808, 'learning_rate': 0.013504483041909375, 'max_depth': 13, 'min_child_weight': 141, 'eval_metric': 'rmse'}. Best is trial 140 with value: 0.693976497093345.
start listen on 192.168.1.101:58801
@tracker All of 1 nodes getting started
@tracker All nodes finishes job
Trial 432 finished with value: 0.6943772134014141 and parameters: {'objective': 'reg:squarederror', 'tree_method': 'gpu_hist', 'lambda': 0.0920010943432557, 'alpha': 0.16946077734458215, 'colsample_bytree': 0.5118539647347672, 'subsample': 0.6896139234500874, 'learning_rate': 0.01069448809554369, 'max_depth': 20, 'min_child_weight': 110, 'eval_metric': 'rmse'}. Best is trial 140 with value: 0.693976497093345.
start listen on 192.168.1.101:60805
@tracker All of 1 nodes getting started
@tracker All nodes finishes job
Trial 433 finished with value: 0.6942920677810114 and parameters: {'objective': 'reg:squarederror', 'tree_method': 'gpu_hist', 'lambda': 0.023968353189137162, 'alpha': 0.0781908236340317, 'colsample_bytree': 0.48147749751613755, 'subsample': 0.7241622830130429, 'learning_rate': 0.012336429383465615, 'max_depth': 15, 'min_child_weight': 135, 'eval_metric': 'rmse'}. Best is trial 140 with value: 0.693976497093345.
start listen on 192.168.1.101:40241
@tracker All of 1 nodes getting started
@tracker All nodes finishes job
Trial 434 finished with value: 0.6962780948361879 and parameters: {'objective': 'reg:squarederror', 'tree_method': 'gpu_hist', 'lambda': 0.07110051934907156, 'alpha': 0.1274425545346942, 'colsample_bytree': 0.5556764805711244, 'subsample': 0.6567466870510095, 'learning_rate': 0.009486119457308418, 'max_depth': 9, 'min_child_weight': 150, 'eval_metric': 'rmse'}. Best is trial 140 with value: 0.693976497093345.
start listen on 192.168.1.101:42111
@tracker All of 1 nodes getting started
@tracker All nodes finishes job
Trial 435 finished with value: 0.6947884736248824 and parameters: {'objective': 'reg:squarederror', 'tree_method': 'gpu_hist', 'lambda': 0.03072868919643763, 'alpha': 0.09107359583961787, 'colsample_bytree': 0.535450573557132, 'subsample': 0.6782693796267312, 'learning_rate': 0.01577879920333159, 'max_depth': 20, 'min_child_weight': 160, 'eval_metric': 'rmse'}. Best is trial 140 with value: 0.693976497093345.
start listen on 192.168.1.101:53919
@tracker All of 1 nodes getting started
@tracker All nodes finishes job
Trial 436 finished with value: 0.6954604975007009 and parameters: {'objective': 'reg:squarederror', 'tree_method': 'gpu_hist', 'lambda': 0.015063486647319343, 'alpha': 0.06599100102195092, 'colsample_bytree': 0.5757238476232679, 'subsample': 0.637820503205946, 'learning_rate': 0.008217435741215483, 'max_depth': 11, 'min_child_weight': 101, 'eval_metric': 'rmse'}. Best is trial 140 with value: 0.693976497093345.
start listen on 192.168.1.101:55821
@tracker All of 1 nodes getting started
@tracker All nodes finishes job
Trial 437 finished with value: 0.6940302768600032 and parameters: {'objective': 'reg:squarederror', 'tree_method': 'gpu_hist', 'lambda': 0.0427487208943988, 'alpha': 0.02233416126937844, 'colsample_bytree': 0.5484876803308988, 'subsample': 0.7020397819406188, 'learning_rate': 0.010941296104627934, 'max_depth': 20, 'min_child_weight': 166, 'eval_metric': 'rmse'}. Best is trial 140 with value: 0.693976497093345.
start listen on 192.168.1.101:36107
@tracker All of 1 nodes getting started
@tracker All nodes finishes job
Trial 438 finished with value: 0.6943073623620164 and parameters: {'objective': 'reg:squarederror', 'tree_method': 'gpu_hist', 'lambda': 0.03866434808556908, 'alpha': 0.014219024248938955, 'colsample_bytree': 0.40894706083608023, 'subsample': 0.7128055502035457, 'learning_rate': 0.012580050933040635, 'max_depth': 15, 'min_child_weight': 165, 'eval_metric': 'rmse'}. Best is trial 140 with value: 0.693976497093345.
start listen on 192.168.1.101:60789
@tracker All of 1 nodes getting started
@tracker All nodes finishes job
Trial 439 finished with value: 0.6944005675180696 and parameters: {'objective': 'reg:squarederror', 'tree_method': 'gpu_hist', 'lambda': 0.03442925136348511, 'alpha': 0.028634425965327448, 'colsample_bytree': 0.5527399861750414, 'subsample': 0.704405772412148, 'learning_rate': 0.014415832054388882, 'max_depth': 20, 'min_child_weight': 156, 'eval_metric': 'rmse'}. Best is trial 140 with value: 0.693976497093345.
start listen on 192.168.1.101:55975
@tracker All of 1 nodes getting started
@tracker All nodes finishes job
Trial 440 finished with value: 0.6947604636323056 and parameters: {'objective': 'reg:squarederror', 'tree_method': 'gpu_hist', 'lambda': 0.043342221400448265, 'alpha': 0.016669332239398548, 'colsample_bytree': 0.5655631151409265, 'subsample': 0.693560375133994, 'learning_rate': 0.007054471293648822, 'max_depth': 20, 'min_child_weight': 170, 'eval_metric': 'rmse'}. Best is trial 140 with value: 0.693976497093345.
start listen on 192.168.1.101:51121
@tracker All of 1 nodes getting started
@tracker All nodes finishes job
Trial 441 finished with value: 0.6943544020717854 and parameters: {'objective': 'reg:squarederror', 'tree_method': 'gpu_hist', 'lambda': 0.027916594205917165, 'alpha': 0.03088655856824911, 'colsample_bytree': 0.5391703570176025, 'subsample': 0.7198153493918981, 'learning_rate': 0.011467867177799374, 'max_depth': 15, 'min_child_weight': 163, 'eval_metric': 'rmse'}. Best is trial 140 with value: 0.693976497093345.
start listen on 192.168.1.101:56327
@tracker All of 1 nodes getting started
@tracker All nodes finishes job
Trial 442 finished with value: 0.7019581074832667 and parameters: {'objective': 'reg:squarederror', 'tree_method': 'gpu_hist', 'lambda': 0.02093949868612019, 'alpha': 0.02492541012540333, 'colsample_bytree': 0.5485614415588568, 'subsample': 0.6985363232455184, 'learning_rate': 0.011290782662617158, 'max_depth': 5, 'min_child_weight': 146, 'eval_metric': 'rmse'}. Best is trial 140 with value: 0.693976497093345.
start listen on 192.168.1.101:49525
@tracker All of 1 nodes getting started
@tracker All nodes finishes job
Trial 443 finished with value: 0.6947449687300502 and parameters: {'objective': 'reg:squarederror', 'tree_method': 'gpu_hist', 'lambda': 0.033900254202777265, 'alpha': 0.012251763211369079, 'colsample_bytree': 0.5832901335809136, 'subsample': 0.7338639917219107, 'learning_rate': 0.013249732478646088, 'max_depth': 20, 'min_child_weight': 124, 'eval_metric': 'rmse'}. Best is trial 140 with value: 0.693976497093345.
start listen on 192.168.1.101:54461
@tracker All of 1 nodes getting started
@tracker All nodes finishes job
Trial 444 finished with value: 0.6940494115764203 and parameters: {'objective': 'reg:squarederror', 'tree_method': 'gpu_hist', 'lambda': 0.02419363635160211, 'alpha': 0.018634470098553797, 'colsample_bytree': 0.5671295487345105, 'subsample': 0.6856921382513522, 'learning_rate': 0.009994618989522152, 'max_depth': 20, 'min_child_weight': 156, 'eval_metric': 'rmse'}. Best is trial 140 with value: 0.693976497093345.
start listen on 192.168.1.101:44057
@tracker All of 1 nodes getting started
@tracker All nodes finishes job
Trial 445 finished with value: 0.6944724724314792 and parameters: {'objective': 'reg:squarederror', 'tree_method': 'gpu_hist', 'lambda': 0.045125103344202985, 'alpha': 0.01850262426649033, 'colsample_bytree': 0.5690330749815964, 'subsample': 0.6872082493751691, 'learning_rate': 0.008592252889893327, 'max_depth': 20, 'min_child_weight': 61, 'eval_metric': 'rmse'}. Best is trial 140 with value: 0.693976497093345.
start listen on 192.168.1.101:54001
@tracker All of 1 nodes getting started
@tracker All nodes finishes job
Trial 446 finished with value: 0.6942207853950174 and parameters: {'objective': 'reg:squarederror', 'tree_method': 'gpu_hist', 'lambda': 0.026003976997532794, 'alpha': 0.019846087344753724, 'colsample_bytree': 0.6031478839558642, 'subsample': 0.7070253581336651, 'learning_rate': 0.009554416651964309, 'max_depth': 20, 'min_child_weight': 155, 'eval_metric': 'rmse'}. Best is trial 140 with value: 0.693976497093345.
start listen on 192.168.1.101:52411
@tracker All of 1 nodes getting started
@tracker All nodes finishes job
Trial 447 finished with value: 0.6943722189638025 and parameters: {'objective': 'reg:squarederror', 'tree_method': 'gpu_hist', 'lambda': 0.029504053659246365, 'alpha': 0.01969343441757935, 'colsample_bytree': 0.5891972771738163, 'subsample': 0.6864384695795577, 'learning_rate': 0.010218849792116876, 'max_depth': 20, 'min_child_weight': 159, 'eval_metric': 'rmse'}. Best is trial 140 with value: 0.693976497093345.
start listen on 192.168.1.101:37767
@tracker All of 1 nodes getting started
@tracker All nodes finishes job
Trial 448 finished with value: 0.6942782436608411 and parameters: {'objective': 'reg:squarederror', 'tree_method': 'gpu_hist', 'lambda': 0.03705449546425773, 'alpha': 0.017749110121249717, 'colsample_bytree': 0.5628934558525671, 'subsample': 0.6956552432567428, 'learning_rate': 0.009104643810152404, 'max_depth': 20, 'min_child_weight': 168, 'eval_metric': 'rmse'}. Best is trial 140 with value: 0.693976497093345.
start listen on 192.168.1.101:36401
@tracker All of 1 nodes getting started
@tracker All nodes finishes job
Trial 449 finished with value: 0.694252262711857 and parameters: {'objective': 'reg:squarederror', 'tree_method': 'gpu_hist', 'lambda': 0.02439667997736293, 'alpha': 0.015778696477051598, 'colsample_bytree': 0.5760649622201302, 'subsample': 0.6784566401796901, 'learning_rate': 0.010277391342505875, 'max_depth': 20, 'min_child_weight': 175, 'eval_metric': 'rmse'}. Best is trial 140 with value: 0.693976497093345.
start listen on 192.168.1.101:59451
@tracker All of 1 nodes getting started
@tracker All nodes finishes job
Trial 450 finished with value: 0.6943918613511497 and parameters: {'objective': 'reg:squarederror', 'tree_method': 'gpu_hist', 'lambda': 0.0293744988595111, 'alpha': 0.02324922745780753, 'colsample_bytree': 0.6200634753344421, 'subsample': 0.7143570059827343, 'learning_rate': 0.011088567905423372, 'max_depth': 20, 'min_child_weight': 165, 'eval_metric': 'rmse'}. Best is trial 140 with value: 0.693976497093345.
start listen on 192.168.1.101:48217
@tracker All of 1 nodes getting started
@tracker All nodes finishes job
Trial 451 finished with value: 0.6942172372568488 and parameters: {'objective': 'reg:squarederror', 'tree_method': 'gpu_hist', 'lambda': 0.13375282398602484, 'alpha': 0.012992221126266152, 'colsample_bytree': 0.5620244094639937, 'subsample': 0.7048400566090975, 'learning_rate': 0.008893508373613551, 'max_depth': 20, 'min_child_weight': 153, 'eval_metric': 'rmse'}. Best is trial 140 with value: 0.693976497093345.
start listen on 192.168.1.101:33127
@tracker All of 1 nodes getting started
@tracker All nodes finishes job
Trial 452 finished with value: 0.6943351538590073 and parameters: {'objective': 'reg:squarederror', 'tree_method': 'gpu_hist', 'lambda': 2.3811108782153423, 'alpha': 0.02413659891389529, 'colsample_bytree': 0.5504846603350168, 'subsample': 0.6741138035897868, 'learning_rate': 0.009743848920616489, 'max_depth': 20, 'min_child_weight': 161, 'eval_metric': 'rmse'}. Best is trial 140 with value: 0.693976497093345.
start listen on 192.168.1.101:42767
@tracker All of 1 nodes getting started
@tracker All nodes finishes job
Trial 453 finished with value: 0.6946140317326011 and parameters: {'objective': 'reg:squarederror', 'tree_method': 'gpu_hist', 'lambda': 0.022913067904694395, 'alpha': 0.030712447506744702, 'colsample_bytree': 0.589642332281328, 'subsample': 0.6895056471700909, 'learning_rate': 0.011815949718839116, 'max_depth': 20, 'min_child_weight': 117, 'eval_metric': 'rmse'}. Best is trial 140 with value: 0.693976497093345.
start listen on 192.168.1.101:44079
@tracker All of 1 nodes getting started
@tracker All nodes finishes job
Trial 454 finished with value: 0.6941980516913253 and parameters: {'objective': 'reg:squarederror', 'tree_method': 'gpu_hist', 'lambda': 0.03653051063845033, 'alpha': 0.020853590076399094, 'colsample_bytree': 0.5713718474615572, 'subsample': 0.6674863126945766, 'learning_rate': 0.010619252690337899, 'max_depth': 20, 'min_child_weight': 176, 'eval_metric': 'rmse'}. Best is trial 140 with value: 0.693976497093345.
start listen on 192.168.1.101:55863
@tracker All of 1 nodes getting started
@tracker All nodes finishes job
Trial 455 finished with value: 0.6941069339973882 and parameters: {'objective': 'reg:squarederror', 'tree_method': 'gpu_hist', 'lambda': 0.047440115166489306, 'alpha': 0.28287464249818095, 'colsample_bytree': 0.541127038649453, 'subsample': 0.6996066214858473, 'learning_rate': 0.007829724459061842, 'max_depth': 20, 'min_child_weight': 89, 'eval_metric': 'rmse'}. Best is trial 140 with value: 0.693976497093345.
start listen on 192.168.1.101:35661
@tracker All of 1 nodes getting started
@tracker All nodes finishes job
Trial 456 finished with value: 0.6942517849196375 and parameters: {'objective': 'reg:squarederror', 'tree_method': 'gpu_hist', 'lambda': 0.05162887874401474, 'alpha': 0.009304335451789016, 'colsample_bytree': 0.5380275907108413, 'subsample': 0.6823103350680974, 'learning_rate': 0.0072015660283602035, 'max_depth': 20, 'min_child_weight': 78, 'eval_metric': 'rmse'}. Best is trial 140 with value: 0.693976497093345.
start listen on 192.168.1.101:49791
@tracker All of 1 nodes getting started
@tracker All nodes finishes job
Trial 457 finished with value: 0.7110073344857386 and parameters: {'objective': 'reg:squarederror', 'tree_method': 'gpu_hist', 'lambda': 0.040195375102842386, 'alpha': 0.6907888395944041, 'colsample_bytree': 0.5269980453211618, 'subsample': 0.6972922410523903, 'learning_rate': 0.0075321477303094625, 'max_depth': 3, 'min_child_weight': 86, 'eval_metric': 'rmse'}. Best is trial 140 with value: 0.693976497093345.
start listen on 192.168.1.101:43559
@tracker All of 1 nodes getting started
@tracker All nodes finishes job
Trial 458 finished with value: 0.6944191458778334 and parameters: {'objective': 'reg:squarederror', 'tree_method': 'gpu_hist', 'lambda': 0.049324843917437244, 'alpha': 0.34177526945234504, 'colsample_bytree': 0.545707491666283, 'subsample': 0.6711952877824576, 'learning_rate': 0.012131741560200734, 'max_depth': 20, 'min_child_weight': 91, 'eval_metric': 'rmse'}. Best is trial 140 with value: 0.693976497093345.
start listen on 192.168.1.101:34581
@tracker All of 1 nodes getting started
@tracker All nodes finishes job
Trial 459 finished with value: 0.6941646826219172 and parameters: {'objective': 'reg:squarederror', 'tree_method': 'gpu_hist', 'lambda': 0.04577233699213711, 'alpha': 0.24531846835156185, 'colsample_bytree': 0.5538626930124081, 'subsample': 0.6888455691639553, 'learning_rate': 0.008367206192232133, 'max_depth': 20, 'min_child_weight': 83, 'eval_metric': 'rmse'}. Best is trial 140 with value: 0.693976497093345.
start listen on 192.168.1.101:57255
@tracker All of 1 nodes getting started
@tracker All nodes finishes job
Trial 460 finished with value: 0.694250047798189 and parameters: {'objective': 'reg:squarederror', 'tree_method': 'gpu_hist', 'lambda': 0.018615656376161038, 'alpha': 0.46322833982859246, 'colsample_bytree': 0.5340479402529861, 'subsample': 0.7024888090508136, 'learning_rate': 0.007917962923968415, 'max_depth': 20, 'min_child_weight': 91, 'eval_metric': 'rmse'}. Best is trial 140 with value: 0.693976497093345.
start listen on 192.168.1.101:56427
@tracker All of 1 nodes getting started
@tracker All nodes finishes job
