number,value,params_alpha,params_colsample_bytree,params_eval_metric,params_lambda,params_learning_rate,params_max_depth,params_min_child_weight,params_objective,params_subsample,params_tree_method,state
129,0.694597068187591,0.604747237073378,0.4493820040674788,rmse,0.0016546220974428438,0.008080290574875706,17,181,reg:squarederror,0.8402371526541045,gpu_hist,COMPLETE
130,0.6941617231222686,0.3136383344957425,0.4640658353167685,rmse,0.0023264264883674397,0.011916870389556425,17,199,reg:squarederror,0.8702877331405419,gpu_hist,COMPLETE
131,0.6941448133505681,0.29117362734139934,0.46660525057247343,rmse,0.0022141839756165374,0.012397039085234717,17,211,reg:squarederror,0.8781387126958697,gpu_hist,COMPLETE
132,0.6941369816433598,0.30646918445667043,0.4737218404324753,rmse,0.0023835718530607875,0.012535981345830963,17,213,reg:squarederror,0.8690841166393887,gpu_hist,COMPLETE
133,0.6942810563252406,0.287045289339331,0.46456158246902324,rmse,0.002170149606677362,0.01040596106882459,17,213,reg:squarederror,0.8712661643060434,gpu_hist,COMPLETE
134,0.6944272880400826,0.11714393513016727,0.42550984422886307,rmse,0.007810269086072131,0.012302394379250289,17,230,reg:squarederror,0.9085571535389171,gpu_hist,COMPLETE
135,0.6943625431061105,0.1749966996050078,0.47587012874853696,rmse,0.0012714168111587515,0.014436534837618267,17,221,reg:squarederror,0.8973262014585424,gpu_hist,COMPLETE
136,0.6944625486847436,0.20849176643798809,0.4124751781546174,rmse,0.0031497233228019346,0.010663718722291863,17,210,reg:squarederror,0.8478716176085515,gpu_hist,COMPLETE
137,0.6954382616757697,0.31909422392346837,0.4859486473892917,rmse,0.002424633025458131,0.015750025771127576,9,205,reg:squarederror,0.9332189590887802,gpu_hist,COMPLETE
138,0.6978930132784925,0.5126413875802289,0.4658767548159729,rmse,0.0036026543560664297,0.011994828407162284,7,188,reg:squarederror,0.8682876999685418,gpu_hist,COMPLETE
139,0.6942018074085939,0.7059854052164423,0.44097828277226225,rmse,0.0022821444466441672,0.01363598476160962,17,238,reg:squarederror,0.8030232451884733,gpu_hist,COMPLETE
140,0.6944133437122709,0.9097105188294479,0.4326742137258879,rmse,0.0022130419452539973,0.018128996818574033,17,242,reg:squarederror,0.8040362452849728,gpu_hist,COMPLETE
141,0.6941392852206567,0.6822633053558108,0.4457219369317635,rmse,0.0015254570225213444,0.013587805373652622,17,193,reg:squarederror,0.844978594509946,gpu_hist,COMPLETE
142,0.6941517623397925,0.6752968535720205,0.4475767059634549,rmse,0.001300348512467618,0.014603873126091196,17,255,reg:squarederror,0.8178605858548187,gpu_hist,COMPLETE
143,0.6946473459930255,0.6185520168066072,0.4572754923642786,rmse,0.0012729180704024851,0.009435447984098658,17,272,reg:squarederror,0.8551024028500389,gpu_hist,COMPLETE
144,0.6943032679764009,0.3500553430075193,0.4042042245879042,rmse,0.00163032100448121,0.01597288782309185,17,191,reg:squarederror,0.8183792569297363,gpu_hist,COMPLETE
145,0.6942925514394742,0.8183794726191371,0.45160224398728094,rmse,0.0010121871698029665,0.014849766180678702,17,252,reg:squarederror,0.8428540414374899,gpu_hist,COMPLETE
146,0.694265040881647,0.5262744252146944,0.489446080837921,rmse,0.0014288951087609145,0.011943545273244696,17,255,reg:squarederror,0.8783443760347688,gpu_hist,COMPLETE
147,0.7025392499007644,0.387132384987619,0.47344286475638697,rmse,0.0017640069634184989,0.010568841754986333,5,178,reg:squarederror,0.8565278922255639,gpu_hist,COMPLETE
148,0.6945318745865892,0.2847774644048489,0.46382562581075637,rmse,0.0012017127385310843,0.008944550572325169,17,194,reg:squarederror,0.823195096426333,gpu_hist,COMPLETE
149,0.6941063447808811,1.0204169192970431,0.4431632172506239,rmse,0.0028643840495735278,0.01261991276252513,17,184,reg:squarederror,0.9560427608490228,gpu_hist,COMPLETE
150,0.6945178633350744,1.0033245859368096,0.4244751043551078,rmse,0.002821333304563999,0.018564213340684674,17,215,reg:squarederror,0.9716973646957365,gpu_hist,COMPLETE
151,0.6942168586294825,1.7193050395032894,0.44737195529172746,rmse,0.001980571755498138,0.012849844935558723,17,186,reg:squarederror,0.9546005281998586,gpu_hist,COMPLETE
152,0.6942069807205172,0.62432385882748,0.49083204334424024,rmse,0.0014233826783961762,0.011751278796063372,17,197,reg:squarederror,0.926487686237638,gpu_hist,COMPLETE
153,0.694324567239945,0.4324164403979951,0.4801936523668179,rmse,0.0016271168748529696,0.014330773921376931,17,211,reg:squarederror,0.9835641703988142,gpu_hist,COMPLETE
154,0.6942324222473082,1.1439702326819576,0.51614196509853,rmse,0.0023251749590003806,0.010148537902870894,17,169,reg:squarederror,0.8445018606101646,gpu_hist,COMPLETE
155,0.6946028758747851,0.7608132184432994,0.43211098153072103,rmse,0.0029392097930331135,0.016535277689991645,20,184,reg:squarederror,0.8635757645282652,gpu_hist,COMPLETE
156,0.6942560708711037,0.49889830630980436,0.4604893123309492,rmse,0.001203935567175175,0.011240236510122051,17,207,reg:squarederror,0.8888016511429253,gpu_hist,COMPLETE
157,0.694698124244325,0.3121558569030044,0.4459349018128756,rmse,0.0019762285949422266,0.012867898959612671,11,193,reg:squarederror,0.9063058285571709,gpu_hist,COMPLETE
158,0.7069941415202222,0.38675651231368413,0.4983644524070143,rmse,0.0025816057561224444,0.01553619631024981,3,268,reg:squarederror,0.8113840958062724,gpu_hist,COMPLETE
159,0.6942859589175742,0.2458132126041092,0.47486713613432074,rmse,0.0016164863521610391,0.01410796453770795,17,162,reg:squarederror,0.946541874320993,gpu_hist,COMPLETE
160,0.6948516600303256,1.4575247289796638,0.41630013616490835,rmse,0.01175086947608178,0.010010651935846937,17,219,reg:squarederror,0.831964951025135,gpu_hist,COMPLETE
161,0.6941419251973082,0.6765909019769487,0.4383883610168994,rmse,0.004921524780123279,0.013365293682097963,17,228,reg:squarederror,0.7964438810188139,gpu_hist,COMPLETE
162,0.6943671854576272,0.6056574044169016,0.4602831465933583,rmse,0.00468409232844164,0.0119222745868869,17,228,reg:squarederror,0.7846256835585756,gpu_hist,COMPLETE
163,0.6941255831367185,0.8453239820791333,0.3918818302709828,rmse,0.0032326398647009344,0.013549679276644766,17,198,reg:squarederror,0.8128739617773609,gpu_hist,COMPLETE
164,0.6943648918748206,0.4780644961981018,0.38664450171944004,rmse,0.0034141179109290457,0.01398632388482204,17,223,reg:squarederror,0.792325225891946,gpu_hist,COMPLETE
165,0.6942640456747514,0.3367158536184768,0.40030036561623883,rmse,0.005103506429782731,0.011129351769778337,17,198,reg:squarederror,0.8181172045019665,gpu_hist,COMPLETE
166,0.6941502450953391,0.5869084096845095,0.43955628472281105,rmse,0.004000061077256472,0.012881474626467779,17,206,reg:squarederror,0.8438712658190647,gpu_hist,COMPLETE
167,0.6941958579806023,0.8868610854871524,0.438308740416027,rmse,0.004040171297362486,0.016868367618334167,17,258,reg:squarederror,0.7729794922301638,gpu_hist,COMPLETE
168,0.6954531101409905,0.6596012911981279,0.4122083044105754,rmse,0.002532659797805786,0.015147976842201467,9,206,reg:squarederror,0.8470995013530811,gpu_hist,COMPLETE
169,0.6946902321363084,0.5572685572635145,0.42660750311703993,rmse,0.007235427597910395,0.009353526302206577,17,212,reg:squarederror,0.8086964648624982,gpu_hist,COMPLETE
170,0.6977983521870728,1.0244574511230398,0.44706338790993655,rmse,0.001965645523722402,0.012578906484366905,7,219,reg:squarederror,0.838615974515134,gpu_hist,COMPLETE
171,0.6941153610700761,0.41767787168003156,0.4725705685032785,rmse,0.0031417372016369523,0.013347110102275666,17,200,reg:squarederror,0.8743310157132848,gpu_hist,COMPLETE
172,0.6939758125235556,0.4072531288477996,0.4740781404213422,rmse,0.0031094280135164887,0.01376083612591711,17,203,reg:squarederror,0.8668066564304174,gpu_hist,COMPLETE
173,0.6942840368640933,0.5403239343609886,0.47283493316747105,rmse,0.0031017359600821522,0.013901206567790194,17,204,reg:squarederror,0.8726266184744761,gpu_hist,COMPLETE
174,0.6941511416764563,0.27160081116898027,0.46574530678186865,rmse,0.003909494677324808,0.015192186275539024,17,201,reg:squarederror,0.8609381897706794,gpu_hist,COMPLETE
175,0.6947244256540533,0.24384055167009044,0.4280471972884582,rmse,0.00407182183266634,0.01891236684615266,17,208,reg:squarederror,0.863166231650362,gpu_hist,COMPLETE
176,0.6943639476393949,0.19376493450482268,0.4589112578546311,rmse,0.005446184884005234,0.01567253382634427,17,215,reg:squarederror,0.8844717470755965,gpu_hist,COMPLETE
177,0.694404649436961,0.7231735214074168,0.4416554880509865,rmse,0.0037292974149337687,0.017133443810964665,17,201,reg:squarederror,0.8536083845654877,gpu_hist,COMPLETE
178,0.6942887503783326,0.29889641544637174,0.4014594758959821,rmse,0.0031365323243569606,0.014958233568501669,17,223,reg:squarederror,0.8754973498040044,gpu_hist,COMPLETE
179,0.694203422238029,0.442047887372854,0.47407435818808563,rmse,0.004418537311337846,0.011933558185476012,17,188,reg:squarederror,0.8530276270188765,gpu_hist,COMPLETE
180,0.6944451052423999,0.3390443629934281,0.45390421924523766,rmse,0.0035291344315482687,0.014126294816554216,17,205,reg:squarederror,0.8707023882778918,gpu_hist,COMPLETE
181,0.6942361075297689,0.39836286076631855,0.48665464849490736,rmse,0.0026954852462524517,0.013227357718567982,17,197,reg:squarederror,0.8438926326722216,gpu_hist,COMPLETE
182,0.6942407874705595,0.25370204785976713,0.4638258325545088,rmse,0.0023108296544918365,0.012531617941684331,17,200,reg:squarederror,0.8254135950971231,gpu_hist,COMPLETE
183,0.694812434137207,0.4854720768024936,0.8846763751746646,rmse,0.002080298839529596,0.011148923302924756,17,212,reg:squarederror,0.862388689992887,gpu_hist,COMPLETE
184,0.6943216888098301,0.32536194012635866,0.48247783611023226,rmse,0.0029146881283497778,0.01355400661187504,17,190,reg:squarederror,0.8390171717792576,gpu_hist,COMPLETE
185,0.7006081466091123,0.85597191796338,0.4415195933028592,rmse,0.0018186137620650486,0.015541582772026089,5,235,reg:squarederror,0.89513616272313,gpu_hist,COMPLETE
186,0.6942664361807909,0.5779949873162366,0.4694203066070831,rmse,0.0047149374536370895,0.012095254706523166,17,197,reg:squarederror,0.8014210417473177,gpu_hist,COMPLETE
187,0.6945507251722092,0.27888699698762376,0.7420939930315373,rmse,0.003509827107840844,0.01047836657417207,17,207,reg:squarederror,0.8545325629088886,gpu_hist,COMPLETE
188,0.6944216740965571,0.3659275325480852,0.42114417552672495,rmse,0.002417700249865161,0.017267945040229292,17,219,reg:squarederror,0.8226183175965107,gpu_hist,COMPLETE
189,0.6941471285626805,0.4488355357502982,0.49583128335284404,rmse,0.0062892881445652145,0.014614306748572843,17,200,reg:squarederror,0.8790135379610994,gpu_hist,COMPLETE
190,0.6942955941139283,0.7191344476179242,0.45107460798285814,rmse,0.0070893638403922935,0.014649704707081004,20,179,reg:squarederror,0.8831019459444619,gpu_hist,COMPLETE
191,0.6941435210159141,0.4549652382692428,0.48933596447580774,rmse,0.0029086863370773393,0.013131257628374464,17,201,reg:squarederror,0.8665271967518384,gpu_hist,COMPLETE
192,0.6941716674929643,0.4636843169795733,0.5136825357358649,rmse,0.005953295962673433,0.01171170393952448,17,202,reg:squarederror,0.8670523721407094,gpu_hist,COMPLETE
193,0.6941021564955596,0.5649403007690148,0.4837128159779479,rmse,0.004016745919353171,0.01348364861499094,17,212,reg:squarederror,0.8910801968429763,gpu_hist,COMPLETE
194,0.6940757312820718,0.6196185777796305,0.4706335425181953,rmse,0.005040758497951352,0.01614791171277614,17,212,reg:squarederror,0.8939609994934853,gpu_hist,COMPLETE
195,0.6945258237516592,0.5502044465509953,0.4589854262239852,rmse,0.008067027922386326,0.01808772948461112,17,211,reg:squarederror,0.9016310664644255,gpu_hist,COMPLETE
196,0.6948306986155681,0.6432663307875114,0.435212313491611,rmse,0.004468359847968749,0.020009566720687655,17,216,reg:squarederror,0.8927003092391466,gpu_hist,COMPLETE
197,0.7066778304470047,0.9366830798681733,0.5006655194364075,rmse,0.006224424966307891,0.016357719828388653,3,192,reg:squarederror,0.8777286732312567,gpu_hist,COMPLETE
198,0.6942329217899924,0.7890841995457412,0.4734198348371233,rmse,0.005210481939841472,0.014760025675495067,17,205,reg:squarederror,0.882493435605266,gpu_hist,COMPLETE
199,0.6941881336448769,1.222755579148971,0.4531226122588066,rmse,0.003954513535805708,0.016044104732856994,17,187,reg:squarederror,0.913961176818541,gpu_hist,COMPLETE
200,0.6943066317035186,0.5092215646733697,0.48784125261628647,rmse,0.0030493443035934727,0.01341143816816586,17,211,reg:squarederror,0.8667508558347621,gpu_hist,COMPLETE
201,0.6948650344686031,0.6535026702989268,0.47784249287551006,rmse,0.0011757262030691838,0.01231719359121504,11,199,reg:squarederror,0.8581614015357047,gpu_hist,COMPLETE
202,0.6942413034948239,0.4516307177435314,0.464278456264698,rmse,0.0030995551600531924,0.01441205868159831,17,204,reg:squarederror,0.9956642041711113,gpu_hist,COMPLETE
203,0.6941998126979537,0.2955639834547683,0.5009059436015549,rmse,0.0014072644227757657,0.010807807099884943,17,196,reg:squarederror,0.8774180468194946,gpu_hist,COMPLETE
204,0.6946544751879586,0.5735275931558076,0.3496025523976127,rmse,0.0010095635499647643,0.01305839307996596,17,208,reg:squarederror,0.9009369799073954,gpu_hist,COMPLETE
205,0.6942242554280575,0.4173668396812466,0.47847946332278546,rmse,0.0018832340457583204,0.011298393847001919,17,193,reg:squarederror,0.8890434821913248,gpu_hist,COMPLETE
206,0.6944285009619307,0.33728162236683085,0.31887502351192837,rmse,0.004817601022861506,0.014813800985034951,17,214,reg:squarederror,0.8485849848236163,gpu_hist,COMPLETE
207,0.6942774704852376,0.7056064439394513,0.4393084527765007,rmse,0.0026411540118081293,0.012263501289666795,17,200,reg:squarederror,0.8556291217070833,gpu_hist,COMPLETE
208,0.698868675736698,0.2159549077484477,0.46645572966781546,rmse,0.003944330285495166,0.009703767780664863,7,184,reg:squarederror,0.8632863056359388,gpu_hist,COMPLETE
209,0.6943208106019392,0.5013285589889854,0.5153469681934164,rmse,0.0015644706605966179,0.016163030558165283,17,264,reg:squarederror,0.8422690568435361,gpu_hist,COMPLETE
210,0.6956122732110744,0.3674155523774081,0.41384045734432046,rmse,0.002137098237600744,0.01373361547215561,9,190,reg:squarederror,0.8728117641026715,gpu_hist,COMPLETE
211,0.6942109270684451,0.42464771466410994,0.4926372957697847,rmse,0.0035490819861506337,0.01298430005569864,17,224,reg:squarederror,0.8354314559264455,gpu_hist,COMPLETE
212,0.6942784859421697,0.5885018935301846,0.48516477237937616,rmse,0.0029721328982893727,0.014030630587134373,17,300,reg:squarederror,0.819441229587499,gpu_hist,COMPLETE
213,0.6942762136893809,0.26933118549538554,0.44919100017935365,rmse,0.0054597459118738865,0.011698817707833303,17,229,reg:squarederror,0.8889671322629099,gpu_hist,COMPLETE
214,0.6942506450344147,0.378256932351583,0.46530699857589203,rmse,0.003692722694038705,0.015238933049468899,17,218,reg:squarederror,0.8484630456103769,gpu_hist,COMPLETE
215,0.6942897757074218,0.4831343349810538,0.47984001917708996,rmse,0.0025994950707908704,0.013122884741316409,17,207,reg:squarederror,0.8710178929850638,gpu_hist,COMPLETE
216,0.6943584371129738,0.838548497613395,0.5033436609074151,rmse,0.004416596810091774,0.010653247947144916,17,202,reg:squarederror,0.861025807203414,gpu_hist,COMPLETE
217,0.6944392933478778,0.31726212187985137,0.5269192653452387,rmse,0.0032046821299025452,0.0176458751306435,17,280,reg:squarederror,0.8081369781439158,gpu_hist,COMPLETE
218,0.6941315603717924,0.6508337665545407,0.4336311606678812,rmse,0.0017749591903316513,0.012234435694343463,17,213,reg:squarederror,0.8297972187045525,gpu_hist,COMPLETE
219,0.6940983081151885,0.73090788896151,0.432183836205758,rmse,0.0013193552185913004,0.01176617425768296,17,212,reg:squarederror,0.9181672466526017,gpu_hist,COMPLETE
220,0.6943824584313225,0.7129229977334967,0.42849194893358405,rmse,0.0018032441085358817,0.012105844800622358,17,211,reg:squarederror,0.9117202627285458,gpu_hist,COMPLETE
221,0.6943011407576362,1.0751494962605852,0.45444541124109766,rmse,0.0013330284245855024,0.011323174941416762,17,197,reg:squarederror,0.9271905090223962,gpu_hist,COMPLETE
222,0.6943410092933968,0.9164822824678054,0.43635905428070176,rmse,0.0011843717014422836,0.010193374982837294,17,207,reg:squarederror,0.9014623828503061,gpu_hist,COMPLETE
223,0.6943075464467786,0.6383336153805557,0.3963084818332542,rmse,0.0014234321047680832,0.014145044772991888,17,216,reg:squarederror,0.8807573090536871,gpu_hist,COMPLETE
224,0.6943485334758814,0.7669193345396718,0.4223740438233384,rmse,0.0016892077096528038,0.012454310437104429,17,203,reg:squarederror,0.8352860536006943,gpu_hist,COMPLETE
225,0.6942700653666357,0.5492078893712233,0.4434591435074322,rmse,0.002477469248293509,0.011269598649967162,17,193,reg:squarederror,0.9562487581448305,gpu_hist,COMPLETE
226,0.7006775659250973,0.4924555118468955,0.46136517990557013,rmse,0.0021218753060728997,0.015293584039642451,5,210,reg:squarederror,0.8909977594023081,gpu_hist,COMPLETE
227,0.694264615321344,0.6032148511768635,0.4475729743505607,rmse,0.001222662341854904,0.01317793570745811,17,198,reg:squarederror,0.8686900245612056,gpu_hist,COMPLETE
228,0.6945144383345709,0.4268467493704162,0.4114567793498024,rmse,0.0016385890083533282,0.009924308206833671,17,204,reg:squarederror,0.9710086651581697,gpu_hist,COMPLETE
229,0.6940863290788247,0.8481665102485978,0.4676695560391907,rmse,0.0027986478596357853,0.012205534151192791,17,217,reg:squarederror,0.8512061479150101,gpu_hist,COMPLETE
230,0.694220171943769,1.0038455450303547,0.4673672622182198,rmse,0.0027886551408019583,0.0138498461398213,17,222,reg:squarederror,0.8502471014535264,gpu_hist,COMPLETE
231,0.6942439688845583,0.8278786132213495,0.4791970866512685,rmse,0.0020756017275925264,0.0122895083936354,17,215,reg:squarederror,0.827153128018369,gpu_hist,COMPLETE
232,0.6943182090420342,1.3925836610698143,0.4552951388412533,rmse,0.004058664424183012,0.01131880402896856,17,211,reg:squarederror,0.8575414031761077,gpu_hist,COMPLETE
233,0.6942583546172626,0.6996516600889136,0.43022356107987464,rmse,0.0010010099266607527,0.012718270958994813,17,291,reg:squarederror,0.845262371301946,gpu_hist,COMPLETE
234,0.6940441978403877,0.5852977617876081,0.46768566737980644,rmse,0.0022685615966660634,0.014752611701444004,17,200,reg:squarederror,0.8678405927868301,gpu_hist,COMPLETE
235,0.6943365315391182,0.640644464892045,0.44161000429376635,rmse,0.0022251305990158583,0.015463435362124358,17,220,reg:squarederror,0.8771754199714977,gpu_hist,COMPLETE
236,0.6942129034523196,0.8983369124554712,0.46810032337923957,rmse,0.0029759075213347213,0.014401363963581658,20,206,reg:squarederror,0.8645715571475624,gpu_hist,COMPLETE
237,0.6944394249796138,0.5409360138378084,0.455923821787115,rmse,0.002492998462700978,0.0166519122273873,17,200,reg:squarederror,0.8812771382706215,gpu_hist,COMPLETE
238,0.6940846187238376,0.7512855435495478,0.49384082451541933,rmse,0.003355029193371759,0.013671457636583477,17,213,reg:squarederror,0.8932804744367367,gpu_hist,COMPLETE
239,0.6943113693225467,0.8157401580773203,0.49333673811404,rmse,0.0034397952965421197,0.0136856721931761,13,215,reg:squarederror,0.9053328911379753,gpu_hist,COMPLETE
240,0.6943814340608685,0.6674621992311273,0.4849088027570394,rmse,0.0049581427853141085,0.016261242384642983,17,228,reg:squarederror,0.8850437593972872,gpu_hist,COMPLETE
241,0.6943555183869001,0.5459123798529052,0.47146473079744994,rmse,0.0032103764219960445,0.012759691373226576,17,210,reg:squarederror,0.8911769056060923,gpu_hist,COMPLETE
242,0.6942229098576872,1.0503011685271666,0.4475910459407464,rmse,0.0020188023605881575,0.014742391782797628,17,193,reg:squarederror,0.8717131076176012,gpu_hist,COMPLETE
243,0.6940839983116729,0.45901329909957156,0.5042576569343218,rmse,0.0041358972421820074,0.011950695344652101,17,203,reg:squarederror,0.8581319808664339,gpu_hist,COMPLETE
244,0.6939800860540155,0.7567451218118463,0.510292508208598,rmse,0.004417232468907604,0.013851478693535249,17,206,reg:squarederror,0.9213594270934088,gpu_hist,COMPLETE
245,0.6949493979961969,0.7772620851068691,0.5104402603898065,rmse,0.004046208604768715,0.013553401738307543,11,219,reg:squarederror,0.9324727250732815,gpu_hist,COMPLETE
246,0.708671220776722,0.48439818535988166,0.5015024819076153,rmse,0.0051949552619125,0.011869403744597818,3,206,reg:squarederror,0.898018271283375,gpu_hist,COMPLETE
247,0.6942277249239885,0.43463210710861905,0.5177651555496325,rmse,0.004229292363176732,0.013067377090229631,17,214,reg:squarederror,0.9179218541810105,gpu_hist,COMPLETE
248,0.6942172665903641,1.2082052836149397,0.5013009418088435,rmse,0.00632778954545398,0.01462140898738226,17,204,reg:squarederror,0.8594192767297978,gpu_hist,COMPLETE
249,0.6943292534459834,0.5785998553241056,0.5311369540876726,rmse,0.003478402520561068,0.01125348192499203,17,210,reg:squarederror,0.9250654329797697,gpu_hist,COMPLETE
250,0.6940891426301479,0.9042863651087989,0.49036280441707003,rmse,0.002748139570007827,0.01237451975243129,17,197,reg:squarederror,0.8504591197399689,gpu_hist,COMPLETE
251,0.6938977954226339,0.9870468911658457,0.4960491252546589,rmse,0.004450810691613363,0.01243311101656323,17,196,reg:squarederror,0.8506942333325078,gpu_hist,COMPLETE
252,0.6940714325602907,1.1206189416905235,0.4879803972100001,rmse,0.0028825509088549876,0.01213906308307311,17,195,reg:squarederror,0.8488595050767865,gpu_hist,COMPLETE
253,0.6943550728481694,1.2926622413400095,0.4960506698314776,rmse,0.0027440378059150994,0.010574758497666226,17,189,reg:squarederror,0.8498059528349224,gpu_hist,COMPLETE
254,0.6941689086541104,1.04989212482789,0.5209503418987469,rmse,0.002863906080054726,0.012023832516083738,17,194,reg:squarederror,0.9141932419471676,gpu_hist,COMPLETE
255,0.6942295689716654,1.528077190066449,0.5075705520462682,rmse,0.0032554502284616637,0.01142094500595402,17,186,reg:squarederror,0.8758305466214963,gpu_hist,COMPLETE
256,0.694095640591118,1.1711546210333048,0.49168723702985473,rmse,0.004755930521034396,0.01243494829348371,17,197,reg:squarederror,0.8559701080317942,gpu_hist,COMPLETE
