number,value,params_alpha,params_colsample_bytree,params_eval_metric,params_lambda,params_learning_rate,params_max_depth,params_min_child_weight,params_objective,params_subsample,params_tree_method,state
259,0.6942605270958677,5.5227423715340835,0.38969679089680215,rmse,0.03091229147586564,0.015041314270486127,20,129,reg:squarederror,0.9008997928965338,gpu_hist,COMPLETE
260,0.6945760371376399,7.003900557999726,0.41514665660083144,rmse,0.05069495075403974,0.020146126227688792,17,163,reg:squarederror,0.886882141803073,gpu_hist,COMPLETE
261,0.6943646814711811,5.772440992216788,0.3784093549043802,rmse,0.012733009177858516,0.016606220406882154,17,140,reg:squarederror,0.9139021777398733,gpu_hist,COMPLETE
262,0.6949545724270902,0.07591977389393276,0.39817579451387825,rmse,0.03666890388160071,0.01831113422373358,17,156,reg:squarederror,0.9295058560083966,gpu_hist,COMPLETE
263,0.694763210360908,8.617834531862579,0.3878876841527728,rmse,0.025313361817466865,0.011864952689635907,17,169,reg:squarederror,0.8418938356073351,gpu_hist,COMPLETE
264,0.6940611015567498,6.852561149694199,0.43978102598211904,rmse,0.01952460696184244,0.01475425752869639,17,125,reg:squarederror,0.8745233471953705,gpu_hist,COMPLETE
265,0.6939996524465389,4.940506984417352,0.43272698246207225,rmse,0.01870011083149974,0.014506359186369592,17,116,reg:squarederror,0.8752947436511468,gpu_hist,COMPLETE
266,0.6953293555935237,4.8060296454730445,0.4466657517985591,rmse,0.021143031254557146,0.016228360533190968,9,116,reg:squarederror,0.8749905394777564,gpu_hist,COMPLETE
267,0.6940457704703659,5.020025648312506,0.43831722022177394,rmse,0.019601138705088447,0.014423490837298563,17,135,reg:squarederror,0.8894390819467044,gpu_hist,COMPLETE
268,0.6943493977998428,3.249903221798746,0.4368784737410093,rmse,0.018458750336283945,0.0126185162974804,17,123,reg:squarederror,0.8957827951145786,gpu_hist,COMPLETE
269,0.6943733747501295,3.792463636037266,0.4510342640179237,rmse,0.015576268153902376,0.014321652346604792,17,106,reg:squarederror,0.8886000291877559,gpu_hist,COMPLETE
270,0.6941949714432286,4.843241098641759,0.43501748227916714,rmse,0.018069669086067625,0.013141957281125253,17,136,reg:squarederror,0.9027201265530634,gpu_hist,COMPLETE
271,0.6944060840412755,5.499464778087211,0.4244861868613455,rmse,0.02328134705589748,0.014912801068760426,17,133,reg:squarederror,0.8821087745862096,gpu_hist,COMPLETE
272,0.6946286526032686,4.476488980634517,0.8294431936204651,rmse,0.014955706301402708,0.011579075967794632,17,120,reg:squarederror,0.90204950681853,gpu_hist,COMPLETE
273,0.6947383980727053,5.908308714169252,0.4406714635767699,rmse,0.019682906944576802,0.010425301708171276,17,145,reg:squarederror,0.9201822145880687,gpu_hist,COMPLETE
274,0.6949792654400944,3.730505325023121,0.42272699546631876,rmse,0.02811323163722506,0.01395533326672665,11,113,reg:squarederror,0.8820855566999994,gpu_hist,COMPLETE
275,0.6974679318551825,4.9021490544305335,0.44709915234754066,rmse,0.02349058206287628,0.015644777657897346,7,125,reg:squarederror,0.8941153529317549,gpu_hist,COMPLETE
276,0.6942992418345303,6.283911391833591,0.42069744249836344,rmse,0.029356600113524683,0.01840147212210109,17,139,reg:squarederror,0.8642795388069359,gpu_hist,COMPLETE
277,0.6943084396827538,7.13802297714756,0.37619966892827894,rmse,0.021164690235091103,0.012950747547563179,17,131,reg:squarederror,0.907459444999751,gpu_hist,COMPLETE
278,0.6946737329104098,5.410455827691743,0.4138585545662762,rmse,0.03327237573123206,0.020788151954270046,17,149,reg:squarederror,0.8757778467151148,gpu_hist,COMPLETE
279,0.6942773202571998,4.386213171678198,0.43411064013736644,rmse,0.01672763966258141,0.016741295383220386,17,141,reg:squarederror,0.8919394234653752,gpu_hist,COMPLETE
280,0.6946253130302829,6.370260581825411,0.3527552131265112,rmse,0.0251559973172668,0.014670122883351152,17,151,reg:squarederror,0.8592349395904495,gpu_hist,COMPLETE
281,0.6944058755144354,2.9439846108785166,0.4570342655091886,rmse,0.04214208812559109,0.01575221205018442,17,126,reg:squarederror,0.9155488474528947,gpu_hist,COMPLETE
282,0.6944101811844247,5.281639819478185,0.4002592136960004,rmse,0.03452133362074948,0.018290195130144623,17,146,reg:squarederror,0.8735648954191819,gpu_hist,COMPLETE
283,0.7014901956199746,3.9199716353898726,0.3724336848955583,rmse,0.029917946808293957,0.01389880010932504,5,135,reg:squarederror,0.889750281334083,gpu_hist,COMPLETE
284,0.6939650886418381,7.00621059946072,0.3874137921316683,rmse,0.019974330141171587,0.01693244645934755,17,153,reg:squarederror,0.8509928829376991,gpu_hist,COMPLETE
285,0.7056453238970173,0.04020050891755791,0.3889124978917874,rmse,0.019063696683356085,0.019851593511274326,3,154,reg:squarederror,0.8440035845648804,gpu_hist,COMPLETE
286,0.6942077541690496,7.3705935452177,0.4070378644131892,rmse,0.014039005956987947,0.017185888784520587,17,158,reg:squarederror,0.8301873313653864,gpu_hist,COMPLETE
287,0.6943601614042508,0.014431835529706082,0.4389148461804763,rmse,0.02189183259800586,0.015649885747032282,13,102,reg:squarederror,0.8538455726947382,gpu_hist,COMPLETE
288,0.6947935911492868,0.029405916818969008,0.42083460090358166,rmse,0.010773867956386508,0.018982646642566728,17,165,reg:squarederror,0.8591296439602685,gpu_hist,COMPLETE
289,0.6943022018656995,6.884354335521439,0.3903934399723057,rmse,0.01729425888435792,0.016526981077880844,17,119,reg:squarederror,0.8730503949477684,gpu_hist,COMPLETE
290,0.6944647310914448,6.2789377447249,0.4570676900642838,rmse,0.027207935223732736,0.01826263670564352,20,143,reg:squarederror,0.8441145938959304,gpu_hist,COMPLETE
291,0.6942703667287002,7.8606117688710455,0.4045396283075692,rmse,0.023856068635496854,0.015181606938707308,17,96,reg:squarederror,0.866307670523963,gpu_hist,COMPLETE
292,0.6947786465622369,5.913603107868264,0.3444091581748082,rmse,0.020132327596052196,0.021761658504335108,17,154,reg:squarederror,0.90598295005153,gpu_hist,COMPLETE
293,0.6944207916947108,8.577607839764285,0.42601232154338137,rmse,0.034574714110228444,0.01715300755080312,17,132,reg:squarederror,0.934092981286156,gpu_hist,COMPLETE
294,0.6944830019211439,7.075118533344836,0.37918921179451565,rmse,0.026617864298553347,0.012804694873928366,17,162,reg:squarederror,0.8831661661570332,gpu_hist,COMPLETE
295,0.6947302687624131,4.654768701505116,0.9201616430330708,rmse,0.04562346109525347,0.015020581839124093,17,150,reg:squarederror,0.8998800868735992,gpu_hist,COMPLETE
296,0.6951663768297038,5.962270426299748,0.35973315108406756,rmse,0.016235205846134217,0.0195863374411727,9,138,reg:squarederror,0.8670688568875632,gpu_hist,COMPLETE
297,0.6942529941915311,7.495677530417163,0.388331512844064,rmse,0.031015510279385726,0.016236835589751593,17,143,reg:squarederror,0.9252011505639317,gpu_hist,COMPLETE
298,0.6963159224557692,9.919557853799992,0.41100382937819213,rmse,0.14298144298006624,0.010937337142862023,17,158,reg:squarederror,0.4179327040202511,gpu_hist,COMPLETE
299,0.694625684483312,4.2851879795331,0.3965540104576591,rmse,0.036253112990415455,0.014436934543973767,11,20,reg:squarederror,0.7765308493059829,gpu_hist,COMPLETE
