Trial 377 finished with value: 0.6941263750601074 and parameters: {'objective': 'reg:squarederror', 'tree_method': 'gpu_hist', 'lambda': 0.036475478902139834, 'alpha': 0.030971051429859037, 'colsample_bytree': 0.5542126392591119, 'subsample': 0.7024800292150846, 'learning_rate': 0.00897096367258412, 'max_depth': 20, 'min_child_weight': 139, 'eval_metric': 'rmse'}. Best is trial 140 with value: 0.693976497093345.
start listen on 192.168.1.101:49023
@tracker All of 1 nodes getting started
@tracker All nodes finishes job
Trial 378 finished with value: 0.6945079381266884 and parameters: {'objective': 'reg:squarederror', 'tree_method': 'gpu_hist', 'lambda': 0.04752966068247351, 'alpha': 0.024790748218051994, 'colsample_bytree': 0.571158589479168, 'subsample': 0.7033958014007814, 'learning_rate': 0.007416068261922375, 'max_depth': 20, 'min_child_weight': 137, 'eval_metric': 'rmse'}. Best is trial 140 with value: 0.693976497093345.
start listen on 192.168.1.101:41761
@tracker All of 1 nodes getting started
@tracker All nodes finishes job
Trial 379 finished with value: 0.6945529015597834 and parameters: {'objective': 'reg:squarederror', 'tree_method': 'gpu_hist', 'lambda': 0.03679441337119395, 'alpha': 0.03173484996399892, 'colsample_bytree': 0.5567950710809596, 'subsample': 0.7151434019681165, 'learning_rate': 0.009041920583292139, 'max_depth': 20, 'min_child_weight': 174, 'eval_metric': 'rmse'}. Best is trial 140 with value: 0.693976497093345.
start listen on 192.168.1.101:36637
@tracker All of 1 nodes getting started
@tracker All nodes finishes job
Trial 380 finished with value: 0.6984952811692718 and parameters: {'objective': 'reg:squarederror', 'tree_method': 'gpu_hist', 'lambda': 0.0582097813940539, 'alpha': 0.019873896095446323, 'colsample_bytree': 0.5867608212537061, 'subsample': 0.6975758428286969, 'learning_rate': 0.027151629549763127, 'max_depth': 20, 'min_child_weight': 161, 'eval_metric': 'rmse'}. Best is trial 140 with value: 0.693976497093345.
start listen on 192.168.1.101:45537
@tracker All of 1 nodes getting started
@tracker All nodes finishes job
Trial 381 finished with value: 0.6944077473824888 and parameters: {'objective': 'reg:squarederror', 'tree_method': 'gpu_hist', 'lambda': 0.03769712655425526, 'alpha': 0.043968481870041876, 'colsample_bytree': 0.5490240791177381, 'subsample': 0.731409505189054, 'learning_rate': 0.008604046298673717, 'max_depth': 20, 'min_child_weight': 194, 'eval_metric': 'rmse'}. Best is trial 140 with value: 0.693976497093345.
start listen on 192.168.1.101:34363
@tracker All of 1 nodes getting started
@tracker All nodes finishes job
Trial 382 finished with value: 0.6941561902983057 and parameters: {'objective': 'reg:squarederror', 'tree_method': 'gpu_hist', 'lambda': 0.04844232923923879, 'alpha': 0.03291306780863865, 'colsample_bytree': 0.5707714416101903, 'subsample': 0.7079100046234662, 'learning_rate': 0.009841808847220402, 'max_depth': 20, 'min_child_weight': 184, 'eval_metric': 'rmse'}. Best is trial 140 with value: 0.693976497093345.
start listen on 192.168.1.101:54393
@tracker All of 1 nodes getting started
@tracker All nodes finishes job
Trial 383 finished with value: 0.6943830902357762 and parameters: {'objective': 'reg:squarederror', 'tree_method': 'gpu_hist', 'lambda': 0.021824583438532975, 'alpha': 0.035177825842043306, 'colsample_bytree': 0.6062251765360767, 'subsample': 0.6782156206184486, 'learning_rate': 0.00808883197821332, 'max_depth': 20, 'min_child_weight': 132, 'eval_metric': 'rmse'}. Best is trial 140 with value: 0.693976497093345.
start listen on 192.168.1.101:59343
@tracker All of 1 nodes getting started
@tracker All nodes finishes job
Trial 384 finished with value: 0.7022891589250158 and parameters: {'objective': 'reg:squarederror', 'tree_method': 'gpu_hist', 'lambda': 0.08470177255067339, 'alpha': 0.024418402365722205, 'colsample_bytree': 0.5563195606549421, 'subsample': 0.6956440992441525, 'learning_rate': 0.010605961823269599, 'max_depth': 5, 'min_child_weight': 141, 'eval_metric': 'rmse'}. Best is trial 140 with value: 0.693976497093345.
start listen on 192.168.1.101:52629
@tracker All of 1 nodes getting started
@tracker All nodes finishes job
Trial 385 finished with value: 0.694278237213229 and parameters: {'objective': 'reg:squarederror', 'tree_method': 'gpu_hist', 'lambda': 0.03476195850256693, 'alpha': 0.0582655949696685, 'colsample_bytree': 0.581339782613503, 'subsample': 0.685135284379897, 'learning_rate': 0.009372593561378107, 'max_depth': 20, 'min_child_weight': 171, 'eval_metric': 'rmse'}. Best is trial 140 with value: 0.693976497093345.
start listen on 192.168.1.101:60923
@tracker All of 1 nodes getting started
@tracker All nodes finishes job
Trial 386 finished with value: 0.6948539040712514 and parameters: {'objective': 'reg:squarederror', 'tree_method': 'gpu_hist', 'lambda': 0.02527083209630637, 'alpha': 0.015031357855874148, 'colsample_bytree': 0.5970208164741925, 'subsample': 0.7174225561619652, 'learning_rate': 0.006601387858545292, 'max_depth': 20, 'min_child_weight': 154, 'eval_metric': 'rmse'}. Best is trial 140 with value: 0.693976497093345.
start listen on 192.168.1.101:34225
@tracker All of 1 nodes getting started
@tracker All nodes finishes job
Trial 387 finished with value: 0.694906948928065 and parameters: {'objective': 'reg:squarederror', 'tree_method': 'gpu_hist', 'lambda': 0.027838723881845363, 'alpha': 0.044719995327686134, 'colsample_bytree': 0.629448659111686, 'subsample': 0.6599275140069593, 'learning_rate': 0.011188310243959401, 'max_depth': 20, 'min_child_weight': 72, 'eval_metric': 'rmse'}. Best is trial 140 with value: 0.693976497093345.
start listen on 192.168.1.101:41337
@tracker All of 1 nodes getting started
@tracker All nodes finishes job
Trial 388 finished with value: 0.6942873559895272 and parameters: {'objective': 'reg:squarederror', 'tree_method': 'gpu_hist', 'lambda': 0.02006181326028996, 'alpha': 0.028456513281468927, 'colsample_bytree': 0.543032580929571, 'subsample': 0.6898013730108472, 'learning_rate': 0.00998769862454432, 'max_depth': 20, 'min_child_weight': 178, 'eval_metric': 'rmse'}. Best is trial 140 with value: 0.693976497093345.
start listen on 192.168.1.101:40697
@tracker All of 1 nodes getting started
@tracker All nodes finishes job
Trial 389 finished with value: 0.695159581072294 and parameters: {'objective': 'reg:squarederror', 'tree_method': 'gpu_hist', 'lambda': 0.04238985290876077, 'alpha': 0.06933826982247124, 'colsample_bytree': 0.8641226688079706, 'subsample': 0.6733187204437041, 'learning_rate': 0.011391906463882676, 'max_depth': 20, 'min_child_weight': 162, 'eval_metric': 'rmse'}. Best is trial 140 with value: 0.693976497093345.
start listen on 192.168.1.101:32851
@tracker All of 1 nodes getting started
@tracker All nodes finishes job
Trial 390 finished with value: 0.694163780103443 and parameters: {'objective': 'reg:squarederror', 'tree_method': 'gpu_hist', 'lambda': 0.03377861022780019, 'alpha': 0.0045454187337574635, 'colsample_bytree': 0.564366400235559, 'subsample': 0.7029515043826818, 'learning_rate': 0.008957961700266361, 'max_depth': 20, 'min_child_weight': 142, 'eval_metric': 'rmse'}. Best is trial 140 with value: 0.693976497093345.
start listen on 192.168.1.101:38691
@tracker All of 1 nodes getting started
@tracker All nodes finishes job
Trial 391 finished with value: 0.694197426534043 and parameters: {'objective': 'reg:squarederror', 'tree_method': 'gpu_hist', 'lambda': 0.0680837272662555, 'alpha': 0.09742501848633463, 'colsample_bytree': 0.4454152101279574, 'subsample': 0.6638191062139986, 'learning_rate': 0.01062912164819028, 'max_depth': 20, 'min_child_weight': 167, 'eval_metric': 'rmse'}. Best is trial 140 with value: 0.693976497093345.
start listen on 192.168.1.101:34975
@tracker All of 1 nodes getting started
@tracker All nodes finishes job
Trial 392 finished with value: 0.7082834316804748 and parameters: {'objective': 'reg:squarederror', 'tree_method': 'gpu_hist', 'lambda': 0.025177109437372103, 'alpha': 0.1434153766676067, 'colsample_bytree': 0.5452695058316667, 'subsample': 0.6842538473292445, 'learning_rate': 0.012170635240511101, 'max_depth': 3, 'min_child_weight': 149, 'eval_metric': 'rmse'}. Best is trial 140 with value: 0.693976497093345.
start listen on 192.168.1.101:44295
@tracker All of 1 nodes getting started
@tracker All nodes finishes job
Trial 393 finished with value: 0.69474622080515 and parameters: {'objective': 'reg:squarederror', 'tree_method': 'gpu_hist', 'lambda': 7.234022005744401, 'alpha': 0.08063728231615964, 'colsample_bytree': 0.5770590113653734, 'subsample': 0.7108342777587164, 'learning_rate': 0.00917161396171147, 'max_depth': 20, 'min_child_weight': 159, 'eval_metric': 'rmse'}. Best is trial 140 with value: 0.693976497093345.
start listen on 192.168.1.101:54665
@tracker All of 1 nodes getting started
@tracker All nodes finishes job
Trial 394 finished with value: 0.6941904639032689 and parameters: {'objective': 'reg:squarederror', 'tree_method': 'gpu_hist', 'lambda': 0.02177919412458721, 'alpha': 0.050927213390050345, 'colsample_bytree': 0.5332792361310731, 'subsample': 0.656899578901925, 'learning_rate': 0.009957389769259256, 'max_depth': 20, 'min_child_weight': 136, 'eval_metric': 'rmse'}. Best is trial 140 with value: 0.693976497093345.
start listen on 192.168.1.101:37949
@tracker All of 1 nodes getting started
@tracker All nodes finishes job
Trial 395 finished with value: 0.6942776771836303 and parameters: {'objective': 'reg:squarederror', 'tree_method': 'gpu_hist', 'lambda': 0.03083188685145813, 'alpha': 0.12243271739282083, 'colsample_bytree': 0.5650578479972309, 'subsample': 0.6901156203423606, 'learning_rate': 0.011188502846645201, 'max_depth': 15, 'min_child_weight': 181, 'eval_metric': 'rmse'}. Best is trial 140 with value: 0.693976497093345.
start listen on 192.168.1.101:40073
@tracker All of 1 nodes getting started
@tracker All nodes finishes job
Trial 396 finished with value: 0.6945189792027393 and parameters: {'objective': 'reg:squarederror', 'tree_method': 'gpu_hist', 'lambda': 0.01754651118198873, 'alpha': 0.06694256765045287, 'colsample_bytree': 0.555816202263574, 'subsample': 0.674103984434695, 'learning_rate': 0.008093503492260668, 'max_depth': 20, 'min_child_weight': 170, 'eval_metric': 'rmse'}. Best is trial 140 with value: 0.693976497093345.
start listen on 192.168.1.101:42923
@tracker All of 1 nodes getting started
@tracker All nodes finishes job
Trial 397 finished with value: 0.694577340672975 and parameters: {'objective': 'reg:squarederror', 'tree_method': 'gpu_hist', 'lambda': 0.05219714003829313, 'alpha': 0.09777972866971052, 'colsample_bytree': 0.61591283085722, 'subsample': 0.7292791220404725, 'learning_rate': 0.01241734689774935, 'max_depth': 20, 'min_child_weight': 188, 'eval_metric': 'rmse'}. Best is trial 140 with value: 0.693976497093345.
start listen on 192.168.1.101:60475
@tracker All of 1 nodes getting started
@tracker All nodes finishes job
Trial 398 finished with value: 0.6943102730793439 and parameters: {'objective': 'reg:squarederror', 'tree_method': 'gpu_hist', 'lambda': 0.0399452707356515, 'alpha': 0.042278311927794035, 'colsample_bytree': 0.5932273843443777, 'subsample': 0.6545198252555193, 'learning_rate': 0.0138986288433218, 'max_depth': 13, 'min_child_weight': 153, 'eval_metric': 'rmse'}. Best is trial 140 with value: 0.693976497093345.
start listen on 192.168.1.101:56113
@tracker All of 1 nodes getting started
@tracker All nodes finishes job
Trial 399 finished with value: 0.7203217707351421 and parameters: {'objective': 'reg:squarederror', 'tree_method': 'gpu_hist', 'lambda': 0.025958892781864567, 'alpha': 0.0732149959093026, 'colsample_bytree': 0.532272592796052, 'subsample': 0.6987087484806227, 'learning_rate': 0.0036990219383147057, 'max_depth': 15, 'min_child_weight': 27, 'eval_metric': 'rmse'}. Best is trial 140 with value: 0.693976497093345.
start listen on 192.168.1.101:43393
@tracker All of 1 nodes getting started
@tracker All nodes finishes job
Trial 400 finished with value: 0.6940545811276665 and parameters: {'objective': 'reg:squarederror', 'tree_method': 'gpu_hist', 'lambda': 0.019905910204698854, 'alpha': 0.1699495932806888, 'colsample_bytree': 0.5454981901811643, 'subsample': 0.6710253613888897, 'learning_rate': 0.01059823366048027, 'max_depth': 20, 'min_child_weight': 145, 'eval_metric': 'rmse'}. Best is trial 140 with value: 0.693976497093345.
start listen on 192.168.1.101:37933
@tracker All of 1 nodes getting started
@tracker All nodes finishes job
Trial 401 finished with value: 0.6942254826611829 and parameters: {'objective': 'reg:squarederror', 'tree_method': 'gpu_hist', 'lambda': 0.01749347155747891, 'alpha': 0.16999276659104778, 'colsample_bytree': 0.5771915767179213, 'subsample': 0.6343149564665962, 'learning_rate': 0.011672916217251429, 'max_depth': 20, 'min_child_weight': 143, 'eval_metric': 'rmse'}. Best is trial 140 with value: 0.693976497093345.
start listen on 192.168.1.101:52637
@tracker All of 1 nodes getting started
@tracker All nodes finishes job
Trial 402 finished with value: 0.6949019691879224 and parameters: {'objective': 'reg:squarederror', 'tree_method': 'gpu_hist', 'lambda': 0.02092022720789805, 'alpha': 0.11467820865056227, 'colsample_bytree': 0.555598140887389, 'subsample': 0.648003428489513, 'learning_rate': 0.018553221758185672, 'max_depth': 9, 'min_child_weight': 148, 'eval_metric': 'rmse'}. Best is trial 140 with value: 0.693976497093345.
start listen on 192.168.1.101:46555
@tracker All of 1 nodes getting started
@tracker All nodes finishes job
Trial 403 finished with value: 0.6980169695644257 and parameters: {'objective': 'reg:squarederror', 'tree_method': 'gpu_hist', 'lambda': 0.014752964343096194, 'alpha': 0.17855920181380236, 'colsample_bytree': 0.5231780536005164, 'subsample': 0.6694066463758997, 'learning_rate': 0.010876826565137276, 'max_depth': 7, 'min_child_weight': 133, 'eval_metric': 'rmse'}. Best is trial 140 with value: 0.693976497093345.
start listen on 192.168.1.101:49747
@tracker All of 1 nodes getting started
@tracker All nodes finishes job
Trial 404 finished with value: 0.6942675636509226 and parameters: {'objective': 'reg:squarederror', 'tree_method': 'gpu_hist', 'lambda': 0.0910004535076431, 'alpha': 0.2022127613294415, 'colsample_bytree': 0.5724323279716804, 'subsample': 0.6656082238759324, 'learning_rate': 0.012449134073451528, 'max_depth': 15, 'min_child_weight': 139, 'eval_metric': 'rmse'}. Best is trial 140 with value: 0.693976497093345.
start listen on 192.168.1.101:41939
@tracker All of 1 nodes getting started
@tracker All nodes finishes job
Trial 405 finished with value: 0.6950856201786109 and parameters: {'objective': 'reg:squarederror', 'tree_method': 'gpu_hist', 'lambda': 0.3246795233175276, 'alpha': 0.14619684342294959, 'colsample_bytree': 0.5441686772864691, 'subsample': 0.647839383919483, 'learning_rate': 0.01041223238190585, 'max_depth': 11, 'min_child_weight': 157, 'eval_metric': 'rmse'}. Best is trial 140 with value: 0.693976497093345.
start listen on 192.168.1.101:54411
@tracker All of 1 nodes getting started
@tracker All nodes finishes job
Trial 406 finished with value: 0.6946676126376076 and parameters: {'objective': 'reg:squarederror', 'tree_method': 'gpu_hist', 'lambda': 0.019354627613917236, 'alpha': 0.22027931353649505, 'colsample_bytree': 0.5911430225759008, 'subsample': 0.6715223689218625, 'learning_rate': 0.014590519651881712, 'max_depth': 20, 'min_child_weight': 143, 'eval_metric': 'rmse'}. Best is trial 140 with value: 0.693976497093345.
start listen on 192.168.1.101:57935
@tracker All of 1 nodes getting started
@tracker All nodes finishes job
Trial 407 finished with value: 0.694505307307252 and parameters: {'objective': 'reg:squarederror', 'tree_method': 'gpu_hist', 'lambda': 0.022942002363479503, 'alpha': 0.13472256196043197, 'colsample_bytree': 0.558691976778883, 'subsample': 0.6116291191829103, 'learning_rate': 0.01283645052793489, 'max_depth': 20, 'min_child_weight': 150, 'eval_metric': 'rmse'}. Best is trial 140 with value: 0.693976497093345.
start listen on 192.168.1.101:57677
@tracker All of 1 nodes getting started
@tracker All nodes finishes job
Trial 408 finished with value: 0.6944494782682505 and parameters: {'objective': 'reg:squarederror', 'tree_method': 'gpu_hist', 'lambda': 0.11278793270682573, 'alpha': 0.058411570525647265, 'colsample_bytree': 0.5052293719925267, 'subsample': 0.7196149586562689, 'learning_rate': 0.011485293617110374, 'max_depth': 15, 'min_child_weight': 129, 'eval_metric': 'rmse'}. Best is trial 140 with value: 0.693976497093345.
start listen on 192.168.1.101:59859
@tracker All of 1 nodes getting started
@tracker All nodes finishes job
Trial 409 finished with value: 0.6942508999955119 and parameters: {'objective': 'reg:squarederror', 'tree_method': 'gpu_hist', 'lambda': 1.8395567874351773, 'alpha': 0.0010772461442577468, 'colsample_bytree': 0.5293303205264814, 'subsample': 0.6844974722325684, 'learning_rate': 0.010036025611654115, 'max_depth': 20, 'min_child_weight': 162, 'eval_metric': 'rmse'}. Best is trial 140 with value: 0.693976497093345.
start listen on 192.168.1.101:40685
@tracker All of 1 nodes getting started
@tracker All nodes finishes job
Trial 410 finished with value: 0.694345386647826 and parameters: {'objective': 'reg:squarederror', 'tree_method': 'gpu_hist', 'lambda': 0.016726201574141782, 'alpha': 0.2734213326819965, 'colsample_bytree': 0.5715376931957691, 'subsample': 0.6584606997875891, 'learning_rate': 0.010945157356289746, 'max_depth': 20, 'min_child_weight': 154, 'eval_metric': 'rmse'}. Best is trial 140 with value: 0.693976497093345.
start listen on 192.168.1.101:49035
@tracker All of 1 nodes getting started
@tracker All nodes finishes job
Trial 411 finished with value: 0.6944693083019998 and parameters: {'objective': 'reg:squarederror', 'tree_method': 'gpu_hist', 'lambda': 0.026685772120752675, 'alpha': 0.03620977263992594, 'colsample_bytree': 0.6020800668680407, 'subsample': 0.7032867544972847, 'learning_rate': 0.013207247055471391, 'max_depth': 15, 'min_child_weight': 138, 'eval_metric': 'rmse'}. Best is trial 140 with value: 0.693976497093345.
start listen on 192.168.1.101:48653
@tracker All of 1 nodes getting started
@tracker All nodes finishes job
Trial 412 finished with value: 0.6942684024204416 and parameters: {'objective': 'reg:squarederror', 'tree_method': 'gpu_hist', 'lambda': 0.07472341358714929, 'alpha': 0.15642692967252556, 'colsample_bytree': 0.5467354845394388, 'subsample': 0.6338351008551177, 'learning_rate': 0.00922265988406719, 'max_depth': 20, 'min_child_weight': 146, 'eval_metric': 'rmse'}. Best is trial 140 with value: 0.693976497093345.
start listen on 192.168.1.101:51043
@tracker All of 1 nodes getting started
@tracker All nodes finishes job
Trial 413 finished with value: 0.6996936709705861 and parameters: {'objective': 'reg:squarederror', 'tree_method': 'gpu_hist', 'lambda': 0.010479944841784883, 'alpha': 0.12044195414373456, 'colsample_bytree': 0.5832218682452254, 'subsample': 0.6753848497293103, 'learning_rate': 0.016935547414192932, 'max_depth': 5, 'min_child_weight': 166, 'eval_metric': 'rmse'}. Best is trial 140 with value: 0.693976497093345.
start listen on 192.168.1.101:44727
@tracker All of 1 nodes getting started
@tracker All nodes finishes job
Trial 414 finished with value: 0.6946033583807562 and parameters: {'objective': 'reg:squarederror', 'tree_method': 'gpu_hist', 'lambda': 0.022354953144330197, 'alpha': 0.0805114134834782, 'colsample_bytree': 0.5615554965543558, 'subsample': 0.6434715240726531, 'learning_rate': 0.011816968065780904, 'max_depth': 20, 'min_child_weight': 85, 'eval_metric': 'rmse'}. Best is trial 140 with value: 0.693976497093345.
start listen on 192.168.1.101:41925
@tracker All of 1 nodes getting started
@tracker All nodes finishes job
Trial 415 finished with value: 0.69421614542914 and parameters: {'objective': 'reg:squarederror', 'tree_method': 'gpu_hist', 'lambda': 0.029430809779030787, 'alpha': 0.04802295521986573, 'colsample_bytree': 0.5164432676065208, 'subsample': 0.6911195990917104, 'learning_rate': 0.010566185309488317, 'max_depth': 15, 'min_child_weight': 156, 'eval_metric': 'rmse'}. Best is trial 140 with value: 0.693976497093345.
start listen on 192.168.1.101:54235
@tracker All of 1 nodes getting started
@tracker All nodes finishes job
Trial 416 finished with value: 0.6944085425795017 and parameters: {'objective': 'reg:squarederror', 'tree_method': 'gpu_hist', 'lambda': 0.061321916639826314, 'alpha': 0.06301262492080391, 'colsample_bytree': 0.5338913759117585, 'subsample': 0.6601038044815982, 'learning_rate': 0.013636863959590826, 'max_depth': 20, 'min_child_weight': 147, 'eval_metric': 'rmse'}. Best is trial 140 with value: 0.693976497093345.
start listen on 192.168.1.101:54383
@tracker All of 1 nodes getting started
@tracker All nodes finishes job
Trial 417 finished with value: 0.694179500757672 and parameters: {'objective': 'reg:squarederror', 'tree_method': 'gpu_hist', 'lambda': 0.17005476050106297, 'alpha': 0.09812895119601196, 'colsample_bytree': 0.4721437939330395, 'subsample': 0.6265918752908609, 'learning_rate': 0.009882487757623066, 'max_depth': 20, 'min_child_weight': 139, 'eval_metric': 'rmse'}. Best is trial 140 with value: 0.693976497093345.
start listen on 192.168.1.101:53757
@tracker All of 1 nodes getting started
@tracker All nodes finishes job
Trial 418 finished with value: 0.6945717293035899 and parameters: {'objective': 'reg:squarederror', 'tree_method': 'gpu_hist', 'lambda': 0.019197660285642713, 'alpha': 0.12272177724689066, 'colsample_bytree': 0.5497060083577585, 'subsample': 0.7076051655234523, 'learning_rate': 0.008557809083864807, 'max_depth': 15, 'min_child_weight': 161, 'eval_metric': 'rmse'}. Best is trial 140 with value: 0.693976497093345.
start listen on 192.168.1.101:57539
@tracker All of 1 nodes getting started
@tracker All nodes finishes job
