Trial 83 finished with value: 0.6943097071411989 and parameters: {'objective': 'reg:squarederror', 'tree_method': 'gpu_hist', 'lambda': 0.005456500710058452, 'alpha': 0.7514394302125776, 'colsample_bytree': 0.5053371069751096, 'subsample': 0.7674259435966607, 'learning_rate': 0.009099948631765619, 'max_depth': 17, 'min_child_weight': 149, 'eval_metric': 'rmse'}. Best is trial 33 with value: 0.6942090509536232.
start listen on 192.168.1.101:56479
@tracker All of 1 nodes getting started
@tracker All nodes finishes job
Trial 84 finished with value: 0.6943103702171193 and parameters: {'objective': 'reg:squarederror', 'tree_method': 'gpu_hist', 'lambda': 0.008026903758570653, 'alpha': 0.330653960487377, 'colsample_bytree': 0.46684140239262356, 'subsample': 0.8005900431358288, 'learning_rate': 0.01014110597018399, 'max_depth': 17, 'min_child_weight': 173, 'eval_metric': 'rmse'}. Best is trial 33 with value: 0.6942090509536232.
start listen on 192.168.1.101:55773
@tracker All of 1 nodes getting started
@tracker All nodes finishes job
Trial 85 finished with value: 0.6944547115852538 and parameters: {'objective': 'reg:squarederror', 'tree_method': 'gpu_hist', 'lambda': 0.0016427990657702516, 'alpha': 0.23111111689692104, 'colsample_bytree': 0.585036002025231, 'subsample': 0.769755206281395, 'learning_rate': 0.007733630896792089, 'max_depth': 17, 'min_child_weight': 138, 'eval_metric': 'rmse'}. Best is trial 33 with value: 0.6942090509536232.
start listen on 192.168.1.101:42467
@tracker All of 1 nodes getting started
@tracker All nodes finishes job
Trial 86 finished with value: 0.6945897629523031 and parameters: {'objective': 'reg:squarederror', 'tree_method': 'gpu_hist', 'lambda': 0.002513400804435247, 'alpha': 0.5653212247260596, 'colsample_bytree': 0.6174982093040706, 'subsample': 0.7181591024162711, 'learning_rate': 0.01344792781971176, 'max_depth': 17, 'min_child_weight': 129, 'eval_metric': 'rmse'}. Best is trial 33 with value: 0.6942090509536232.
start listen on 192.168.1.101:42535
@tracker All of 1 nodes getting started
@tracker All nodes finishes job
Trial 87 finished with value: 0.6957986013683639 and parameters: {'objective': 'reg:squarederror', 'tree_method': 'gpu_hist', 'lambda': 1.244832381842235, 'alpha': 0.41648718377692556, 'colsample_bytree': 0.6423870330093044, 'subsample': 0.7991600230454645, 'learning_rate': 0.006047448187216459, 'max_depth': 17, 'min_child_weight': 108, 'eval_metric': 'rmse'}. Best is trial 33 with value: 0.6942090509536232.
start listen on 192.168.1.101:36941
@tracker All of 1 nodes getting started
@tracker All nodes finishes job
Trial 88 finished with value: 0.6962656332325098 and parameters: {'objective': 'reg:squarederror', 'tree_method': 'gpu_hist', 'lambda': 0.023087981167359342, 'alpha': 0.3097023158566063, 'colsample_bytree': 0.5401559782782868, 'subsample': 0.749641385935644, 'learning_rate': 0.00551188886043261, 'max_depth': 17, 'min_child_weight': 161, 'eval_metric': 'rmse'}. Best is trial 33 with value: 0.6942090509536232.
start listen on 192.168.1.101:45997
@tracker All of 1 nodes getting started
@tracker All nodes finishes job
Trial 89 finished with value: 0.7114314471269534 and parameters: {'objective': 'reg:squarederror', 'tree_method': 'gpu_hist', 'lambda': 0.010423010469931408, 'alpha': 0.17095784419588667, 'colsample_bytree': 0.4887622163368615, 'subsample': 0.6922826156329132, 'learning_rate': 0.007084049821655073, 'max_depth': 3, 'min_child_weight': 151, 'eval_metric': 'rmse'}. Best is trial 33 with value: 0.6942090509536232.
start listen on 192.168.1.101:55397
@tracker All of 1 nodes getting started
@tracker All nodes finishes job
Trial 90 finished with value: 0.6943214359896015 and parameters: {'objective': 'reg:squarederror', 'tree_method': 'gpu_hist', 'lambda': 0.0037036654150401265, 'alpha': 0.7345096394347312, 'colsample_bytree': 0.4750677647930867, 'subsample': 0.7354976355100132, 'learning_rate': 0.011284384506089037, 'max_depth': 17, 'min_child_weight': 125, 'eval_metric': 'rmse'}. Best is trial 33 with value: 0.6942090509536232.
start listen on 192.168.1.101:59863
@tracker All of 1 nodes getting started
@tracker All nodes finishes job
Trial 91 finished with value: 0.69427060006883 and parameters: {'objective': 'reg:squarederror', 'tree_method': 'gpu_hist', 'lambda': 0.005679354346465588, 'alpha': 0.7554476155233042, 'colsample_bytree': 0.5105032738061752, 'subsample': 0.7724276260628794, 'learning_rate': 0.009144528109645094, 'max_depth': 17, 'min_child_weight': 141, 'eval_metric': 'rmse'}. Best is trial 33 with value: 0.6942090509536232.
start listen on 192.168.1.101:36133
@tracker All of 1 nodes getting started
@tracker All nodes finishes job
Trial 92 finished with value: 0.6943288848778334 and parameters: {'objective': 'reg:squarederror', 'tree_method': 'gpu_hist', 'lambda': 0.005291236311916214, 'alpha': 0.40810509387888166, 'colsample_bytree': 0.5303652299034726, 'subsample': 0.7756415203097027, 'learning_rate': 0.010067954031001922, 'max_depth': 17, 'min_child_weight': 140, 'eval_metric': 'rmse'}. Best is trial 33 with value: 0.6942090509536232.
start listen on 192.168.1.101:55785
@tracker All of 1 nodes getting started
@tracker All nodes finishes job
Trial 93 finished with value: 0.6944995823229768 and parameters: {'objective': 'reg:squarederror', 'tree_method': 'gpu_hist', 'lambda': 0.013622192896133057, 'alpha': 1.0733513869111153, 'colsample_bytree': 0.5117930943841235, 'subsample': 0.7232717489862395, 'learning_rate': 0.009088419296830777, 'max_depth': 17, 'min_child_weight': 168, 'eval_metric': 'rmse'}. Best is trial 33 with value: 0.6942090509536232.
start listen on 192.168.1.101:57021
@tracker All of 1 nodes getting started
@tracker All nodes finishes job
Trial 94 finished with value: 0.6995537546737023 and parameters: {'objective': 'reg:squarederror', 'tree_method': 'gpu_hist', 'lambda': 0.008924404466241691, 'alpha': 0.5395099669436828, 'colsample_bytree': 0.578456224268139, 'subsample': 0.7945410002248512, 'learning_rate': 0.008081029075681489, 'max_depth': 7, 'min_child_weight': 157, 'eval_metric': 'rmse'}. Best is trial 33 with value: 0.6942090509536232.
start listen on 192.168.1.101:38397
@tracker All of 1 nodes getting started
@tracker All nodes finishes job
Trial 95 finished with value: 0.6941917308459724 and parameters: {'objective': 'reg:squarederror', 'tree_method': 'gpu_hist', 'lambda': 0.00100548040951497, 'alpha': 1.4368984724906668, 'colsample_bytree': 0.5509815931404689, 'subsample': 0.7522420232469411, 'learning_rate': 0.012741087081666538, 'max_depth': 17, 'min_child_weight': 149, 'eval_metric': 'rmse'}. Best is trial 95 with value: 0.6941917308459724.
start listen on 192.168.1.101:48837
@tracker All of 1 nodes getting started
@tracker All nodes finishes job
Trial 96 finished with value: 0.6943248672605322 and parameters: {'objective': 'reg:squarederror', 'tree_method': 'gpu_hist', 'lambda': 0.0012512151744582206, 'alpha': 1.8794889228172897, 'colsample_bytree': 0.5504301021837821, 'subsample': 0.8164014371040891, 'learning_rate': 0.016105149226863725, 'max_depth': 17, 'min_child_weight': 142, 'eval_metric': 'rmse'}. Best is trial 95 with value: 0.6941917308459724.
start listen on 192.168.1.101:50647
@tracker All of 1 nodes getting started
@tracker All nodes finishes job
Trial 97 finished with value: 0.6957026776645934 and parameters: {'objective': 'reg:squarederror', 'tree_method': 'gpu_hist', 'lambda': 0.001081220854377992, 'alpha': 1.5464126772059616, 'colsample_bytree': 0.45727514700023786, 'subsample': 0.7524649182898048, 'learning_rate': 0.01261122489707934, 'max_depth': 9, 'min_child_weight': 115, 'eval_metric': 'rmse'}. Best is trial 95 with value: 0.6941917308459724.
start listen on 192.168.1.101:58351
@tracker All of 1 nodes getting started
@tracker All nodes finishes job
Trial 98 finished with value: 1.947123884014877 and parameters: {'objective': 'reg:squarederror', 'tree_method': 'gpu_hist', 'lambda': 0.0010024486812906103, 'alpha': 0.8797086172274092, 'colsample_bytree': 0.4363465581017265, 'subsample': 0.7591738541505675, 'learning_rate': 0.0014082468466934332, 'max_depth': 17, 'min_child_weight': 145, 'eval_metric': 'rmse'}. Best is trial 95 with value: 0.6941917308459724.
start listen on 192.168.1.101:38179
@tracker All of 1 nodes getting started
@tracker All nodes finishes job
Trial 99 finished with value: 0.7013250609852479 and parameters: {'objective': 'reg:squarederror', 'tree_method': 'gpu_hist', 'lambda': 0.0016147811898120387, 'alpha': 1.2872080548375537, 'colsample_bytree': 0.4996928128004104, 'subsample': 0.8300930830200812, 'learning_rate': 0.01327783827662774, 'max_depth': 5, 'min_child_weight': 153, 'eval_metric': 'rmse'}. Best is trial 95 with value: 0.6941917308459724.
start listen on 192.168.1.101:35217
@tracker All of 1 nodes getting started
@tracker All nodes finishes job
Trial 100 finished with value: 0.6946114900248653 and parameters: {'objective': 'reg:squarederror', 'tree_method': 'gpu_hist', 'lambda': 0.0019057242714198314, 'alpha': 0.6575768416524183, 'colsample_bytree': 0.4034332987297152, 'subsample': 0.7871262967740488, 'learning_rate': 0.017928224280247856, 'max_depth': 17, 'min_child_weight': 165, 'eval_metric': 'rmse'}. Best is trial 95 with value: 0.6941917308459724.
start listen on 192.168.1.101:51401
@tracker All of 1 nodes getting started
@tracker All nodes finishes job
Trial 101 finished with value: 0.6943473370559158 and parameters: {'objective': 'reg:squarederror', 'tree_method': 'gpu_hist', 'lambda': 0.002289812412524803, 'alpha': 0.13237103575940184, 'colsample_bytree': 0.6050199861563338, 'subsample': 0.6532377515514213, 'learning_rate': 0.009528448588400748, 'max_depth': 17, 'min_child_weight': 173, 'eval_metric': 'rmse'}. Best is trial 95 with value: 0.6941917308459724.
start listen on 192.168.1.101:37259
@tracker All of 1 nodes getting started
@tracker All nodes finishes job
Trial 102 finished with value: 0.694241279612423 and parameters: {'objective': 'reg:squarederror', 'tree_method': 'gpu_hist', 'lambda': 0.003127314835073089, 'alpha': 0.23355453222712083, 'colsample_bytree': 0.5628609509130575, 'subsample': 0.6954746290414302, 'learning_rate': 0.011454241095382055, 'max_depth': 17, 'min_child_weight': 185, 'eval_metric': 'rmse'}. Best is trial 95 with value: 0.6941917308459724.
start listen on 192.168.1.101:37127
@tracker All of 1 nodes getting started
@tracker All nodes finishes job
Trial 103 finished with value: 0.6942895480013974 and parameters: {'objective': 'reg:squarederror', 'tree_method': 'gpu_hist', 'lambda': 0.006705543411688248, 'alpha': 0.23973632485784566, 'colsample_bytree': 0.5212280294484172, 'subsample': 0.7336533576720407, 'learning_rate': 0.01125249180449608, 'max_depth': 17, 'min_child_weight': 160, 'eval_metric': 'rmse'}. Best is trial 95 with value: 0.6941917308459724.
start listen on 192.168.1.101:47633
@tracker All of 1 nodes getting started
@tracker All nodes finishes job
Trial 104 finished with value: 0.6943596112683205 and parameters: {'objective': 'reg:squarederror', 'tree_method': 'gpu_hist', 'lambda': 0.010556599969235154, 'alpha': 0.45197770852787594, 'colsample_bytree': 0.5219638076118708, 'subsample': 0.7345694155901917, 'learning_rate': 0.011623867964587746, 'max_depth': 17, 'min_child_weight': 197, 'eval_metric': 'rmse'}. Best is trial 95 with value: 0.6941917308459724.
start listen on 192.168.1.101:47233
@tracker All of 1 nodes getting started
@tracker All nodes finishes job
Trial 105 finished with value: 0.6945886435209112 and parameters: {'objective': 'reg:squarederror', 'tree_method': 'gpu_hist', 'lambda': 0.006396820946564988, 'alpha': 0.2455171616963062, 'colsample_bytree': 0.5639703126024402, 'subsample': 0.6929569493869644, 'learning_rate': 0.015060144996229843, 'max_depth': 17, 'min_child_weight': 162, 'eval_metric': 'rmse'}. Best is trial 95 with value: 0.6941917308459724.
start listen on 192.168.1.101:48891
@tracker All of 1 nodes getting started
@tracker All nodes finishes job
Trial 106 finished with value: 0.6952546946589059 and parameters: {'objective': 'reg:squarederror', 'tree_method': 'gpu_hist', 'lambda': 0.004199175410336011, 'alpha': 0.2088714735225719, 'colsample_bytree': 0.4671782131426372, 'subsample': 0.7111401299037454, 'learning_rate': 0.0067029408499309695, 'max_depth': 17, 'min_child_weight': 182, 'eval_metric': 'rmse'}. Best is trial 95 with value: 0.6941917308459724.
start listen on 192.168.1.101:58383
@tracker All of 1 nodes getting started
@tracker All nodes finishes job
Trial 107 finished with value: 0.6942346306392446 and parameters: {'objective': 'reg:squarederror', 'tree_method': 'gpu_hist', 'lambda': 0.017066389120112956, 'alpha': 0.3560094898138356, 'colsample_bytree': 0.5422815641255857, 'subsample': 0.7626457287666147, 'learning_rate': 0.010722400460640994, 'max_depth': 15, 'min_child_weight': 133, 'eval_metric': 'rmse'}. Best is trial 95 with value: 0.6941917308459724.
start listen on 192.168.1.101:55473
@tracker All of 1 nodes getting started
@tracker All nodes finishes job
Trial 108 finished with value: 0.6943657443803758 and parameters: {'objective': 'reg:squarederror', 'tree_method': 'gpu_hist', 'lambda': 0.017237560194575778, 'alpha': 0.27064362015417853, 'colsample_bytree': 0.5463943737459293, 'subsample': 0.7625495709998521, 'learning_rate': 0.00832436633916136, 'max_depth': 15, 'min_child_weight': 126, 'eval_metric': 'rmse'}. Best is trial 95 with value: 0.6941917308459724.
start listen on 192.168.1.101:37279
@tracker All of 1 nodes getting started
@tracker All nodes finishes job
Trial 109 finished with value: 0.6942506237245274 and parameters: {'objective': 'reg:squarederror', 'tree_method': 'gpu_hist', 'lambda': 0.007802861461514958, 'alpha': 0.11012689013557797, 'colsample_bytree': 0.5207680853032028, 'subsample': 0.6768651444457675, 'learning_rate': 0.010753629004651112, 'max_depth': 15, 'min_child_weight': 133, 'eval_metric': 'rmse'}. Best is trial 95 with value: 0.6941917308459724.
start listen on 192.168.1.101:34117
@tracker All of 1 nodes getting started
@tracker All nodes finishes job
Trial 110 finished with value: 0.6942821129689528 and parameters: {'objective': 'reg:squarederror', 'tree_method': 'gpu_hist', 'lambda': 0.012088498241920065, 'alpha': 0.11309769461974316, 'colsample_bytree': 0.49410133437690146, 'subsample': 0.6809321435208872, 'learning_rate': 0.012544348177123294, 'max_depth': 15, 'min_child_weight': 131, 'eval_metric': 'rmse'}. Best is trial 95 with value: 0.6941917308459724.
start listen on 192.168.1.101:48461
@tracker All of 1 nodes getting started
@tracker All nodes finishes job
Trial 111 finished with value: 0.6942106326200865 and parameters: {'objective': 'reg:squarederror', 'tree_method': 'gpu_hist', 'lambda': 0.011942486863832306, 'alpha': 0.0631485285799641, 'colsample_bytree': 0.48612193967793005, 'subsample': 0.6770767195791801, 'learning_rate': 0.012445465956963126, 'max_depth': 15, 'min_child_weight': 134, 'eval_metric': 'rmse'}. Best is trial 95 with value: 0.6941917308459724.
start listen on 192.168.1.101:55893
@tracker All of 1 nodes getting started
@tracker All nodes finishes job
Trial 112 finished with value: 0.7074497438279127 and parameters: {'objective': 'reg:squarederror', 'tree_method': 'gpu_hist', 'lambda': 0.015270891622483908, 'alpha': 0.05995959707928598, 'colsample_bytree': 0.5089925622326068, 'subsample': 0.6761527354543346, 'learning_rate': 0.013907583143378983, 'max_depth': 3, 'min_child_weight': 116, 'eval_metric': 'rmse'}. Best is trial 95 with value: 0.6941917308459724.
start listen on 192.168.1.101:51685
@tracker All of 1 nodes getting started
@tracker All nodes finishes job
Trial 113 finished with value: 0.6944780318409903 and parameters: {'objective': 'reg:squarederror', 'tree_method': 'gpu_hist', 'lambda': 0.008329897535240317, 'alpha': 0.7938968117633274, 'colsample_bytree': 0.539877578563719, 'subsample': 0.6989091277815254, 'learning_rate': 0.008880954430113672, 'max_depth': 15, 'min_child_weight': 134, 'eval_metric': 'rmse'}. Best is trial 95 with value: 0.6941917308459724.
start listen on 192.168.1.101:41141
@tracker All of 1 nodes getting started
@tracker All nodes finishes job
Trial 114 finished with value: 0.6943508871758283 and parameters: {'objective': 'reg:squarederror', 'tree_method': 'gpu_hist', 'lambda': 0.012114034628300555, 'alpha': 0.14331888758111927, 'colsample_bytree': 0.4777828291325605, 'subsample': 0.7161801237689221, 'learning_rate': 0.011175139164282746, 'max_depth': 15, 'min_child_weight': 140, 'eval_metric': 'rmse'}. Best is trial 95 with value: 0.6941917308459724.
start listen on 192.168.1.101:55045
@tracker All of 1 nodes getting started
@tracker All nodes finishes job
Trial 115 finished with value: 0.6949265708945733 and parameters: {'objective': 'reg:squarederror', 'tree_method': 'gpu_hist', 'lambda': 0.02661127875901168, 'alpha': 0.35596040625723346, 'colsample_bytree': 0.5677737517434485, 'subsample': 0.6382286466977999, 'learning_rate': 0.00728644964888032, 'max_depth': 15, 'min_child_weight': 120, 'eval_metric': 'rmse'}. Best is trial 95 with value: 0.6941917308459724.
start listen on 192.168.1.101:38639
@tracker All of 1 nodes getting started
@tracker All nodes finishes job
Trial 116 finished with value: 0.6944110502177422 and parameters: {'objective': 'reg:squarederror', 'tree_method': 'gpu_hist', 'lambda': 0.002938929026020582, 'alpha': 0.1879114581922462, 'colsample_bytree': 0.5318606438352405, 'subsample': 0.9027633407752403, 'learning_rate': 0.008180882038280742, 'max_depth': 15, 'min_child_weight': 111, 'eval_metric': 'rmse'}. Best is trial 95 with value: 0.6941917308459724.
start listen on 192.168.1.101:42035
@tracker All of 1 nodes getting started
@tracker All nodes finishes job
Trial 117 finished with value: 0.6954980410408497 and parameters: {'objective': 'reg:squarederror', 'tree_method': 'gpu_hist', 'lambda': 0.005117458273691657, 'alpha': 0.03462405431513673, 'colsample_bytree': 0.5573020629899321, 'subsample': 0.6126409493829647, 'learning_rate': 0.019441059457590327, 'max_depth': 15, 'min_child_weight': 96, 'eval_metric': 'rmse'}. Best is trial 95 with value: 0.6941917308459724.
start listen on 192.168.1.101:60135
@tracker All of 1 nodes getting started
@tracker All nodes finishes job
Trial 118 finished with value: 0.694091138319549 and parameters: {'objective': 'reg:squarederror', 'tree_method': 'gpu_hist', 'lambda': 0.0204873353040434, 'alpha': 0.526309325149854, 'colsample_bytree': 0.5831916594949299, 'subsample': 0.6587185040008082, 'learning_rate': 0.010559929012374614, 'max_depth': 15, 'min_child_weight': 138, 'eval_metric': 'rmse'}. Best is trial 118 with value: 0.694091138319549.
start listen on 192.168.1.101:38083
@tracker All of 1 nodes getting started
@tracker All nodes finishes job
Trial 119 finished with value: 0.6941882931238094 and parameters: {'objective': 'reg:squarederror', 'tree_method': 'gpu_hist', 'lambda': 0.03709677656619795, 'alpha': 0.0986780494315583, 'colsample_bytree': 0.5846020267929621, 'subsample': 0.6661395783501644, 'learning_rate': 0.010694060585834936, 'max_depth': 15, 'min_child_weight': 155, 'eval_metric': 'rmse'}. Best is trial 118 with value: 0.694091138319549.
start listen on 192.168.1.101:45677
@tracker All of 1 nodes getting started
@tracker All nodes finishes job
Trial 120 finished with value: 0.6943261002062606 and parameters: {'objective': 'reg:squarederror', 'tree_method': 'gpu_hist', 'lambda': 0.057951270099492865, 'alpha': 0.10128004440502376, 'colsample_bytree': 0.5857302113034395, 'subsample': 0.6624417893716872, 'learning_rate': 0.015355825580963633, 'max_depth': 15, 'min_child_weight': 155, 'eval_metric': 'rmse'}. Best is trial 118 with value: 0.694091138319549.
start listen on 192.168.1.101:34019
@tracker All of 1 nodes getting started
@tracker All nodes finishes job
Trial 121 finished with value: 0.694294103689948 and parameters: {'objective': 'reg:squarederror', 'tree_method': 'gpu_hist', 'lambda': 0.01918889789915297, 'alpha': 0.07721735798459683, 'colsample_bytree': 0.5767670821544253, 'subsample': 0.6348588751445161, 'learning_rate': 0.012123373827056395, 'max_depth': 15, 'min_child_weight': 135, 'eval_metric': 'rmse'}. Best is trial 118 with value: 0.694091138319549.
start listen on 192.168.1.101:54021
@tracker All of 1 nodes getting started
@tracker All nodes finishes job
Trial 122 finished with value: 0.6944561017785282 and parameters: {'objective': 'reg:squarederror', 'tree_method': 'gpu_hist', 'lambda': 0.035332621675135935, 'alpha': 0.060173229649493336, 'colsample_bytree': 0.5528784370632711, 'subsample': 0.6223538809194422, 'learning_rate': 0.010881951833290444, 'max_depth': 15, 'min_child_weight': 168, 'eval_metric': 'rmse'}. Best is trial 118 with value: 0.694091138319549.
start listen on 192.168.1.101:55471
@tracker All of 1 nodes getting started
@tracker All nodes finishes job
Trial 123 finished with value: 0.6943929296663408 and parameters: {'objective': 'reg:squarederror', 'tree_method': 'gpu_hist', 'lambda': 0.023929705012581657, 'alpha': 0.49093437268706125, 'colsample_bytree': 0.5884912385741292, 'subsample': 0.6746399375918276, 'learning_rate': 0.01052044012256273, 'max_depth': 15, 'min_child_weight': 145, 'eval_metric': 'rmse'}. Best is trial 118 with value: 0.694091138319549.
start listen on 192.168.1.101:54155
@tracker All of 1 nodes getting started
@tracker All nodes finishes job
Trial 124 finished with value: 0.6941553166288007 and parameters: {'objective': 'reg:squarederror', 'tree_method': 'gpu_hist', 'lambda': 0.01462109830518581, 'alpha': 0.11366109236281804, 'colsample_bytree': 0.520240150620229, 'subsample': 0.648297615073074, 'learning_rate': 0.013139618937066534, 'max_depth': 15, 'min_child_weight': 122, 'eval_metric': 'rmse'}. Best is trial 118 with value: 0.694091138319549.
start listen on 192.168.1.101:37277
@tracker All of 1 nodes getting started
@tracker All nodes finishes job
