Trial 713 finished with value: 1.1256376624846667 and parameters: {'objective': 'reg:squarederror', 'tree_method': 'gpu_hist', 'lambda': 0.017773627309265454, 'alpha': 0.06962358550898516, 'colsample_bytree': 0.5155521711739992, 'subsample': 0.6752792795829488, 'learning_rate': 0.0021310205813501416, 'max_depth': 20, 'min_child_weight': 161, 'eval_metric': 'rmse'}. Best is trial 140 with value: 0.693976497093345.
start listen on 192.168.1.101:46273
@tracker All of 1 nodes getting started
@tracker All nodes finishes job
Trial 714 finished with value: 0.6951955782337282 and parameters: {'objective': 'reg:squarederror', 'tree_method': 'gpu_hist', 'lambda': 0.029696733853367102, 'alpha': 0.10362217182238855, 'colsample_bytree': 0.5254950126305853, 'subsample': 0.7107702075670593, 'learning_rate': 0.016106196849478078, 'max_depth': 20, 'min_child_weight': 140, 'eval_metric': 'rmse'}. Best is trial 140 with value: 0.693976497093345.
start listen on 192.168.1.101:48203
@tracker All of 1 nodes getting started
@tracker All nodes finishes job
Trial 715 finished with value: 0.7107102051426261 and parameters: {'objective': 'reg:squarederror', 'tree_method': 'gpu_hist', 'lambda': 0.03597821296413451, 'alpha': 0.1359829962533717, 'colsample_bytree': 0.548371677767611, 'subsample': 0.6858490036323729, 'learning_rate': 0.007999499181491298, 'max_depth': 3, 'min_child_weight': 153, 'eval_metric': 'rmse'}. Best is trial 140 with value: 0.693976497093345.
start listen on 192.168.1.101:33163
@tracker All of 1 nodes getting started
@tracker All nodes finishes job
Trial 716 finished with value: 1.6747174752309053 and parameters: {'objective': 'reg:squarederror', 'tree_method': 'gpu_hist', 'lambda': 0.022318406466226688, 'alpha': 0.08701149886429788, 'colsample_bytree': 0.5347727871258178, 'subsample': 0.6736146038711334, 'learning_rate': 0.001584896095149058, 'max_depth': 20, 'min_child_weight': 167, 'eval_metric': 'rmse'}. Best is trial 140 with value: 0.693976497093345.
start listen on 192.168.1.101:42459
@tracker All of 1 nodes getting started
@tracker All nodes finishes job
Trial 717 finished with value: 0.6938795554678486 and parameters: {'objective': 'reg:squarederror', 'tree_method': 'gpu_hist', 'lambda': 0.11019785382450036, 'alpha': 0.02844653773824713, 'colsample_bytree': 0.48762534983642014, 'subsample': 0.702769491399643, 'learning_rate': 0.010520434639464171, 'max_depth': 20, 'min_child_weight': 150, 'eval_metric': 'rmse'}. Best is trial 717 with value: 0.6938795554678486.
start listen on 192.168.1.101:44831
@tracker All of 1 nodes getting started
@tracker All nodes finishes job
Trial 718 finished with value: 0.6942200418962737 and parameters: {'objective': 'reg:squarederror', 'tree_method': 'gpu_hist', 'lambda': 0.0964864371441576, 'alpha': 0.02810633177855178, 'colsample_bytree': 0.48753573400189376, 'subsample': 0.7204342311149051, 'learning_rate': 0.009476992426997616, 'max_depth': 20, 'min_child_weight': 158, 'eval_metric': 'rmse'}. Best is trial 717 with value: 0.6938795554678486.
start listen on 192.168.1.101:57047
@tracker All of 1 nodes getting started
@tracker All nodes finishes job
Trial 719 finished with value: 0.6943068954550577 and parameters: {'objective': 'reg:squarederror', 'tree_method': 'gpu_hist', 'lambda': 0.11142495309698018, 'alpha': 0.022028520466129176, 'colsample_bytree': 0.4520599594737129, 'subsample': 0.7375729897491671, 'learning_rate': 0.010158718039972089, 'max_depth': 20, 'min_child_weight': 150, 'eval_metric': 'rmse'}. Best is trial 717 with value: 0.6938795554678486.
start listen on 192.168.1.101:43129
@tracker All of 1 nodes getting started
@tracker All nodes finishes job
Trial 720 finished with value: 0.694249305273495 and parameters: {'objective': 'reg:squarederror', 'tree_method': 'gpu_hist', 'lambda': 0.13671198961555472, 'alpha': 0.028285653768296216, 'colsample_bytree': 0.47469275974833225, 'subsample': 0.7075347005497044, 'learning_rate': 0.008715114603584827, 'max_depth': 20, 'min_child_weight': 157, 'eval_metric': 'rmse'}. Best is trial 717 with value: 0.6938795554678486.
start listen on 192.168.1.101:55501
@tracker All of 1 nodes getting started
@tracker All nodes finishes job
Trial 721 finished with value: 0.6941259134532007 and parameters: {'objective': 'reg:squarederror', 'tree_method': 'gpu_hist', 'lambda': 0.08207649237281683, 'alpha': 0.03207200622568082, 'colsample_bytree': 0.4900008722104193, 'subsample': 0.7005962837401827, 'learning_rate': 0.010778887683479734, 'max_depth': 20, 'min_child_weight': 164, 'eval_metric': 'rmse'}. Best is trial 717 with value: 0.6938795554678486.
start listen on 192.168.1.101:52735
@tracker All of 1 nodes getting started
@tracker All nodes finishes job
Trial 722 finished with value: 0.6941218034052817 and parameters: {'objective': 'reg:squarederror', 'tree_method': 'gpu_hist', 'lambda': 0.17335322880251017, 'alpha': 0.02467686870652086, 'colsample_bytree': 0.48059147846799405, 'subsample': 0.7160556784379264, 'learning_rate': 0.00964738535213108, 'max_depth': 20, 'min_child_weight': 148, 'eval_metric': 'rmse'}. Best is trial 717 with value: 0.6938795554678486.
start listen on 192.168.1.101:53983
@tracker All of 1 nodes getting started
@tracker All nodes finishes job
Trial 723 finished with value: 0.6941137344586675 and parameters: {'objective': 'reg:squarederror', 'tree_method': 'gpu_hist', 'lambda': 0.11787008885745069, 'alpha': 0.02011128199383895, 'colsample_bytree': 0.46335963189467716, 'subsample': 0.7001353975110061, 'learning_rate': 0.010787008741374603, 'max_depth': 20, 'min_child_weight': 153, 'eval_metric': 'rmse'}. Best is trial 717 with value: 0.6938795554678486.
start listen on 192.168.1.101:59775
@tracker All of 1 nodes getting started
@tracker All nodes finishes job
Trial 724 finished with value: 0.6942758542498306 and parameters: {'objective': 'reg:squarederror', 'tree_method': 'gpu_hist', 'lambda': 0.09791497573667259, 'alpha': 0.03833390956434856, 'colsample_bytree': 0.5041366876929094, 'subsample': 0.7286211045543788, 'learning_rate': 0.009146520781884918, 'max_depth': 20, 'min_child_weight': 163, 'eval_metric': 'rmse'}. Best is trial 717 with value: 0.6938795554678486.
start listen on 192.168.1.101:50445
@tracker All of 1 nodes getting started
@tracker All nodes finishes job
Trial 725 finished with value: 0.6945436446635537 and parameters: {'objective': 'reg:squarederror', 'tree_method': 'gpu_hist', 'lambda': 0.12870113694740892, 'alpha': 0.03161685865218327, 'colsample_bytree': 0.4914008741988366, 'subsample': 0.7104971041965839, 'learning_rate': 0.007536426691054025, 'max_depth': 20, 'min_child_weight': 158, 'eval_metric': 'rmse'}. Best is trial 717 with value: 0.6938795554678486.
start listen on 192.168.1.101:44189
@tracker All of 1 nodes getting started
@tracker All nodes finishes job
Trial 726 finished with value: 0.69419762496753 and parameters: {'objective': 'reg:squarederror', 'tree_method': 'gpu_hist', 'lambda': 0.0777678307844467, 'alpha': 0.02653487606992535, 'colsample_bytree': 0.5073896171488166, 'subsample': 0.6900736109112112, 'learning_rate': 0.011461608982702091, 'max_depth': 20, 'min_child_weight': 145, 'eval_metric': 'rmse'}. Best is trial 717 with value: 0.6938795554678486.
start listen on 192.168.1.101:53667
@tracker All of 1 nodes getting started
@tracker All nodes finishes job
Trial 727 finished with value: 0.6952713909324221 and parameters: {'objective': 'reg:squarederror', 'tree_method': 'gpu_hist', 'lambda': 0.10327656199084725, 'alpha': 0.018250062605046722, 'colsample_bytree': 0.4620941179675727, 'subsample': 0.6982098693454811, 'learning_rate': 0.01005751731657733, 'max_depth': 20, 'min_child_weight': 33, 'eval_metric': 'rmse'}. Best is trial 717 with value: 0.6938795554678486.
start listen on 192.168.1.101:41773
@tracker All of 1 nodes getting started
@tracker All nodes finishes job
Trial 728 finished with value: 0.6943914109181808 and parameters: {'objective': 'reg:squarederror', 'tree_method': 'gpu_hist', 'lambda': 0.1340943912644211, 'alpha': 0.023757240001083903, 'colsample_bytree': 0.4963756607792841, 'subsample': 0.718858370128191, 'learning_rate': 0.008324020196555123, 'max_depth': 20, 'min_child_weight': 169, 'eval_metric': 'rmse'}. Best is trial 717 with value: 0.6938795554678486.
start listen on 192.168.1.101:47961
@tracker All of 1 nodes getting started
@tracker All nodes finishes job
Trial 729 finished with value: 0.6941391902452199 and parameters: {'objective': 'reg:squarederror', 'tree_method': 'gpu_hist', 'lambda': 0.0694900857054039, 'alpha': 0.03460155277875991, 'colsample_bytree': 0.4740412935181579, 'subsample': 0.7537518596256894, 'learning_rate': 0.010642236279016924, 'max_depth': 20, 'min_child_weight': 153, 'eval_metric': 'rmse'}. Best is trial 717 with value: 0.6938795554678486.
start listen on 192.168.1.101:37765
@tracker All of 1 nodes getting started
@tracker All nodes finishes job
Trial 730 finished with value: 0.6942134396198927 and parameters: {'objective': 'reg:squarederror', 'tree_method': 'gpu_hist', 'lambda': 0.09093159237587164, 'alpha': 0.03831321487166412, 'colsample_bytree': 0.5225351613101297, 'subsample': 0.6888490142463322, 'learning_rate': 0.011622966039947448, 'max_depth': 20, 'min_child_weight': 158, 'eval_metric': 'rmse'}. Best is trial 717 with value: 0.6938795554678486.
start listen on 192.168.1.101:47749
@tracker All of 1 nodes getting started
@tracker All nodes finishes job
Trial 731 finished with value: 0.6942094872319359 and parameters: {'objective': 'reg:squarederror', 'tree_method': 'gpu_hist', 'lambda': 0.15787311185907915, 'alpha': 0.1747060301956402, 'colsample_bytree': 0.5080922562966981, 'subsample': 0.7047390119411832, 'learning_rate': 0.009640685672168166, 'max_depth': 20, 'min_child_weight': 145, 'eval_metric': 'rmse'}. Best is trial 717 with value: 0.6938795554678486.
start listen on 192.168.1.101:35365
@tracker All of 1 nodes getting started
@tracker All nodes finishes job
Trial 732 finished with value: 0.694270516317552 and parameters: {'objective': 'reg:squarederror', 'tree_method': 'gpu_hist', 'lambda': 0.09583541503455793, 'alpha': 0.042142336198195324, 'colsample_bytree': 0.5208712261430737, 'subsample': 0.7733590410569586, 'learning_rate': 0.00871758456740841, 'max_depth': 20, 'min_child_weight': 164, 'eval_metric': 'rmse'}. Best is trial 717 with value: 0.6938795554678486.
start listen on 192.168.1.101:43403
@tracker All of 1 nodes getting started
@tracker All nodes finishes job
Trial 733 finished with value: 0.694138899011326 and parameters: {'objective': 'reg:squarederror', 'tree_method': 'gpu_hist', 'lambda': 0.05357826813996543, 'alpha': 0.015799938206970135, 'colsample_bytree': 0.4987760504697013, 'subsample': 0.7325214253388848, 'learning_rate': 0.010651493256169682, 'max_depth': 20, 'min_child_weight': 150, 'eval_metric': 'rmse'}. Best is trial 717 with value: 0.6938795554678486.
start listen on 192.168.1.101:44325
@tracker All of 1 nodes getting started
@tracker All nodes finishes job
Trial 734 finished with value: 0.6942297836248204 and parameters: {'objective': 'reg:squarederror', 'tree_method': 'gpu_hist', 'lambda': 0.11344099719507773, 'alpha': 0.02070208295942315, 'colsample_bytree': 0.5110752523141215, 'subsample': 0.6801623276937172, 'learning_rate': 0.012004455912860625, 'max_depth': 20, 'min_child_weight': 173, 'eval_metric': 'rmse'}. Best is trial 717 with value: 0.6938795554678486.
start listen on 192.168.1.101:56399
@tracker All of 1 nodes getting started
@tracker All nodes finishes job
Trial 735 finished with value: 0.6943991779671737 and parameters: {'objective': 'reg:squarederror', 'tree_method': 'gpu_hist', 'lambda': 0.24470271317432127, 'alpha': 0.12808657698364603, 'colsample_bytree': 0.5277495132929728, 'subsample': 0.6934791276049008, 'learning_rate': 0.009894883955247758, 'max_depth': 20, 'min_child_weight': 167, 'eval_metric': 'rmse'}. Best is trial 717 with value: 0.6938795554678486.
start listen on 192.168.1.101:50037
@tracker All of 1 nodes getting started
@tracker All nodes finishes job
Trial 736 finished with value: 0.6959342466916385 and parameters: {'objective': 'reg:squarederror', 'tree_method': 'gpu_hist', 'lambda': 0.1977390479046621, 'alpha': 0.027073095049138407, 'colsample_bytree': 0.43225826269172135, 'subsample': 0.7093565081444445, 'learning_rate': 0.011365644950936761, 'max_depth': 9, 'min_child_weight': 157, 'eval_metric': 'rmse'}. Best is trial 717 with value: 0.6938795554678486.
start listen on 192.168.1.101:34485
@tracker All of 1 nodes getting started
@tracker All nodes finishes job
Trial 737 finished with value: 0.6989228761500973 and parameters: {'objective': 'reg:squarederror', 'tree_method': 'gpu_hist', 'lambda': 0.07044329503430008, 'alpha': 0.151324303532535, 'colsample_bytree': 0.4877944396804137, 'subsample': 0.6737570932264593, 'learning_rate': 0.009272476172236904, 'max_depth': 7, 'min_child_weight': 144, 'eval_metric': 'rmse'}. Best is trial 717 with value: 0.6938795554678486.
start listen on 192.168.1.101:41451
@tracker All of 1 nodes getting started
@tracker All nodes finishes job
Trial 738 finished with value: 0.6956602431221227 and parameters: {'objective': 'reg:squarederror', 'tree_method': 'gpu_hist', 'lambda': 0.1363519081672591, 'alpha': 0.1970735640504821, 'colsample_bytree': 0.5369594251689871, 'subsample': 0.7187691673748078, 'learning_rate': 0.008058479596941878, 'max_depth': 13, 'min_child_weight': 270, 'eval_metric': 'rmse'}. Best is trial 717 with value: 0.6938795554678486.
start listen on 192.168.1.101:48767
@tracker All of 1 nodes getting started
@tracker All nodes finishes job
Trial 739 finished with value: 0.6941239335576717 and parameters: {'objective': 'reg:squarederror', 'tree_method': 'gpu_hist', 'lambda': 0.040968607113930765, 'alpha': 0.11518131689146109, 'colsample_bytree': 0.5130973574753233, 'subsample': 0.6886725457072658, 'learning_rate': 0.010321723839137736, 'max_depth': 20, 'min_child_weight': 151, 'eval_metric': 'rmse'}. Best is trial 717 with value: 0.6938795554678486.
start listen on 192.168.1.101:46291
@tracker All of 1 nodes getting started
@tracker All nodes finishes job
Trial 740 finished with value: 0.6962050925391653 and parameters: {'objective': 'reg:squarederror', 'tree_method': 'gpu_hist', 'lambda': 0.10655760429252902, 'alpha': 0.15521611538548913, 'colsample_bytree': 0.5507636095113252, 'subsample': 0.6685970988636473, 'learning_rate': 0.0072411104383302205, 'max_depth': 11, 'min_child_weight': 159, 'eval_metric': 'rmse'}. Best is trial 717 with value: 0.6938795554678486.
start listen on 192.168.1.101:54577
@tracker All of 1 nodes getting started
@tracker All nodes finishes job
Trial 741 finished with value: 0.6942905767431655 and parameters: {'objective': 'reg:squarederror', 'tree_method': 'gpu_hist', 'lambda': 0.0601848080452892, 'alpha': 0.03242670046742469, 'colsample_bytree': 0.5402561987350737, 'subsample': 0.7007190134626624, 'learning_rate': 0.01281452073141679, 'max_depth': 20, 'min_child_weight': 140, 'eval_metric': 'rmse'}. Best is trial 717 with value: 0.6938795554678486.
start listen on 192.168.1.101:46199
@tracker All of 1 nodes getting started
@tracker All nodes finishes job
Trial 742 finished with value: 0.6942393877883865 and parameters: {'objective': 'reg:squarederror', 'tree_method': 'gpu_hist', 'lambda': 0.08591651644038006, 'alpha': 0.04683700772946925, 'colsample_bytree': 0.5217712983413183, 'subsample': 0.6835080184439571, 'learning_rate': 0.011339761109847588, 'max_depth': 20, 'min_child_weight': 163, 'eval_metric': 'rmse'}. Best is trial 717 with value: 0.6938795554678486.
start listen on 192.168.1.101:48543
@tracker All of 1 nodes getting started
@tracker All nodes finishes job
Trial 743 finished with value: 0.694355139738647 and parameters: {'objective': 'reg:squarederror', 'tree_method': 'gpu_hist', 'lambda': 0.03087203478499057, 'alpha': 0.0994565181539103, 'colsample_bytree': 0.5002501141005539, 'subsample': 0.6981817805838322, 'learning_rate': 0.008869174380991211, 'max_depth': 20, 'min_child_weight': 175, 'eval_metric': 'rmse'}. Best is trial 717 with value: 0.6938795554678486.
start listen on 192.168.1.101:60513
@tracker All of 1 nodes getting started
@tracker All nodes finishes job
Trial 744 finished with value: 0.7024044743570643 and parameters: {'objective': 'reg:squarederror', 'tree_method': 'gpu_hist', 'lambda': 0.1531828354208834, 'alpha': 0.1260809630374577, 'colsample_bytree': 0.47481213636401864, 'subsample': 0.6673001864703973, 'learning_rate': 0.010507935141289618, 'max_depth': 5, 'min_child_weight': 154, 'eval_metric': 'rmse'}. Best is trial 717 with value: 0.6938795554678486.
start listen on 192.168.1.101:41635
@tracker All of 1 nodes getting started
@tracker All nodes finishes job
Trial 745 finished with value: 0.694367414566145 and parameters: {'objective': 'reg:squarederror', 'tree_method': 'gpu_hist', 'lambda': 0.012997750637566504, 'alpha': 1.6020068972862636, 'colsample_bytree': 0.5568903680757981, 'subsample': 0.7122143120814974, 'learning_rate': 0.012179265381330516, 'max_depth': 20, 'min_child_weight': 169, 'eval_metric': 'rmse'}. Best is trial 717 with value: 0.6938795554678486.
start listen on 192.168.1.101:57881
@tracker All of 1 nodes getting started
@tracker All nodes finishes job
Trial 746 finished with value: 0.6946404686910375 and parameters: {'objective': 'reg:squarederror', 'tree_method': 'gpu_hist', 'lambda': 0.044795291378380585, 'alpha': 0.10932696683021725, 'colsample_bytree': 0.815820252834055, 'subsample': 0.687308835156477, 'learning_rate': 0.010101716592232015, 'max_depth': 20, 'min_child_weight': 147, 'eval_metric': 'rmse'}. Best is trial 717 with value: 0.6938795554678486.
start listen on 192.168.1.101:45885
@tracker All of 1 nodes getting started
@tracker All nodes finishes job
Trial 747 finished with value: 0.6942345924197882 and parameters: {'objective': 'reg:squarederror', 'tree_method': 'gpu_hist', 'lambda': 0.027598551262895607, 'alpha': 0.17471677608221955, 'colsample_bytree': 0.5320207686634859, 'subsample': 0.7241470135593443, 'learning_rate': 0.009431303999052457, 'max_depth': 20, 'min_child_weight': 163, 'eval_metric': 'rmse'}. Best is trial 717 with value: 0.6938795554678486.
start listen on 192.168.1.101:43397
@tracker All of 1 nodes getting started
@tracker All nodes finishes job
Trial 748 finished with value: 0.694216577409404 and parameters: {'objective': 'reg:squarederror', 'tree_method': 'gpu_hist', 'lambda': 0.017787443678872604, 'alpha': 0.09061891681508433, 'colsample_bytree': 0.4472152047554524, 'subsample': 0.6738343455456586, 'learning_rate': 0.011363366010903304, 'max_depth': 20, 'min_child_weight': 140, 'eval_metric': 'rmse'}. Best is trial 717 with value: 0.6938795554678486.
start listen on 192.168.1.101:39995
@tracker All of 1 nodes getting started
@tracker All nodes finishes job
Trial 749 finished with value: 0.6952014327323369 and parameters: {'objective': 'reg:squarederror', 'tree_method': 'gpu_hist', 'lambda': 0.035318720348154066, 'alpha': 0.0536222447785474, 'colsample_bytree': 0.5137637898942282, 'subsample': 0.7069732926939691, 'learning_rate': 0.006078441922426152, 'max_depth': 20, 'min_child_weight': 151, 'eval_metric': 'rmse'}. Best is trial 717 with value: 0.6938795554678486.
start listen on 192.168.1.101:51875
@tracker All of 1 nodes getting started
@tracker All nodes finishes job
Trial 750 finished with value: 0.6941067629967269 and parameters: {'objective': 'reg:squarederror', 'tree_method': 'gpu_hist', 'lambda': 0.07868198086212877, 'alpha': 0.13034901256193596, 'colsample_bytree': 0.5441602382673578, 'subsample': 0.6943033504816206, 'learning_rate': 0.013025134347704692, 'max_depth': 17, 'min_child_weight': 157, 'eval_metric': 'rmse'}. Best is trial 717 with value: 0.6938795554678486.
start listen on 192.168.1.101:41667
@tracker All of 1 nodes getting started
@tracker All nodes finishes job
Trial 751 finished with value: 0.6945048862272688 and parameters: {'objective': 'reg:squarederror', 'tree_method': 'gpu_hist', 'lambda': 0.12656430533673615, 'alpha': 0.01797159980919395, 'colsample_bytree': 0.6974471613991454, 'subsample': 0.7465669510280083, 'learning_rate': 0.008590021051849991, 'max_depth': 20, 'min_child_weight': 168, 'eval_metric': 'rmse'}. Best is trial 717 with value: 0.6938795554678486.
start listen on 192.168.1.101:45011
@tracker All of 1 nodes getting started
@tracker All nodes finishes job
Trial 752 finished with value: 0.6941357886380707 and parameters: {'objective': 'reg:squarederror', 'tree_method': 'gpu_hist', 'lambda': 0.026586281816611587, 'alpha': 0.07750576964519568, 'colsample_bytree': 0.49565760717073604, 'subsample': 0.6806935054306498, 'learning_rate': 0.010718312772832899, 'max_depth': 20, 'min_child_weight': 146, 'eval_metric': 'rmse'}. Best is trial 717 with value: 0.6938795554678486.
start listen on 192.168.1.101:39639
@tracker All of 1 nodes getting started
@tracker All nodes finishes job
Trial 753 finished with value: 0.6944990183932056 and parameters: {'objective': 'reg:squarederror', 'tree_method': 'gpu_hist', 'lambda': 0.006046179861272206, 'alpha': 0.14467557376798884, 'colsample_bytree': 0.5310198371836274, 'subsample': 0.46514552127206615, 'learning_rate': 0.009736815446417737, 'max_depth': 20, 'min_child_weight': 161, 'eval_metric': 'rmse'}. Best is trial 717 with value: 0.6938795554678486.
start listen on 192.168.1.101:44993
@tracker All of 1 nodes getting started
@tracker All nodes finishes job
Trial 754 finished with value: 0.694352181936782 and parameters: {'objective': 'reg:squarederror', 'tree_method': 'gpu_hist', 'lambda': 0.015715253792708002, 'alpha': 0.022252298264782023, 'colsample_bytree': 0.5579031391772276, 'subsample': 0.6693914057405419, 'learning_rate': 0.012383885927193437, 'max_depth': 20, 'min_child_weight': 136, 'eval_metric': 'rmse'}. Best is trial 717 with value: 0.6938795554678486.
start listen on 192.168.1.101:33183
@tracker All of 1 nodes getting started
@tracker All nodes finishes job
