Trial 209 finished with value: 0.694606954887661 and parameters: {'objective': 'reg:squarederror', 'tree_method': 'gpu_hist', 'lambda': 0.1950122525891957, 'alpha': 0.1696106486673993, 'colsample_bytree': 0.551520850105097, 'subsample': 0.6798288346040475, 'learning_rate': 0.01664456261012239, 'max_depth': 15, 'min_child_weight': 138, 'eval_metric': 'rmse'}. Best is trial 140 with value: 0.693976497093345.
start listen on 192.168.1.101:53241
@tracker All of 1 nodes getting started
@tracker All nodes finishes job
Trial 210 finished with value: 0.708900492197279 and parameters: {'objective': 'reg:squarederror', 'tree_method': 'gpu_hist', 'lambda': 0.019675755202427255, 'alpha': 0.058346057505196294, 'colsample_bytree': 0.5169608150702292, 'subsample': 0.6484087447471143, 'learning_rate': 0.010839161929620344, 'max_depth': 3, 'min_child_weight': 189, 'eval_metric': 'rmse'}. Best is trial 140 with value: 0.693976497093345.
start listen on 192.168.1.101:34937
@tracker All of 1 nodes getting started
@tracker All nodes finishes job
Trial 211 finished with value: 0.6945037998482775 and parameters: {'objective': 'reg:squarederror', 'tree_method': 'gpu_hist', 'lambda': 2.099212176498615, 'alpha': 0.07223260310801412, 'colsample_bytree': 0.4936809580321265, 'subsample': 0.6689497456404571, 'learning_rate': 0.00965559634420019, 'max_depth': 20, 'min_child_weight': 159, 'eval_metric': 'rmse'}. Best is trial 140 with value: 0.693976497093345.
start listen on 192.168.1.101:56335
@tracker All of 1 nodes getting started
@tracker All nodes finishes job
Trial 212 finished with value: 0.6942432531504357 and parameters: {'objective': 'reg:squarederror', 'tree_method': 'gpu_hist', 'lambda': 0.01709686434160488, 'alpha': 0.09518833119999223, 'colsample_bytree': 0.5105295845442855, 'subsample': 0.631345710710727, 'learning_rate': 0.011207696139456675, 'max_depth': 15, 'min_child_weight': 165, 'eval_metric': 'rmse'}. Best is trial 140 with value: 0.693976497093345.
start listen on 192.168.1.101:48341
@tracker All of 1 nodes getting started
@tracker All nodes finishes job
Trial 213 finished with value: 0.6944606188972573 and parameters: {'objective': 'reg:squarederror', 'tree_method': 'gpu_hist', 'lambda': 0.03071653425441285, 'alpha': 0.001292005320974312, 'colsample_bytree': 0.5349800466576216, 'subsample': 0.6439802455009229, 'learning_rate': 0.013827768688966634, 'max_depth': 20, 'min_child_weight': 152, 'eval_metric': 'rmse'}. Best is trial 140 with value: 0.693976497093345.
start listen on 192.168.1.101:37603
@tracker All of 1 nodes getting started
@tracker All nodes finishes job
Trial 214 finished with value: 0.6945494912210805 and parameters: {'objective': 'reg:squarederror', 'tree_method': 'gpu_hist', 'lambda': 0.00885795209530078, 'alpha': 0.1250268303925621, 'colsample_bytree': 0.47684539435314804, 'subsample': 0.6591238822433143, 'learning_rate': 0.010281852867550807, 'max_depth': 15, 'min_child_weight': 179, 'eval_metric': 'rmse'}. Best is trial 140 with value: 0.693976497093345.
start listen on 192.168.1.101:46455
@tracker All of 1 nodes getting started
@tracker All nodes finishes job
Trial 215 finished with value: 0.6945710360114706 and parameters: {'objective': 'reg:squarederror', 'tree_method': 'gpu_hist', 'lambda': 6.936234541079415, 'alpha': 0.06455846164703005, 'colsample_bytree': 0.5685692227085675, 'subsample': 0.6857490685859496, 'learning_rate': 0.008953561473051833, 'max_depth': 20, 'min_child_weight': 144, 'eval_metric': 'rmse'}. Best is trial 140 with value: 0.693976497093345.
start listen on 192.168.1.101:42351
@tracker All of 1 nodes getting started
@tracker All nodes finishes job
Trial 216 finished with value: 0.6943416918441848 and parameters: {'objective': 'reg:squarederror', 'tree_method': 'gpu_hist', 'lambda': 0.012351610453841439, 'alpha': 0.0821906987424441, 'colsample_bytree': 0.5205228269997787, 'subsample': 0.8114390714833942, 'learning_rate': 0.012297063582657496, 'max_depth': 15, 'min_child_weight': 160, 'eval_metric': 'rmse'}. Best is trial 140 with value: 0.693976497093345.
start listen on 192.168.1.101:50119
@tracker All of 1 nodes getting started
@tracker All nodes finishes job
Trial 217 finished with value: 0.698192013748913 and parameters: {'objective': 'reg:squarederror', 'tree_method': 'gpu_hist', 'lambda': 0.03967008630794229, 'alpha': 0.03923119449797085, 'colsample_bytree': 0.5439265777331501, 'subsample': 0.7115746270840217, 'learning_rate': 0.010434706626605495, 'max_depth': 7, 'min_child_weight': 170, 'eval_metric': 'rmse'}. Best is trial 140 with value: 0.693976497093345.
start listen on 192.168.1.101:32799
@tracker All of 1 nodes getting started
@tracker All nodes finishes job
Trial 218 finished with value: 0.6949515471764524 and parameters: {'objective': 'reg:squarederror', 'tree_method': 'gpu_hist', 'lambda': 0.02441960482313892, 'alpha': 0.054242167824632904, 'colsample_bytree': 0.48677092002218747, 'subsample': 0.6688628438347898, 'learning_rate': 0.0082708068210052, 'max_depth': 13, 'min_child_weight': 155, 'eval_metric': 'rmse'}. Best is trial 140 with value: 0.693976497093345.
start listen on 192.168.1.101:57949
@tracker All of 1 nodes getting started
@tracker All nodes finishes job
Trial 219 finished with value: 0.6949011531204272 and parameters: {'objective': 'reg:squarederror', 'tree_method': 'gpu_hist', 'lambda': 0.014232812765963745, 'alpha': 0.5149676612558598, 'colsample_bytree': 0.5848846585772686, 'subsample': 0.8471179596772386, 'learning_rate': 0.014920300218653794, 'max_depth': 20, 'min_child_weight': 133, 'eval_metric': 'rmse'}. Best is trial 140 with value: 0.693976497093345.
start listen on 192.168.1.101:51507
@tracker All of 1 nodes getting started
@tracker All nodes finishes job
Trial 220 finished with value: 0.6957659370234132 and parameters: {'objective': 'reg:squarederror', 'tree_method': 'gpu_hist', 'lambda': 0.016279182649074138, 'alpha': 2.5088876768705024, 'colsample_bytree': 0.5565337484256544, 'subsample': 0.6951267818729453, 'learning_rate': 0.012931007972465861, 'max_depth': 9, 'min_child_weight': 148, 'eval_metric': 'rmse'}. Best is trial 140 with value: 0.693976497093345.
start listen on 192.168.1.101:48129
@tracker All of 1 nodes getting started
@tracker All nodes finishes job
Trial 221 finished with value: 0.6942412558995653 and parameters: {'objective': 'reg:squarederror', 'tree_method': 'gpu_hist', 'lambda': 0.07528397257896255, 'alpha': 0.11044393047370585, 'colsample_bytree': 0.5350155003849056, 'subsample': 0.6436023703645875, 'learning_rate': 0.011098429447849407, 'max_depth': 20, 'min_child_weight': 176, 'eval_metric': 'rmse'}. Best is trial 140 with value: 0.693976497093345.
start listen on 192.168.1.101:37687
@tracker All of 1 nodes getting started
@tracker All nodes finishes job
Trial 222 finished with value: 0.7224888945478608 and parameters: {'objective': 'reg:squarederror', 'tree_method': 'gpu_hist', 'lambda': 0.09922586447261801, 'alpha': 0.10453978783091121, 'colsample_bytree': 0.5074105294605882, 'subsample': 0.6446250538494867, 'learning_rate': 0.09465284837467411, 'max_depth': 20, 'min_child_weight': 173, 'eval_metric': 'rmse'}. Best is trial 140 with value: 0.693976497093345.
start listen on 192.168.1.101:56667
@tracker All of 1 nodes getting started
@tracker All nodes finishes job
Trial 223 finished with value: 0.6940844862565625 and parameters: {'objective': 'reg:squarederror', 'tree_method': 'gpu_hist', 'lambda': 0.05371498571719898, 'alpha': 0.1481229329864086, 'colsample_bytree': 0.5388240339381012, 'subsample': 0.6547665374467705, 'learning_rate': 0.011820368271431228, 'max_depth': 20, 'min_child_weight': 166, 'eval_metric': 'rmse'}. Best is trial 140 with value: 0.693976497093345.
start listen on 192.168.1.101:39763
@tracker All of 1 nodes getting started
@tracker All nodes finishes job
Trial 224 finished with value: 0.694202263469463 and parameters: {'objective': 'reg:squarederror', 'tree_method': 'gpu_hist', 'lambda': 0.06623163352370671, 'alpha': 0.1840068572497696, 'colsample_bytree': 0.5229976011540737, 'subsample': 0.6553092134843987, 'learning_rate': 0.011855317450564699, 'max_depth': 20, 'min_child_weight': 164, 'eval_metric': 'rmse'}. Best is trial 140 with value: 0.693976497093345.
start listen on 192.168.1.101:39939
@tracker All of 1 nodes getting started
@tracker All nodes finishes job
Trial 225 finished with value: 0.6942643488098105 and parameters: {'objective': 'reg:squarederror', 'tree_method': 'gpu_hist', 'lambda': 0.05670202601307749, 'alpha': 0.15927192500837903, 'colsample_bytree': 0.5472648605244133, 'subsample': 0.6590044791788671, 'learning_rate': 0.011964881987093499, 'max_depth': 20, 'min_child_weight': 166, 'eval_metric': 'rmse'}. Best is trial 140 with value: 0.693976497093345.
start listen on 192.168.1.101:50287
@tracker All of 1 nodes getting started
@tracker All nodes finishes job
Trial 226 finished with value: 0.6943688293498598 and parameters: {'objective': 'reg:squarederror', 'tree_method': 'gpu_hist', 'lambda': 0.0633917102836298, 'alpha': 0.20083244187797175, 'colsample_bytree': 0.5238495341619448, 'subsample': 0.6759640332696419, 'learning_rate': 0.013229869573920274, 'max_depth': 20, 'min_child_weight': 164, 'eval_metric': 'rmse'}. Best is trial 140 with value: 0.693976497093345.
start listen on 192.168.1.101:39653
@tracker All of 1 nodes getting started
@tracker All nodes finishes job
Trial 227 finished with value: 0.6942704694033683 and parameters: {'objective': 'reg:squarederror', 'tree_method': 'gpu_hist', 'lambda': 0.04453367001774488, 'alpha': 0.15547981151981272, 'colsample_bytree': 0.5696947606711296, 'subsample': 0.6312159142468978, 'learning_rate': 0.01167692893299572, 'max_depth': 20, 'min_child_weight': 157, 'eval_metric': 'rmse'}. Best is trial 140 with value: 0.693976497093345.
start listen on 192.168.1.101:45103
@tracker All of 1 nodes getting started
@tracker All nodes finishes job
Trial 228 finished with value: 0.6945231529427425 and parameters: {'objective': 'reg:squarederror', 'tree_method': 'gpu_hist', 'lambda': 0.0814226500362805, 'alpha': 0.13837339165917456, 'colsample_bytree': 0.5354730197808674, 'subsample': 0.6538837074834906, 'learning_rate': 0.013965279444147449, 'max_depth': 20, 'min_child_weight': 143, 'eval_metric': 'rmse'}. Best is trial 140 with value: 0.693976497093345.
start listen on 192.168.1.101:58421
@tracker All of 1 nodes getting started
@tracker All nodes finishes job
Trial 229 finished with value: 0.6951968232611337 and parameters: {'objective': 'reg:squarederror', 'tree_method': 'gpu_hist', 'lambda': 0.05224609507328312, 'alpha': 0.08707313619431907, 'colsample_bytree': 0.5585027711548116, 'subsample': 0.6255697778434856, 'learning_rate': 0.010053852447553259, 'max_depth': 11, 'min_child_weight': 168, 'eval_metric': 'rmse'}. Best is trial 140 with value: 0.693976497093345.
start listen on 192.168.1.101:40993
@tracker All of 1 nodes getting started
@tracker All nodes finishes job
Trial 230 finished with value: 0.6941730768882973 and parameters: {'objective': 'reg:squarederror', 'tree_method': 'gpu_hist', 'lambda': 0.7313760817297057, 'alpha': 0.11337655269942584, 'colsample_bytree': 0.5206927356995145, 'subsample': 0.6711710258272121, 'learning_rate': 0.012408378661149673, 'max_depth': 15, 'min_child_weight': 151, 'eval_metric': 'rmse'}. Best is trial 140 with value: 0.693976497093345.
start listen on 192.168.1.101:34169
@tracker All of 1 nodes getting started
@tracker All nodes finishes job
Trial 231 finished with value: 0.6943099195463746 and parameters: {'objective': 'reg:squarederror', 'tree_method': 'gpu_hist', 'lambda': 0.6743509487426823, 'alpha': 0.11836953021297779, 'colsample_bytree': 0.5169280302450469, 'subsample': 0.6707823996378248, 'learning_rate': 0.012341553032244072, 'max_depth': 15, 'min_child_weight': 152, 'eval_metric': 'rmse'}. Best is trial 140 with value: 0.693976497093345.
start listen on 192.168.1.101:54383
@tracker All of 1 nodes getting started
@tracker All nodes finishes job
Trial 232 finished with value: 0.6943520362226745 and parameters: {'objective': 'reg:squarederror', 'tree_method': 'gpu_hist', 'lambda': 0.691565296578404, 'alpha': 0.12992558979362642, 'colsample_bytree': 0.5317587236899814, 'subsample': 0.6847768437879176, 'learning_rate': 0.011233094366931347, 'max_depth': 15, 'min_child_weight': 161, 'eval_metric': 'rmse'}. Best is trial 140 with value: 0.693976497093345.
start listen on 192.168.1.101:60715
@tracker All of 1 nodes getting started
@tracker All nodes finishes job
Trial 233 finished with value: 0.6941885576259355 and parameters: {'objective': 'reg:squarederror', 'tree_method': 'gpu_hist', 'lambda': 0.9481098804481062, 'alpha': 0.17408151264813645, 'colsample_bytree': 0.4975038037522266, 'subsample': 0.6579719270970892, 'learning_rate': 0.012626872623508135, 'max_depth': 15, 'min_child_weight': 148, 'eval_metric': 'rmse'}. Best is trial 140 with value: 0.693976497093345.
start listen on 192.168.1.101:55149
@tracker All of 1 nodes getting started
@tracker All nodes finishes job
Trial 234 finished with value: 0.6942244558515395 and parameters: {'objective': 'reg:squarederror', 'tree_method': 'gpu_hist', 'lambda': 0.7818480291919572, 'alpha': 0.15454423495375452, 'colsample_bytree': 0.4988985994412323, 'subsample': 0.6579232816751985, 'learning_rate': 0.013715268708286104, 'max_depth': 15, 'min_child_weight': 148, 'eval_metric': 'rmse'}. Best is trial 140 with value: 0.693976497093345.
start listen on 192.168.1.101:58445
@tracker All of 1 nodes getting started
@tracker All nodes finishes job
Trial 235 finished with value: 0.6945296159677647 and parameters: {'objective': 'reg:squarederror', 'tree_method': 'gpu_hist', 'lambda': 1.2053003945738343, 'alpha': 0.18427373080125609, 'colsample_bytree': 0.5144933745181337, 'subsample': 0.6494422465935247, 'learning_rate': 0.014873923593082174, 'max_depth': 15, 'min_child_weight': 85, 'eval_metric': 'rmse'}. Best is trial 140 with value: 0.693976497093345.
start listen on 192.168.1.101:59661
@tracker All of 1 nodes getting started
@tracker All nodes finishes job
Trial 236 finished with value: 0.6945416006223892 and parameters: {'objective': 'reg:squarederror', 'tree_method': 'gpu_hist', 'lambda': 1.161086342601453, 'alpha': 0.10051633723346756, 'colsample_bytree': 0.49541864352592435, 'subsample': 0.6679756834590463, 'learning_rate': 0.012591617286233522, 'max_depth': 15, 'min_child_weight': 141, 'eval_metric': 'rmse'}. Best is trial 140 with value: 0.693976497093345.
start listen on 192.168.1.101:48511
@tracker All of 1 nodes getting started
@tracker All nodes finishes job
Trial 237 finished with value: 0.6944327413816699 and parameters: {'objective': 'reg:squarederror', 'tree_method': 'gpu_hist', 'lambda': 0.8740022228955404, 'alpha': 0.07224763828807199, 'colsample_bytree': 0.45593095336965833, 'subsample': 0.639741112760424, 'learning_rate': 0.011722339666739395, 'max_depth': 15, 'min_child_weight': 156, 'eval_metric': 'rmse'}. Best is trial 140 with value: 0.693976497093345.
start listen on 192.168.1.101:51929
@tracker All of 1 nodes getting started
@tracker All nodes finishes job
Trial 238 finished with value: 0.6942310655259073 and parameters: {'objective': 'reg:squarederror', 'tree_method': 'gpu_hist', 'lambda': 0.11930037312040301, 'alpha': 0.20754341204769952, 'colsample_bytree': 0.5225141373705554, 'subsample': 0.6757234559618446, 'learning_rate': 0.013135897080506153, 'max_depth': 15, 'min_child_weight': 182, 'eval_metric': 'rmse'}. Best is trial 140 with value: 0.693976497093345.
start listen on 192.168.1.101:33871
@tracker All of 1 nodes getting started
@tracker All nodes finishes job
Trial 239 finished with value: 0.6940888693934627 and parameters: {'objective': 'reg:squarederror', 'tree_method': 'gpu_hist', 'lambda': 0.9948966860563382, 'alpha': 0.14160563355795253, 'colsample_bytree': 0.5432777152733116, 'subsample': 0.656620205237706, 'learning_rate': 0.010613322177266162, 'max_depth': 20, 'min_child_weight': 163, 'eval_metric': 'rmse'}. Best is trial 140 with value: 0.693976497093345.
start listen on 192.168.1.101:51105
@tracker All of 1 nodes getting started
@tracker All nodes finishes job
Trial 240 finished with value: 0.6942407478102307 and parameters: {'objective': 'reg:squarederror', 'tree_method': 'gpu_hist', 'lambda': 0.9694873753471193, 'alpha': 0.13697113415054216, 'colsample_bytree': 0.5464542654495531, 'subsample': 0.655513086216115, 'learning_rate': 0.010947881664218043, 'max_depth': 20, 'min_child_weight': 163, 'eval_metric': 'rmse'}. Best is trial 140 with value: 0.693976497093345.
start listen on 192.168.1.101:46073
@tracker All of 1 nodes getting started
@tracker All nodes finishes job
Trial 241 finished with value: 0.694297111716159 and parameters: {'objective': 'reg:squarederror', 'tree_method': 'gpu_hist', 'lambda': 0.7458880788221469, 'alpha': 0.11611399003605388, 'colsample_bytree': 0.5318667321643802, 'subsample': 0.6613522119489327, 'learning_rate': 0.012264024676723606, 'max_depth': 20, 'min_child_weight': 170, 'eval_metric': 'rmse'}. Best is trial 140 with value: 0.693976497093345.
start listen on 192.168.1.101:60847
@tracker All of 1 nodes getting started
@tracker All nodes finishes job
Trial 242 finished with value: 0.6941826826318763 and parameters: {'objective': 'reg:squarederror', 'tree_method': 'gpu_hist', 'lambda': 0.0298256253677917, 'alpha': 0.16185475181804396, 'colsample_bytree': 0.5042538700930744, 'subsample': 0.6468752564031017, 'learning_rate': 0.010758508756162747, 'max_depth': 20, 'min_child_weight': 157, 'eval_metric': 'rmse'}. Best is trial 140 with value: 0.693976497093345.
start listen on 192.168.1.101:44853
@tracker All of 1 nodes getting started
@tracker All nodes finishes job
Trial 243 finished with value: 0.6942158654770714 and parameters: {'objective': 'reg:squarederror', 'tree_method': 'gpu_hist', 'lambda': 0.03680509814784456, 'alpha': 0.17783318497099138, 'colsample_bytree': 0.5073498217112322, 'subsample': 0.6384218682424992, 'learning_rate': 0.010470557869399223, 'max_depth': 20, 'min_child_weight': 158, 'eval_metric': 'rmse'}. Best is trial 140 with value: 0.693976497093345.
start listen on 192.168.1.101:40797
@tracker All of 1 nodes getting started
@tracker All nodes finishes job
Trial 244 finished with value: 0.6944884599124171 and parameters: {'objective': 'reg:squarederror', 'tree_method': 'gpu_hist', 'lambda': 1.5212432573021255, 'alpha': 0.14882037360561579, 'colsample_bytree': 0.5430259489079718, 'subsample': 0.6204995945465888, 'learning_rate': 0.009858352625085439, 'max_depth': 20, 'min_child_weight': 152, 'eval_metric': 'rmse'}. Best is trial 140 with value: 0.693976497093345.
start listen on 192.168.1.101:57083
@tracker All of 1 nodes getting started
@tracker All nodes finishes job
Trial 245 finished with value: 0.6943340462805887 and parameters: {'objective': 'reg:squarederror', 'tree_method': 'gpu_hist', 'lambda': 1.8989359277839322, 'alpha': 0.17830297511030344, 'colsample_bytree': 0.521855651643992, 'subsample': 0.6517101698448372, 'learning_rate': 0.01144817627656836, 'max_depth': 20, 'min_child_weight': 162, 'eval_metric': 'rmse'}. Best is trial 140 with value: 0.693976497093345.
start listen on 192.168.1.101:43939
@tracker All of 1 nodes getting started
@tracker All nodes finishes job
Trial 246 finished with value: 0.694356384899345 and parameters: {'objective': 'reg:squarederror', 'tree_method': 'gpu_hist', 'lambda': 1.0326875968953064, 'alpha': 0.12244772965409069, 'colsample_bytree': 0.5081855785269825, 'subsample': 0.6337732594770019, 'learning_rate': 0.010761254019493885, 'max_depth': 20, 'min_child_weight': 166, 'eval_metric': 'rmse'}. Best is trial 140 with value: 0.693976497093345.
start listen on 192.168.1.101:45251
@tracker All of 1 nodes getting started
@tracker All nodes finishes job
Trial 247 finished with value: 0.6942019854668245 and parameters: {'objective': 'reg:squarederror', 'tree_method': 'gpu_hist', 'lambda': 0.03152368416487191, 'alpha': 0.2366548738096765, 'colsample_bytree': 0.5571754446833456, 'subsample': 0.648694972619608, 'learning_rate': 0.009280665945760503, 'max_depth': 20, 'min_child_weight': 174, 'eval_metric': 'rmse'}. Best is trial 140 with value: 0.693976497093345.
start listen on 192.168.1.101:41663
@tracker All of 1 nodes getting started
@tracker All nodes finishes job
Trial 248 finished with value: 0.694407979256063 and parameters: {'objective': 'reg:squarederror', 'tree_method': 'gpu_hist', 'lambda': 0.03030012704537701, 'alpha': 0.1461355064645363, 'colsample_bytree': 0.5600652050631084, 'subsample': 0.6489541044051204, 'learning_rate': 0.013727071139746074, 'max_depth': 20, 'min_child_weight': 172, 'eval_metric': 'rmse'}. Best is trial 140 with value: 0.693976497093345.
start listen on 192.168.1.101:60277
@tracker All of 1 nodes getting started
@tracker All nodes finishes job
Trial 249 finished with value: 0.6942147666473055 and parameters: {'objective': 'reg:squarederror', 'tree_method': 'gpu_hist', 'lambda': 0.03468212222328308, 'alpha': 0.20459899763181358, 'colsample_bytree': 0.5493718660428292, 'subsample': 0.6636018894464983, 'learning_rate': 0.009528851967834703, 'max_depth': 20, 'min_child_weight': 182, 'eval_metric': 'rmse'}. Best is trial 140 with value: 0.693976497093345.
start listen on 192.168.1.101:32885
@tracker All of 1 nodes getting started
@tracker All nodes finishes job
Trial 250 finished with value: 0.7016140043280327 and parameters: {'objective': 'reg:squarederror', 'tree_method': 'gpu_hist', 'lambda': 0.33877456430379316, 'alpha': 0.2249921518495121, 'colsample_bytree': 0.5359428849153747, 'subsample': 0.6408813261997848, 'learning_rate': 0.01178380235994317, 'max_depth': 5, 'min_child_weight': 175, 'eval_metric': 'rmse'}. Best is trial 140 with value: 0.693976497093345.
start listen on 192.168.1.101:41073
@tracker All of 1 nodes getting started
@tracker All nodes finishes job
