number,value,params_alpha,params_colsample_bytree,params_eval_metric,params_lambda,params_learning_rate,params_max_depth,params_min_child_weight,params_objective,params_subsample,params_tree_method,state
902,0.6941493040349203,0.31365799444155895,0.5150961727286091,rmse,0.19539734838573747,0.01225743043207162,15,130,reg:squarederror,0.6702073274152401,gpu_hist,COMPLETE
903,0.6944138180981575,0.3447467208276251,0.5726860349379638,rmse,0.1510504419728667,0.010878052660206163,20,146,reg:squarederror,0.6423668651714963,gpu_hist,COMPLETE
904,0.694960249536749,0.25230918782763984,0.5402683993562483,rmse,0.12200630965527874,0.016068054204893916,20,141,reg:squarederror,0.7033935561218051,gpu_hist,COMPLETE
905,0.6948131591536181,0.316521980387443,0.5844501951576887,rmse,0.11612571479486451,0.013436466202798493,20,133,reg:squarederror,0.6454969910149548,gpu_hist,COMPLETE
906,0.6940621659984978,0.22932414733248077,0.5321915456370901,rmse,0.1465784375251382,0.010266043726932744,20,145,reg:squarederror,0.6863220556804812,gpu_hist,COMPLETE
907,0.6943365153627479,0.27758989367091297,0.5490459985334468,rmse,0.24118196149307233,0.012075773104365877,20,147,reg:squarederror,0.6936137169852182,gpu_hist,COMPLETE
908,0.7088400570270208,0.19269080305002104,0.5568093684470796,rmse,0.1689042306115786,0.011066407088935155,3,146,reg:squarederror,0.7011416864576231,gpu_hist,COMPLETE
909,0.6941826987580912,0.2241786415995816,0.5339497378967334,rmse,0.1809849785785963,0.010362569062718721,20,149,reg:squarederror,0.7085194671154027,gpu_hist,COMPLETE
910,0.6944187613953506,4.249111649098289,0.5653450622728281,rmse,0.13476814955534983,0.011759475587720744,15,143,reg:squarederror,0.6896080851947685,gpu_hist,COMPLETE
911,0.694306733953631,0.28274590266367094,0.5449836704403278,rmse,0.2097031966816675,0.01285184855332557,20,148,reg:squarederror,0.6565348059116067,gpu_hist,COMPLETE
912,0.6943318664105038,0.381862177618571,0.5288579011864183,rmse,0.15398268764241088,0.0096927719700836,20,150,reg:squarederror,0.6762634691218385,gpu_hist,COMPLETE
913,0.6945683573576811,0.21776608191208882,0.5781191123722887,rmse,0.2970700550627978,0.011273170533377007,20,143,reg:squarederror,0.7191403243492931,gpu_hist,COMPLETE
914,0.6946221990974486,0.19310440335582754,0.557890623505328,rmse,0.004666592382931781,0.014103491508839872,20,138,reg:squarederror,0.6872767773358341,gpu_hist,COMPLETE
915,0.6940622047791093,0.20471999370230973,0.5296498363474093,rmse,0.1882485518669035,0.010537448605808852,20,113,reg:squarederror,0.6681974566678607,gpu_hist,COMPLETE
916,0.6940812660289186,0.21633756656745098,0.5287799107629432,rmse,0.2525396853282676,0.009496548727854038,20,119,reg:squarederror,0.6702694932880691,gpu_hist,COMPLETE
917,0.6943632745549558,0.18623598227082344,0.522436234825547,rmse,0.18136285219508885,0.010167403016227346,20,110,reg:squarederror,0.7026853133972102,gpu_hist,COMPLETE
918,0.7133497272771404,0.24936415604005757,0.5000615922471477,rmse,0.20085350963519638,0.06389848040342586,20,120,reg:squarederror,0.6811297665659319,gpu_hist,COMPLETE
919,0.6940381549949309,0.16966573702847432,0.5381317256131022,rmse,0.15069572133295606,0.00924199084598798,20,103,reg:squarederror,0.687506546538218,gpu_hist,COMPLETE
920,0.6943512612671072,0.1508091453890978,0.5174726782220811,rmse,0.2476151283614485,0.008823841693340146,20,91,reg:squarederror,0.704786556800038,gpu_hist,COMPLETE
921,0.694177790539669,0.011339961053360163,0.5388613294073149,rmse,0.22492638054608116,0.00823994863860951,20,111,reg:squarederror,0.6918766739910386,gpu_hist,COMPLETE
922,0.6943881433134439,0.16907919464339569,0.5487942682942092,rmse,0.2102243712776513,0.008952338024359957,20,110,reg:squarederror,0.7110950902738664,gpu_hist,COMPLETE
923,0.6940405535303291,0.14581001526562942,0.5067105501908871,rmse,0.15537080119726232,0.009324297142105772,20,98,reg:squarederror,0.6945982269986191,gpu_hist,COMPLETE
924,0.6942624599511997,0.18132750675750797,0.49428968192113015,rmse,0.1726478580490923,0.00825098680974992,20,101,reg:squarederror,0.7268363821301773,gpu_hist,COMPLETE
925,0.6943101831462573,0.1455959295926491,0.5068203476272454,rmse,0.18200984822607674,0.0075040385504454585,20,107,reg:squarederror,0.6984875724035869,gpu_hist,COMPLETE
926,0.6941836557319582,0.1801980221555096,0.48528267319724033,rmse,0.1400693296973658,0.008859883384744182,20,104,reg:squarederror,0.7156317755643168,gpu_hist,COMPLETE
927,0.6943689730893524,0.14548766553013726,0.5053972988675444,rmse,0.20819724801606004,0.007055322707056436,20,105,reg:squarederror,0.6928787275450723,gpu_hist,COMPLETE
928,0.6943668035323364,0.1724067811321532,0.4863969617895278,rmse,0.15532841927828514,0.007815557003003192,20,98,reg:squarederror,0.704688918257053,gpu_hist,COMPLETE
929,0.6941552978324053,0.01679035508837499,0.46913289569086775,rmse,0.14909544714610684,0.009238255003108865,20,103,reg:squarederror,0.6879284800474923,gpu_hist,COMPLETE
930,0.6943409471708892,0.21114529669524396,0.5129514592255356,rmse,0.25748083359777724,0.009486728220971855,20,104,reg:squarederror,0.48971222842217027,gpu_hist,COMPLETE
931,0.6943305970097783,0.14508923401307947,0.4988678493496473,rmse,0.19032303176858195,0.008140607756491374,20,129,reg:squarederror,0.7180635482705906,gpu_hist,COMPLETE
932,0.6944819949975729,0.18852141406148576,0.5238899877736188,rmse,0.16097770875686743,0.0095716560474664,13,97,reg:squarederror,0.683124447939393,gpu_hist,COMPLETE
933,0.6993939949868375,0.13448948926212537,0.3915267793543,rmse,0.183049163816429,0.00872816788250541,7,90,reg:squarederror,0.7031547362101134,gpu_hist,COMPLETE
934,0.694118400639057,0.02077943180753504,0.51010542966021,rmse,0.13929304649764374,0.009645182292294054,20,111,reg:squarederror,0.6936281226583247,gpu_hist,COMPLETE
935,0.6967739070294791,0.16214976471964665,0.4884536541724528,rmse,0.2757794701505442,0.008469058982877073,9,95,reg:squarederror,0.7108369776497768,gpu_hist,COMPLETE
936,0.6942710791313196,0.21694150569345688,0.5213856284329463,rmse,0.20831667187353678,0.010204107825085898,20,96,reg:squarederror,0.6783611606376239,gpu_hist,COMPLETE
937,0.6964812709682298,0.13415697930206985,0.5081986791461672,rmse,0.14551097991720852,0.006527136438181523,11,114,reg:squarederror,0.6698420041091483,gpu_hist,COMPLETE
938,0.6940715390090249,0.16700747038327685,0.5264449661579755,rmse,0.13522587549245987,0.009446547215737493,20,99,reg:squarederror,0.7289437902508583,gpu_hist,COMPLETE
939,0.6942700592269296,0.24557889274514755,0.4517496811326187,rmse,0.16987087491339067,0.010151444769221803,20,94,reg:squarederror,0.6988406882948383,gpu_hist,COMPLETE
940,0.694283913999964,0.19722285922160088,0.4939907970404328,rmse,0.2133789566357215,0.008710941903008827,20,104,reg:squarederror,0.6867102309850116,gpu_hist,COMPLETE
941,0.6942982707400236,0.29489591247322233,0.6508146221269201,rmse,0.1596256055733294,0.009845575021485467,20,118,reg:squarederror,0.6652399209511097,gpu_hist,COMPLETE
942,0.6944651556718896,0.1300851274098454,0.5202863344815759,rmse,0.1254797157748559,0.007488388796747858,20,105,reg:squarederror,0.7109353567396763,gpu_hist,COMPLETE
943,0.6941858550487662,0.15996674528176824,0.47998178425831517,rmse,0.24853478382503666,0.010621830260720652,20,115,reg:squarederror,0.6800016875598301,gpu_hist,COMPLETE
944,0.7033307973066689,0.023887821807577467,0.5330419299289686,rmse,0.3340749339923075,0.008911061503557373,5,111,reg:squarederror,0.6948117918985155,gpu_hist,COMPLETE
945,0.6942738218175547,0.014550037020078645,0.5007603142496466,rmse,0.12933753162587758,0.010302141590102589,20,100,reg:squarederror,0.7220124824011156,gpu_hist,COMPLETE
946,0.694116045562668,0.13965365204147376,0.5149749910504322,rmse,0.18502922349716527,0.009309947543740505,20,109,reg:squarederror,0.6841944665872622,gpu_hist,COMPLETE
947,0.6942518134998775,0.2712467109929605,0.5262833286250144,rmse,0.15512161574083586,0.007951860967357565,20,92,reg:squarederror,0.7413168484655258,gpu_hist,COMPLETE
948,0.6941071870035934,0.18125870446875514,0.540775822975005,rmse,0.1167511227264976,0.010845630257640923,17,87,reg:squarederror,0.6639318686353856,gpu_hist,COMPLETE
949,0.6943179649230367,0.13350584469249682,0.46463960281435257,rmse,0.28944645648199124,0.009710064617697925,20,97,reg:squarederror,0.6724378653566032,gpu_hist,COMPLETE
950,0.6943139214981787,0.019026048416736625,0.506807640650704,rmse,0.21336050291300288,0.008712216356947015,20,106,reg:squarederror,0.7038922364485394,gpu_hist,COMPLETE
951,0.6943125324750822,0.20390251550921543,0.5302590293576883,rmse,0.1420191498804065,0.010494962622979206,20,99,reg:squarederror,0.6926619304934203,gpu_hist,COMPLETE
952,0.6984977436999961,0.1549351242062983,0.4365479480191736,rmse,0.10678661258867729,0.009471583290654619,20,1,reg:squarederror,0.711619661005052,gpu_hist,COMPLETE
953,0.7088313240045904,0.22903825847636333,0.5432259315617628,rmse,0.16899418084736473,0.011187424747187624,3,84,reg:squarederror,0.8204906142440008,gpu_hist,COMPLETE
954,0.6941410120588745,0.27943092479537474,0.49698295474775334,rmse,0.13009061139120384,0.010160489300598317,20,104,reg:squarederror,0.6782777791982469,gpu_hist,COMPLETE
955,0.6943189531189784,0.3624710853547295,0.710924800975091,rmse,0.19012028445219126,0.008222797174629166,20,111,reg:squarederror,0.6972862007702081,gpu_hist,COMPLETE
956,0.6945232848014218,0.001678035043405349,0.5182172983667273,rmse,0.09968769236454494,0.011100928993645497,20,97,reg:squarederror,0.6852353317121223,gpu_hist,COMPLETE
957,0.6942435552764957,0.12366689622797498,0.5320706977458023,rmse,0.2327922924498647,0.009253899448323766,20,91,reg:squarederror,0.6601003668662299,gpu_hist,COMPLETE
958,0.6947946385619064,0.17244348050020133,0.8956259673683642,rmse,0.3649973145665672,0.010420367211908756,20,85,reg:squarederror,0.720707547647673,gpu_hist,COMPLETE
959,0.6944972316761119,0.14777869461717744,0.4792187822043271,rmse,0.15394033704445798,0.011310518064461922,13,118,reg:squarederror,0.7052107232896297,gpu_hist,COMPLETE
960,0.6942749190966199,0.20029621832956498,0.5458660927927866,rmse,0.12087241158693454,0.008692396368100583,20,113,reg:squarederror,0.6724844551827978,gpu_hist,COMPLETE
961,0.6943647429304194,0.12501197585013604,0.5128066875664594,rmse,0.010139680927907943,0.009783666690469867,20,90,reg:squarederror,0.8626615398565245,gpu_hist,COMPLETE
962,0.6979138067250277,0.23947351893412042,0.49410114925570503,rmse,0.17622040344165316,0.07442793720187382,7,98,reg:squarederror,0.6890373853954678,gpu_hist,COMPLETE
963,0.6954267424296612,0.024389017025844107,0.5275004913302,rmse,0.13539645473928913,0.011985744013481124,9,106,reg:squarederror,0.655239840079014,gpu_hist,COMPLETE
964,0.6942360845858074,0.19059248236144108,0.5483669092502823,rmse,0.1028295472264712,0.01035512887092702,20,107,reg:squarederror,0.6998232084463658,gpu_hist,COMPLETE
965,2.0797307185873164,0.15085882598600447,0.5100081847011837,rmse,0.28118472546413636,0.001333041020233868,20,112,reg:squarederror,0.6787588642910531,gpu_hist,COMPLETE
966,0.6947240031014101,0.3086098052281128,0.6640050776349632,rmse,0.0880786941565602,0.01168511182327734,20,101,reg:squarederror,0.6650535921101851,gpu_hist,COMPLETE
967,0.6945231254412619,0.12999153587490822,0.5269676680284318,rmse,0.21195149686862683,0.00767744513034215,20,124,reg:squarederror,0.7124488441524143,gpu_hist,COMPLETE
968,0.6960067070793401,0.1721385309722036,0.5547609987460331,rmse,0.5482363852697802,0.009263417484774902,11,278,reg:squarederror,0.6895123882746333,gpu_hist,COMPLETE
969,0.6942195943636404,0.006306506456686577,0.5380646939930829,rmse,0.1556247933458902,0.01042022891528321,20,93,reg:squarederror,0.7025596928198882,gpu_hist,COMPLETE
970,0.6943955379915058,0.11479472640549405,0.5032909727958952,rmse,0.11107353026373847,0.011843319071043669,20,150,reg:squarederror,0.7304757375246833,gpu_hist,COMPLETE
971,0.6941797790527033,0.01760472520738546,0.479076607834362,rmse,0.01210181113794895,0.008461904993021779,20,114,reg:squarederror,0.673697801357067,gpu_hist,COMPLETE
972,0.7027254988148626,0.21965155295351957,0.5386933714545439,rmse,0.1260294010037269,0.009749825562487059,5,101,reg:squarederror,0.6870309202942724,gpu_hist,COMPLETE
973,0.6949399035512989,0.36231006658584125,0.8534116778962971,rmse,0.08374951186683896,0.006930148734918647,20,145,reg:squarederror,0.6518456528298604,gpu_hist,COMPLETE
974,0.6942074647253474,0.1609950533005557,0.5219819365148114,rmse,0.23144779042384855,0.010995949813103466,20,151,reg:squarederror,0.7148153885064646,gpu_hist,COMPLETE
975,0.6948071019875255,0.2542964294323804,0.5595706755879382,rmse,0.17941020346132877,0.012713714356825782,20,82,reg:squarederror,0.697020031152993,gpu_hist,COMPLETE
976,0.6942858378174073,0.11914139609588613,0.4941689322640506,rmse,0.1389925246830117,0.009148126643884856,20,126,reg:squarederror,0.6659538375708473,gpu_hist,COMPLETE
977,0.6942944302629723,0.19074734307165195,0.5110815555009555,rmse,0.1022398361017175,0.010691861269119024,20,142,reg:squarederror,0.682846709035128,gpu_hist,COMPLETE
978,0.6942480498649948,0.027861875229526732,0.5440256228982902,rmse,0.4133700855741649,0.009854212846697066,20,153,reg:squarederror,0.7219573922950987,gpu_hist,COMPLETE
979,0.6941322971353587,0.012755373243952907,0.520452587646652,rmse,0.16279826596121666,0.011697470684582429,17,146,reg:squarederror,0.7056243815916766,gpu_hist,COMPLETE
980,0.6943536143727135,0.14243158732425215,0.558390021387941,rmse,0.12183500123978641,0.008658854547131832,20,134,reg:squarederror,0.6735623071865265,gpu_hist,COMPLETE
981,0.7090693262113549,0.11976593145996921,0.5342687990467293,rmse,0.19618236193059388,0.01062407109598862,3,116,reg:squarederror,0.6926488977218448,gpu_hist,COMPLETE
982,0.6946082772906718,0.02235811734847946,0.5008778795244333,rmse,0.08640837923698609,0.012122991932318042,20,106,reg:squarederror,0.6528729937050025,gpu_hist,COMPLETE
983,0.6942073041923896,0.16607330509894336,0.46273356291190404,rmse,0.010108145398502645,0.009667137716617888,20,94,reg:squarederror,0.7855263496420054,gpu_hist,COMPLETE
984,0.694284016068233,0.2383111288316927,0.5454000484392701,rmse,0.1404423257935731,0.011036863570550814,20,140,reg:squarederror,0.7408993748065235,gpu_hist,COMPLETE
985,0.6942227901031002,0.19715869655363166,0.5187316009962619,rmse,0.25847347989818736,0.012956844786357445,20,150,reg:squarederror,0.6758548983933279,gpu_hist,COMPLETE
986,0.6944550114233636,0.140016438404088,0.48529283775149656,rmse,0.10588803603303651,0.007998993543805519,20,121,reg:squarederror,0.6986073300631204,gpu_hist,COMPLETE
987,0.6943839912523226,0.27599715750509757,0.5672978105747852,rmse,0.07161972494748056,0.009182385850117825,20,154,reg:squarederror,0.663406802769333,gpu_hist,COMPLETE
988,0.6945880440902017,0.11639639150552919,0.5306826395666623,rmse,0.15011075406383262,0.010193674716883734,13,145,reg:squarederror,0.6826897222634889,gpu_hist,COMPLETE
989,0.6942229813803358,0.020105721059985295,0.5520113715702443,rmse,0.00815922845336239,0.011572394082311485,20,134,reg:squarederror,0.7106555076318086,gpu_hist,COMPLETE
990,0.6982640986695159,0.16759791581206915,0.5115791161281891,rmse,0.012329488351811508,0.010479883349977532,7,152,reg:squarederror,0.691040690002301,gpu_hist,COMPLETE
991,0.6942347947015344,0.20529145439381002,0.533685443481501,rmse,0.17771030877868613,0.008852087245316474,20,139,reg:squarederror,0.6675658839375537,gpu_hist,COMPLETE
992,0.6953338395567558,0.14291827710710464,0.5647607670013295,rmse,0.11387169135178218,0.012599120216774194,9,102,reg:squarederror,0.6424396311498608,gpu_hist,COMPLETE
993,0.6943617902189849,0.025578099928614068,0.5019754525899973,rmse,0.08570007735944057,0.010079658310116337,20,206,reg:squarederror,0.7229612331648974,gpu_hist,COMPLETE
994,0.6950955018177511,0.3574884336204862,0.5206105994849893,rmse,0.20145843659941917,0.011410392084248855,11,214,reg:squarederror,0.7045790524684034,gpu_hist,COMPLETE
995,0.6942905700976824,0.01541532006560562,0.5476600168328357,rmse,0.12254306648338278,0.007832124244943405,20,129,reg:squarederror,0.686921235100747,gpu_hist,COMPLETE
996,0.6943603946241869,0.11069287342488308,0.47957639907879396,rmse,0.14392316954944648,0.009581090045591894,20,144,reg:squarederror,0.9361509015206446,gpu_hist,COMPLETE
997,0.6944873816013301,0.28723367131434346,0.5353054173879163,rmse,0.09855152962044245,0.011006129118475474,20,87,reg:squarederror,0.6768980749832841,gpu_hist,COMPLETE
998,0.6941604467878072,0.16859358538626146,0.4941078571222169,rmse,0.2299626985407367,0.013141762470842875,20,153,reg:squarederror,0.6572683032121309,gpu_hist,COMPLETE
999,0.6943774818306632,0.13558412750269522,0.5559026379968065,rmse,0.09709621391089551,0.008594368360039285,20,157,reg:squarederror,0.6987385143775091,gpu_hist,COMPLETE
