Trial 125 finished with value: 0.694432673154169 and parameters: {'objective': 'reg:squarederror', 'tree_method': 'gpu_hist', 'lambda': 0.06890680773417664, 'alpha': 6.188154870542393, 'colsample_bytree': 0.4351097471488731, 'subsample': 0.9992431974701713, 'learning_rate': 0.01755696148219472, 'max_depth': 15, 'min_child_weight': 115, 'eval_metric': 'rmse'}. Best is trial 81 with value: 0.6941099503148108.
start listen on 192.168.1.101:58197
@tracker All of 1 nodes getting started
@tracker All nodes finishes job
Trial 126 finished with value: 0.6941665912237933 and parameters: {'objective': 'reg:squarederror', 'tree_method': 'gpu_hist', 'lambda': 0.1490063034908662, 'alpha': 4.468952123221768, 'colsample_bytree': 0.45648846763727663, 'subsample': 0.9430610330886777, 'learning_rate': 0.01629716868960584, 'max_depth': 15, 'min_child_weight': 145, 'eval_metric': 'rmse'}. Best is trial 81 with value: 0.6941099503148108.
start listen on 192.168.1.101:35331
@tracker All of 1 nodes getting started
@tracker All nodes finishes job
Trial 127 finished with value: 0.6945845308131987 and parameters: {'objective': 'reg:squarederror', 'tree_method': 'gpu_hist', 'lambda': 0.11423101777937847, 'alpha': 4.295168405987311, 'colsample_bytree': 0.501552380492099, 'subsample': 0.9406404788490164, 'learning_rate': 0.011306324430687143, 'max_depth': 15, 'min_child_weight': 122, 'eval_metric': 'rmse'}. Best is trial 81 with value: 0.6941099503148108.
start listen on 192.168.1.101:35709
@tracker All of 1 nodes getting started
@tracker All nodes finishes job
Trial 128 finished with value: 0.6943159143033115 and parameters: {'objective': 'reg:squarederror', 'tree_method': 'gpu_hist', 'lambda': 0.1432004557126865, 'alpha': 2.874569959732924, 'colsample_bytree': 0.4642514002375218, 'subsample': 0.9241066835232787, 'learning_rate': 0.012683246928141817, 'max_depth': 15, 'min_child_weight': 133, 'eval_metric': 'rmse'}. Best is trial 81 with value: 0.6941099503148108.
start listen on 192.168.1.101:55739
@tracker All of 1 nodes getting started
@tracker All nodes finishes job
Trial 129 finished with value: 0.6942467745911052 and parameters: {'objective': 'reg:squarederror', 'tree_method': 'gpu_hist', 'lambda': 0.24110125365027057, 'alpha': 6.66111490648571, 'colsample_bytree': 0.48868904403771085, 'subsample': 0.9758556493338908, 'learning_rate': 0.021835394919938383, 'max_depth': 15, 'min_child_weight': 150, 'eval_metric': 'rmse'}. Best is trial 81 with value: 0.6941099503148108.
start listen on 192.168.1.101:48499
@tracker All of 1 nodes getting started
@tracker All nodes finishes job
Trial 130 finished with value: 0.6956416338322856 and parameters: {'objective': 'reg:squarederror', 'tree_method': 'gpu_hist', 'lambda': 0.27436862089765324, 'alpha': 2.342316485536032, 'colsample_bytree': 0.5288995063657868, 'subsample': 0.9785147619540185, 'learning_rate': 0.026621197555912416, 'max_depth': 15, 'min_child_weight': 151, 'eval_metric': 'rmse'}. Best is trial 81 with value: 0.6941099503148108.
start listen on 192.168.1.101:49505
@tracker All of 1 nodes getting started
@tracker All nodes finishes job
Trial 131 finished with value: 0.6946092419589575 and parameters: {'objective': 'reg:squarederror', 'tree_method': 'gpu_hist', 'lambda': 0.15270183106497426, 'alpha': 6.526531827642774, 'colsample_bytree': 0.4157461953579814, 'subsample': 0.9447552873217818, 'learning_rate': 0.022668119688858204, 'max_depth': 15, 'min_child_weight': 161, 'eval_metric': 'rmse'}. Best is trial 81 with value: 0.6941099503148108.
start listen on 192.168.1.101:36157
@tracker All of 1 nodes getting started
@tracker All nodes finishes job
Trial 132 finished with value: 0.6948241494199873 and parameters: {'objective': 'reg:squarederror', 'tree_method': 'gpu_hist', 'lambda': 0.18608857782175248, 'alpha': 4.751660561938662, 'colsample_bytree': 0.49100206810554126, 'subsample': 0.9821364697585419, 'learning_rate': 0.020880340618716676, 'max_depth': 15, 'min_child_weight': 126, 'eval_metric': 'rmse'}. Best is trial 81 with value: 0.6941099503148108.
start listen on 192.168.1.101:36367
@tracker All of 1 nodes getting started
@tracker All nodes finishes job
Trial 133 finished with value: 0.6942887999834277 and parameters: {'objective': 'reg:squarederror', 'tree_method': 'gpu_hist', 'lambda': 0.22365950867175355, 'alpha': 0.7859099896349198, 'colsample_bytree': 0.4599052211231926, 'subsample': 0.960899875321059, 'learning_rate': 0.013835889391812697, 'max_depth': 15, 'min_child_weight': 144, 'eval_metric': 'rmse'}. Best is trial 81 with value: 0.6941099503148108.
start listen on 192.168.1.101:54577
@tracker All of 1 nodes getting started
@tracker All nodes finishes job
Trial 134 finished with value: 0.6944544489806866 and parameters: {'objective': 'reg:squarederror', 'tree_method': 'gpu_hist', 'lambda': 0.4137275071279547, 'alpha': 0.35291694285247144, 'colsample_bytree': 0.45739365955710315, 'subsample': 0.9662568839782941, 'learning_rate': 0.01452606596616534, 'max_depth': 15, 'min_child_weight': 146, 'eval_metric': 'rmse'}. Best is trial 81 with value: 0.6941099503148108.
start listen on 192.168.1.101:58351
@tracker All of 1 nodes getting started
@tracker All nodes finishes job
Trial 135 finished with value: 0.6945142522434267 and parameters: {'objective': 'reg:squarederror', 'tree_method': 'gpu_hist', 'lambda': 0.24489882282141193, 'alpha': 1.0046661181362826, 'colsample_bytree': 0.48073583129916025, 'subsample': 0.9316851087278077, 'learning_rate': 0.018556879172796577, 'max_depth': 15, 'min_child_weight': 118, 'eval_metric': 'rmse'}. Best is trial 81 with value: 0.6941099503148108.
start listen on 192.168.1.101:38083
@tracker All of 1 nodes getting started
@tracker All nodes finishes job
Trial 136 finished with value: 2.5953462459959677 and parameters: {'objective': 'reg:squarederror', 'tree_method': 'gpu_hist', 'lambda': 0.09499050693050781, 'alpha': 5.417644711210587, 'colsample_bytree': 0.5104913041945631, 'subsample': 0.9929619286888914, 'learning_rate': 0.0010891290728143772, 'max_depth': 15, 'min_child_weight': 171, 'eval_metric': 'rmse'}. Best is trial 81 with value: 0.6941099503148108.
start listen on 192.168.1.101:34393
@tracker All of 1 nodes getting started
@tracker All nodes finishes job
Trial 137 finished with value: 0.694354548779463 and parameters: {'objective': 'reg:squarederror', 'tree_method': 'gpu_hist', 'lambda': 0.30225176301199186, 'alpha': 1.6378564327871015, 'colsample_bytree': 0.4292940460493901, 'subsample': 0.9632443913768314, 'learning_rate': 0.013921595622589081, 'max_depth': 15, 'min_child_weight': 157, 'eval_metric': 'rmse'}. Best is trial 81 with value: 0.6941099503148108.
start listen on 192.168.1.101:45785
@tracker All of 1 nodes getting started
@tracker All nodes finishes job
Trial 138 finished with value: 0.6944063966579707 and parameters: {'objective': 'reg:squarederror', 'tree_method': 'gpu_hist', 'lambda': 0.05633439472712527, 'alpha': 3.3188635688075334, 'colsample_bytree': 0.4512715799254489, 'subsample': 0.952279258535449, 'learning_rate': 0.017088315550903514, 'max_depth': 15, 'min_child_weight': 136, 'eval_metric': 'rmse'}. Best is trial 81 with value: 0.6941099503148108.
start listen on 192.168.1.101:40103
@tracker All of 1 nodes getting started
@tracker All nodes finishes job
Trial 139 finished with value: 0.6944429206378662 and parameters: {'objective': 'reg:squarederror', 'tree_method': 'gpu_hist', 'lambda': 0.19388906874247017, 'alpha': 6.306484400027288, 'colsample_bytree': 0.46869489911658907, 'subsample': 0.9358629334070215, 'learning_rate': 0.019629596346831694, 'max_depth': 15, 'min_child_weight': 111, 'eval_metric': 'rmse'}. Best is trial 81 with value: 0.6941099503148108.
start listen on 192.168.1.101:40615
@tracker All of 1 nodes getting started
@tracker All nodes finishes job
Trial 140 finished with value: 0.6949368978371128 and parameters: {'objective': 'reg:squarederror', 'tree_method': 'gpu_hist', 'lambda': 0.11785820735116974, 'alpha': 4.327806670389773, 'colsample_bytree': 0.4149095549948942, 'subsample': 0.978927642734853, 'learning_rate': 0.024404646545751318, 'max_depth': 15, 'min_child_weight': 150, 'eval_metric': 'rmse'}. Best is trial 81 with value: 0.6941099503148108.
start listen on 192.168.1.101:40949
@tracker All of 1 nodes getting started
@tracker All nodes finishes job
Trial 141 finished with value: 0.6944861900811098 and parameters: {'objective': 'reg:squarederror', 'tree_method': 'gpu_hist', 'lambda': 0.04028703077820297, 'alpha': 0.6053913016298944, 'colsample_bytree': 0.39992503725583795, 'subsample': 0.9216850741229557, 'learning_rate': 0.01507690452672698, 'max_depth': 15, 'min_child_weight': 132, 'eval_metric': 'rmse'}. Best is trial 81 with value: 0.6941099503148108.
start listen on 192.168.1.101:49087
@tracker All of 1 nodes getting started
@tracker All nodes finishes job
Trial 142 finished with value: 0.6941467684309813 and parameters: {'objective': 'reg:squarederror', 'tree_method': 'gpu_hist', 'lambda': 0.047491918446173065, 'alpha': 7.48566584533182, 'colsample_bytree': 0.4448215559719638, 'subsample': 0.9457945287884673, 'learning_rate': 0.0166655182050132, 'max_depth': 15, 'min_child_weight': 143, 'eval_metric': 'rmse'}. Best is trial 81 with value: 0.6941099503148108.
start listen on 192.168.1.101:59559
@tracker All of 1 nodes getting started
@tracker All nodes finishes job
Trial 143 finished with value: 0.6945710630112142 and parameters: {'objective': 'reg:squarederror', 'tree_method': 'gpu_hist', 'lambda': 0.053513480495986226, 'alpha': 8.576278839466466, 'colsample_bytree': 0.4376378516986646, 'subsample': 0.9429874297776966, 'learning_rate': 0.012930628938508194, 'max_depth': 15, 'min_child_weight': 144, 'eval_metric': 'rmse'}. Best is trial 81 with value: 0.6941099503148108.
start listen on 192.168.1.101:51083
@tracker All of 1 nodes getting started
@tracker All nodes finishes job
Trial 144 finished with value: 0.6942493876250607 and parameters: {'objective': 'reg:squarederror', 'tree_method': 'gpu_hist', 'lambda': 0.07635282307964819, 'alpha': 6.933454731286165, 'colsample_bytree': 0.44880918305798706, 'subsample': 0.9708318182506442, 'learning_rate': 0.017076220058063158, 'max_depth': 15, 'min_child_weight': 165, 'eval_metric': 'rmse'}. Best is trial 81 with value: 0.6941099503148108.
start listen on 192.168.1.101:44567
@tracker All of 1 nodes getting started
@tracker All nodes finishes job
Trial 145 finished with value: 0.6943651562875358 and parameters: {'objective': 'reg:squarederror', 'tree_method': 'gpu_hist', 'lambda': 0.07947280314858898, 'alpha': 7.131537861530162, 'colsample_bytree': 0.419726928083986, 'subsample': 0.9739475265426007, 'learning_rate': 0.016213020389885167, 'max_depth': 15, 'min_child_weight': 164, 'eval_metric': 'rmse'}. Best is trial 81 with value: 0.6941099503148108.
start listen on 192.168.1.101:49155
@tracker All of 1 nodes getting started
@tracker All nodes finishes job
Trial 146 finished with value: 0.6952596660657382 and parameters: {'objective': 'reg:squarederror', 'tree_method': 'gpu_hist', 'lambda': 0.06391082557971463, 'alpha': 5.659307460644429, 'colsample_bytree': 0.47865914628195927, 'subsample': 0.9525267797375456, 'learning_rate': 0.021411849688591725, 'max_depth': 9, 'min_child_weight': 173, 'eval_metric': 'rmse'}. Best is trial 81 with value: 0.6941099503148108.
start listen on 192.168.1.101:44483
@tracker All of 1 nodes getting started
@tracker All nodes finishes job
Trial 147 finished with value: 0.6944034907320241 and parameters: {'objective': 'reg:squarederror', 'tree_method': 'gpu_hist', 'lambda': 0.046739475775726916, 'alpha': 9.978633993411517, 'colsample_bytree': 0.44844565884186327, 'subsample': 0.9934383320978488, 'learning_rate': 0.018209223486199914, 'max_depth': 15, 'min_child_weight': 157, 'eval_metric': 'rmse'}. Best is trial 81 with value: 0.6941099503148108.
start listen on 192.168.1.101:59649
@tracker All of 1 nodes getting started
@tracker All nodes finishes job
Trial 148 finished with value: 0.6945568547570328 and parameters: {'objective': 'reg:squarederror', 'tree_method': 'gpu_hist', 'lambda': 0.04625385808786641, 'alpha': 7.638572302091549, 'colsample_bytree': 0.38963928501810374, 'subsample': 0.9154263980494378, 'learning_rate': 0.016950687333234897, 'max_depth': 11, 'min_child_weight': 32, 'eval_metric': 'rmse'}. Best is trial 81 with value: 0.6941099503148108.
start listen on 192.168.1.101:45745
@tracker All of 1 nodes getting started
@tracker All nodes finishes job
Trial 149 finished with value: 0.6966836036818979 and parameters: {'objective': 'reg:squarederror', 'tree_method': 'gpu_hist', 'lambda': 0.09219052068338211, 'alpha': 4.530678640973919, 'colsample_bytree': 0.49736123450572334, 'subsample': 0.9321786024188702, 'learning_rate': 0.01933564101165841, 'max_depth': 7, 'min_child_weight': 166, 'eval_metric': 'rmse'}. Best is trial 81 with value: 0.6941099503148108.
start listen on 192.168.1.101:53437
@tracker All of 1 nodes getting started
@tracker All nodes finishes job
Trial 150 finished with value: 0.6948960114158562 and parameters: {'objective': 'reg:squarederror', 'tree_method': 'gpu_hist', 'lambda': 0.01762137658414827, 'alpha': 6.2575440894616445, 'colsample_bytree': 0.4083131921414866, 'subsample': 0.984996020473394, 'learning_rate': 0.011791007252078729, 'max_depth': 15, 'min_child_weight': 153, 'eval_metric': 'rmse'}. Best is trial 81 with value: 0.6941099503148108.
start listen on 192.168.1.101:34155
@tracker All of 1 nodes getting started
@tracker All nodes finishes job
Trial 151 finished with value: 0.6942654740802022 and parameters: {'objective': 'reg:squarederror', 'tree_method': 'gpu_hist', 'lambda': 0.1636004012660817, 'alpha': 3.894991728884463, 'colsample_bytree': 0.46370180525271987, 'subsample': 0.9621504956044088, 'learning_rate': 0.01477167887767584, 'max_depth': 15, 'min_child_weight': 142, 'eval_metric': 'rmse'}. Best is trial 81 with value: 0.6941099503148108.
start listen on 192.168.1.101:57453
@tracker All of 1 nodes getting started
@tracker All nodes finishes job
Trial 152 finished with value: 0.6942768893890993 and parameters: {'objective': 'reg:squarederror', 'tree_method': 'gpu_hist', 'lambda': 0.15751887395771572, 'alpha': 3.6451573764922442, 'colsample_bytree': 0.4318013510934514, 'subsample': 0.969255017038281, 'learning_rate': 0.015297525403372663, 'max_depth': 15, 'min_child_weight': 127, 'eval_metric': 'rmse'}. Best is trial 81 with value: 0.6941099503148108.
start listen on 192.168.1.101:38781
@tracker All of 1 nodes getting started
@tracker All nodes finishes job
Trial 153 finished with value: 0.6944666806698502 and parameters: {'objective': 'reg:squarederror', 'tree_method': 'gpu_hist', 'lambda': 0.16492253632362472, 'alpha': 3.6936324207192848, 'colsample_bytree': 0.4599940349440041, 'subsample': 0.9714280473726455, 'learning_rate': 0.01323736391200597, 'max_depth': 15, 'min_child_weight': 136, 'eval_metric': 'rmse'}. Best is trial 81 with value: 0.6941099503148108.
start listen on 192.168.1.101:54395
@tracker All of 1 nodes getting started
@tracker All nodes finishes job
Trial 154 finished with value: 0.6943170434482474 and parameters: {'objective': 'reg:squarederror', 'tree_method': 'gpu_hist', 'lambda': 0.11894234828914128, 'alpha': 3.0402030193923952, 'colsample_bytree': 0.47818587423839254, 'subsample': 0.9470605478603146, 'learning_rate': 0.01531910208035737, 'max_depth': 15, 'min_child_weight': 191, 'eval_metric': 'rmse'}. Best is trial 81 with value: 0.6941099503148108.
start listen on 192.168.1.101:50743
@tracker All of 1 nodes getting started
@tracker All nodes finishes job
Trial 155 finished with value: 0.6941103532367062 and parameters: {'objective': 'reg:squarederror', 'tree_method': 'gpu_hist', 'lambda': 0.1424544258836738, 'alpha': 8.184298119706238, 'colsample_bytree': 0.42590062176690097, 'subsample': 0.8734703361790437, 'learning_rate': 0.015045573089957666, 'max_depth': 15, 'min_child_weight': 138, 'eval_metric': 'rmse'}. Best is trial 81 with value: 0.6941099503148108.
start listen on 192.168.1.101:59935
@tracker All of 1 nodes getting started
@tracker All nodes finishes job
Trial 156 finished with value: 0.695092666416437 and parameters: {'objective': 'reg:squarederror', 'tree_method': 'gpu_hist', 'lambda': 0.1341029667767188, 'alpha': 8.37507019162564, 'colsample_bytree': 0.44760619131828366, 'subsample': 0.8811489645045648, 'learning_rate': 0.010545036045437656, 'max_depth': 15, 'min_child_weight': 160, 'eval_metric': 'rmse'}. Best is trial 81 with value: 0.6941099503148108.
start listen on 192.168.1.101:37609
@tracker All of 1 nodes getting started
@tracker All nodes finishes job
Trial 157 finished with value: 0.7003134591066611 and parameters: {'objective': 'reg:squarederror', 'tree_method': 'gpu_hist', 'lambda': 0.025443084855908946, 'alpha': 7.068654398837954, 'colsample_bytree': 0.4224626474086367, 'subsample': 0.8717033315034932, 'learning_rate': 0.01769455452156575, 'max_depth': 5, 'min_child_weight': 140, 'eval_metric': 'rmse'}. Best is trial 81 with value: 0.6941099503148108.
start listen on 192.168.1.101:59493
@tracker All of 1 nodes getting started
@tracker All nodes finishes job
Trial 158 finished with value: 0.6945149348673241 and parameters: {'objective': 'reg:squarederror', 'tree_method': 'gpu_hist', 'lambda': 0.10893026151386505, 'alpha': 5.8592924386699226, 'colsample_bytree': 0.4019217430970841, 'subsample': 0.9100231468908174, 'learning_rate': 0.021220387815576804, 'max_depth': 15, 'min_child_weight': 149, 'eval_metric': 'rmse'}. Best is trial 81 with value: 0.6941099503148108.
start listen on 192.168.1.101:36873
@tracker All of 1 nodes getting started
@tracker All nodes finishes job
Trial 159 finished with value: 0.6946399258938791 and parameters: {'objective': 'reg:squarederror', 'tree_method': 'gpu_hist', 'lambda': 0.08058195502246505, 'alpha': 8.31440619935142, 'colsample_bytree': 0.3894570158123129, 'subsample': 0.8979085216200239, 'learning_rate': 0.014045068960073601, 'max_depth': 15, 'min_child_weight': 183, 'eval_metric': 'rmse'}. Best is trial 81 with value: 0.6941099503148108.
start listen on 192.168.1.101:57331
@tracker All of 1 nodes getting started
@tracker All nodes finishes job
Trial 160 finished with value: 0.6944356435542701 and parameters: {'objective': 'reg:squarederror', 'tree_method': 'gpu_hist', 'lambda': 0.03197489591770781, 'alpha': 5.403030236335688, 'colsample_bytree': 0.5248196870941547, 'subsample': 0.7805930567723546, 'learning_rate': 0.019429127544566032, 'max_depth': 15, 'min_child_weight': 175, 'eval_metric': 'rmse'}. Best is trial 81 with value: 0.6941099503148108.
start listen on 192.168.1.101:43137
@tracker All of 1 nodes getting started
@tracker All nodes finishes job
Trial 161 finished with value: 0.707295853696448 and parameters: {'objective': 'reg:squarederror', 'tree_method': 'gpu_hist', 'lambda': 0.16696548904376354, 'alpha': 4.329265241669965, 'colsample_bytree': 0.4407905910827107, 'subsample': 0.9746806480106931, 'learning_rate': 0.01535243559530632, 'max_depth': 3, 'min_child_weight': 129, 'eval_metric': 'rmse'}. Best is trial 81 with value: 0.6941099503148108.
start listen on 192.168.1.101:39641
@tracker All of 1 nodes getting started
@tracker All nodes finishes job
Trial 162 finished with value: 0.6944881439513129 and parameters: {'objective': 'reg:squarederror', 'tree_method': 'gpu_hist', 'lambda': 0.20708587823671723, 'alpha': 7.0777899262567345, 'colsample_bytree': 0.43066461448141247, 'subsample': 0.9346512045153618, 'learning_rate': 0.012332124348862288, 'max_depth': 15, 'min_child_weight': 155, 'eval_metric': 'rmse'}. Best is trial 81 with value: 0.6941099503148108.
start listen on 192.168.1.101:36087
@tracker All of 1 nodes getting started
@tracker All nodes finishes job
Trial 163 finished with value: 0.6954824463569101 and parameters: {'objective': 'reg:squarederror', 'tree_method': 'gpu_hist', 'lambda': 0.5326686159286464, 'alpha': 3.868812837150793, 'colsample_bytree': 0.9585434928683527, 'subsample': 0.9877467272659629, 'learning_rate': 0.015939185140979306, 'max_depth': 15, 'min_child_weight': 121, 'eval_metric': 'rmse'}. Best is trial 81 with value: 0.6941099503148108.
start listen on 192.168.1.101:32823
@tracker All of 1 nodes getting started
@tracker All nodes finishes job
Trial 164 finished with value: 0.7016818772379373 and parameters: {'objective': 'reg:squarederror', 'tree_method': 'gpu_hist', 'lambda': 0.13321535260123413, 'alpha': 6.148594229048795, 'colsample_bytree': 0.4613981893293003, 'subsample': 0.9642869180525263, 'learning_rate': 0.0629551154185784, 'max_depth': 15, 'min_child_weight': 140, 'eval_metric': 'rmse'}. Best is trial 81 with value: 0.6941099503148108.
start listen on 192.168.1.101:38527
@tracker All of 1 nodes getting started
@tracker All nodes finishes job
Trial 165 finished with value: 0.6942663244237514 and parameters: {'objective': 'reg:squarederror', 'tree_method': 'gpu_hist', 'lambda': 0.2631211181626807, 'alpha': 8.657620410378994, 'colsample_bytree': 0.42629178815714125, 'subsample': 0.9188614677279826, 'learning_rate': 0.017740389851212637, 'max_depth': 15, 'min_child_weight': 199, 'eval_metric': 'rmse'}. Best is trial 81 with value: 0.6941099503148108.
start listen on 192.168.1.101:39095
@tracker All of 1 nodes getting started
@tracker All nodes finishes job
Trial 166 finished with value: 0.6943012028217416 and parameters: {'objective': 'reg:squarederror', 'tree_method': 'gpu_hist', 'lambda': 0.021541240778520616, 'alpha': 9.724009597965823, 'colsample_bytree': 0.41246740100772766, 'subsample': 0.890593696015784, 'learning_rate': 0.018262951909180234, 'max_depth': 15, 'min_child_weight': 164, 'eval_metric': 'rmse'}. Best is trial 81 with value: 0.6941099503148108.
start listen on 192.168.1.101:52549
@tracker All of 1 nodes getting started
@tracker All nodes finishes job
