Trial 671 finished with value: 0.6942977050852567 and parameters: {'objective': 'reg:squarederror', 'tree_method': 'gpu_hist', 'lambda': 0.10620344365291942, 'alpha': 0.16942184200696161, 'colsample_bytree': 0.5163198509739664, 'subsample': 0.6834299669252026, 'learning_rate': 0.012357340861580137, 'max_depth': 20, 'min_child_weight': 164, 'eval_metric': 'rmse'}. Best is trial 140 with value: 0.693976497093345.
start listen on 192.168.1.101:54857
@tracker All of 1 nodes getting started
@tracker All nodes finishes job
Trial 672 finished with value: 0.6943449331148865 and parameters: {'objective': 'reg:squarederror', 'tree_method': 'gpu_hist', 'lambda': 0.10100098567635803, 'alpha': 0.09617604201266164, 'colsample_bytree': 0.5210642968717818, 'subsample': 0.7408956053258521, 'learning_rate': 0.008178975497115106, 'max_depth': 20, 'min_child_weight': 158, 'eval_metric': 'rmse'}. Best is trial 140 with value: 0.693976497093345.
start listen on 192.168.1.101:52863
@tracker All of 1 nodes getting started
@tracker All nodes finishes job
Trial 673 finished with value: 0.6948457954851414 and parameters: {'objective': 'reg:squarederror', 'tree_method': 'gpu_hist', 'lambda': 0.2311547886781733, 'alpha': 0.12462495070567586, 'colsample_bytree': 0.8960865875433409, 'subsample': 0.6946112228314415, 'learning_rate': 0.009587831048639733, 'max_depth': 20, 'min_child_weight': 170, 'eval_metric': 'rmse'}. Best is trial 140 with value: 0.693976497093345.
start listen on 192.168.1.101:36329
@tracker All of 1 nodes getting started
@tracker All nodes finishes job
Trial 674 finished with value: 0.6940789354844716 and parameters: {'objective': 'reg:squarederror', 'tree_method': 'gpu_hist', 'lambda': 0.09687394409846024, 'alpha': 0.0636158193278309, 'colsample_bytree': 0.5061790854160432, 'subsample': 0.7103175844086196, 'learning_rate': 0.011666713619039792, 'max_depth': 20, 'min_child_weight': 149, 'eval_metric': 'rmse'}. Best is trial 140 with value: 0.693976497093345.
start listen on 192.168.1.101:33577
@tracker All of 1 nodes getting started
@tracker All nodes finishes job
Trial 675 finished with value: 0.6943411437970954 and parameters: {'objective': 'reg:squarederror', 'tree_method': 'gpu_hist', 'lambda': 0.09390317980822904, 'alpha': 0.06789097249532966, 'colsample_bytree': 0.4644509113179114, 'subsample': 0.7299803631071813, 'learning_rate': 0.010349874483420965, 'max_depth': 20, 'min_child_weight': 147, 'eval_metric': 'rmse'}. Best is trial 140 with value: 0.693976497093345.
start listen on 192.168.1.101:46053
@tracker All of 1 nodes getting started
@tracker All nodes finishes job
Trial 676 finished with value: 0.6941666353846676 and parameters: {'objective': 'reg:squarederror', 'tree_method': 'gpu_hist', 'lambda': 0.09128585665089402, 'alpha': 0.06174949519327051, 'colsample_bytree': 0.490781998271074, 'subsample': 0.7116287114370142, 'learning_rate': 0.009200940626513197, 'max_depth': 20, 'min_child_weight': 146, 'eval_metric': 'rmse'}. Best is trial 140 with value: 0.693976497093345.
start listen on 192.168.1.101:55411
@tracker All of 1 nodes getting started
@tracker All nodes finishes job
Trial 677 finished with value: 0.6942561962098724 and parameters: {'objective': 'reg:squarederror', 'tree_method': 'gpu_hist', 'lambda': 0.15031379893850125, 'alpha': 0.05166302508985668, 'colsample_bytree': 0.5045743712084871, 'subsample': 0.9168307660561068, 'learning_rate': 0.011397399898586078, 'max_depth': 20, 'min_child_weight': 153, 'eval_metric': 'rmse'}. Best is trial 140 with value: 0.693976497093345.
start listen on 192.168.1.101:38239
@tracker All of 1 nodes getting started
@tracker All nodes finishes job
Trial 678 finished with value: 0.7025239600330829 and parameters: {'objective': 'reg:squarederror', 'tree_method': 'gpu_hist', 'lambda': 0.10393652392700752, 'alpha': 0.06699861506788404, 'colsample_bytree': 0.4857566860323233, 'subsample': 0.7208036726104338, 'learning_rate': 0.010275648637063994, 'max_depth': 5, 'min_child_weight': 149, 'eval_metric': 'rmse'}. Best is trial 140 with value: 0.693976497093345.
start listen on 192.168.1.101:44021
@tracker All of 1 nodes getting started
@tracker All nodes finishes job
Trial 679 finished with value: 0.6944317001840086 and parameters: {'objective': 'reg:squarederror', 'tree_method': 'gpu_hist', 'lambda': 0.12643141234583874, 'alpha': 0.08410941288760188, 'colsample_bytree': 0.47221672625465405, 'subsample': 0.7134737248241129, 'learning_rate': 0.013937913461316497, 'max_depth': 20, 'min_child_weight': 155, 'eval_metric': 'rmse'}. Best is trial 140 with value: 0.693976497093345.
start listen on 192.168.1.101:44411
@tracker All of 1 nodes getting started
@tracker All nodes finishes job
Trial 680 finished with value: 0.6941368815188881 and parameters: {'objective': 'reg:squarederror', 'tree_method': 'gpu_hist', 'lambda': 0.10769994381298649, 'alpha': 0.04591147659612579, 'colsample_bytree': 0.50678034681584, 'subsample': 0.7344810266783537, 'learning_rate': 0.00858566390793602, 'max_depth': 20, 'min_child_weight': 146, 'eval_metric': 'rmse'}. Best is trial 140 with value: 0.693976497093345.
start listen on 192.168.1.101:43795
@tracker All of 1 nodes getting started
@tracker All nodes finishes job
Trial 681 finished with value: 0.6941885757461738 and parameters: {'objective': 'reg:squarederror', 'tree_method': 'gpu_hist', 'lambda': 0.07870636588450128, 'alpha': 0.05918523917806492, 'colsample_bytree': 0.5100912694731308, 'subsample': 0.7509745924410557, 'learning_rate': 0.011242670550497704, 'max_depth': 20, 'min_child_weight': 160, 'eval_metric': 'rmse'}. Best is trial 140 with value: 0.693976497093345.
start listen on 192.168.1.101:56033
@tracker All of 1 nodes getting started
@tracker All nodes finishes job
Trial 682 finished with value: 0.6944510043323096 and parameters: {'objective': 'reg:squarederror', 'tree_method': 'gpu_hist', 'lambda': 0.09010103147647232, 'alpha': 0.07750001837821502, 'colsample_bytree': 0.49661787672180047, 'subsample': 0.701958286717176, 'learning_rate': 0.012721910610291466, 'max_depth': 20, 'min_child_weight': 142, 'eval_metric': 'rmse'}. Best is trial 140 with value: 0.693976497093345.
start listen on 192.168.1.101:54767
@tracker All of 1 nodes getting started
@tracker All nodes finishes job
Trial 683 finished with value: 0.6941804776903713 and parameters: {'objective': 'reg:squarederror', 'tree_method': 'gpu_hist', 'lambda': 0.1471382839430643, 'alpha': 0.08989066431347631, 'colsample_bytree': 0.5122188010475139, 'subsample': 0.703827759297629, 'learning_rate': 0.00949412246060344, 'max_depth': 17, 'min_child_weight': 151, 'eval_metric': 'rmse'}. Best is trial 140 with value: 0.693976497093345.
start listen on 192.168.1.101:58509
@tracker All of 1 nodes getting started
@tracker All nodes finishes job
Trial 684 finished with value: 0.6944034728710203 and parameters: {'objective': 'reg:squarederror', 'tree_method': 'gpu_hist', 'lambda': 0.0690872994496276, 'alpha': 0.05624571759028859, 'colsample_bytree': 0.5227397272886656, 'subsample': 0.7196401441431882, 'learning_rate': 0.01089881420954694, 'max_depth': 20, 'min_child_weight': 157, 'eval_metric': 'rmse'}. Best is trial 140 with value: 0.693976497093345.
start listen on 192.168.1.101:48087
@tracker All of 1 nodes getting started
@tracker All nodes finishes job
Trial 685 finished with value: 0.6941879876475341 and parameters: {'objective': 'reg:squarederror', 'tree_method': 'gpu_hist', 'lambda': 0.1769650292049842, 'alpha': 0.03388415530109411, 'colsample_bytree': 0.48773340382950986, 'subsample': 0.6901169652874347, 'learning_rate': 0.012075783408443837, 'max_depth': 20, 'min_child_weight': 149, 'eval_metric': 'rmse'}. Best is trial 140 with value: 0.693976497093345.
start listen on 192.168.1.101:42523
@tracker All of 1 nodes getting started
@tracker All nodes finishes job
Trial 686 finished with value: 0.6944469824565515 and parameters: {'objective': 'reg:squarederror', 'tree_method': 'gpu_hist', 'lambda': 0.07975609307339213, 'alpha': 0.10969205890062501, 'colsample_bytree': 0.5266038110778669, 'subsample': 0.7018392393475569, 'learning_rate': 0.007682128997396041, 'max_depth': 20, 'min_child_weight': 163, 'eval_metric': 'rmse'}. Best is trial 140 with value: 0.693976497093345.
start listen on 192.168.1.101:34649
@tracker All of 1 nodes getting started
@tracker All nodes finishes job
Trial 687 finished with value: 0.6941914606451666 and parameters: {'objective': 'reg:squarederror', 'tree_method': 'gpu_hist', 'lambda': 0.07273230147582603, 'alpha': 0.06720495074111577, 'colsample_bytree': 0.504681010148233, 'subsample': 0.7289623188746238, 'learning_rate': 0.010040254328929134, 'max_depth': 20, 'min_child_weight': 155, 'eval_metric': 'rmse'}. Best is trial 140 with value: 0.693976497093345.
start listen on 192.168.1.101:40693
@tracker All of 1 nodes getting started
@tracker All nodes finishes job
Trial 688 finished with value: 0.7070897140531364 and parameters: {'objective': 'reg:squarederror', 'tree_method': 'gpu_hist', 'lambda': 0.11034831674131777, 'alpha': 0.09221312287338412, 'colsample_bytree': 0.5322222019206254, 'subsample': 0.8812752405689268, 'learning_rate': 0.014945594196860732, 'max_depth': 3, 'min_child_weight': 143, 'eval_metric': 'rmse'}. Best is trial 140 with value: 0.693976497093345.
start listen on 192.168.1.101:43653
@tracker All of 1 nodes getting started
@tracker All nodes finishes job
Trial 689 finished with value: 0.6943321479934241 and parameters: {'objective': 'reg:squarederror', 'tree_method': 'gpu_hist', 'lambda': 0.36406224988851615, 'alpha': 0.07915294026416775, 'colsample_bytree': 0.5161333482127033, 'subsample': 0.6895509876543064, 'learning_rate': 0.008823719395297283, 'max_depth': 20, 'min_child_weight': 161, 'eval_metric': 'rmse'}. Best is trial 140 with value: 0.693976497093345.
start listen on 192.168.1.101:56147
@tracker All of 1 nodes getting started
@tracker All nodes finishes job
Trial 690 finished with value: 0.694336938791305 and parameters: {'objective': 'reg:squarederror', 'tree_method': 'gpu_hist', 'lambda': 0.4753226965615813, 'alpha': 0.04494652852285053, 'colsample_bytree': 0.47078168776744406, 'subsample': 0.7098243828315132, 'learning_rate': 0.011486619101089675, 'max_depth': 20, 'min_child_weight': 151, 'eval_metric': 'rmse'}. Best is trial 140 with value: 0.693976497093345.
start listen on 192.168.1.101:51801
@tracker All of 1 nodes getting started
@tracker All nodes finishes job
Trial 691 finished with value: 0.694370441957933 and parameters: {'objective': 'reg:squarederror', 'tree_method': 'gpu_hist', 'lambda': 0.1382666368984861, 'alpha': 0.1214354221758904, 'colsample_bytree': 0.5348276668521115, 'subsample': 0.689258729081582, 'learning_rate': 0.013237713475515193, 'max_depth': 20, 'min_child_weight': 142, 'eval_metric': 'rmse'}. Best is trial 140 with value: 0.693976497093345.
start listen on 192.168.1.101:34903
@tracker All of 1 nodes getting started
@tracker All nodes finishes job
Trial 692 finished with value: 0.6942863645126205 and parameters: {'objective': 'reg:squarederror', 'tree_method': 'gpu_hist', 'lambda': 0.08977214928528679, 'alpha': 0.09921120272058907, 'colsample_bytree': 0.48984785559293564, 'subsample': 0.6738400694437203, 'learning_rate': 0.009615834094815208, 'max_depth': 20, 'min_child_weight': 157, 'eval_metric': 'rmse'}. Best is trial 140 with value: 0.693976497093345.
start listen on 192.168.1.101:43783
@tracker All of 1 nodes getting started
@tracker All nodes finishes job
Trial 693 finished with value: 0.6939882916025198 and parameters: {'objective': 'reg:squarederror', 'tree_method': 'gpu_hist', 'lambda': 0.09825125962150195, 'alpha': 0.14812803943233793, 'colsample_bytree': 0.5185697368226093, 'subsample': 0.6992055127822924, 'learning_rate': 0.010548986319398403, 'max_depth': 20, 'min_child_weight': 137, 'eval_metric': 'rmse'}. Best is trial 140 with value: 0.693976497093345.
start listen on 192.168.1.101:39081
@tracker All of 1 nodes getting started
@tracker All nodes finishes job
Trial 694 finished with value: 0.6941806611500019 and parameters: {'objective': 'reg:squarederror', 'tree_method': 'gpu_hist', 'lambda': 0.10803019714867738, 'alpha': 0.07081107077085456, 'colsample_bytree': 0.4981055343670718, 'subsample': 0.7155196560689402, 'learning_rate': 0.01044668968069769, 'max_depth': 20, 'min_child_weight': 133, 'eval_metric': 'rmse'}. Best is trial 140 with value: 0.693976497093345.
start listen on 192.168.1.101:53291
@tracker All of 1 nodes getting started
@tracker All nodes finishes job
Trial 695 finished with value: 0.694351191350281 and parameters: {'objective': 'reg:squarederror', 'tree_method': 'gpu_hist', 'lambda': 0.12929493895415736, 'alpha': 0.14776686531686856, 'colsample_bytree': 0.5096654323580746, 'subsample': 0.703652510606657, 'learning_rate': 0.008191400678177347, 'max_depth': 20, 'min_child_weight': 126, 'eval_metric': 'rmse'}. Best is trial 140 with value: 0.693976497093345.
start listen on 192.168.1.101:35369
@tracker All of 1 nodes getting started
@tracker All nodes finishes job
Trial 696 finished with value: 0.697618435372808 and parameters: {'objective': 'reg:squarederror', 'tree_method': 'gpu_hist', 'lambda': 0.0911212299460298, 'alpha': 0.05363932037959615, 'colsample_bytree': 0.5153923381363461, 'subsample': 0.7248609004657529, 'learning_rate': 0.011983036301577996, 'max_depth': 7, 'min_child_weight': 134, 'eval_metric': 'rmse'}. Best is trial 140 with value: 0.693976497093345.
start listen on 192.168.1.101:57071
@tracker All of 1 nodes getting started
@tracker All nodes finishes job
Trial 697 finished with value: 0.6946878029258857 and parameters: {'objective': 'reg:squarederror', 'tree_method': 'gpu_hist', 'lambda': 0.0714009226153454, 'alpha': 0.11855393560507178, 'colsample_bytree': 0.49835926606374936, 'subsample': 0.6980131529236936, 'learning_rate': 0.009215219283956065, 'max_depth': 13, 'min_child_weight': 139, 'eval_metric': 'rmse'}. Best is trial 140 with value: 0.693976497093345.
start listen on 192.168.1.101:41041
@tracker All of 1 nodes getting started
@tracker All nodes finishes job
Trial 698 finished with value: 0.6947596419082122 and parameters: {'objective': 'reg:squarederror', 'tree_method': 'gpu_hist', 'lambda': 0.11667512515314132, 'alpha': 0.018653214123549394, 'colsample_bytree': 0.4808812397186813, 'subsample': 0.7141419521847394, 'learning_rate': 0.006889202076685585, 'max_depth': 20, 'min_child_weight': 138, 'eval_metric': 'rmse'}. Best is trial 140 with value: 0.693976497093345.
start listen on 192.168.1.101:35997
@tracker All of 1 nodes getting started
@tracker All nodes finishes job
Trial 699 finished with value: 0.6960041578673452 and parameters: {'objective': 'reg:squarederror', 'tree_method': 'gpu_hist', 'lambda': 0.09665769739474571, 'alpha': 0.09905404990859908, 'colsample_bytree': 0.45470080162409876, 'subsample': 0.6960025297193941, 'learning_rate': 0.010471474656364808, 'max_depth': 9, 'min_child_weight': 131, 'eval_metric': 'rmse'}. Best is trial 140 with value: 0.693976497093345.
start listen on 192.168.1.101:53933
@tracker All of 1 nodes getting started
@tracker All nodes finishes job
Trial 700 finished with value: 0.6945535624292825 and parameters: {'objective': 'reg:squarederror', 'tree_method': 'gpu_hist', 'lambda': 0.17013277456641393, 'alpha': 0.0035490439331309696, 'colsample_bytree': 0.5227954560410987, 'subsample': 0.7079693851641138, 'learning_rate': 0.013422291019914928, 'max_depth': 11, 'min_child_weight': 146, 'eval_metric': 'rmse'}. Best is trial 140 with value: 0.693976497093345.
start listen on 192.168.1.101:52449
@tracker All of 1 nodes getting started
@tracker All nodes finishes job
Trial 701 finished with value: 0.6943482468846777 and parameters: {'objective': 'reg:squarederror', 'tree_method': 'gpu_hist', 'lambda': 0.08287332056574466, 'alpha': 0.07995336578194466, 'colsample_bytree': 0.5252598061830641, 'subsample': 0.7407304831017281, 'learning_rate': 0.011549211909347474, 'max_depth': 20, 'min_child_weight': 140, 'eval_metric': 'rmse'}. Best is trial 140 with value: 0.693976497093345.
start listen on 192.168.1.101:37273
@tracker All of 1 nodes getting started
@tracker All nodes finishes job
Trial 702 finished with value: 0.6941312722293203 and parameters: {'objective': 'reg:squarederror', 'tree_method': 'gpu_hist', 'lambda': 0.133526800418165, 'alpha': 0.13693456833206696, 'colsample_bytree': 0.5053686429517955, 'subsample': 0.6866113414261612, 'learning_rate': 0.009740519896039426, 'max_depth': 20, 'min_child_weight': 144, 'eval_metric': 'rmse'}. Best is trial 140 with value: 0.693976497093345.
start listen on 192.168.1.101:58321
@tracker All of 1 nodes getting started
@tracker All nodes finishes job
Trial 703 finished with value: 0.694455781024118 and parameters: {'objective': 'reg:squarederror', 'tree_method': 'gpu_hist', 'lambda': 0.06279839492609332, 'alpha': 0.1829241134371533, 'colsample_bytree': 0.53880459288744, 'subsample': 0.44680571317863543, 'learning_rate': 0.012563167183754234, 'max_depth': 20, 'min_child_weight': 149, 'eval_metric': 'rmse'}. Best is trial 140 with value: 0.693976497093345.
start listen on 192.168.1.101:45967
@tracker All of 1 nodes getting started
@tracker All nodes finishes job
Trial 704 finished with value: 0.6944210971102898 and parameters: {'objective': 'reg:squarederror', 'tree_method': 'gpu_hist', 'lambda': 0.11554121379800207, 'alpha': 0.06248517077578068, 'colsample_bytree': 0.5185100980740223, 'subsample': 0.7237655673899687, 'learning_rate': 0.010861832510977878, 'max_depth': 20, 'min_child_weight': 234, 'eval_metric': 'rmse'}. Best is trial 140 with value: 0.693976497093345.
start listen on 192.168.1.101:33427
@tracker All of 1 nodes getting started
@tracker All nodes finishes job
Trial 705 finished with value: 0.6944254467571718 and parameters: {'objective': 'reg:squarederror', 'tree_method': 'gpu_hist', 'lambda': 0.0940955225385919, 'alpha': 1.3051414006728292, 'colsample_bytree': 0.5383669296971944, 'subsample': 0.7002245411208387, 'learning_rate': 0.00864390804533912, 'max_depth': 20, 'min_child_weight': 122, 'eval_metric': 'rmse'}. Best is trial 140 with value: 0.693976497093345.
start listen on 192.168.1.101:45459
@tracker All of 1 nodes getting started
@tracker All nodes finishes job
Trial 706 finished with value: 0.7006112062296586 and parameters: {'objective': 'reg:squarederror', 'tree_method': 'gpu_hist', 'lambda': 0.07686333247999311, 'alpha': 0.03811172272332408, 'colsample_bytree': 0.5046330727011112, 'subsample': 0.681396460231688, 'learning_rate': 0.014309880550440534, 'max_depth': 5, 'min_child_weight': 129, 'eval_metric': 'rmse'}. Best is trial 140 with value: 0.693976497093345.
start listen on 192.168.1.101:36787
@tracker All of 1 nodes getting started
@tracker All nodes finishes job
Trial 707 finished with value: 0.6942123354579324 and parameters: {'objective': 'reg:squarederror', 'tree_method': 'gpu_hist', 'lambda': 0.03146771594547384, 'alpha': 0.08695926748243332, 'colsample_bytree': 0.529080468062793, 'subsample': 0.6926098520869454, 'learning_rate': 0.010145671810593513, 'max_depth': 20, 'min_child_weight': 135, 'eval_metric': 'rmse'}. Best is trial 140 with value: 0.693976497093345.
start listen on 192.168.1.101:60995
@tracker All of 1 nodes getting started
@tracker All nodes finishes job
Trial 708 finished with value: 0.7012059767528918 and parameters: {'objective': 'reg:squarederror', 'tree_method': 'gpu_hist', 'lambda': 0.23384455629404652, 'alpha': 0.02328537168514117, 'colsample_bytree': 0.4926104654775857, 'subsample': 0.7122283958535955, 'learning_rate': 0.037961522177796046, 'max_depth': 20, 'min_child_weight': 152, 'eval_metric': 'rmse'}. Best is trial 140 with value: 0.693976497093345.
start listen on 192.168.1.101:49241
@tracker All of 1 nodes getting started
@tracker All nodes finishes job
Trial 709 finished with value: 2.7859797156136867 and parameters: {'objective': 'reg:squarederror', 'tree_method': 'gpu_hist', 'lambda': 0.14968481165529887, 'alpha': 0.1132892143620824, 'colsample_bytree': 0.5493732311527766, 'subsample': 0.6816929657815437, 'learning_rate': 0.0010122077292856082, 'max_depth': 20, 'min_child_weight': 146, 'eval_metric': 'rmse'}. Best is trial 140 with value: 0.693976497093345.
start listen on 192.168.1.101:36549
@tracker All of 1 nodes getting started
@tracker All nodes finishes job
Trial 710 finished with value: 0.6943087076714085 and parameters: {'objective': 'reg:squarederror', 'tree_method': 'gpu_hist', 'lambda': 0.06409186718765769, 'alpha': 0.012614439233904753, 'colsample_bytree': 0.6370642415739586, 'subsample': 0.7005434293575957, 'learning_rate': 0.011288651842608088, 'max_depth': 20, 'min_child_weight': 138, 'eval_metric': 'rmse'}. Best is trial 140 with value: 0.693976497093345.
start listen on 192.168.1.101:49405
@tracker All of 1 nodes getting started
@tracker All nodes finishes job
Trial 711 finished with value: 0.6941511485301027 and parameters: {'objective': 'reg:squarederror', 'tree_method': 'gpu_hist', 'lambda': 0.024906094504451023, 'alpha': 0.048812433734695716, 'colsample_bytree': 0.4747396049401628, 'subsample': 0.6923199688541022, 'learning_rate': 0.0124216787375916, 'max_depth': 20, 'min_child_weight': 154, 'eval_metric': 'rmse'}. Best is trial 140 with value: 0.693976497093345.
start listen on 192.168.1.101:58519
@tracker All of 1 nodes getting started
@tracker All nodes finishes job
Trial 712 finished with value: 0.6943871057603681 and parameters: {'objective': 'reg:squarederror', 'tree_method': 'gpu_hist', 'lambda': 0.18782675827175774, 'alpha': 0.16068447524997115, 'colsample_bytree': 0.5451460126052379, 'subsample': 0.7260455859420708, 'learning_rate': 0.00920307982390015, 'max_depth': 17, 'min_child_weight': 147, 'eval_metric': 'rmse'}. Best is trial 140 with value: 0.693976497093345.
start listen on 192.168.1.101:58211
@tracker All of 1 nodes getting started
@tracker All nodes finishes job
