number,value,params_alpha,params_colsample_bytree,params_eval_metric,params_lambda,params_learning_rate,params_max_depth,params_min_child_weight,params_objective,params_subsample,params_tree_method,state
257,0.696333030440395,0.9557287319924663,0.4857724092986924,rmse,0.004609985271436884,0.010673586948253051,9,194,reg:squarederror,0.8538981788308628,gpu_hist,COMPLETE
258,0.7134096395654649,1.2004944213552766,0.48752980768154364,rmse,0.002524086565781802,0.09526034642858872,17,187,reg:squarederror,0.8386929334350384,gpu_hist,COMPLETE
259,0.6942380237753135,1.887554781066448,0.5172112476937051,rmse,0.0018712023011138567,0.012143928296164926,17,197,reg:squarederror,0.9388329357068795,gpu_hist,COMPLETE
260,0.6992078741685304,1.0889758358349964,0.5058997887807196,rmse,0.0034390300782664446,0.009097446330007376,7,181,reg:squarederror,0.8599941702103363,gpu_hist,COMPLETE
261,0.6942804120903421,0.9146581235087493,0.4791768325485444,rmse,0.0023542594263148402,0.012994855207387643,17,222,reg:squarederror,0.8435715161929723,gpu_hist,COMPLETE
262,0.6941499239237087,1.358843930310906,0.5374749196814149,rmse,0.0030107423799334006,0.011986333784216801,17,214,reg:squarederror,0.8693850627262613,gpu_hist,COMPLETE
263,0.6942422452561152,0.8426359349210456,0.49302502564573186,rmse,0.0050881728404963454,0.009991098684779784,17,202,reg:squarederror,0.8532063700445424,gpu_hist,COMPLETE
264,0.6942391346092174,0.7683927365799854,0.47800641931444277,rmse,0.0036118520641535974,0.011104562997275849,17,191,reg:squarederror,0.8935858444348946,gpu_hist,COMPLETE
265,0.6942040544614488,1.1110188515011228,0.5083045765633805,rmse,0.0028295879324437066,0.013665999649522455,17,197,reg:squarederror,0.8365806808825181,gpu_hist,COMPLETE
266,0.694101811256794,0.9911080403587328,0.48935753422753625,rmse,0.008368701995833349,0.012963516681637104,17,231,reg:squarederror,0.8639302508140493,gpu_hist,COMPLETE
267,0.6945759100663342,1.4145473582972183,0.5243759944805225,rmse,0.005950801640261252,0.013284391739259235,17,233,reg:squarederror,0.5804198415530916,gpu_hist,COMPLETE
268,0.6944208459652558,1.7138317983291684,0.49471043591556785,rmse,0.008244376099381447,0.012365702674619504,17,223,reg:squarederror,0.9484088532724221,gpu_hist,COMPLETE
269,0.6997777230525026,1.0244337907905798,0.3727584882579293,rmse,0.004495199734925068,0.05069656643924844,17,235,reg:squarederror,0.8627934504845426,gpu_hist,COMPLETE
270,0.7024622264370624,0.0010219863086295487,0.48395854694797047,rmse,0.004289323648460188,0.01082333355258111,5,227,reg:squarederror,0.851919870038276,gpu_hist,COMPLETE
271,0.6944090098844882,0.9313582331232722,0.5061481440588397,rmse,0.00555208407491377,0.013861459966938548,17,241,reg:squarederror,0.553882413912653,gpu_hist,COMPLETE
272,0.6943022643713065,0.7956942125079827,0.494038876894668,rmse,0.003650165130262466,0.011628365637634214,17,206,reg:squarederror,0.8291688810781134,gpu_hist,COMPLETE
273,0.694282459164754,0.7021123288881903,0.4786088711254077,rmse,0.0025598535016410776,0.012858058856797923,17,190,reg:squarederror,0.8676945514047761,gpu_hist,COMPLETE
274,0.6943431460172147,0.9135267638747092,0.46997689445952723,rmse,0.0018417035394114186,0.010233771464761088,17,200,reg:squarederror,0.8470013915364222,gpu_hist,COMPLETE
275,0.6940980971441387,0.722604485710097,0.5164575439611468,rmse,0.003038790437810742,0.014146317772312598,17,217,reg:squarederror,0.9041797215295471,gpu_hist,COMPLETE
276,0.6944113145257309,1.2604466748502985,0.5231306324130206,rmse,0.004795870035829823,0.015952473287142267,20,229,reg:squarederror,0.9073097124845035,gpu_hist,COMPLETE
277,1.5698194428978682,0.7396197913662976,0.543548033392176,rmse,0.0036749829941341923,0.0016664089469947776,17,217,reg:squarederror,0.44391237138472817,gpu_hist,COMPLETE
278,0.6943746839422136,1.1258562382178499,0.5150008546263495,rmse,0.001580305483315629,0.014261202481171907,17,221,reg:squarederror,0.8939787089597397,gpu_hist,COMPLETE
279,0.6945438319958914,0.8660504797679007,0.5331406820750031,rmse,0.0021874143894606807,0.011654874909305732,13,210,reg:squarederror,0.9220082833470953,gpu_hist,COMPLETE
280,0.694300735051502,0.683300671574858,0.49986254143844455,rmse,0.00728788632454628,0.01253129564510532,17,216,reg:squarederror,0.9115200189979044,gpu_hist,COMPLETE
281,0.6956794695025708,0.958927931425811,0.5113723550441404,rmse,0.0032639484762718887,0.009482410325494971,11,206,reg:squarederror,0.9614094284588119,gpu_hist,COMPLETE
282,0.7076530072488567,0.6470648512734298,0.47600172501927895,rmse,0.004198005111288359,0.013944931427384283,3,227,reg:squarederror,0.8871720453734953,gpu_hist,COMPLETE
283,0.6944543431681587,0.7510148511830469,0.49053162172212944,rmse,0.0026498238248036775,0.0170031350644729,17,193,reg:squarederror,0.836967412261245,gpu_hist,COMPLETE
284,0.6944942847381697,1.080706091604646,0.3886387193065906,rmse,0.0031382673150007713,0.015342772761433277,17,183,reg:squarederror,0.9039488293035526,gpu_hist,COMPLETE
285,0.6943677363388272,1.6352633252549804,0.45795000500370264,rmse,0.009123156887218957,0.010959979765184282,17,213,reg:squarederror,0.8825895634917449,gpu_hist,COMPLETE
286,0.7003186504621891,0.8456760313855891,0.47271411203216246,rmse,0.00546308695279785,0.004818015141494339,17,246,reg:squarederror,0.8571286041919562,gpu_hist,COMPLETE
287,0.6942802491319494,0.6380879721944556,0.49977495892461127,rmse,0.017907184940671787,0.012285607154046389,17,176,reg:squarederror,0.9397574481787264,gpu_hist,COMPLETE
288,0.6943374603503328,1.2837019547169335,0.5149270360343499,rmse,0.0018052024550506492,0.013755638229717003,17,196,reg:squarederror,0.8431158262712425,gpu_hist,COMPLETE
289,0.6943399129011767,0.5559912226728648,0.4814736594908254,rmse,0.003936338266668726,0.01507902437331899,17,208,reg:squarederror,0.826035741370373,gpu_hist,COMPLETE
290,0.6966203175632377,0.7761069022321246,0.46435206959838893,rmse,0.0022574946869326554,0.018630937434713488,7,222,reg:squarederror,0.874753905607794,gpu_hist,COMPLETE
291,0.6963488948794792,1.0569143427090602,0.4278444933426734,rmse,0.0014498329156063885,0.011390690459949029,9,234,reg:squarederror,0.8945165910860439,gpu_hist,COMPLETE
292,0.6947343688522782,0.6114233757168855,0.8157788137533856,rmse,0.004717405716835895,0.012931705082996521,17,204,reg:squarederror,0.8609096332897198,gpu_hist,COMPLETE
293,0.6945674632572961,0.03216723326598373,0.6722114633861773,rmse,0.0028490141953680242,0.01017043372370654,17,217,reg:squarederror,0.9250440305119744,gpu_hist,COMPLETE
294,0.6942746791551273,0.013084326093042102,0.5260062184535478,rmse,0.006607738006192718,0.013578305728158971,17,198,reg:squarederror,0.8494279911727184,gpu_hist,COMPLETE
295,0.7065314156159233,0.004721743720231601,0.489952739560793,rmse,0.003526313865803109,0.07295918350909797,17,211,reg:squarederror,0.8317554697668178,gpu_hist,COMPLETE
296,0.6945748713848222,0.8385671262579858,0.5047750956833481,rmse,0.0020357133014969834,0.008297971304903295,17,190,reg:squarederror,0.8804553529347855,gpu_hist,COMPLETE
297,0.6944954491183348,0.9388256133957906,0.4541215293927849,rmse,0.002508665772470587,0.01596546212425736,17,203,reg:squarederror,0.9026700992037812,gpu_hist,COMPLETE
298,0.6944771968357132,0.7051933198557375,0.4086407821920897,rmse,0.001652489228634389,0.011895016376058345,17,185,reg:squarederror,0.8735474017725492,gpu_hist,COMPLETE
299,0.7345209817573196,0.5496793197410428,0.4719556146014262,rmse,0.0032046570283313126,0.0035030326686892772,17,197,reg:squarederror,0.8418031768103488,gpu_hist,COMPLETE
