Trial 167 finished with value: 0.6949397510165588 and parameters: {'objective': 'reg:squarederror', 'tree_method': 'gpu_hist', 'lambda': 0.2731104071816386, 'alpha': 8.350863833268496, 'colsample_bytree': 0.49046356952603015, 'subsample': 0.9206909059722738, 'learning_rate': 0.023761315411978547, 'max_depth': 9, 'min_child_weight': 199, 'eval_metric': 'rmse'}. Best is trial 81 with value: 0.6941099503148108.
start listen on 192.168.1.101:41763
@tracker All of 1 nodes getting started
@tracker All nodes finishes job
Trial 168 finished with value: 0.6946009555132127 and parameters: {'objective': 'reg:squarederror', 'tree_method': 'gpu_hist', 'lambda': 0.3692833494034737, 'alpha': 6.975527664110312, 'colsample_bytree': 0.47294580477280185, 'subsample': 0.9053936475186752, 'learning_rate': 0.01717202633911776, 'max_depth': 11, 'min_child_weight': 200, 'eval_metric': 'rmse'}. Best is trial 81 with value: 0.6941099503148108.
start listen on 192.168.1.101:51187
@tracker All of 1 nodes getting started
@tracker All nodes finishes job
Trial 169 finished with value: 0.6944256338691062 and parameters: {'objective': 'reg:squarederror', 'tree_method': 'gpu_hist', 'lambda': 0.012701462859493327, 'alpha': 5.236805751871735, 'colsample_bytree': 0.3808691678700908, 'subsample': 0.9237545202999055, 'learning_rate': 0.014128486312101606, 'max_depth': 15, 'min_child_weight': 172, 'eval_metric': 'rmse'}. Best is trial 81 with value: 0.6941099503148108.
start listen on 192.168.1.101:58835
@tracker All of 1 nodes getting started
@tracker All nodes finishes job
Trial 170 finished with value: 0.6964348001535299 and parameters: {'objective': 'reg:squarederror', 'tree_method': 'gpu_hist', 'lambda': 0.22252491145711434, 'alpha': 8.408511078016426, 'colsample_bytree': 0.4502959365437836, 'subsample': 0.8539454275617377, 'learning_rate': 0.020696445156608956, 'max_depth': 7, 'min_child_weight': 150, 'eval_metric': 'rmse'}. Best is trial 81 with value: 0.6941099503148108.
start listen on 192.168.1.101:52425
@tracker All of 1 nodes getting started
@tracker All nodes finishes job
Trial 171 finished with value: 0.6944240206247786 and parameters: {'objective': 'reg:squarederror', 'tree_method': 'gpu_hist', 'lambda': 0.17124398674456617, 'alpha': 6.440338197681494, 'colsample_bytree': 0.44023896937545914, 'subsample': 0.946784284487849, 'learning_rate': 0.0150802891653155, 'max_depth': 15, 'min_child_weight': 134, 'eval_metric': 'rmse'}. Best is trial 81 with value: 0.6941099503148108.
start listen on 192.168.1.101:56591
@tracker All of 1 nodes getting started
@tracker All nodes finishes job
Trial 172 finished with value: 0.6944589517353668 and parameters: {'objective': 'reg:squarederror', 'tree_method': 'gpu_hist', 'lambda': 0.2882361533026937, 'alpha': 4.974847780447157, 'colsample_bytree': 0.42972825016931526, 'subsample': 0.9537718595009791, 'learning_rate': 0.013005458803171954, 'max_depth': 15, 'min_child_weight': 144, 'eval_metric': 'rmse'}. Best is trial 81 with value: 0.6941099503148108.
start listen on 192.168.1.101:52881
@tracker All of 1 nodes getting started
@tracker All nodes finishes job
Trial 173 finished with value: 0.6941100049077169 and parameters: {'objective': 'reg:squarederror', 'tree_method': 'gpu_hist', 'lambda': 0.10213066238724558, 'alpha': 9.768400109333648, 'colsample_bytree': 0.40114067772033274, 'subsample': 0.8755046113171073, 'learning_rate': 0.016356925459547842, 'max_depth': 15, 'min_child_weight': 127, 'eval_metric': 'rmse'}. Best is trial 81 with value: 0.6941099503148108.
start listen on 192.168.1.101:44235
@tracker All of 1 nodes getting started
@tracker All nodes finishes job
Trial 174 finished with value: 0.6941962291822736 and parameters: {'objective': 'reg:squarederror', 'tree_method': 'gpu_hist', 'lambda': 0.10480452430594088, 'alpha': 9.599250399373917, 'colsample_bytree': 0.40043281700975963, 'subsample': 0.8701684597453497, 'learning_rate': 0.017190529752092554, 'max_depth': 15, 'min_child_weight': 158, 'eval_metric': 'rmse'}. Best is trial 81 with value: 0.6941099503148108.
start listen on 192.168.1.101:48411
@tracker All of 1 nodes getting started
@tracker All nodes finishes job
Trial 175 finished with value: 0.6942364062141256 and parameters: {'objective': 'reg:squarederror', 'tree_method': 'gpu_hist', 'lambda': 0.10530066026900028, 'alpha': 9.9950890954849, 'colsample_bytree': 0.40902244885026473, 'subsample': 0.8721529518899552, 'learning_rate': 0.01842696091344555, 'max_depth': 15, 'min_child_weight': 168, 'eval_metric': 'rmse'}. Best is trial 81 with value: 0.6941099503148108.
start listen on 192.168.1.101:35561
@tracker All of 1 nodes getting started
@tracker All nodes finishes job
Trial 176 finished with value: 0.6942837518691519 and parameters: {'objective': 'reg:squarederror', 'tree_method': 'gpu_hist', 'lambda': 0.1015155757225061, 'alpha': 9.988707908714124, 'colsample_bytree': 0.4010446825808437, 'subsample': 0.8724287474913205, 'learning_rate': 0.019993932850663858, 'max_depth': 15, 'min_child_weight': 160, 'eval_metric': 'rmse'}. Best is trial 81 with value: 0.6941099503148108.
start listen on 192.168.1.101:48213
@tracker All of 1 nodes getting started
@tracker All nodes finishes job
Trial 177 finished with value: 0.6943426731772381 and parameters: {'objective': 'reg:squarederror', 'tree_method': 'gpu_hist', 'lambda': 0.05552408323800459, 'alpha': 7.297179326828576, 'colsample_bytree': 0.37539964100522105, 'subsample': 0.834625801001425, 'learning_rate': 0.016402947606475253, 'max_depth': 15, 'min_child_weight': 167, 'eval_metric': 'rmse'}. Best is trial 81 with value: 0.6941099503148108.
start listen on 192.168.1.101:52359
@tracker All of 1 nodes getting started
@tracker All nodes finishes job
Trial 178 finished with value: 0.6992894142068993 and parameters: {'objective': 'reg:squarederror', 'tree_method': 'gpu_hist', 'lambda': 0.08276161174662863, 'alpha': 7.760481422702162, 'colsample_bytree': 0.3936623393428015, 'subsample': 0.8627661381544756, 'learning_rate': 0.022020556711942033, 'max_depth': 5, 'min_child_weight': 154, 'eval_metric': 'rmse'}. Best is trial 81 with value: 0.6941099503148108.
start listen on 192.168.1.101:34373
@tracker All of 1 nodes getting started
@tracker All nodes finishes job
Trial 179 finished with value: 0.6943592710435691 and parameters: {'objective': 'reg:squarederror', 'tree_method': 'gpu_hist', 'lambda': 0.1259528257765046, 'alpha': 9.833370633051167, 'colsample_bytree': 0.4113631419975766, 'subsample': 0.8828562065184622, 'learning_rate': 0.018506750040865973, 'max_depth': 15, 'min_child_weight': 180, 'eval_metric': 'rmse'}. Best is trial 81 with value: 0.6941099503148108.
start listen on 192.168.1.101:51649
@tracker All of 1 nodes getting started
@tracker All nodes finishes job
Trial 180 finished with value: 0.7067610113499324 and parameters: {'objective': 'reg:squarederror', 'tree_method': 'gpu_hist', 'lambda': 0.015924986037917265, 'alpha': 6.231237184997172, 'colsample_bytree': 0.39087440948775704, 'subsample': 0.8448789583422437, 'learning_rate': 0.016784245155435994, 'max_depth': 3, 'min_child_weight': 168, 'eval_metric': 'rmse'}. Best is trial 81 with value: 0.6941099503148108.
start listen on 192.168.1.101:59243
@tracker All of 1 nodes getting started
@tracker All nodes finishes job
Trial 181 finished with value: 0.6943235562080661 and parameters: {'objective': 'reg:squarederror', 'tree_method': 'gpu_hist', 'lambda': 0.02715115392076427, 'alpha': 8.226872576891544, 'colsample_bytree': 0.4172069362578301, 'subsample': 0.892616538754193, 'learning_rate': 0.018203757580344357, 'max_depth': 15, 'min_child_weight': 191, 'eval_metric': 'rmse'}. Best is trial 81 with value: 0.6941099503148108.
start listen on 192.168.1.101:43943
@tracker All of 1 nodes getting started
@tracker All nodes finishes job
Trial 182 finished with value: 0.6943829237552814 and parameters: {'objective': 'reg:squarederror', 'tree_method': 'gpu_hist', 'lambda': 0.07611179396599858, 'alpha': 9.860320977387525, 'colsample_bytree': 0.35904690540607637, 'subsample': 0.8693344957072334, 'learning_rate': 0.014942887254395706, 'max_depth': 15, 'min_child_weight': 176, 'eval_metric': 'rmse'}. Best is trial 81 with value: 0.6941099503148108.
start listen on 192.168.1.101:40413
@tracker All of 1 nodes getting started
@tracker All nodes finishes job
Trial 183 finished with value: 0.6942573608674326 and parameters: {'objective': 'reg:squarederror', 'tree_method': 'gpu_hist', 'lambda': 0.10679834458798607, 'alpha': 7.482621989036661, 'colsample_bytree': 0.42414611647186024, 'subsample': 0.8778930545780785, 'learning_rate': 0.01669254619879436, 'max_depth': 15, 'min_child_weight': 148, 'eval_metric': 'rmse'}. Best is trial 81 with value: 0.6941099503148108.
start listen on 192.168.1.101:40009
@tracker All of 1 nodes getting started
@tracker All nodes finishes job
Trial 184 finished with value: 0.6942808141480565 and parameters: {'objective': 'reg:squarederror', 'tree_method': 'gpu_hist', 'lambda': 0.10302619674592109, 'alpha': 7.087495474073078, 'colsample_bytree': 0.40190740965727145, 'subsample': 0.8787307945129619, 'learning_rate': 0.020005867983712795, 'max_depth': 15, 'min_child_weight': 159, 'eval_metric': 'rmse'}. Best is trial 81 with value: 0.6941099503148108.
start listen on 192.168.1.101:43293
@tracker All of 1 nodes getting started
@tracker All nodes finishes job
Trial 185 finished with value: 0.694153340656792 and parameters: {'objective': 'reg:squarederror', 'tree_method': 'gpu_hist', 'lambda': 0.04163841435925727, 'alpha': 6.342796455632236, 'colsample_bytree': 0.3846436663615587, 'subsample': 0.857035495002235, 'learning_rate': 0.016562190626656887, 'max_depth': 17, 'min_child_weight': 149, 'eval_metric': 'rmse'}. Best is trial 81 with value: 0.6941099503148108.
start listen on 192.168.1.101:58953
@tracker All of 1 nodes getting started
@tracker All nodes finishes job
Trial 186 finished with value: 0.6940181384029701 and parameters: {'objective': 'reg:squarederror', 'tree_method': 'gpu_hist', 'lambda': 0.03901872196096657, 'alpha': 6.219695168538195, 'colsample_bytree': 0.378632883383512, 'subsample': 0.8605993614184771, 'learning_rate': 0.016271259664126205, 'max_depth': 17, 'min_child_weight': 147, 'eval_metric': 'rmse'}. Best is trial 186 with value: 0.6940181384029701.
start listen on 192.168.1.101:52701
@tracker All of 1 nodes getting started
@tracker All nodes finishes job
Trial 187 finished with value: 0.6944987611219257 and parameters: {'objective': 'reg:squarederror', 'tree_method': 'gpu_hist', 'lambda': 0.039718898634541484, 'alpha': 6.154749715034461, 'colsample_bytree': 0.38412440664892283, 'subsample': 0.8584874250062231, 'learning_rate': 0.018845390312205283, 'max_depth': 17, 'min_child_weight': 153, 'eval_metric': 'rmse'}. Best is trial 186 with value: 0.6940181384029701.
start listen on 192.168.1.101:42309
@tracker All of 1 nodes getting started
@tracker All nodes finishes job
Trial 188 finished with value: 0.6947497937192235 and parameters: {'objective': 'reg:squarederror', 'tree_method': 'gpu_hist', 'lambda': 0.045832550484919174, 'alpha': 5.652356127769736, 'colsample_bytree': 0.37068302571078726, 'subsample': 0.8600551839232536, 'learning_rate': 0.022665626549016944, 'max_depth': 17, 'min_child_weight': 164, 'eval_metric': 'rmse'}. Best is trial 186 with value: 0.6940181384029701.
start listen on 192.168.1.101:36997
@tracker All of 1 nodes getting started
@tracker All nodes finishes job
Trial 189 finished with value: 0.6944621264905372 and parameters: {'objective': 'reg:squarederror', 'tree_method': 'gpu_hist', 'lambda': 0.03303901552133378, 'alpha': 9.97917999307442, 'colsample_bytree': 0.34643564919781356, 'subsample': 0.8309313864988565, 'learning_rate': 0.016412074878083705, 'max_depth': 17, 'min_child_weight': 147, 'eval_metric': 'rmse'}. Best is trial 186 with value: 0.6940181384029701.
start listen on 192.168.1.101:45871
@tracker All of 1 nodes getting started
@tracker All nodes finishes job
Trial 190 finished with value: 0.69533528199767 and parameters: {'objective': 'reg:squarederror', 'tree_method': 'gpu_hist', 'lambda': 0.06063017769692791, 'alpha': 7.567175490008059, 'colsample_bytree': 0.379399504687918, 'subsample': 0.8883662989376332, 'learning_rate': 0.02679607757763932, 'max_depth': 17, 'min_child_weight': 171, 'eval_metric': 'rmse'}. Best is trial 186 with value: 0.6940181384029701.
start listen on 192.168.1.101:43153
@tracker All of 1 nodes getting started
@tracker All nodes finishes job
Trial 191 finished with value: 0.6944126881504035 and parameters: {'objective': 'reg:squarederror', 'tree_method': 'gpu_hist', 'lambda': 0.050039686895702026, 'alpha': 8.20468527934439, 'colsample_bytree': 0.40838570921817263, 'subsample': 0.8469597037955425, 'learning_rate': 0.016525393363500025, 'max_depth': 17, 'min_child_weight': 137, 'eval_metric': 'rmse'}. Best is trial 186 with value: 0.6940181384029701.
start listen on 192.168.1.101:36295
@tracker All of 1 nodes getting started
@tracker All nodes finishes job
Trial 192 finished with value: 0.6943943702008921 and parameters: {'objective': 'reg:squarederror', 'tree_method': 'gpu_hist', 'lambda': 0.020048331111725402, 'alpha': 6.532117630581959, 'colsample_bytree': 0.3606467206380908, 'subsample': 0.8186859180238109, 'learning_rate': 0.017312122986661897, 'max_depth': 17, 'min_child_weight': 150, 'eval_metric': 'rmse'}. Best is trial 186 with value: 0.6940181384029701.
start listen on 192.168.1.101:60503
@tracker All of 1 nodes getting started
@tracker All nodes finishes job
Trial 193 finished with value: 0.6941659675688291 and parameters: {'objective': 'reg:squarederror', 'tree_method': 'gpu_hist', 'lambda': 0.03409062478175533, 'alpha': 7.396272439708535, 'colsample_bytree': 0.39432163639180856, 'subsample': 0.8740405794110438, 'learning_rate': 0.014398208415732814, 'max_depth': 17, 'min_child_weight': 146, 'eval_metric': 'rmse'}. Best is trial 186 with value: 0.6940181384029701.
start listen on 192.168.1.101:41381
@tracker All of 1 nodes getting started
@tracker All nodes finishes job
Trial 194 finished with value: 2.1426411317692984 and parameters: {'objective': 'reg:squarederror', 'tree_method': 'gpu_hist', 'lambda': 0.027451224656121077, 'alpha': 5.012103933812498, 'colsample_bytree': 0.39240542716795734, 'subsample': 0.869472102459773, 'learning_rate': 0.0013006565956056393, 'max_depth': 17, 'min_child_weight': 157, 'eval_metric': 'rmse'}. Best is trial 186 with value: 0.6940181384029701.
start listen on 192.168.1.101:37001
@tracker All of 1 nodes getting started
@tracker All nodes finishes job
Trial 195 finished with value: 0.694252253627061 and parameters: {'objective': 'reg:squarederror', 'tree_method': 'gpu_hist', 'lambda': 0.03761803513164897, 'alpha': 8.54747169275828, 'colsample_bytree': 0.37565860054469263, 'subsample': 0.8458375924926618, 'learning_rate': 0.014016435718164372, 'max_depth': 17, 'min_child_weight': 134, 'eval_metric': 'rmse'}. Best is trial 186 with value: 0.6940181384029701.
start listen on 192.168.1.101:52831
@tracker All of 1 nodes getting started
@tracker All nodes finishes job
Trial 196 finished with value: 0.6942583862609933 and parameters: {'objective': 'reg:squarederror', 'tree_method': 'gpu_hist', 'lambda': 0.036251338646969736, 'alpha': 0.18599200392929968, 'colsample_bytree': 0.37872306518048693, 'subsample': 0.8498603899751203, 'learning_rate': 0.014093534160115707, 'max_depth': 17, 'min_child_weight': 141, 'eval_metric': 'rmse'}. Best is trial 186 with value: 0.6940181384029701.
start listen on 192.168.1.101:42883
@tracker All of 1 nodes getting started
@tracker All nodes finishes job
Trial 197 finished with value: 0.6947598246101625 and parameters: {'objective': 'reg:squarederror', 'tree_method': 'gpu_hist', 'lambda': 0.04093816895145023, 'alpha': 8.973623900654093, 'colsample_bytree': 0.3618436485220225, 'subsample': 0.8118880060843687, 'learning_rate': 0.012180414717125136, 'max_depth': 17, 'min_child_weight': 158, 'eval_metric': 'rmse'}. Best is trial 186 with value: 0.6940181384029701.
start listen on 192.168.1.101:46633
@tracker All of 1 nodes getting started
@tracker All nodes finishes job
Trial 198 finished with value: 0.6943662842413059 and parameters: {'objective': 'reg:squarederror', 'tree_method': 'gpu_hist', 'lambda': 0.032072101305237195, 'alpha': 7.579215559684506, 'colsample_bytree': 0.40290610985329023, 'subsample': 0.8678282108713373, 'learning_rate': 0.013610815479085811, 'max_depth': 17, 'min_child_weight': 135, 'eval_metric': 'rmse'}. Best is trial 186 with value: 0.6940181384029701.
start listen on 192.168.1.101:56857
@tracker All of 1 nodes getting started
@tracker All nodes finishes job
Trial 199 finished with value: 0.6946100403370136 and parameters: {'objective': 'reg:squarederror', 'tree_method': 'gpu_hist', 'lambda': 0.02666405450259575, 'alpha': 5.701379432298535, 'colsample_bytree': 0.3444112835697287, 'subsample': 0.8934351774053332, 'learning_rate': 0.015056646178886062, 'max_depth': 17, 'min_child_weight': 145, 'eval_metric': 'rmse'}. Best is trial 186 with value: 0.6940181384029701.
start listen on 192.168.1.101:53593
@tracker All of 1 nodes getting started
@tracker All nodes finishes job
Trial 200 finished with value: 0.6943281378687987 and parameters: {'objective': 'reg:squarederror', 'tree_method': 'gpu_hist', 'lambda': 0.02229052930472211, 'alpha': 8.494253457080319, 'colsample_bytree': 0.3903144417359682, 'subsample': 0.8510634030089304, 'learning_rate': 0.019660352124047226, 'max_depth': 17, 'min_child_weight': 163, 'eval_metric': 'rmse'}. Best is trial 186 with value: 0.6940181384029701.
start listen on 192.168.1.101:40733
@tracker All of 1 nodes getting started
@tracker All nodes finishes job
Trial 201 finished with value: 0.6941318194127158 and parameters: {'objective': 'reg:squarederror', 'tree_method': 'gpu_hist', 'lambda': 0.04671531784292156, 'alpha': 6.901759335042645, 'colsample_bytree': 0.3727764732069742, 'subsample': 0.8779203448440999, 'learning_rate': 0.015541039674640008, 'max_depth': 17, 'min_child_weight': 121, 'eval_metric': 'rmse'}. Best is trial 186 with value: 0.6940181384029701.
start listen on 192.168.1.101:33967
@tracker All of 1 nodes getting started
@tracker All nodes finishes job
Trial 202 finished with value: 0.6942542870933142 and parameters: {'objective': 'reg:squarederror', 'tree_method': 'gpu_hist', 'lambda': 0.04472049728335419, 'alpha': 6.863062102257753, 'colsample_bytree': 0.36758113572902107, 'subsample': 0.881562854117692, 'learning_rate': 0.015507703864589856, 'max_depth': 17, 'min_child_weight': 121, 'eval_metric': 'rmse'}. Best is trial 186 with value: 0.6940181384029701.
start listen on 192.168.1.101:33391
@tracker All of 1 nodes getting started
@tracker All nodes finishes job
Trial 203 finished with value: 0.6941214113151255 and parameters: {'objective': 'reg:squarederror', 'tree_method': 'gpu_hist', 'lambda': 0.03438496365046069, 'alpha': 4.664827843348699, 'colsample_bytree': 0.3783512460261407, 'subsample': 0.8607802404780382, 'learning_rate': 0.014385320971201297, 'max_depth': 17, 'min_child_weight': 153, 'eval_metric': 'rmse'}. Best is trial 186 with value: 0.6940181384029701.
start listen on 192.168.1.101:60315
@tracker All of 1 nodes getting started
@tracker All nodes finishes job
Trial 204 finished with value: 0.6942189303061198 and parameters: {'objective': 'reg:squarederror', 'tree_method': 'gpu_hist', 'lambda': 0.032732460299353214, 'alpha': 4.46782073366435, 'colsample_bytree': 0.4134418869065423, 'subsample': 0.9026136176492767, 'learning_rate': 0.017886092144782137, 'max_depth': 17, 'min_child_weight': 154, 'eval_metric': 'rmse'}. Best is trial 186 with value: 0.6940181384029701.
start listen on 192.168.1.101:45049
@tracker All of 1 nodes getting started
@tracker All nodes finishes job
Trial 205 finished with value: 0.6945099720058294 and parameters: {'objective': 'reg:squarederror', 'tree_method': 'gpu_hist', 'lambda': 0.03144729581221167, 'alpha': 4.832240298750824, 'colsample_bytree': 0.41369594357102724, 'subsample': 0.9017172536643452, 'learning_rate': 0.01831008830659517, 'max_depth': 17, 'min_child_weight': 152, 'eval_metric': 'rmse'}. Best is trial 186 with value: 0.6940181384029701.
start listen on 192.168.1.101:44515
@tracker All of 1 nodes getting started
@tracker All nodes finishes job
Trial 206 finished with value: 0.6942809055753055 and parameters: {'objective': 'reg:squarederror', 'tree_method': 'gpu_hist', 'lambda': 0.0244148177098466, 'alpha': 4.617937187426608, 'colsample_bytree': 0.3967005075230209, 'subsample': 0.874357686889392, 'learning_rate': 0.01271425282928734, 'max_depth': 17, 'min_child_weight': 156, 'eval_metric': 'rmse'}. Best is trial 186 with value: 0.6940181384029701.
start listen on 192.168.1.101:33301
@tracker All of 1 nodes getting started
@tracker All nodes finishes job
Trial 207 finished with value: 0.6940947166263934 and parameters: {'objective': 'reg:squarederror', 'tree_method': 'gpu_hist', 'lambda': 0.03278563277281082, 'alpha': 5.600954496493699, 'colsample_bytree': 0.35739429079179624, 'subsample': 0.8624638287288751, 'learning_rate': 0.015679897358651683, 'max_depth': 17, 'min_child_weight': 148, 'eval_metric': 'rmse'}. Best is trial 186 with value: 0.6940181384029701.
start listen on 192.168.1.101:34185
@tracker All of 1 nodes getting started
@tracker All nodes finishes job
Trial 208 finished with value: 0.6947884733858305 and parameters: {'objective': 'reg:squarederror', 'tree_method': 'gpu_hist', 'lambda': 0.01836313429970943, 'alpha': 4.479127463548409, 'colsample_bytree': 0.330884934119849, 'subsample': 0.860490581587974, 'learning_rate': 0.011411099067658985, 'max_depth': 17, 'min_child_weight': 144, 'eval_metric': 'rmse'}. Best is trial 186 with value: 0.6940181384029701.
start listen on 192.168.1.101:54699
@tracker All of 1 nodes getting started
@tracker All nodes finishes job
