Trial 209 finished with value: 0.6945271173175388 and parameters: {'objective': 'reg:squarederror', 'tree_method': 'gpu_hist', 'lambda': 0.03218663596389935, 'alpha': 5.458392417994008, 'colsample_bytree': 0.3541597537993609, 'subsample': 0.8859724634014611, 'learning_rate': 0.015442717624274262, 'max_depth': 17, 'min_child_weight': 173, 'eval_metric': 'rmse'}. Best is trial 186 with value: 0.6940181384029701.
start listen on 192.168.1.101:37167
@tracker All of 1 nodes getting started
@tracker All nodes finishes job
Trial 210 finished with value: 0.6944505780884417 and parameters: {'objective': 'reg:squarederror', 'tree_method': 'gpu_hist', 'lambda': 0.04957802186474589, 'alpha': 3.2308110608916167, 'colsample_bytree': 0.3859735145365157, 'subsample': 0.900662314536175, 'learning_rate': 0.01439502136787743, 'max_depth': 17, 'min_child_weight': 109, 'eval_metric': 'rmse'}. Best is trial 186 with value: 0.6940181384029701.
start listen on 192.168.1.101:50309
@tracker All of 1 nodes getting started
@tracker All nodes finishes job
Trial 211 finished with value: 0.6942615678698421 and parameters: {'objective': 'reg:squarederror', 'tree_method': 'gpu_hist', 'lambda': 0.037449035625916664, 'alpha': 6.003542289571513, 'colsample_bytree': 0.3704719847184738, 'subsample': 0.8658782285327068, 'learning_rate': 0.016010065588237192, 'max_depth': 17, 'min_child_weight': 151, 'eval_metric': 'rmse'}. Best is trial 186 with value: 0.6940181384029701.
start listen on 192.168.1.101:40395
@tracker All of 1 nodes getting started
@tracker All nodes finishes job
Trial 212 finished with value: 0.6941891266632693 and parameters: {'objective': 'reg:squarederror', 'tree_method': 'gpu_hist', 'lambda': 0.024102281722054565, 'alpha': 6.9063751991409035, 'colsample_bytree': 0.40479808154573493, 'subsample': 0.8742612449717035, 'learning_rate': 0.018220489458902794, 'max_depth': 17, 'min_child_weight': 146, 'eval_metric': 'rmse'}. Best is trial 186 with value: 0.6940181384029701.
start listen on 192.168.1.101:39049
@tracker All of 1 nodes getting started
@tracker All nodes finishes job
Trial 213 finished with value: 0.6943846057956424 and parameters: {'objective': 'reg:squarederror', 'tree_method': 'gpu_hist', 'lambda': 0.024496705785653564, 'alpha': 5.500658061631634, 'colsample_bytree': 0.4017483498205258, 'subsample': 0.834748378716079, 'learning_rate': 0.01733858920963532, 'max_depth': 17, 'min_child_weight': 139, 'eval_metric': 'rmse'}. Best is trial 186 with value: 0.6940181384029701.
start listen on 192.168.1.101:60497
@tracker All of 1 nodes getting started
@tracker All nodes finishes job
Trial 214 finished with value: 0.6943350520846915 and parameters: {'objective': 'reg:squarederror', 'tree_method': 'gpu_hist', 'lambda': 0.028559169521521943, 'alpha': 9.86481113826045, 'colsample_bytree': 0.4175206466980776, 'subsample': 0.8763839823615414, 'learning_rate': 0.019003544975960105, 'max_depth': 17, 'min_child_weight': 146, 'eval_metric': 'rmse'}. Best is trial 186 with value: 0.6940181384029701.
start listen on 192.168.1.101:42201
@tracker All of 1 nodes getting started
@tracker All nodes finishes job
Trial 215 finished with value: 0.6942547520852176 and parameters: {'objective': 'reg:squarederror', 'tree_method': 'gpu_hist', 'lambda': 0.01992864835459069, 'alpha': 7.51462411291858, 'colsample_bytree': 0.38441960223282867, 'subsample': 0.8888881355791992, 'learning_rate': 0.014888314111104901, 'max_depth': 17, 'min_child_weight': 185, 'eval_metric': 'rmse'}. Best is trial 186 with value: 0.6940181384029701.
start listen on 192.168.1.101:54173
@tracker All of 1 nodes getting started
@tracker All nodes finishes job
Trial 216 finished with value: 0.6942132989797328 and parameters: {'objective': 'reg:squarederror', 'tree_method': 'gpu_hist', 'lambda': 0.040174237515767465, 'alpha': 4.378481980088706, 'colsample_bytree': 0.3598399901874067, 'subsample': 0.8567988618420763, 'learning_rate': 0.013582590985181884, 'max_depth': 17, 'min_child_weight': 159, 'eval_metric': 'rmse'}. Best is trial 186 with value: 0.6940181384029701.
start listen on 192.168.1.101:50609
@tracker All of 1 nodes getting started
@tracker All nodes finishes job
Trial 217 finished with value: 0.6945851017366738 and parameters: {'objective': 'reg:squarederror', 'tree_method': 'gpu_hist', 'lambda': 0.04186754832618181, 'alpha': 4.146400102916718, 'colsample_bytree': 0.34924345600555595, 'subsample': 0.8564823733774064, 'learning_rate': 0.013473676529635084, 'max_depth': 17, 'min_child_weight': 160, 'eval_metric': 'rmse'}. Best is trial 186 with value: 0.6940181384029701.
start listen on 192.168.1.101:47079
@tracker All of 1 nodes getting started
@tracker All nodes finishes job
Trial 218 finished with value: 0.6943100969141165 and parameters: {'objective': 'reg:squarederror', 'tree_method': 'gpu_hist', 'lambda': 0.030410010065525937, 'alpha': 4.147879819811602, 'colsample_bytree': 0.36275500465559174, 'subsample': 0.8403813015340822, 'learning_rate': 0.012538753056496628, 'max_depth': 17, 'min_child_weight': 140, 'eval_metric': 'rmse'}. Best is trial 186 with value: 0.6940181384029701.
start listen on 192.168.1.101:49157
@tracker All of 1 nodes getting started
@tracker All nodes finishes job
Trial 219 finished with value: 0.6941261297074601 and parameters: {'objective': 'reg:squarederror', 'tree_method': 'gpu_hist', 'lambda': 0.035186409932055386, 'alpha': 5.415089187365067, 'colsample_bytree': 0.37692588013172307, 'subsample': 0.9028715752162157, 'learning_rate': 0.015749166397795018, 'max_depth': 17, 'min_child_weight': 155, 'eval_metric': 'rmse'}. Best is trial 186 with value: 0.6940181384029701.
start listen on 192.168.1.101:39417
@tracker All of 1 nodes getting started
@tracker All nodes finishes job
Trial 220 finished with value: 0.6944781456206652 and parameters: {'objective': 'reg:squarederror', 'tree_method': 'gpu_hist', 'lambda': 0.0526070691469827, 'alpha': 6.064800837564937, 'colsample_bytree': 0.3473954799185504, 'subsample': 0.8568964881622623, 'learning_rate': 0.014928295944335949, 'max_depth': 17, 'min_child_weight': 123, 'eval_metric': 'rmse'}. Best is trial 186 with value: 0.6940181384029701.
start listen on 192.168.1.101:57481
@tracker All of 1 nodes getting started
@tracker All nodes finishes job
Trial 221 finished with value: 0.6941891797781425 and parameters: {'objective': 'reg:squarederror', 'tree_method': 'gpu_hist', 'lambda': 0.036660374521302136, 'alpha': 4.938566944872347, 'colsample_bytree': 0.37325879843339094, 'subsample': 0.9032017579676636, 'learning_rate': 0.016075119639276107, 'max_depth': 17, 'min_child_weight': 152, 'eval_metric': 'rmse'}. Best is trial 186 with value: 0.6940181384029701.
start listen on 192.168.1.101:56695
@tracker All of 1 nodes getting started
@tracker All nodes finishes job
Trial 222 finished with value: 0.6941808956764414 and parameters: {'objective': 'reg:squarederror', 'tree_method': 'gpu_hist', 'lambda': 0.0385831271309277, 'alpha': 5.2510806937882535, 'colsample_bytree': 0.3708811211160977, 'subsample': 0.890017700466395, 'learning_rate': 0.015986836726415536, 'max_depth': 17, 'min_child_weight': 147, 'eval_metric': 'rmse'}. Best is trial 186 with value: 0.6940181384029701.
start listen on 192.168.1.101:45411
@tracker All of 1 nodes getting started
@tracker All nodes finishes job
Trial 223 finished with value: 0.6941914909211947 and parameters: {'objective': 'reg:squarederror', 'tree_method': 'gpu_hist', 'lambda': 0.040194901669776587, 'alpha': 5.123037032007535, 'colsample_bytree': 0.37164711287960767, 'subsample': 0.8881774807323233, 'learning_rate': 0.014009336000652498, 'max_depth': 17, 'min_child_weight': 147, 'eval_metric': 'rmse'}. Best is trial 186 with value: 0.6940181384029701.
start listen on 192.168.1.101:44563
@tracker All of 1 nodes getting started
@tracker All nodes finishes job
Trial 224 finished with value: 0.6942468915001337 and parameters: {'objective': 'reg:squarederror', 'tree_method': 'gpu_hist', 'lambda': 0.045164022415023396, 'alpha': 5.423855051095475, 'colsample_bytree': 0.37522045212816146, 'subsample': 0.8862201270289036, 'learning_rate': 0.015722691089901594, 'max_depth': 17, 'min_child_weight': 146, 'eval_metric': 'rmse'}. Best is trial 186 with value: 0.6940181384029701.
start listen on 192.168.1.101:42357
@tracker All of 1 nodes getting started
@tracker All nodes finishes job
Trial 225 finished with value: 0.6945596616605467 and parameters: {'objective': 'reg:squarederror', 'tree_method': 'gpu_hist', 'lambda': 0.03536192964711004, 'alpha': 4.99818876087631, 'colsample_bytree': 0.33545901249670435, 'subsample': 0.8890106095356732, 'learning_rate': 0.016350521228999385, 'max_depth': 17, 'min_child_weight': 140, 'eval_metric': 'rmse'}. Best is trial 186 with value: 0.6940181384029701.
start listen on 192.168.1.101:39825
@tracker All of 1 nodes getting started
@tracker All nodes finishes job
Trial 226 finished with value: 0.694405580745136 and parameters: {'objective': 'reg:squarederror', 'tree_method': 'gpu_hist', 'lambda': 0.053271744189775656, 'alpha': 3.5231034743194467, 'colsample_bytree': 0.37727944756926846, 'subsample': 0.9092847030560752, 'learning_rate': 0.014255486355003634, 'max_depth': 17, 'min_child_weight': 148, 'eval_metric': 'rmse'}. Best is trial 186 with value: 0.6940181384029701.
start listen on 192.168.1.101:40921
@tracker All of 1 nodes getting started
@tracker All nodes finishes job
Trial 227 finished with value: 0.694283514670485 and parameters: {'objective': 'reg:squarederror', 'tree_method': 'gpu_hist', 'lambda': 0.038574541627536874, 'alpha': 6.5402414615919655, 'colsample_bytree': 0.3873881038640891, 'subsample': 0.9095886482472761, 'learning_rate': 0.015831589362798156, 'max_depth': 17, 'min_child_weight': 134, 'eval_metric': 'rmse'}. Best is trial 186 with value: 0.6940181384029701.
start listen on 192.168.1.101:60229
@tracker All of 1 nodes getting started
@tracker All nodes finishes job
Trial 228 finished with value: 0.6944419594315066 and parameters: {'objective': 'reg:squarederror', 'tree_method': 'gpu_hist', 'lambda': 0.025673108108158597, 'alpha': 5.70217680999153, 'colsample_bytree': 0.3553739858601099, 'subsample': 0.8969434107329227, 'learning_rate': 0.013218263585547448, 'max_depth': 20, 'min_child_weight': 154, 'eval_metric': 'rmse'}. Best is trial 186 with value: 0.6940181384029701.
start listen on 192.168.1.101:49541
@tracker All of 1 nodes getting started
@tracker All nodes finishes job
Trial 229 finished with value: 0.6946794760011464 and parameters: {'objective': 'reg:squarederror', 'tree_method': 'gpu_hist', 'lambda': 0.045307816750441376, 'alpha': 7.165167701855758, 'colsample_bytree': 0.37179688781292103, 'subsample': 0.8776666932836009, 'learning_rate': 0.01165031642389445, 'max_depth': 17, 'min_child_weight': 143, 'eval_metric': 'rmse'}. Best is trial 186 with value: 0.6940181384029701.
start listen on 192.168.1.101:40983
@tracker All of 1 nodes getting started
@tracker All nodes finishes job
Trial 230 finished with value: 0.6943025016077092 and parameters: {'objective': 'reg:squarederror', 'tree_method': 'gpu_hist', 'lambda': 0.03186426679271381, 'alpha': 4.839098975033944, 'colsample_bytree': 0.3935596373410805, 'subsample': 0.8684293486523331, 'learning_rate': 0.014983404874079401, 'max_depth': 17, 'min_child_weight': 128, 'eval_metric': 'rmse'}. Best is trial 186 with value: 0.6940181384029701.
start listen on 192.168.1.101:57509
@tracker All of 1 nodes getting started
@tracker All nodes finishes job
Trial 231 finished with value: 0.8527115261444062 and parameters: {'objective': 'reg:squarederror', 'tree_method': 'gpu_hist', 'lambda': 0.039268330850832346, 'alpha': 4.242935535000171, 'colsample_bytree': 0.36577850235640597, 'subsample': 0.8809357851731563, 'learning_rate': 0.0027545577755756375, 'max_depth': 17, 'min_child_weight': 160, 'eval_metric': 'rmse'}. Best is trial 186 with value: 0.6940181384029701.
start listen on 192.168.1.101:37415
@tracker All of 1 nodes getting started
@tracker All nodes finishes job
Trial 232 finished with value: 0.6942626110050673 and parameters: {'objective': 'reg:squarederror', 'tree_method': 'gpu_hist', 'lambda': 0.03633503093150208, 'alpha': 6.303338420899851, 'colsample_bytree': 0.3574580040640136, 'subsample': 0.861499454914716, 'learning_rate': 0.013894301307316205, 'max_depth': 17, 'min_child_weight': 151, 'eval_metric': 'rmse'}. Best is trial 186 with value: 0.6940181384029701.
start listen on 192.168.1.101:35061
@tracker All of 1 nodes getting started
@tracker All nodes finishes job
Trial 233 finished with value: 0.6944268531092344 and parameters: {'objective': 'reg:squarederror', 'tree_method': 'gpu_hist', 'lambda': 0.04300662220106648, 'alpha': 3.2039812157822194, 'colsample_bytree': 0.38164166074080497, 'subsample': 0.8950772105845457, 'learning_rate': 0.01622533788432107, 'max_depth': 17, 'min_child_weight': 156, 'eval_metric': 'rmse'}. Best is trial 186 with value: 0.6940181384029701.
start listen on 192.168.1.101:45151
@tracker All of 1 nodes getting started
@tracker All nodes finishes job
Trial 234 finished with value: 0.6946983763763969 and parameters: {'objective': 'reg:squarederror', 'tree_method': 'gpu_hist', 'lambda': 0.022728453375484375, 'alpha': 3.914096394284096, 'colsample_bytree': 0.32203078009316183, 'subsample': 0.8746764797879767, 'learning_rate': 0.013054227457864812, 'max_depth': 17, 'min_child_weight': 161, 'eval_metric': 'rmse'}. Best is trial 186 with value: 0.6940181384029701.
start listen on 192.168.1.101:52385
@tracker All of 1 nodes getting started
@tracker All nodes finishes job
Trial 235 finished with value: 0.6945201886051985 and parameters: {'objective': 'reg:squarederror', 'tree_method': 'gpu_hist', 'lambda': 0.05937857180126351, 'alpha': 5.37150689403657, 'colsample_bytree': 0.3562305958980425, 'subsample': 0.9091682437401724, 'learning_rate': 0.014367825934176745, 'max_depth': 17, 'min_child_weight': 147, 'eval_metric': 'rmse'}. Best is trial 186 with value: 0.6940181384029701.
start listen on 192.168.1.101:59317
@tracker All of 1 nodes getting started
@tracker All nodes finishes job
Trial 236 finished with value: 0.6958172668965202 and parameters: {'objective': 'reg:squarederror', 'tree_method': 'gpu_hist', 'lambda': 0.02840185324741459, 'alpha': 7.103632647971259, 'colsample_bytree': 0.3425130178661306, 'subsample': 0.8637277910547712, 'learning_rate': 0.016883891241441025, 'max_depth': 9, 'min_child_weight': 137, 'eval_metric': 'rmse'}. Best is trial 186 with value: 0.6940181384029701.
start listen on 192.168.1.101:57089
@tracker All of 1 nodes getting started
@tracker All nodes finishes job
Trial 237 finished with value: 0.6942965288999071 and parameters: {'objective': 'reg:squarederror', 'tree_method': 'gpu_hist', 'lambda': 0.0494420654239846, 'alpha': 2.697625239878405, 'colsample_bytree': 0.36793057704501886, 'subsample': 0.8896632897837851, 'learning_rate': 0.015679755264221478, 'max_depth': 17, 'min_child_weight': 154, 'eval_metric': 'rmse'}. Best is trial 186 with value: 0.6940181384029701.
start listen on 192.168.1.101:41801
@tracker All of 1 nodes getting started
@tracker All nodes finishes job
Trial 238 finished with value: 0.6953015043269085 and parameters: {'objective': 'reg:squarederror', 'tree_method': 'gpu_hist', 'lambda': 0.015311613877029426, 'alpha': 7.910796753013747, 'colsample_bytree': 0.3964656743667436, 'subsample': 0.8999201415320601, 'learning_rate': 0.013768754940877615, 'max_depth': 11, 'min_child_weight': 165, 'eval_metric': 'rmse'}. Best is trial 186 with value: 0.6940181384029701.
start listen on 192.168.1.101:54711
@tracker All of 1 nodes getting started
@tracker All nodes finishes job
Trial 239 finished with value: 0.6947683579636461 and parameters: {'objective': 'reg:squarederror', 'tree_method': 'gpu_hist', 'lambda': 0.034519800873937835, 'alpha': 4.811981304098632, 'colsample_bytree': 0.379569373101831, 'subsample': 0.8512825012605649, 'learning_rate': 0.017747266719837056, 'max_depth': 17, 'min_child_weight': 68, 'eval_metric': 'rmse'}. Best is trial 186 with value: 0.6940181384029701.
start listen on 192.168.1.101:38905
@tracker All of 1 nodes getting started
@tracker All nodes finishes job
Trial 240 finished with value: 0.6978952154954683 and parameters: {'objective': 'reg:squarederror', 'tree_method': 'gpu_hist', 'lambda': 0.009096569666958484, 'alpha': 6.0843383350580655, 'colsample_bytree': 0.3660679261337966, 'subsample': 0.8774525072268197, 'learning_rate': 0.014767518492759603, 'max_depth': 7, 'min_child_weight': 146, 'eval_metric': 'rmse'}. Best is trial 186 with value: 0.6940181384029701.
start listen on 192.168.1.101:48591
@tracker All of 1 nodes getting started
@tracker All nodes finishes job
Trial 241 finished with value: 0.6942203207829489 and parameters: {'objective': 'reg:squarederror', 'tree_method': 'gpu_hist', 'lambda': 0.027505477260814187, 'alpha': 8.63583405001755, 'colsample_bytree': 0.39691024587055584, 'subsample': 0.8676189894347159, 'learning_rate': 0.01737407581102277, 'max_depth': 17, 'min_child_weight': 142, 'eval_metric': 'rmse'}. Best is trial 186 with value: 0.6940181384029701.
start listen on 192.168.1.101:47149
@tracker All of 1 nodes getting started
@tracker All nodes finishes job
Trial 242 finished with value: 0.6942788121324607 and parameters: {'objective': 'reg:squarederror', 'tree_method': 'gpu_hist', 'lambda': 0.02273918994848245, 'alpha': 7.806069703979319, 'colsample_bytree': 0.38553674752920036, 'subsample': 0.8859717382402735, 'learning_rate': 0.019169596101795378, 'max_depth': 17, 'min_child_weight': 158, 'eval_metric': 'rmse'}. Best is trial 186 with value: 0.6940181384029701.
start listen on 192.168.1.101:45041
@tracker All of 1 nodes getting started
@tracker All nodes finishes job
Trial 243 finished with value: 0.6941224613882397 and parameters: {'objective': 'reg:squarederror', 'tree_method': 'gpu_hist', 'lambda': 0.04000985708825185, 'alpha': 6.795258358724448, 'colsample_bytree': 0.39863046214077347, 'subsample': 0.9141311912768955, 'learning_rate': 0.015603172730444464, 'max_depth': 17, 'min_child_weight': 149, 'eval_metric': 'rmse'}. Best is trial 186 with value: 0.6940181384029701.
start listen on 192.168.1.101:49097
@tracker All of 1 nodes getting started
@tracker All nodes finishes job
Trial 244 finished with value: 0.6942881176921891 and parameters: {'objective': 'reg:squarederror', 'tree_method': 'gpu_hist', 'lambda': 0.041645183221444025, 'alpha': 6.602873173872929, 'colsample_bytree': 0.4010229507561535, 'subsample': 0.9102089568234634, 'learning_rate': 0.015788239324002907, 'max_depth': 17, 'min_child_weight': 149, 'eval_metric': 'rmse'}. Best is trial 186 with value: 0.6940181384029701.
start listen on 192.168.1.101:55525
@tracker All of 1 nodes getting started
@tracker All nodes finishes job
Trial 245 finished with value: 0.6944391261101754 and parameters: {'objective': 'reg:squarederror', 'tree_method': 'gpu_hist', 'lambda': 0.03504827095459643, 'alpha': 5.358412348228839, 'colsample_bytree': 0.3830672288056915, 'subsample': 0.9209082644275014, 'learning_rate': 0.0123654946879045, 'max_depth': 17, 'min_child_weight': 131, 'eval_metric': 'rmse'}. Best is trial 186 with value: 0.6940181384029701.
start listen on 192.168.1.101:37925
@tracker All of 1 nodes getting started
@tracker All nodes finishes job
Trial 246 finished with value: 0.6942513048517854 and parameters: {'objective': 'reg:squarederror', 'tree_method': 'gpu_hist', 'lambda': 0.046691163582494886, 'alpha': 4.208895729784595, 'colsample_bytree': 0.3685796914940549, 'subsample': 0.8962877102706618, 'learning_rate': 0.014292439112069587, 'max_depth': 17, 'min_child_weight': 151, 'eval_metric': 'rmse'}. Best is trial 186 with value: 0.6940181384029701.
start listen on 192.168.1.101:35973
@tracker All of 1 nodes getting started
@tracker All nodes finishes job
Trial 247 finished with value: 0.6943330434172298 and parameters: {'objective': 'reg:squarederror', 'tree_method': 'gpu_hist', 'lambda': 0.030103555588451687, 'alpha': 6.568706512273452, 'colsample_bytree': 0.35083005139811596, 'subsample': 0.9117539726961289, 'learning_rate': 0.015925381732433328, 'max_depth': 17, 'min_child_weight': 139, 'eval_metric': 'rmse'}. Best is trial 186 with value: 0.6940181384029701.
start listen on 192.168.1.101:60239
@tracker All of 1 nodes getting started
@tracker All nodes finishes job
Trial 248 finished with value: 0.6943651193951242 and parameters: {'objective': 'reg:squarederror', 'tree_method': 'gpu_hist', 'lambda': 0.0632378021468471, 'alpha': 5.5301967585645615, 'colsample_bytree': 0.4252995403456049, 'subsample': 0.8803325763564678, 'learning_rate': 0.017062432688213464, 'max_depth': 17, 'min_child_weight': 116, 'eval_metric': 'rmse'}. Best is trial 186 with value: 0.6940181384029701.
start listen on 192.168.1.101:37683
@tracker All of 1 nodes getting started
@tracker All nodes finishes job
Trial 249 finished with value: 0.6943387705558248 and parameters: {'objective': 'reg:squarederror', 'tree_method': 'gpu_hist', 'lambda': 0.039970665095834204, 'alpha': 7.818283241700552, 'colsample_bytree': 0.40151674026668616, 'subsample': 0.853572777395735, 'learning_rate': 0.013771283921543096, 'max_depth': 17, 'min_child_weight': 163, 'eval_metric': 'rmse'}. Best is trial 186 with value: 0.6940181384029701.
start listen on 192.168.1.101:51683
@tracker All of 1 nodes getting started
@tracker All nodes finishes job
Trial 250 finished with value: 0.6943386882438034 and parameters: {'objective': 'reg:squarederror', 'tree_method': 'gpu_hist', 'lambda': 0.03285305206698605, 'alpha': 6.424242614837169, 'colsample_bytree': 0.3751983861656237, 'subsample': 0.9297035310946185, 'learning_rate': 0.014988338924982266, 'max_depth': 17, 'min_child_weight': 154, 'eval_metric': 'rmse'}. Best is trial 186 with value: 0.6940181384029701.
start listen on 192.168.1.101:43105
@tracker All of 1 nodes getting started
@tracker All nodes finishes job
