Trial 923 finished with value: 0.6940405535303291 and parameters: {'objective': 'reg:squarederror', 'tree_method': 'gpu_hist', 'lambda': 0.15537080119726232, 'alpha': 0.14581001526562942, 'colsample_bytree': 0.5067105501908871, 'subsample': 0.6945982269986191, 'learning_rate': 0.009324297142105772, 'max_depth': 20, 'min_child_weight': 98, 'eval_metric': 'rmse'}. Best is trial 717 with value: 0.6938795554678486.
start listen on 192.168.1.101:39293
@tracker All of 1 nodes getting started
@tracker All nodes finishes job
Trial 924 finished with value: 0.6942624599511997 and parameters: {'objective': 'reg:squarederror', 'tree_method': 'gpu_hist', 'lambda': 0.1726478580490923, 'alpha': 0.18132750675750797, 'colsample_bytree': 0.49428968192113015, 'subsample': 0.7268363821301773, 'learning_rate': 0.00825098680974992, 'max_depth': 20, 'min_child_weight': 101, 'eval_metric': 'rmse'}. Best is trial 717 with value: 0.6938795554678486.
start listen on 192.168.1.101:37719
@tracker All of 1 nodes getting started
@tracker All nodes finishes job
Trial 925 finished with value: 0.6943101831462573 and parameters: {'objective': 'reg:squarederror', 'tree_method': 'gpu_hist', 'lambda': 0.18200984822607674, 'alpha': 0.1455959295926491, 'colsample_bytree': 0.5068203476272454, 'subsample': 0.6984875724035869, 'learning_rate': 0.0075040385504454585, 'max_depth': 20, 'min_child_weight': 107, 'eval_metric': 'rmse'}. Best is trial 717 with value: 0.6938795554678486.
start listen on 192.168.1.101:51669
@tracker All of 1 nodes getting started
@tracker All nodes finishes job
Trial 926 finished with value: 0.6941836557319582 and parameters: {'objective': 'reg:squarederror', 'tree_method': 'gpu_hist', 'lambda': 0.1400693296973658, 'alpha': 0.1801980221555096, 'colsample_bytree': 0.48528267319724033, 'subsample': 0.7156317755643168, 'learning_rate': 0.008859883384744182, 'max_depth': 20, 'min_child_weight': 104, 'eval_metric': 'rmse'}. Best is trial 717 with value: 0.6938795554678486.
start listen on 192.168.1.101:49857
@tracker All of 1 nodes getting started
@tracker All nodes finishes job
Trial 927 finished with value: 0.6943689730893524 and parameters: {'objective': 'reg:squarederror', 'tree_method': 'gpu_hist', 'lambda': 0.20819724801606004, 'alpha': 0.14548766553013726, 'colsample_bytree': 0.5053972988675444, 'subsample': 0.6928787275450723, 'learning_rate': 0.007055322707056436, 'max_depth': 20, 'min_child_weight': 105, 'eval_metric': 'rmse'}. Best is trial 717 with value: 0.6938795554678486.
start listen on 192.168.1.101:47263
@tracker All of 1 nodes getting started
@tracker All nodes finishes job
Trial 928 finished with value: 0.6943668035323364 and parameters: {'objective': 'reg:squarederror', 'tree_method': 'gpu_hist', 'lambda': 0.15532841927828514, 'alpha': 0.1724067811321532, 'colsample_bytree': 0.4863969617895278, 'subsample': 0.704688918257053, 'learning_rate': 0.007815557003003192, 'max_depth': 20, 'min_child_weight': 98, 'eval_metric': 'rmse'}. Best is trial 717 with value: 0.6938795554678486.
start listen on 192.168.1.101:60851
@tracker All of 1 nodes getting started
@tracker All nodes finishes job
Trial 929 finished with value: 0.6941552978324053 and parameters: {'objective': 'reg:squarederror', 'tree_method': 'gpu_hist', 'lambda': 0.14909544714610684, 'alpha': 0.01679035508837499, 'colsample_bytree': 0.46913289569086775, 'subsample': 0.6879284800474923, 'learning_rate': 0.009238255003108865, 'max_depth': 20, 'min_child_weight': 103, 'eval_metric': 'rmse'}. Best is trial 717 with value: 0.6938795554678486.
start listen on 192.168.1.101:43049
@tracker All of 1 nodes getting started
@tracker All nodes finishes job
Trial 930 finished with value: 0.6943409471708892 and parameters: {'objective': 'reg:squarederror', 'tree_method': 'gpu_hist', 'lambda': 0.25748083359777724, 'alpha': 0.21114529669524396, 'colsample_bytree': 0.5129514592255356, 'subsample': 0.48971222842217027, 'learning_rate': 0.009486728220971855, 'max_depth': 20, 'min_child_weight': 104, 'eval_metric': 'rmse'}. Best is trial 717 with value: 0.6938795554678486.
start listen on 192.168.1.101:41917
@tracker All of 1 nodes getting started
@tracker All nodes finishes job
Trial 931 finished with value: 0.6943305970097783 and parameters: {'objective': 'reg:squarederror', 'tree_method': 'gpu_hist', 'lambda': 0.19032303176858195, 'alpha': 0.14508923401307947, 'colsample_bytree': 0.4988678493496473, 'subsample': 0.7180635482705906, 'learning_rate': 0.008140607756491374, 'max_depth': 20, 'min_child_weight': 129, 'eval_metric': 'rmse'}. Best is trial 717 with value: 0.6938795554678486.
start listen on 192.168.1.101:33929
@tracker All of 1 nodes getting started
@tracker All nodes finishes job
Trial 932 finished with value: 0.6944819949975729 and parameters: {'objective': 'reg:squarederror', 'tree_method': 'gpu_hist', 'lambda': 0.16097770875686743, 'alpha': 0.18852141406148576, 'colsample_bytree': 0.5238899877736188, 'subsample': 0.683124447939393, 'learning_rate': 0.0095716560474664, 'max_depth': 13, 'min_child_weight': 97, 'eval_metric': 'rmse'}. Best is trial 717 with value: 0.6938795554678486.
start listen on 192.168.1.101:36355
@tracker All of 1 nodes getting started
@tracker All nodes finishes job
Trial 933 finished with value: 0.6993939949868375 and parameters: {'objective': 'reg:squarederror', 'tree_method': 'gpu_hist', 'lambda': 0.183049163816429, 'alpha': 0.13448948926212537, 'colsample_bytree': 0.3915267793543, 'subsample': 0.7031547362101134, 'learning_rate': 0.00872816788250541, 'max_depth': 7, 'min_child_weight': 90, 'eval_metric': 'rmse'}. Best is trial 717 with value: 0.6938795554678486.
start listen on 192.168.1.101:49701
@tracker All of 1 nodes getting started
@tracker All nodes finishes job
Trial 934 finished with value: 0.694118400639057 and parameters: {'objective': 'reg:squarederror', 'tree_method': 'gpu_hist', 'lambda': 0.13929304649764374, 'alpha': 0.02077943180753504, 'colsample_bytree': 0.51010542966021, 'subsample': 0.6936281226583247, 'learning_rate': 0.009645182292294054, 'max_depth': 20, 'min_child_weight': 111, 'eval_metric': 'rmse'}. Best is trial 717 with value: 0.6938795554678486.
start listen on 192.168.1.101:51879
@tracker All of 1 nodes getting started
@tracker All nodes finishes job
Trial 935 finished with value: 0.6967739070294791 and parameters: {'objective': 'reg:squarederror', 'tree_method': 'gpu_hist', 'lambda': 0.2757794701505442, 'alpha': 0.16214976471964665, 'colsample_bytree': 0.4884536541724528, 'subsample': 0.7108369776497768, 'learning_rate': 0.008469058982877073, 'max_depth': 9, 'min_child_weight': 95, 'eval_metric': 'rmse'}. Best is trial 717 with value: 0.6938795554678486.
start listen on 192.168.1.101:57225
@tracker All of 1 nodes getting started
@tracker All nodes finishes job
Trial 936 finished with value: 0.6942710791313196 and parameters: {'objective': 'reg:squarederror', 'tree_method': 'gpu_hist', 'lambda': 0.20831667187353678, 'alpha': 0.21694150569345688, 'colsample_bytree': 0.5213856284329463, 'subsample': 0.6783611606376239, 'learning_rate': 0.010204107825085898, 'max_depth': 20, 'min_child_weight': 96, 'eval_metric': 'rmse'}. Best is trial 717 with value: 0.6938795554678486.
start listen on 192.168.1.101:51879
@tracker All of 1 nodes getting started
@tracker All nodes finishes job
Trial 937 finished with value: 0.6964812709682298 and parameters: {'objective': 'reg:squarederror', 'tree_method': 'gpu_hist', 'lambda': 0.14551097991720852, 'alpha': 0.13415697930206985, 'colsample_bytree': 0.5081986791461672, 'subsample': 0.6698420041091483, 'learning_rate': 0.006527136438181523, 'max_depth': 11, 'min_child_weight': 114, 'eval_metric': 'rmse'}. Best is trial 717 with value: 0.6938795554678486.
start listen on 192.168.1.101:34597
@tracker All of 1 nodes getting started
@tracker All nodes finishes job
Trial 938 finished with value: 0.6940715390090249 and parameters: {'objective': 'reg:squarederror', 'tree_method': 'gpu_hist', 'lambda': 0.13522587549245987, 'alpha': 0.16700747038327685, 'colsample_bytree': 0.5264449661579755, 'subsample': 0.7289437902508583, 'learning_rate': 0.009446547215737493, 'max_depth': 20, 'min_child_weight': 99, 'eval_metric': 'rmse'}. Best is trial 717 with value: 0.6938795554678486.
start listen on 192.168.1.101:42753
@tracker All of 1 nodes getting started
@tracker All nodes finishes job
Trial 939 finished with value: 0.6942700592269296 and parameters: {'objective': 'reg:squarederror', 'tree_method': 'gpu_hist', 'lambda': 0.16987087491339067, 'alpha': 0.24557889274514755, 'colsample_bytree': 0.4517496811326187, 'subsample': 0.6988406882948383, 'learning_rate': 0.010151444769221803, 'max_depth': 20, 'min_child_weight': 94, 'eval_metric': 'rmse'}. Best is trial 717 with value: 0.6938795554678486.
start listen on 192.168.1.101:57195
@tracker All of 1 nodes getting started
@tracker All nodes finishes job
Trial 940 finished with value: 0.694283913999964 and parameters: {'objective': 'reg:squarederror', 'tree_method': 'gpu_hist', 'lambda': 0.2133789566357215, 'alpha': 0.19722285922160088, 'colsample_bytree': 0.4939907970404328, 'subsample': 0.6867102309850116, 'learning_rate': 0.008710941903008827, 'max_depth': 20, 'min_child_weight': 104, 'eval_metric': 'rmse'}. Best is trial 717 with value: 0.6938795554678486.
start listen on 192.168.1.101:58145
@tracker All of 1 nodes getting started
@tracker All nodes finishes job
Trial 941 finished with value: 0.6942982707400236 and parameters: {'objective': 'reg:squarederror', 'tree_method': 'gpu_hist', 'lambda': 0.1596256055733294, 'alpha': 0.29489591247322233, 'colsample_bytree': 0.6508146221269201, 'subsample': 0.6652399209511097, 'learning_rate': 0.009845575021485467, 'max_depth': 20, 'min_child_weight': 118, 'eval_metric': 'rmse'}. Best is trial 717 with value: 0.6938795554678486.
start listen on 192.168.1.101:60807
@tracker All of 1 nodes getting started
@tracker All nodes finishes job
Trial 942 finished with value: 0.6944651556718896 and parameters: {'objective': 'reg:squarederror', 'tree_method': 'gpu_hist', 'lambda': 0.1254797157748559, 'alpha': 0.1300851274098454, 'colsample_bytree': 0.5202863344815759, 'subsample': 0.7109353567396763, 'learning_rate': 0.007488388796747858, 'max_depth': 20, 'min_child_weight': 105, 'eval_metric': 'rmse'}. Best is trial 717 with value: 0.6938795554678486.
start listen on 192.168.1.101:47035
@tracker All of 1 nodes getting started
@tracker All nodes finishes job
Trial 943 finished with value: 0.6941858550487662 and parameters: {'objective': 'reg:squarederror', 'tree_method': 'gpu_hist', 'lambda': 0.24853478382503666, 'alpha': 0.15996674528176824, 'colsample_bytree': 0.47998178425831517, 'subsample': 0.6800016875598301, 'learning_rate': 0.010621830260720652, 'max_depth': 20, 'min_child_weight': 115, 'eval_metric': 'rmse'}. Best is trial 717 with value: 0.6938795554678486.
start listen on 192.168.1.101:46893
@tracker All of 1 nodes getting started
@tracker All nodes finishes job
Trial 944 finished with value: 0.7033307973066689 and parameters: {'objective': 'reg:squarederror', 'tree_method': 'gpu_hist', 'lambda': 0.3340749339923075, 'alpha': 0.023887821807577467, 'colsample_bytree': 0.5330419299289686, 'subsample': 0.6948117918985155, 'learning_rate': 0.008911061503557373, 'max_depth': 5, 'min_child_weight': 111, 'eval_metric': 'rmse'}. Best is trial 717 with value: 0.6938795554678486.
start listen on 192.168.1.101:55621
@tracker All of 1 nodes getting started
@tracker All nodes finishes job
Trial 945 finished with value: 0.6942738218175547 and parameters: {'objective': 'reg:squarederror', 'tree_method': 'gpu_hist', 'lambda': 0.12933753162587758, 'alpha': 0.014550037020078645, 'colsample_bytree': 0.5007603142496466, 'subsample': 0.7220124824011156, 'learning_rate': 0.010302141590102589, 'max_depth': 20, 'min_child_weight': 100, 'eval_metric': 'rmse'}. Best is trial 717 with value: 0.6938795554678486.
start listen on 192.168.1.101:53189
@tracker All of 1 nodes getting started
@tracker All nodes finishes job
Trial 946 finished with value: 0.694116045562668 and parameters: {'objective': 'reg:squarederror', 'tree_method': 'gpu_hist', 'lambda': 0.18502922349716527, 'alpha': 0.13965365204147376, 'colsample_bytree': 0.5149749910504322, 'subsample': 0.6841944665872622, 'learning_rate': 0.009309947543740505, 'max_depth': 20, 'min_child_weight': 109, 'eval_metric': 'rmse'}. Best is trial 717 with value: 0.6938795554678486.
start listen on 192.168.1.101:55771
@tracker All of 1 nodes getting started
@tracker All nodes finishes job
Trial 947 finished with value: 0.6942518134998775 and parameters: {'objective': 'reg:squarederror', 'tree_method': 'gpu_hist', 'lambda': 0.15512161574083586, 'alpha': 0.2712467109929605, 'colsample_bytree': 0.5262833286250144, 'subsample': 0.7413168484655258, 'learning_rate': 0.007951860967357565, 'max_depth': 20, 'min_child_weight': 92, 'eval_metric': 'rmse'}. Best is trial 717 with value: 0.6938795554678486.
start listen on 192.168.1.101:46281
@tracker All of 1 nodes getting started
@tracker All nodes finishes job
Trial 948 finished with value: 0.6941071870035934 and parameters: {'objective': 'reg:squarederror', 'tree_method': 'gpu_hist', 'lambda': 0.1167511227264976, 'alpha': 0.18125870446875514, 'colsample_bytree': 0.540775822975005, 'subsample': 0.6639318686353856, 'learning_rate': 0.010845630257640923, 'max_depth': 17, 'min_child_weight': 87, 'eval_metric': 'rmse'}. Best is trial 717 with value: 0.6938795554678486.
start listen on 192.168.1.101:55383
@tracker All of 1 nodes getting started
@tracker All nodes finishes job
Trial 949 finished with value: 0.6943179649230367 and parameters: {'objective': 'reg:squarederror', 'tree_method': 'gpu_hist', 'lambda': 0.28944645648199124, 'alpha': 0.13350584469249682, 'colsample_bytree': 0.46463960281435257, 'subsample': 0.6724378653566032, 'learning_rate': 0.009710064617697925, 'max_depth': 20, 'min_child_weight': 97, 'eval_metric': 'rmse'}. Best is trial 717 with value: 0.6938795554678486.
start listen on 192.168.1.101:36493
@tracker All of 1 nodes getting started
@tracker All nodes finishes job
Trial 950 finished with value: 0.6943139214981787 and parameters: {'objective': 'reg:squarederror', 'tree_method': 'gpu_hist', 'lambda': 0.21336050291300288, 'alpha': 0.019026048416736625, 'colsample_bytree': 0.506807640650704, 'subsample': 0.7038922364485394, 'learning_rate': 0.008712216356947015, 'max_depth': 20, 'min_child_weight': 106, 'eval_metric': 'rmse'}. Best is trial 717 with value: 0.6938795554678486.
start listen on 192.168.1.101:53723
@tracker All of 1 nodes getting started
@tracker All nodes finishes job
Trial 951 finished with value: 0.6943125324750822 and parameters: {'objective': 'reg:squarederror', 'tree_method': 'gpu_hist', 'lambda': 0.1420191498804065, 'alpha': 0.20390251550921543, 'colsample_bytree': 0.5302590293576883, 'subsample': 0.6926619304934203, 'learning_rate': 0.010494962622979206, 'max_depth': 20, 'min_child_weight': 99, 'eval_metric': 'rmse'}. Best is trial 717 with value: 0.6938795554678486.
start listen on 192.168.1.101:49283
@tracker All of 1 nodes getting started
@tracker All nodes finishes job
Trial 952 finished with value: 0.6984977436999961 and parameters: {'objective': 'reg:squarederror', 'tree_method': 'gpu_hist', 'lambda': 0.10678661258867729, 'alpha': 0.1549351242062983, 'colsample_bytree': 0.4365479480191736, 'subsample': 0.711619661005052, 'learning_rate': 0.009471583290654619, 'max_depth': 20, 'min_child_weight': 1, 'eval_metric': 'rmse'}. Best is trial 717 with value: 0.6938795554678486.
start listen on 192.168.1.101:32999
@tracker All of 1 nodes getting started
@tracker All nodes finishes job
Trial 953 finished with value: 0.7088313240045904 and parameters: {'objective': 'reg:squarederror', 'tree_method': 'gpu_hist', 'lambda': 0.16899418084736473, 'alpha': 0.22903825847636333, 'colsample_bytree': 0.5432259315617628, 'subsample': 0.8204906142440008, 'learning_rate': 0.011187424747187624, 'max_depth': 3, 'min_child_weight': 84, 'eval_metric': 'rmse'}. Best is trial 717 with value: 0.6938795554678486.
start listen on 192.168.1.101:60661
@tracker All of 1 nodes getting started
@tracker All nodes finishes job
Trial 954 finished with value: 0.6941410120588745 and parameters: {'objective': 'reg:squarederror', 'tree_method': 'gpu_hist', 'lambda': 0.13009061139120384, 'alpha': 0.27943092479537474, 'colsample_bytree': 0.49698295474775334, 'subsample': 0.6782777791982469, 'learning_rate': 0.010160489300598317, 'max_depth': 20, 'min_child_weight': 104, 'eval_metric': 'rmse'}. Best is trial 717 with value: 0.6938795554678486.
start listen on 192.168.1.101:34443
@tracker All of 1 nodes getting started
@tracker All nodes finishes job
Trial 955 finished with value: 0.6943189531189784 and parameters: {'objective': 'reg:squarederror', 'tree_method': 'gpu_hist', 'lambda': 0.19012028445219126, 'alpha': 0.3624710853547295, 'colsample_bytree': 0.710924800975091, 'subsample': 0.6972862007702081, 'learning_rate': 0.008222797174629166, 'max_depth': 20, 'min_child_weight': 111, 'eval_metric': 'rmse'}. Best is trial 717 with value: 0.6938795554678486.
start listen on 192.168.1.101:48875
@tracker All of 1 nodes getting started
@tracker All nodes finishes job
Trial 956 finished with value: 0.6945232848014218 and parameters: {'objective': 'reg:squarederror', 'tree_method': 'gpu_hist', 'lambda': 0.09968769236454494, 'alpha': 0.001678035043405349, 'colsample_bytree': 0.5182172983667273, 'subsample': 0.6852353317121223, 'learning_rate': 0.011100928993645497, 'max_depth': 20, 'min_child_weight': 97, 'eval_metric': 'rmse'}. Best is trial 717 with value: 0.6938795554678486.
start listen on 192.168.1.101:59577
@tracker All of 1 nodes getting started
@tracker All nodes finishes job
Trial 957 finished with value: 0.6942435552764957 and parameters: {'objective': 'reg:squarederror', 'tree_method': 'gpu_hist', 'lambda': 0.2327922924498647, 'alpha': 0.12366689622797498, 'colsample_bytree': 0.5320706977458023, 'subsample': 0.6601003668662299, 'learning_rate': 0.009253899448323766, 'max_depth': 20, 'min_child_weight': 91, 'eval_metric': 'rmse'}. Best is trial 717 with value: 0.6938795554678486.
start listen on 192.168.1.101:50009
@tracker All of 1 nodes getting started
@tracker All nodes finishes job
Trial 958 finished with value: 0.6947946385619064 and parameters: {'objective': 'reg:squarederror', 'tree_method': 'gpu_hist', 'lambda': 0.3649973145665672, 'alpha': 0.17244348050020133, 'colsample_bytree': 0.8956259673683642, 'subsample': 0.720707547647673, 'learning_rate': 0.010420367211908756, 'max_depth': 20, 'min_child_weight': 85, 'eval_metric': 'rmse'}. Best is trial 717 with value: 0.6938795554678486.
start listen on 192.168.1.101:43521
@tracker All of 1 nodes getting started
@tracker All nodes finishes job
Trial 959 finished with value: 0.6944972316761119 and parameters: {'objective': 'reg:squarederror', 'tree_method': 'gpu_hist', 'lambda': 0.15394033704445798, 'alpha': 0.14777869461717744, 'colsample_bytree': 0.4792187822043271, 'subsample': 0.7052107232896297, 'learning_rate': 0.011310518064461922, 'max_depth': 13, 'min_child_weight': 118, 'eval_metric': 'rmse'}. Best is trial 717 with value: 0.6938795554678486.
start listen on 192.168.1.101:48541
@tracker All of 1 nodes getting started
@tracker All nodes finishes job
Trial 960 finished with value: 0.6942749190966199 and parameters: {'objective': 'reg:squarederror', 'tree_method': 'gpu_hist', 'lambda': 0.12087241158693454, 'alpha': 0.20029621832956498, 'colsample_bytree': 0.5458660927927866, 'subsample': 0.6724844551827978, 'learning_rate': 0.008692396368100583, 'max_depth': 20, 'min_child_weight': 113, 'eval_metric': 'rmse'}. Best is trial 717 with value: 0.6938795554678486.
start listen on 192.168.1.101:53067
@tracker All of 1 nodes getting started
@tracker All nodes finishes job
Trial 961 finished with value: 0.6943647429304194 and parameters: {'objective': 'reg:squarederror', 'tree_method': 'gpu_hist', 'lambda': 0.010139680927907943, 'alpha': 0.12501197585013604, 'colsample_bytree': 0.5128066875664594, 'subsample': 0.8626615398565245, 'learning_rate': 0.009783666690469867, 'max_depth': 20, 'min_child_weight': 90, 'eval_metric': 'rmse'}. Best is trial 717 with value: 0.6938795554678486.
start listen on 192.168.1.101:44755
@tracker All of 1 nodes getting started
@tracker All nodes finishes job
Trial 962 finished with value: 0.6979138067250277 and parameters: {'objective': 'reg:squarederror', 'tree_method': 'gpu_hist', 'lambda': 0.17622040344165316, 'alpha': 0.23947351893412042, 'colsample_bytree': 0.49410114925570503, 'subsample': 0.6890373853954678, 'learning_rate': 0.07442793720187382, 'max_depth': 7, 'min_child_weight': 98, 'eval_metric': 'rmse'}. Best is trial 717 with value: 0.6938795554678486.
start listen on 192.168.1.101:46347
@tracker All of 1 nodes getting started
@tracker All nodes finishes job
Trial 963 finished with value: 0.6954267424296612 and parameters: {'objective': 'reg:squarederror', 'tree_method': 'gpu_hist', 'lambda': 0.13539645473928913, 'alpha': 0.024389017025844107, 'colsample_bytree': 0.5275004913302, 'subsample': 0.655239840079014, 'learning_rate': 0.011985744013481124, 'max_depth': 9, 'min_child_weight': 106, 'eval_metric': 'rmse'}. Best is trial 717 with value: 0.6938795554678486.
start listen on 192.168.1.101:37383
@tracker All of 1 nodes getting started
@tracker All nodes finishes job
Trial 964 finished with value: 0.6942360845858074 and parameters: {'objective': 'reg:squarederror', 'tree_method': 'gpu_hist', 'lambda': 0.1028295472264712, 'alpha': 0.19059248236144108, 'colsample_bytree': 0.5483669092502823, 'subsample': 0.6998232084463658, 'learning_rate': 0.01035512887092702, 'max_depth': 20, 'min_child_weight': 107, 'eval_metric': 'rmse'}. Best is trial 717 with value: 0.6938795554678486.
start listen on 192.168.1.101:41817
@tracker All of 1 nodes getting started
@tracker All nodes finishes job
