Trial 125 finished with value: 0.6942362032338996 and parameters: {'objective': 'reg:squarederror', 'tree_method': 'gpu_hist', 'lambda': 0.039094914223060585, 'alpha': 0.047241762372852714, 'colsample_bytree': 0.48855433600870174, 'subsample': 0.6509352334920375, 'learning_rate': 0.01389976800962769, 'max_depth': 15, 'min_child_weight': 127, 'eval_metric': 'rmse'}. Best is trial 118 with value: 0.694091138319549.
start listen on 192.168.1.101:34087
@tracker All of 1 nodes getting started
@tracker All nodes finishes job
Trial 126 finished with value: 0.6946113377264868 and parameters: {'objective': 'reg:squarederror', 'tree_method': 'gpu_hist', 'lambda': 0.03533848040539646, 'alpha': 0.04619126276389536, 'colsample_bytree': 0.4850656909278225, 'subsample': 0.6449575020116097, 'learning_rate': 0.01794275427337783, 'max_depth': 15, 'min_child_weight': 123, 'eval_metric': 'rmse'}. Best is trial 118 with value: 0.694091138319549.
start listen on 192.168.1.101:41697
@tracker All of 1 nodes getting started
@tracker All nodes finishes job
Trial 127 finished with value: 0.6943221829958488 and parameters: {'objective': 'reg:squarederror', 'tree_method': 'gpu_hist', 'lambda': 0.02714751155945633, 'alpha': 0.022593971971556426, 'colsample_bytree': 0.4423246311877099, 'subsample': 0.6466942980218854, 'learning_rate': 0.014198116174448026, 'max_depth': 15, 'min_child_weight': 129, 'eval_metric': 'rmse'}. Best is trial 118 with value: 0.694091138319549.
start listen on 192.168.1.101:49207
@tracker All of 1 nodes getting started
@tracker All nodes finishes job
Trial 128 finished with value: 0.6942681859313511 and parameters: {'objective': 'reg:squarederror', 'tree_method': 'gpu_hist', 'lambda': 0.018304729994062154, 'alpha': 0.03654645978914507, 'colsample_bytree': 0.4655517865291369, 'subsample': 0.6649788590690278, 'learning_rate': 0.013281450682971598, 'max_depth': 15, 'min_child_weight': 112, 'eval_metric': 'rmse'}. Best is trial 118 with value: 0.694091138319549.
start listen on 192.168.1.101:54545
@tracker All of 1 nodes getting started
@tracker All nodes finishes job
Trial 129 finished with value: 0.6940614934028521 and parameters: {'objective': 'reg:squarederror', 'tree_method': 'gpu_hist', 'lambda': 0.013427979048189355, 'alpha': 0.08851107899759222, 'colsample_bytree': 0.5205547612097787, 'subsample': 0.6884276269542036, 'learning_rate': 0.011889306028143849, 'max_depth': 15, 'min_child_weight': 105, 'eval_metric': 'rmse'}. Best is trial 129 with value: 0.6940614934028521.
start listen on 192.168.1.101:38639
@tracker All of 1 nodes getting started
@tracker All nodes finishes job
Trial 130 finished with value: 0.6947079056836117 and parameters: {'objective': 'reg:squarederror', 'tree_method': 'gpu_hist', 'lambda': 0.01587913340529753, 'alpha': 0.08703715250681678, 'colsample_bytree': 0.5271922066495985, 'subsample': 0.6935056763893025, 'learning_rate': 0.01630071317984306, 'max_depth': 15, 'min_child_weight': 100, 'eval_metric': 'rmse'}. Best is trial 129 with value: 0.6940614934028521.
start listen on 192.168.1.101:56085
@tracker All of 1 nodes getting started
@tracker All nodes finishes job
Trial 131 finished with value: 0.6942413930665016 and parameters: {'objective': 'reg:squarederror', 'tree_method': 'gpu_hist', 'lambda': 0.04161372870186896, 'alpha': 0.05306869614602696, 'colsample_bytree': 0.535610550252483, 'subsample': 0.6594753492854494, 'learning_rate': 0.012445669154341334, 'max_depth': 15, 'min_child_weight': 106, 'eval_metric': 'rmse'}. Best is trial 129 with value: 0.6940614934028521.
start listen on 192.168.1.101:46641
@tracker All of 1 nodes getting started
@tracker All nodes finishes job
Trial 132 finished with value: 0.694318544247559 and parameters: {'objective': 'reg:squarederror', 'tree_method': 'gpu_hist', 'lambda': 0.04084210305958081, 'alpha': 0.06399538988781164, 'colsample_bytree': 0.4922128586178451, 'subsample': 0.6634031433642973, 'learning_rate': 0.012290821767440892, 'max_depth': 15, 'min_child_weight': 86, 'eval_metric': 'rmse'}. Best is trial 129 with value: 0.6940614934028521.
start listen on 192.168.1.101:53979
@tracker All of 1 nodes getting started
@tracker All nodes finishes job
Trial 133 finished with value: 0.6953956175699797 and parameters: {'objective': 'reg:squarederror', 'tree_method': 'gpu_hist', 'lambda': 0.02125857094427493, 'alpha': 0.04693739433600615, 'colsample_bytree': 0.5338516749089742, 'subsample': 0.6837119525183584, 'learning_rate': 0.021334799936125373, 'max_depth': 15, 'min_child_weight': 118, 'eval_metric': 'rmse'}. Best is trial 129 with value: 0.6940614934028521.
start listen on 192.168.1.101:57815
@tracker All of 1 nodes getting started
@tracker All nodes finishes job
Trial 134 finished with value: 0.694414616122728 and parameters: {'objective': 'reg:squarederror', 'tree_method': 'gpu_hist', 'lambda': 0.061905444195372715, 'alpha': 0.10929073193739293, 'colsample_bytree': 0.49610945801936635, 'subsample': 0.7035206787698138, 'learning_rate': 0.014425751757353151, 'max_depth': 15, 'min_child_weight': 102, 'eval_metric': 'rmse'}. Best is trial 129 with value: 0.6940614934028521.
start listen on 192.168.1.101:52881
@tracker All of 1 nodes getting started
@tracker All nodes finishes job
Trial 135 finished with value: 0.6941124305692317 and parameters: {'objective': 'reg:squarederror', 'tree_method': 'gpu_hist', 'lambda': 0.027891782332973236, 'alpha': 0.06543482901051237, 'colsample_bytree': 0.5201097156225114, 'subsample': 0.6598400557286219, 'learning_rate': 0.012001491989207006, 'max_depth': 15, 'min_child_weight': 106, 'eval_metric': 'rmse'}. Best is trial 129 with value: 0.6940614934028521.
start listen on 192.168.1.101:46123
@tracker All of 1 nodes getting started
@tracker All nodes finishes job
Trial 136 finished with value: 0.6943601437326392 and parameters: {'objective': 'reg:squarederror', 'tree_method': 'gpu_hist', 'lambda': 0.07659604986195831, 'alpha': 0.02799777215821131, 'colsample_bytree': 0.5491541698012178, 'subsample': 0.6564814151892195, 'learning_rate': 0.011950394098447094, 'max_depth': 15, 'min_child_weight': 91, 'eval_metric': 'rmse'}. Best is trial 129 with value: 0.6940614934028521.
start listen on 192.168.1.101:43999
@tracker All of 1 nodes getting started
@tracker All nodes finishes job
Trial 137 finished with value: 0.6946777240159833 and parameters: {'objective': 'reg:squarederror', 'tree_method': 'gpu_hist', 'lambda': 0.046071284153603315, 'alpha': 0.07691160160207781, 'colsample_bytree': 0.5724271698321373, 'subsample': 0.5919934386552396, 'learning_rate': 0.013228957759187792, 'max_depth': 15, 'min_child_weight': 105, 'eval_metric': 'rmse'}. Best is trial 129 with value: 0.6940614934028521.
start listen on 192.168.1.101:55927
@tracker All of 1 nodes getting started
@tracker All nodes finishes job
Trial 138 finished with value: 0.6952497396887175 and parameters: {'objective': 'reg:squarederror', 'tree_method': 'gpu_hist', 'lambda': 0.030709666381298184, 'alpha': 0.020105547120645804, 'colsample_bytree': 0.5040312346594426, 'subsample': 0.6270043213004877, 'learning_rate': 0.017662606715933112, 'max_depth': 15, 'min_child_weight': 79, 'eval_metric': 'rmse'}. Best is trial 129 with value: 0.6940614934028521.
start listen on 192.168.1.101:36437
@tracker All of 1 nodes getting started
@tracker All nodes finishes job
Trial 139 finished with value: 0.6946565503261563 and parameters: {'objective': 'reg:squarederror', 'tree_method': 'gpu_hist', 'lambda': 0.013715424320371098, 'alpha': 0.05329488798925433, 'colsample_bytree': 0.539532897589059, 'subsample': 0.6157820002984806, 'learning_rate': 0.015174287744436733, 'max_depth': 15, 'min_child_weight': 110, 'eval_metric': 'rmse'}. Best is trial 129 with value: 0.6940614934028521.
start listen on 192.168.1.101:40881
@tracker All of 1 nodes getting started
@tracker All nodes finishes job
Trial 140 finished with value: 0.693976497093345 and parameters: {'objective': 'reg:squarederror', 'tree_method': 'gpu_hist', 'lambda': 0.024627386491481388, 'alpha': 0.04165507399157086, 'colsample_bytree': 0.4780681684177181, 'subsample': 0.6400273717093057, 'learning_rate': 0.011931967131098864, 'max_depth': 15, 'min_child_weight': 90, 'eval_metric': 'rmse'}. Best is trial 140 with value: 0.693976497093345.
start listen on 192.168.1.101:57369
@tracker All of 1 nodes getting started
@tracker All nodes finishes job
Trial 141 finished with value: 0.6942530193309977 and parameters: {'objective': 'reg:squarederror', 'tree_method': 'gpu_hist', 'lambda': 0.027296017233323755, 'alpha': 0.03909018474170357, 'colsample_bytree': 0.4756339004568921, 'subsample': 0.6390226810062053, 'learning_rate': 0.011980314021948775, 'max_depth': 15, 'min_child_weight': 68, 'eval_metric': 'rmse'}. Best is trial 140 with value: 0.693976497093345.
start listen on 192.168.1.101:42389
@tracker All of 1 nodes getting started
@tracker All nodes finishes job
Trial 142 finished with value: 0.694346368775115 and parameters: {'objective': 'reg:squarederror', 'tree_method': 'gpu_hist', 'lambda': 0.02116585343593562, 'alpha': 0.029982243378665195, 'colsample_bytree': 0.5187164390495019, 'subsample': 0.6606251139261986, 'learning_rate': 0.013459892837397843, 'max_depth': 15, 'min_child_weight': 86, 'eval_metric': 'rmse'}. Best is trial 140 with value: 0.693976497093345.
start listen on 192.168.1.101:56089
@tracker All of 1 nodes getting started
@tracker All nodes finishes job
Trial 143 finished with value: 0.6942881058960171 and parameters: {'objective': 'reg:squarederror', 'tree_method': 'gpu_hist', 'lambda': 0.03495474355969413, 'alpha': 0.06691632161475654, 'colsample_bytree': 0.44982470668662927, 'subsample': 0.6679513562688912, 'learning_rate': 0.010410246473775468, 'max_depth': 15, 'min_child_weight': 90, 'eval_metric': 'rmse'}. Best is trial 140 with value: 0.693976497093345.
start listen on 192.168.1.101:49315
@tracker All of 1 nodes getting started
@tracker All nodes finishes job
Trial 144 finished with value: 0.6944184421334205 and parameters: {'objective': 'reg:squarederror', 'tree_method': 'gpu_hist', 'lambda': 0.050611119825784215, 'alpha': 0.01213665076320296, 'colsample_bytree': 0.46042444665844273, 'subsample': 0.6432096969930157, 'learning_rate': 0.011353580524147344, 'max_depth': 13, 'min_child_weight': 121, 'eval_metric': 'rmse'}. Best is trial 140 with value: 0.693976497093345.
start listen on 192.168.1.101:54715
@tracker All of 1 nodes getting started
@tracker All nodes finishes job
Trial 145 finished with value: 0.6965812683787221 and parameters: {'objective': 'reg:squarederror', 'tree_method': 'gpu_hist', 'lambda': 0.01740162680898619, 'alpha': 0.044102774310529745, 'colsample_bytree': 0.4805173756202464, 'subsample': 0.6832196196459778, 'learning_rate': 0.059830060624140945, 'max_depth': 7, 'min_child_weight': 97, 'eval_metric': 'rmse'}. Best is trial 140 with value: 0.693976497093345.
start listen on 192.168.1.101:53221
@tracker All of 1 nodes getting started
@tracker All nodes finishes job
Trial 146 finished with value: 0.6943709410337112 and parameters: {'objective': 'reg:squarederror', 'tree_method': 'gpu_hist', 'lambda': 0.02511607246818607, 'alpha': 0.08506423449138398, 'colsample_bytree': 0.49825459141688494, 'subsample': 0.6023821598849367, 'learning_rate': 0.008896233586271179, 'max_depth': 15, 'min_child_weight': 106, 'eval_metric': 'rmse'}. Best is trial 140 with value: 0.693976497093345.
start listen on 192.168.1.101:44013
@tracker All of 1 nodes getting started
@tracker All nodes finishes job
Trial 147 finished with value: 0.6944177916115384 and parameters: {'objective': 'reg:squarederror', 'tree_method': 'gpu_hist', 'lambda': 0.15573654217765115, 'alpha': 0.05159294868237375, 'colsample_bytree': 0.5649299320510104, 'subsample': 0.6540526220990206, 'learning_rate': 0.015595396076811482, 'max_depth': 15, 'min_child_weight': 126, 'eval_metric': 'rmse'}. Best is trial 140 with value: 0.693976497093345.
start listen on 192.168.1.101:49809
@tracker All of 1 nodes getting started
@tracker All nodes finishes job
Trial 148 finished with value: 0.6952349939205275 and parameters: {'objective': 'reg:squarederror', 'tree_method': 'gpu_hist', 'lambda': 0.013293985619379136, 'alpha': 0.30314390077657394, 'colsample_bytree': 0.5123057558475941, 'subsample': 0.6975534479358979, 'learning_rate': 0.012506397924521455, 'max_depth': 9, 'min_child_weight': 72, 'eval_metric': 'rmse'}. Best is trial 140 with value: 0.693976497093345.
start listen on 192.168.1.101:50597
@tracker All of 1 nodes getting started
@tracker All nodes finishes job
Trial 149 finished with value: 0.6948199603548361 and parameters: {'objective': 'reg:squarederror', 'tree_method': 'gpu_hist', 'lambda': 0.03946269112314281, 'alpha': 0.03424686836368584, 'colsample_bytree': 0.5335645094565843, 'subsample': 0.6283833972771401, 'learning_rate': 0.014108929792277767, 'max_depth': 11, 'min_child_weight': 277, 'eval_metric': 'rmse'}. Best is trial 140 with value: 0.693976497093345.
start listen on 192.168.1.101:33001
@tracker All of 1 nodes getting started
@tracker All nodes finishes job
Trial 150 finished with value: 0.7030353676493234 and parameters: {'objective': 'reg:squarederror', 'tree_method': 'gpu_hist', 'lambda': 0.011434227418090089, 'alpha': 0.06913299756030704, 'colsample_bytree': 0.43246603320968974, 'subsample': 0.6757787934784906, 'learning_rate': 0.00942437827941634, 'max_depth': 5, 'min_child_weight': 136, 'eval_metric': 'rmse'}. Best is trial 140 with value: 0.693976497093345.
start listen on 192.168.1.101:39391
@tracker All of 1 nodes getting started
@tracker All nodes finishes job
Trial 151 finished with value: 0.6942497270837854 and parameters: {'objective': 'reg:squarederror', 'tree_method': 'gpu_hist', 'lambda': 0.015543731198162972, 'alpha': 0.09332517507053345, 'colsample_bytree': 0.5207714128582535, 'subsample': 0.6858710559347692, 'learning_rate': 0.010892409662083963, 'max_depth': 15, 'min_child_weight': 129, 'eval_metric': 'rmse'}. Best is trial 140 with value: 0.693976497093345.
start listen on 192.168.1.101:45799
@tracker All of 1 nodes getting started
@tracker All nodes finishes job
Trial 152 finished with value: 0.6950419365505095 and parameters: {'objective': 'reg:squarederror', 'tree_method': 'gpu_hist', 'lambda': 0.01955648055345705, 'alpha': 0.09508713656546056, 'colsample_bytree': 0.9394552128300178, 'subsample': 0.6935815188054929, 'learning_rate': 0.01085366478600424, 'max_depth': 15, 'min_child_weight': 112, 'eval_metric': 'rmse'}. Best is trial 140 with value: 0.693976497093345.
start listen on 192.168.1.101:43367
@tracker All of 1 nodes getting started
@tracker All nodes finishes job
Trial 153 finished with value: 0.6941282553213045 and parameters: {'objective': 'reg:squarederror', 'tree_method': 'gpu_hist', 'lambda': 0.015794229997138344, 'alpha': 0.05506774805800388, 'colsample_bytree': 0.5237811076642024, 'subsample': 0.6521335809967247, 'learning_rate': 0.012851557699272763, 'max_depth': 15, 'min_child_weight': 145, 'eval_metric': 'rmse'}. Best is trial 140 with value: 0.693976497093345.
start listen on 192.168.1.101:56261
@tracker All of 1 nodes getting started
@tracker All nodes finishes job
Trial 154 finished with value: 0.6940738252481456 and parameters: {'objective': 'reg:squarederror', 'tree_method': 'gpu_hist', 'lambda': 0.02978508396907932, 'alpha': 0.05477103903783357, 'colsample_bytree': 0.5447336489943623, 'subsample': 0.6496158576148031, 'learning_rate': 0.01248438915765116, 'max_depth': 15, 'min_child_weight': 154, 'eval_metric': 'rmse'}. Best is trial 140 with value: 0.693976497093345.
start listen on 192.168.1.101:38031
@tracker All of 1 nodes getting started
@tracker All nodes finishes job
Trial 155 finished with value: 0.6946452755434155 and parameters: {'objective': 'reg:squarederror', 'tree_method': 'gpu_hist', 'lambda': 0.0310150278149814, 'alpha': 0.13313871381008918, 'colsample_bytree': 0.5521111527553616, 'subsample': 0.6491875639770849, 'learning_rate': 0.008123993845980379, 'max_depth': 15, 'min_child_weight': 150, 'eval_metric': 'rmse'}. Best is trial 140 with value: 0.693976497093345.
start listen on 192.168.1.101:53569
@tracker All of 1 nodes getting started
@tracker All nodes finishes job
Trial 156 finished with value: 0.694235812409748 and parameters: {'objective': 'reg:squarederror', 'tree_method': 'gpu_hist', 'lambda': 0.010825295463493848, 'alpha': 0.06970261886908477, 'colsample_bytree': 0.4902105280034649, 'subsample': 0.6364182244966219, 'learning_rate': 0.013489777956190555, 'max_depth': 15, 'min_child_weight': 145, 'eval_metric': 'rmse'}. Best is trial 140 with value: 0.693976497093345.
start listen on 192.168.1.101:33175
@tracker All of 1 nodes getting started
@tracker All nodes finishes job
Trial 157 finished with value: 0.694256130115294 and parameters: {'objective': 'reg:squarederror', 'tree_method': 'gpu_hist', 'lambda': 0.021833785403214737, 'alpha': 0.004736009046518183, 'colsample_bytree': 0.48717019408231965, 'subsample': 0.6156446180794655, 'learning_rate': 0.016388655818026482, 'max_depth': 15, 'min_child_weight': 143, 'eval_metric': 'rmse'}. Best is trial 140 with value: 0.693976497093345.
start listen on 192.168.1.101:58683
@tracker All of 1 nodes getting started
@tracker All nodes finishes job
Trial 158 finished with value: 0.6958468585784394 and parameters: {'objective': 'reg:squarederror', 'tree_method': 'gpu_hist', 'lambda': 0.011161431993128641, 'alpha': 0.04208769062560799, 'colsample_bytree': 0.5029635073446929, 'subsample': 0.6401929859074287, 'learning_rate': 0.023613504490056527, 'max_depth': 15, 'min_child_weight': 155, 'eval_metric': 'rmse'}. Best is trial 140 with value: 0.693976497093345.
start listen on 192.168.1.101:48963
@tracker All of 1 nodes getting started
@tracker All nodes finishes job
Trial 159 finished with value: 0.6944440638763164 and parameters: {'objective': 'reg:squarederror', 'tree_method': 'gpu_hist', 'lambda': 0.013840345582095761, 'alpha': 0.06741824264196497, 'colsample_bytree': 0.48266350028516997, 'subsample': 0.6296887979313657, 'learning_rate': 0.014267211799080564, 'max_depth': 15, 'min_child_weight': 147, 'eval_metric': 'rmse'}. Best is trial 140 with value: 0.693976497093345.
start listen on 192.168.1.101:53261
@tracker All of 1 nodes getting started
@tracker All nodes finishes job
Trial 160 finished with value: 0.6942596550256315 and parameters: {'objective': 'reg:squarederror', 'tree_method': 'gpu_hist', 'lambda': 0.009823725347557814, 'alpha': 0.07561768938678547, 'colsample_bytree': 0.47148386677500986, 'subsample': 0.5907799853154343, 'learning_rate': 0.012999974718429206, 'max_depth': 15, 'min_child_weight': 139, 'eval_metric': 'rmse'}. Best is trial 140 with value: 0.693976497093345.
start listen on 192.168.1.101:45773
@tracker All of 1 nodes getting started
@tracker All nodes finishes job
Trial 161 finished with value: 0.6943855530212912 and parameters: {'objective': 'reg:squarederror', 'tree_method': 'gpu_hist', 'lambda': 0.017624307806663967, 'alpha': 0.3921109041457185, 'colsample_bytree': 0.5930764587008279, 'subsample': 0.6665328120828847, 'learning_rate': 0.011606439727805456, 'max_depth': 15, 'min_child_weight': 153, 'eval_metric': 'rmse'}. Best is trial 140 with value: 0.693976497093345.
start listen on 192.168.1.101:45243
@tracker All of 1 nodes getting started
@tracker All nodes finishes job
Trial 162 finished with value: 0.6941459913960223 and parameters: {'objective': 'reg:squarederror', 'tree_method': 'gpu_hist', 'lambda': 0.028042889014533803, 'alpha': 0.055285990724600574, 'colsample_bytree': 0.5173738620558935, 'subsample': 0.6447017358586229, 'learning_rate': 0.00933028837330378, 'max_depth': 20, 'min_child_weight': 146, 'eval_metric': 'rmse'}. Best is trial 140 with value: 0.693976497093345.
start listen on 192.168.1.101:60545
@tracker All of 1 nodes getting started
@tracker All nodes finishes job
Trial 163 finished with value: 0.6941827018111772 and parameters: {'objective': 'reg:squarederror', 'tree_method': 'gpu_hist', 'lambda': 0.4893078945170492, 'alpha': 0.05236656009442663, 'colsample_bytree': 0.5095089156499869, 'subsample': 0.6474878883049469, 'learning_rate': 0.009937818374233156, 'max_depth': 20, 'min_child_weight': 159, 'eval_metric': 'rmse'}. Best is trial 140 with value: 0.693976497093345.
start listen on 192.168.1.101:44715
@tracker All of 1 nodes getting started
@tracker All nodes finishes job
Trial 164 finished with value: 0.6942675699672499 and parameters: {'objective': 'reg:squarederror', 'tree_method': 'gpu_hist', 'lambda': 0.024495099764773858, 'alpha': 0.05696031295793327, 'colsample_bytree': 0.5145772029115413, 'subsample': 0.8617410475630628, 'learning_rate': 0.009772499686901803, 'max_depth': 20, 'min_child_weight': 159, 'eval_metric': 'rmse'}. Best is trial 140 with value: 0.693976497093345.
start listen on 192.168.1.101:49217
@tracker All of 1 nodes getting started
@tracker All nodes finishes job
Trial 165 finished with value: 0.6944955497331058 and parameters: {'objective': 'reg:squarederror', 'tree_method': 'gpu_hist', 'lambda': 0.5623399061660143, 'alpha': 0.030910761397551216, 'colsample_bytree': 0.5237893178753902, 'subsample': 0.6171520512688027, 'learning_rate': 0.009136889293768349, 'max_depth': 20, 'min_child_weight': 165, 'eval_metric': 'rmse'}. Best is trial 140 with value: 0.693976497093345.
start listen on 192.168.1.101:52075
@tracker All of 1 nodes getting started
@tracker All nodes finishes job
Trial 166 finished with value: 0.6948902075603832 and parameters: {'objective': 'reg:squarederror', 'tree_method': 'gpu_hist', 'lambda': 2.7441018719541774, 'alpha': 0.06452354586839375, 'colsample_bytree': 0.5439705272470691, 'subsample': 0.6466492331898348, 'learning_rate': 0.007742083943124919, 'max_depth': 20, 'min_child_weight': 147, 'eval_metric': 'rmse'}. Best is trial 140 with value: 0.693976497093345.
start listen on 192.168.1.101:46667
@tracker All of 1 nodes getting started
@tracker All nodes finishes job
