Trial 545 finished with value: 0.6943803662577498 and parameters: {'objective': 'reg:squarederror', 'tree_method': 'gpu_hist', 'lambda': 0.01635143764855635, 'alpha': 0.1527052745051754, 'colsample_bytree': 0.564794960950154, 'subsample': 0.6713155247026743, 'learning_rate': 0.013144081656920827, 'max_depth': 20, 'min_child_weight': 171, 'eval_metric': 'rmse'}. Best is trial 140 with value: 0.693976497093345.
start listen on 192.168.1.101:54045
@tracker All of 1 nodes getting started
@tracker All nodes finishes job
Trial 546 finished with value: 0.694649399598187 and parameters: {'objective': 'reg:squarederror', 'tree_method': 'gpu_hist', 'lambda': 0.02858336958922723, 'alpha': 0.06119288231285705, 'colsample_bytree': 0.7320937922181538, 'subsample': 0.8969478294157478, 'learning_rate': 0.00775457761335371, 'max_depth': 20, 'min_child_weight': 101, 'eval_metric': 'rmse'}. Best is trial 140 with value: 0.693976497093345.
start listen on 192.168.1.101:34305
@tracker All of 1 nodes getting started
@tracker All nodes finishes job
Trial 547 finished with value: 0.6950321278829349 and parameters: {'objective': 'reg:squarederror', 'tree_method': 'gpu_hist', 'lambda': 2.630228103300391, 'alpha': 0.1788017049407172, 'colsample_bytree': 0.5180134243697521, 'subsample': 0.6826137120360267, 'learning_rate': 0.008720550842349174, 'max_depth': 15, 'min_child_weight': 142, 'eval_metric': 'rmse'}. Best is trial 140 with value: 0.693976497093345.
start listen on 192.168.1.101:56383
@tracker All of 1 nodes getting started
@tracker All nodes finishes job
Trial 548 finished with value: 0.7094744879249173 and parameters: {'objective': 'reg:squarederror', 'tree_method': 'gpu_hist', 'lambda': 0.023446798619699064, 'alpha': 0.10732291593888146, 'colsample_bytree': 0.37615949141059857, 'subsample': 0.6171655034240343, 'learning_rate': 0.009945639926793546, 'max_depth': 3, 'min_child_weight': 49, 'eval_metric': 'rmse'}. Best is trial 140 with value: 0.693976497093345.
start listen on 192.168.1.101:59497
@tracker All of 1 nodes getting started
@tracker All nodes finishes job
Trial 549 finished with value: 0.6944259653401061 and parameters: {'objective': 'reg:squarederror', 'tree_method': 'gpu_hist', 'lambda': 0.03265228995943059, 'alpha': 0.02257134989017315, 'colsample_bytree': 0.5487759572655289, 'subsample': 0.7195381937985578, 'learning_rate': 0.011965812795809912, 'max_depth': 20, 'min_child_weight': 160, 'eval_metric': 'rmse'}. Best is trial 140 with value: 0.693976497093345.
start listen on 192.168.1.101:40293
@tracker All of 1 nodes getting started
@tracker All nodes finishes job
Trial 550 finished with value: 0.6943338022812194 and parameters: {'objective': 'reg:squarederror', 'tree_method': 'gpu_hist', 'lambda': 0.04349734885050314, 'alpha': 0.050885849093247976, 'colsample_bytree': 0.5751231423266162, 'subsample': 0.663631001703412, 'learning_rate': 0.014178802958691098, 'max_depth': 17, 'min_child_weight': 153, 'eval_metric': 'rmse'}. Best is trial 140 with value: 0.693976497093345.
start listen on 192.168.1.101:36605
@tracker All of 1 nodes getting started
@tracker All nodes finishes job
Trial 551 finished with value: 0.6942669379032108 and parameters: {'objective': 'reg:squarederror', 'tree_method': 'gpu_hist', 'lambda': 0.019774018501085518, 'alpha': 0.43203918890531834, 'colsample_bytree': 0.6031889542305463, 'subsample': 0.6933009732970165, 'learning_rate': 0.010704718158953675, 'max_depth': 20, 'min_child_weight': 165, 'eval_metric': 'rmse'}. Best is trial 140 with value: 0.693976497093345.
start listen on 192.168.1.101:34015
@tracker All of 1 nodes getting started
@tracker All nodes finishes job
Trial 552 finished with value: 0.6941842898308005 and parameters: {'objective': 'reg:squarederror', 'tree_method': 'gpu_hist', 'lambda': 0.023821050901123023, 'alpha': 0.07305682061539961, 'colsample_bytree': 0.5335682630947932, 'subsample': 0.6545305919795978, 'learning_rate': 0.012932009000547194, 'max_depth': 20, 'min_child_weight': 177, 'eval_metric': 'rmse'}. Best is trial 140 with value: 0.693976497093345.
start listen on 192.168.1.101:57797
@tracker All of 1 nodes getting started
@tracker All nodes finishes job
Trial 553 finished with value: 0.6943872806267031 and parameters: {'objective': 'reg:squarederror', 'tree_method': 'gpu_hist', 'lambda': 0.053197152354251334, 'alpha': 0.13519820057140083, 'colsample_bytree': 0.5596454893434971, 'subsample': 0.708305633399431, 'learning_rate': 0.009231025047661007, 'max_depth': 15, 'min_child_weight': 130, 'eval_metric': 'rmse'}. Best is trial 140 with value: 0.693976497093345.
start listen on 192.168.1.101:55371
@tracker All of 1 nodes getting started
@tracker All nodes finishes job
Trial 554 finished with value: 0.6942904994397999 and parameters: {'objective': 'reg:squarederror', 'tree_method': 'gpu_hist', 'lambda': 0.01187397625116493, 'alpha': 0.09366172759300571, 'colsample_bytree': 0.5867742049403971, 'subsample': 0.6755302397718844, 'learning_rate': 0.011346788826501347, 'max_depth': 20, 'min_child_weight': 146, 'eval_metric': 'rmse'}. Best is trial 140 with value: 0.693976497093345.
start listen on 192.168.1.101:33145
@tracker All of 1 nodes getting started
@tracker All nodes finishes job
Trial 555 finished with value: 0.6955797607239685 and parameters: {'objective': 'reg:squarederror', 'tree_method': 'gpu_hist', 'lambda': 0.02970743596150683, 'alpha': 0.23004390038172393, 'colsample_bytree': 0.5438939082419557, 'subsample': 0.6449195319094195, 'learning_rate': 0.019743464616204024, 'max_depth': 20, 'min_child_weight': 170, 'eval_metric': 'rmse'}. Best is trial 140 with value: 0.693976497093345.
start listen on 192.168.1.101:43533
@tracker All of 1 nodes getting started
@tracker All nodes finishes job
Trial 556 finished with value: 0.6945250981956953 and parameters: {'objective': 'reg:squarederror', 'tree_method': 'gpu_hist', 'lambda': 0.03656733050904225, 'alpha': 0.08153605945254874, 'colsample_bytree': 0.5734139192206406, 'subsample': 0.5831483708129136, 'learning_rate': 0.010091102307550209, 'max_depth': 15, 'min_child_weight': 159, 'eval_metric': 'rmse'}. Best is trial 140 with value: 0.693976497093345.
start listen on 192.168.1.101:35563
@tracker All of 1 nodes getting started
@tracker All nodes finishes job
Trial 557 finished with value: 0.6943068000139155 and parameters: {'objective': 'reg:squarederror', 'tree_method': 'gpu_hist', 'lambda': 0.016373912504659246, 'alpha': 0.11514068928499323, 'colsample_bytree': 0.5269200192296334, 'subsample': 0.6630393242144458, 'learning_rate': 0.01221353876829718, 'max_depth': 13, 'min_child_weight': 138, 'eval_metric': 'rmse'}. Best is trial 140 with value: 0.693976497093345.
start listen on 192.168.1.101:59517
@tracker All of 1 nodes getting started
@tracker All nodes finishes job
Trial 558 finished with value: 0.6941450763738642 and parameters: {'objective': 'reg:squarederror', 'tree_method': 'gpu_hist', 'lambda': 0.02622068522462367, 'alpha': 0.048574227456318717, 'colsample_bytree': 0.48929303462700724, 'subsample': 0.6932998294848718, 'learning_rate': 0.01075463787180164, 'max_depth': 20, 'min_child_weight': 151, 'eval_metric': 'rmse'}. Best is trial 140 with value: 0.693976497093345.
start listen on 192.168.1.101:54793
@tracker All of 1 nodes getting started
@tracker All nodes finishes job
Trial 559 finished with value: 0.6965610410871439 and parameters: {'objective': 'reg:squarederror', 'tree_method': 'gpu_hist', 'lambda': 0.03225370247032126, 'alpha': 0.0656561954814347, 'colsample_bytree': 0.510293299434686, 'subsample': 0.6259459271124795, 'learning_rate': 0.008345364065931365, 'max_depth': 9, 'min_child_weight': 92, 'eval_metric': 'rmse'}. Best is trial 140 with value: 0.693976497093345.
start listen on 192.168.1.101:54693
@tracker All of 1 nodes getting started
@tracker All nodes finishes job
Trial 560 finished with value: 0.6943628594695982 and parameters: {'objective': 'reg:squarederror', 'tree_method': 'gpu_hist', 'lambda': 0.02011146747953292, 'alpha': 0.1754608818506345, 'colsample_bytree': 0.5573089474133263, 'subsample': 0.6795650923343035, 'learning_rate': 0.014037801805346117, 'max_depth': 20, 'min_child_weight': 166, 'eval_metric': 'rmse'}. Best is trial 140 with value: 0.693976497093345.
start listen on 192.168.1.101:58513
@tracker All of 1 nodes getting started
@tracker All nodes finishes job
Trial 561 finished with value: 0.6996645549818934 and parameters: {'objective': 'reg:squarederror', 'tree_method': 'gpu_hist', 'lambda': 4.173946954084662, 'alpha': 0.14500789306535486, 'colsample_bytree': 0.5347891297343531, 'subsample': 0.7037662239209501, 'learning_rate': 0.009525361304404347, 'max_depth': 7, 'min_child_weight': 181, 'eval_metric': 'rmse'}. Best is trial 140 with value: 0.693976497093345.
start listen on 192.168.1.101:36297
@tracker All of 1 nodes getting started
@tracker All nodes finishes job
Trial 562 finished with value: 0.6946366332112607 and parameters: {'objective': 'reg:squarederror', 'tree_method': 'gpu_hist', 'lambda': 0.02287461140816827, 'alpha': 0.09868971104532401, 'colsample_bytree': 0.5783559446331561, 'subsample': 0.6373177117583029, 'learning_rate': 0.011549906770917006, 'max_depth': 15, 'min_child_weight': 85, 'eval_metric': 'rmse'}. Best is trial 140 with value: 0.693976497093345.
start listen on 192.168.1.101:39317
@tracker All of 1 nodes getting started
@tracker All nodes finishes job
Trial 563 finished with value: 0.6944592489701851 and parameters: {'objective': 'reg:squarederror', 'tree_method': 'gpu_hist', 'lambda': 0.05997636451666622, 'alpha': 0.07973767677608809, 'colsample_bytree': 0.5497478616665474, 'subsample': 0.7458175251827882, 'learning_rate': 0.013028338986921698, 'max_depth': 20, 'min_child_weight': 115, 'eval_metric': 'rmse'}. Best is trial 140 with value: 0.693976497093345.
start listen on 192.168.1.101:51185
@tracker All of 1 nodes getting started
@tracker All nodes finishes job
Trial 564 finished with value: 0.6944318944769454 and parameters: {'objective': 'reg:squarederror', 'tree_method': 'gpu_hist', 'lambda': 0.04320899111560373, 'alpha': 0.12588704914267315, 'colsample_bytree': 0.4439953013130938, 'subsample': 0.6685168800656814, 'learning_rate': 0.010467840045348982, 'max_depth': 20, 'min_child_weight': 157, 'eval_metric': 'rmse'}. Best is trial 140 with value: 0.693976497093345.
start listen on 192.168.1.101:35463
@tracker All of 1 nodes getting started
@tracker All nodes finishes job
Trial 565 finished with value: 0.6947801717310226 and parameters: {'objective': 'reg:squarederror', 'tree_method': 'gpu_hist', 'lambda': 0.017830950962159926, 'alpha': 0.011031023194476379, 'colsample_bytree': 0.5667397668108457, 'subsample': 0.6564825779975659, 'learning_rate': 0.015301786899403109, 'max_depth': 20, 'min_child_weight': 146, 'eval_metric': 'rmse'}. Best is trial 140 with value: 0.693976497093345.
start listen on 192.168.1.101:60099
@tracker All of 1 nodes getting started
@tracker All nodes finishes job
Trial 566 finished with value: 0.6983132385291518 and parameters: {'objective': 'reg:squarederror', 'tree_method': 'gpu_hist', 'lambda': 0.035981853525127554, 'alpha': 7.602427199422987, 'colsample_bytree': 0.5996065071787954, 'subsample': 0.6856004003318608, 'learning_rate': 0.007395920253520916, 'max_depth': 11, 'min_child_weight': 173, 'eval_metric': 'rmse'}. Best is trial 140 with value: 0.693976497093345.
start listen on 192.168.1.101:43813
@tracker All of 1 nodes getting started
@tracker All nodes finishes job
Trial 567 finished with value: 0.6942698333047784 and parameters: {'objective': 'reg:squarederror', 'tree_method': 'gpu_hist', 'lambda': 0.02799295868577621, 'alpha': 0.2631901200592975, 'colsample_bytree': 0.5171853550755822, 'subsample': 0.7115746215996817, 'learning_rate': 0.011509194361385824, 'max_depth': 15, 'min_child_weight': 110, 'eval_metric': 'rmse'}. Best is trial 140 with value: 0.693976497093345.
start listen on 192.168.1.101:46535
@tracker All of 1 nodes getting started
@tracker All nodes finishes job
Trial 568 finished with value: 0.6943573644063996 and parameters: {'objective': 'reg:squarederror', 'tree_method': 'gpu_hist', 'lambda': 0.02191260653379897, 'alpha': 0.35645609697857483, 'colsample_bytree': 0.5596704516494719, 'subsample': 0.6731641512865224, 'learning_rate': 0.008986560533852227, 'max_depth': 20, 'min_child_weight': 163, 'eval_metric': 'rmse'}. Best is trial 140 with value: 0.693976497093345.
start listen on 192.168.1.101:38293
@tracker All of 1 nodes getting started
@tracker All nodes finishes job
Trial 569 finished with value: 0.7012255406456278 and parameters: {'objective': 'reg:squarederror', 'tree_method': 'gpu_hist', 'lambda': 0.0265830769619588, 'alpha': 0.06073487975018267, 'colsample_bytree': 0.5362274414868548, 'subsample': 0.6464818338019039, 'learning_rate': 0.01261420993998983, 'max_depth': 5, 'min_child_weight': 154, 'eval_metric': 'rmse'}. Best is trial 140 with value: 0.693976497093345.
start listen on 192.168.1.101:43439
@tracker All of 1 nodes getting started
@tracker All nodes finishes job
Trial 570 finished with value: 0.6942180486976995 and parameters: {'objective': 'reg:squarederror', 'tree_method': 'gpu_hist', 'lambda': 0.013218966965788215, 'alpha': 0.016284750775837433, 'colsample_bytree': 0.6177795767108722, 'subsample': 0.693943894490148, 'learning_rate': 0.009991124629580671, 'max_depth': 20, 'min_child_weight': 135, 'eval_metric': 'rmse'}. Best is trial 140 with value: 0.693976497093345.
start listen on 192.168.1.101:42635
@tracker All of 1 nodes getting started
@tracker All nodes finishes job
Trial 571 finished with value: 0.6943444814989679 and parameters: {'objective': 'reg:squarederror', 'tree_method': 'gpu_hist', 'lambda': 0.03126367453153719, 'alpha': 0.2107318022376046, 'colsample_bytree': 0.583681346127907, 'subsample': 0.6814464827301662, 'learning_rate': 0.011251219490671474, 'max_depth': 15, 'min_child_weight': 102, 'eval_metric': 'rmse'}. Best is trial 140 with value: 0.693976497093345.
start listen on 192.168.1.101:54353
@tracker All of 1 nodes getting started
@tracker All nodes finishes job
Trial 572 finished with value: 0.694349812519218 and parameters: {'objective': 'reg:squarederror', 'tree_method': 'gpu_hist', 'lambda': 5.797400359097934, 'alpha': 0.03941653222800031, 'colsample_bytree': 0.5485458014515293, 'subsample': 0.6599076305367033, 'learning_rate': 0.013787538926377777, 'max_depth': 20, 'min_child_weight': 141, 'eval_metric': 'rmse'}. Best is trial 140 with value: 0.693976497093345.
start listen on 192.168.1.101:57623
@tracker All of 1 nodes getting started
@tracker All nodes finishes job
Trial 573 finished with value: 0.6941640754177736 and parameters: {'objective': 'reg:squarederror', 'tree_method': 'gpu_hist', 'lambda': 0.5906023631047294, 'alpha': 0.10440994192456307, 'colsample_bytree': 0.5001060665765589, 'subsample': 0.6991425128937137, 'learning_rate': 0.01048369321764074, 'max_depth': 20, 'min_child_weight': 78, 'eval_metric': 'rmse'}. Best is trial 140 with value: 0.693976497093345.
start listen on 192.168.1.101:57887
@tracker All of 1 nodes getting started
@tracker All nodes finishes job
Trial 574 finished with value: 0.694262924950901 and parameters: {'objective': 'reg:squarederror', 'tree_method': 'gpu_hist', 'lambda': 0.28899901549852314, 'alpha': 0.07139053307687832, 'colsample_bytree': 0.5680855019065185, 'subsample': 0.7215754315916172, 'learning_rate': 0.012186239290430993, 'max_depth': 15, 'min_child_weight': 149, 'eval_metric': 'rmse'}. Best is trial 140 with value: 0.693976497093345.
start listen on 192.168.1.101:46771
@tracker All of 1 nodes getting started
@tracker All nodes finishes job
Trial 575 finished with value: 0.6943784174577038 and parameters: {'objective': 'reg:squarederror', 'tree_method': 'gpu_hist', 'lambda': 0.049440001617895954, 'alpha': 0.0880671508276724, 'colsample_bytree': 0.5238081573800631, 'subsample': 0.671637370622225, 'learning_rate': 0.008387331842548857, 'max_depth': 20, 'min_child_weight': 171, 'eval_metric': 'rmse'}. Best is trial 140 with value: 0.693976497093345.
start listen on 192.168.1.101:35253
@tracker All of 1 nodes getting started
@tracker All nodes finishes job
Trial 576 finished with value: 0.7074610153658082 and parameters: {'objective': 'reg:squarederror', 'tree_method': 'gpu_hist', 'lambda': 0.016048633262005448, 'alpha': 0.14222069032732215, 'colsample_bytree': 0.5923164227552415, 'subsample': 0.6453189972064325, 'learning_rate': 0.04882765819503763, 'max_depth': 20, 'min_child_weight': 125, 'eval_metric': 'rmse'}. Best is trial 140 with value: 0.693976497093345.
start listen on 192.168.1.101:33905
@tracker All of 1 nodes getting started
@tracker All nodes finishes job
Trial 577 finished with value: 0.6940807463190187 and parameters: {'objective': 'reg:squarederror', 'tree_method': 'gpu_hist', 'lambda': 0.020479013140773113, 'alpha': 0.16805753524666922, 'colsample_bytree': 0.5490505358787214, 'subsample': 0.6857776035654497, 'learning_rate': 0.009452442272097837, 'max_depth': 20, 'min_child_weight': 161, 'eval_metric': 'rmse'}. Best is trial 140 with value: 0.693976497093345.
start listen on 192.168.1.101:37401
@tracker All of 1 nodes getting started
@tracker All nodes finishes job
Trial 578 finished with value: 0.6944256738614878 and parameters: {'objective': 'reg:squarederror', 'tree_method': 'gpu_hist', 'lambda': 0.02023176483730238, 'alpha': 0.19497039196384286, 'colsample_bytree': 0.5553996507536108, 'subsample': 0.7069236254077323, 'learning_rate': 0.008070005682594852, 'max_depth': 20, 'min_child_weight': 161, 'eval_metric': 'rmse'}. Best is trial 140 with value: 0.693976497093345.
start listen on 192.168.1.101:46535
@tracker All of 1 nodes getting started
@tracker All nodes finishes job
Trial 579 finished with value: 0.6943544392968768 and parameters: {'objective': 'reg:squarederror', 'tree_method': 'gpu_hist', 'lambda': 0.014256332064557897, 'alpha': 0.16713501568048364, 'colsample_bytree': 0.5740924903442258, 'subsample': 0.6912670574115422, 'learning_rate': 0.008875107821348647, 'max_depth': 20, 'min_child_weight': 155, 'eval_metric': 'rmse'}. Best is trial 140 with value: 0.693976497093345.
start listen on 192.168.1.101:48245
@tracker All of 1 nodes getting started
@tracker All nodes finishes job
Trial 580 finished with value: 0.6949459486831963 and parameters: {'objective': 'reg:squarederror', 'tree_method': 'gpu_hist', 'lambda': 0.010082933046253417, 'alpha': 0.17233790119250564, 'colsample_bytree': 0.5487618267574146, 'subsample': 0.5687777752334158, 'learning_rate': 0.0068920822008029445, 'max_depth': 20, 'min_child_weight': 166, 'eval_metric': 'rmse'}. Best is trial 140 with value: 0.693976497093345.
start listen on 192.168.1.101:49485
@tracker All of 1 nodes getting started
@tracker All nodes finishes job
Trial 581 finished with value: 0.694387557094276 and parameters: {'objective': 'reg:squarederror', 'tree_method': 'gpu_hist', 'lambda': 0.016909895521737477, 'alpha': 0.21688494135510217, 'colsample_bytree': 0.5621369970935051, 'subsample': 0.6884625555878372, 'learning_rate': 0.009444606721747564, 'max_depth': 20, 'min_child_weight': 176, 'eval_metric': 'rmse'}. Best is trial 140 with value: 0.693976497093345.
start listen on 192.168.1.101:59965
@tracker All of 1 nodes getting started
@tracker All nodes finishes job
Trial 582 finished with value: 0.6942938434448748 and parameters: {'objective': 'reg:squarederror', 'tree_method': 'gpu_hist', 'lambda': 0.01940399886666393, 'alpha': 0.12649495533357466, 'colsample_bytree': 0.540215338649132, 'subsample': 0.7302764310559179, 'learning_rate': 0.00963709130939512, 'max_depth': 20, 'min_child_weight': 158, 'eval_metric': 'rmse'}. Best is trial 140 with value: 0.693976497093345.
start listen on 192.168.1.101:39071
@tracker All of 1 nodes getting started
@tracker All nodes finishes job
Trial 583 finished with value: 0.6943467011737676 and parameters: {'objective': 'reg:squarederror', 'tree_method': 'gpu_hist', 'lambda': 0.0235861351326402, 'alpha': 0.14949895712130343, 'colsample_bytree': 0.5729244886572841, 'subsample': 0.698503292480314, 'learning_rate': 0.007673766684614409, 'max_depth': 20, 'min_child_weight': 167, 'eval_metric': 'rmse'}. Best is trial 140 with value: 0.693976497093345.
start listen on 192.168.1.101:38593
@tracker All of 1 nodes getting started
@tracker All nodes finishes job
Trial 584 finished with value: 0.6946479329299896 and parameters: {'objective': 'reg:squarederror', 'tree_method': 'gpu_hist', 'lambda': 3.3134246366348465, 'alpha': 0.17841984499202462, 'colsample_bytree': 0.5856172305036202, 'subsample': 0.6765130328822816, 'learning_rate': 0.008682080868913889, 'max_depth': 20, 'min_child_weight': 151, 'eval_metric': 'rmse'}. Best is trial 140 with value: 0.693976497093345.
start listen on 192.168.1.101:37557
@tracker All of 1 nodes getting started
@tracker All nodes finishes job
Trial 585 finished with value: 0.6943069002657466 and parameters: {'objective': 'reg:squarederror', 'tree_method': 'gpu_hist', 'lambda': 0.018951729232307393, 'alpha': 0.25563061291640105, 'colsample_bytree': 0.6049571857259832, 'subsample': 0.7118447433716467, 'learning_rate': 0.01001508667767528, 'max_depth': 17, 'min_child_weight': 161, 'eval_metric': 'rmse'}. Best is trial 140 with value: 0.693976497093345.
start listen on 192.168.1.101:51223
@tracker All of 1 nodes getting started
@tracker All nodes finishes job
Trial 586 finished with value: 0.7017927818152008 and parameters: {'objective': 'reg:squarederror', 'tree_method': 'gpu_hist', 'lambda': 1.3448345608914656, 'alpha': 0.11841869355649298, 'colsample_bytree': 0.5569874290499816, 'subsample': 0.6847968716667099, 'learning_rate': 0.004636479038106175, 'max_depth': 20, 'min_child_weight': 184, 'eval_metric': 'rmse'}. Best is trial 140 with value: 0.693976497093345.
start listen on 192.168.1.101:45197
@tracker All of 1 nodes getting started
@tracker All nodes finishes job
