A new study created in RDB with name: jan_2021_test_1000
Start optimization.
start listen on 192.168.1.101:54055
@tracker All of 1 nodes getting started
@tracker All nodes finishes job
Trial 0 finished with value: 1.1326092567763888 and parameters: {'objective': 'reg:squarederror', 'tree_method': 'gpu_hist', 'lambda': 0.04860423290600957, 'alpha': 0.20647874231978602, 'colsample_bytree': 0.7624771475025429, 'subsample': 0.8265089364768081, 'learning_rate': 0.0021213629224238035, 'max_depth': 17, 'min_child_weight': 234, 'eval_metric': 'rmse'}. Best is trial 0 with value: 1.1326092567763888.
start listen on 192.168.1.101:48135
@tracker All of 1 nodes getting started
@tracker All nodes finishes job
Trial 1 finished with value: 0.6956080935255643 and parameters: {'objective': 'reg:squarederror', 'tree_method': 'gpu_hist', 'lambda': 1.470287659307389, 'alpha': 0.07027066623027654, 'colsample_bytree': 0.37770490034858883, 'subsample': 0.7604874166416622, 'learning_rate': 0.007300006923296954, 'max_depth': 17, 'min_child_weight': 12, 'eval_metric': 'rmse'}. Best is trial 1 with value: 0.6956080935255643.
start listen on 192.168.1.101:34655
@tracker All of 1 nodes getting started
@tracker All nodes finishes job
Trial 2 finished with value: 0.6974070502195141 and parameters: {'objective': 'reg:squarederror', 'tree_method': 'gpu_hist', 'lambda': 0.0049174405390169625, 'alpha': 0.006923920042280199, 'colsample_bytree': 0.3097138593764536, 'subsample': 0.5278375944436539, 'learning_rate': 0.01985735653931816, 'max_depth': 15, 'min_child_weight': 28, 'eval_metric': 'rmse'}. Best is trial 1 with value: 0.6956080935255643.
start listen on 192.168.1.101:33123
@tracker All of 1 nodes getting started
@tracker All nodes finishes job
Trial 3 finished with value: 0.6967487448756446 and parameters: {'objective': 'reg:squarederror', 'tree_method': 'gpu_hist', 'lambda': 0.05143849215144379, 'alpha': 0.02381974251725558, 'colsample_bytree': 0.589051880285305, 'subsample': 0.5453410726308989, 'learning_rate': 0.014488838947439986, 'max_depth': 7, 'min_child_weight': 77, 'eval_metric': 'rmse'}. Best is trial 1 with value: 0.6956080935255643.
start listen on 192.168.1.101:32839
@tracker All of 1 nodes getting started
@tracker All nodes finishes job
Trial 4 finished with value: 1.3635706962549596 and parameters: {'objective': 'reg:squarederror', 'tree_method': 'gpu_hist', 'lambda': 0.015463509060854811, 'alpha': 1.7663153103573208, 'colsample_bytree': 0.4537360266939181, 'subsample': 0.6226474261215349, 'learning_rate': 0.0018538731074467876, 'max_depth': 5, 'min_child_weight': 149, 'eval_metric': 'rmse'}. Best is trial 1 with value: 0.6956080935255643.
start listen on 192.168.1.101:57083
@tracker All of 1 nodes getting started
@tracker All nodes finishes job
Trial 5 finished with value: 0.7073548650043426 and parameters: {'objective': 'reg:squarederror', 'tree_method': 'gpu_hist', 'lambda': 0.013139136927879533, 'alpha': 0.04635374245943715, 'colsample_bytree': 0.46935995498346783, 'subsample': 0.4658628944215083, 'learning_rate': 0.004305500459169256, 'max_depth': 11, 'min_child_weight': 265, 'eval_metric': 'rmse'}. Best is trial 1 with value: 0.6956080935255643.
start listen on 192.168.1.101:40361
@tracker All of 1 nodes getting started
@tracker All nodes finishes job
Trial 6 finished with value: 0.759256877611157 and parameters: {'objective': 'reg:squarederror', 'tree_method': 'gpu_hist', 'lambda': 0.8712453085474037, 'alpha': 0.7621961402882006, 'colsample_bytree': 0.5360269659482825, 'subsample': 0.7660479820333, 'learning_rate': 0.003269613729711978, 'max_depth': 9, 'min_child_weight': 120, 'eval_metric': 'rmse'}. Best is trial 1 with value: 0.6956080935255643.
start listen on 192.168.1.101:34893
@tracker All of 1 nodes getting started
@tracker All nodes finishes job
Trial 7 finished with value: 0.6966822441445327 and parameters: {'objective': 'reg:squarederror', 'tree_method': 'gpu_hist', 'lambda': 0.2777126047975679, 'alpha': 1.9269916247117147, 'colsample_bytree': 0.8210078903476852, 'subsample': 0.5932897184560533, 'learning_rate': 0.006984134936154388, 'max_depth': 11, 'min_child_weight': 54, 'eval_metric': 'rmse'}. Best is trial 1 with value: 0.6956080935255643.
start listen on 192.168.1.101:54389
@tracker All of 1 nodes getting started
@tracker All nodes finishes job
Trial 8 finished with value: 1.1626285983037377 and parameters: {'objective': 'reg:squarederror', 'tree_method': 'gpu_hist', 'lambda': 0.06374338022870732, 'alpha': 0.0017435925563502232, 'colsample_bytree': 0.36533820639219644, 'subsample': 0.7206113627158156, 'learning_rate': 0.0020810957584575527, 'max_depth': 13, 'min_child_weight': 101, 'eval_metric': 'rmse'}. Best is trial 1 with value: 0.6956080935255643.
start listen on 192.168.1.101:37365
@tracker All of 1 nodes getting started
@tracker All nodes finishes job
Trial 9 finished with value: 0.6948262838613689 and parameters: {'objective': 'reg:squarederror', 'tree_method': 'gpu_hist', 'lambda': 0.16199659544604797, 'alpha': 6.860256272794639, 'colsample_bytree': 0.8777727138958087, 'subsample': 0.43588413257644903, 'learning_rate': 0.017982216451642555, 'max_depth': 15, 'min_child_weight': 183, 'eval_metric': 'rmse'}. Best is trial 9 with value: 0.6948262838613689.
start listen on 192.168.1.101:58269
@tracker All of 1 nodes getting started
@tracker All nodes finishes job
Trial 10 finished with value: 0.7000430701574806 and parameters: {'objective': 'reg:squarederror', 'tree_method': 'gpu_hist', 'lambda': 8.922529993106775, 'alpha': 8.74146689400053, 'colsample_bytree': 0.9858638591882277, 'subsample': 0.9066824851999008, 'learning_rate': 0.044747613993576116, 'max_depth': 15, 'min_child_weight': 184, 'eval_metric': 'rmse'}. Best is trial 9 with value: 0.6948262838613689.
start listen on 192.168.1.101:35019
@tracker All of 1 nodes getting started
@tracker All nodes finishes job
Trial 11 finished with value: 0.7124945166278844 and parameters: {'objective': 'reg:squarederror', 'tree_method': 'gpu_hist', 'lambda': 1.5236844014449002, 'alpha': 0.1949701622930369, 'colsample_bytree': 0.9963925047691209, 'subsample': 0.9999863962022528, 'learning_rate': 0.0996750767820445, 'max_depth': 17, 'min_child_weight': 199, 'eval_metric': 'rmse'}. Best is trial 9 with value: 0.6948262838613689.
start listen on 192.168.1.101:37539
@tracker All of 1 nodes getting started
@tracker All nodes finishes job
Trial 12 finished with value: 0.7021203020139039 and parameters: {'objective': 'reg:squarederror', 'tree_method': 'gpu_hist', 'lambda': 3.0295925268010526, 'alpha': 9.195275130076235, 'colsample_bytree': 0.7235899720028562, 'subsample': 0.6613225303381918, 'learning_rate': 0.02725136230997116, 'max_depth': 20, 'min_child_weight': 1, 'eval_metric': 'rmse'}. Best is trial 9 with value: 0.6948262838613689.
start listen on 192.168.1.101:43067
@tracker All of 1 nodes getting started
@tracker All nodes finishes job
Trial 13 finished with value: 0.695599678724035 and parameters: {'objective': 'reg:squarederror', 'tree_method': 'gpu_hist', 'lambda': 0.40411014237073495, 'alpha': 0.013140844516965674, 'colsample_bytree': 0.8357452691070155, 'subsample': 0.44397418702639874, 'learning_rate': 0.008662868004502056, 'max_depth': 17, 'min_child_weight': 288, 'eval_metric': 'rmse'}. Best is trial 9 with value: 0.6948262838613689.
start listen on 192.168.1.101:36189
@tracker All of 1 nodes getting started
@tracker All nodes finishes job
Trial 14 finished with value: 0.7078538526742933 and parameters: {'objective': 'reg:squarederror', 'tree_method': 'gpu_hist', 'lambda': 0.26205375600347247, 'alpha': 0.007545478693035599, 'colsample_bytree': 0.8778412231524421, 'subsample': 0.4086778956973575, 'learning_rate': 0.0115851936736046, 'max_depth': 3, 'min_child_weight': 289, 'eval_metric': 'rmse'}. Best is trial 9 with value: 0.6948262838613689.
start listen on 192.168.1.101:43515
@tracker All of 1 nodes getting started
@tracker All nodes finishes job
Trial 15 finished with value: 0.6987320460183806 and parameters: {'objective': 'reg:squarederror', 'tree_method': 'gpu_hist', 'lambda': 0.2760056466332425, 'alpha': 0.0013737534190323248, 'colsample_bytree': 0.8886087636805691, 'subsample': 0.4346239674560137, 'learning_rate': 0.03571566332925139, 'max_depth': 15, 'min_child_weight': 231, 'eval_metric': 'rmse'}. Best is trial 9 with value: 0.6948262838613689.
start listen on 192.168.1.101:55585
@tracker All of 1 nodes getting started
@tracker All nodes finishes job
Trial 16 finished with value: 0.7049143668304785 and parameters: {'objective': 'reg:squarederror', 'tree_method': 'gpu_hist', 'lambda': 0.16316763195803088, 'alpha': 0.00953034104481525, 'colsample_bytree': 0.6869850478288401, 'subsample': 0.52390894776083, 'learning_rate': 0.07737143479126124, 'max_depth': 13, 'min_child_weight': 295, 'eval_metric': 'rmse'}. Best is trial 9 with value: 0.6948262838613689.
start listen on 192.168.1.101:54253
@tracker All of 1 nodes getting started
@tracker All nodes finishes job
Trial 17 finished with value: 0.700975172047052 and parameters: {'objective': 'reg:squarederror', 'tree_method': 'gpu_hist', 'lambda': 0.4918342492877064, 'alpha': 0.4991491239184262, 'colsample_bytree': 0.8956772932035856, 'subsample': 0.4867153620205696, 'learning_rate': 0.006695238451756867, 'max_depth': 7, 'min_child_weight': 174, 'eval_metric': 'rmse'}. Best is trial 9 with value: 0.6948262838613689.
start listen on 192.168.1.101:33471
@tracker All of 1 nodes getting started
@tracker All nodes finishes job
Trial 18 finished with value: 0.6955575614514341 and parameters: {'objective': 'reg:squarederror', 'tree_method': 'gpu_hist', 'lambda': 0.002294647636474533, 'alpha': 0.01631035568321908, 'colsample_bytree': 0.7938076611747136, 'subsample': 0.4017375907150666, 'learning_rate': 0.016864004899834566, 'max_depth': 9, 'min_child_weight': 229, 'eval_metric': 'rmse'}. Best is trial 9 with value: 0.6948262838613689.
start listen on 192.168.1.101:36269
@tracker All of 1 nodes getting started
@tracker All nodes finishes job
Trial 19 finished with value: 0.6951459623521711 and parameters: {'objective': 'reg:squarederror', 'tree_method': 'gpu_hist', 'lambda': 0.0011792969293162648, 'alpha': 2.432360168954677, 'colsample_bytree': 0.7649336324904217, 'subsample': 0.5648782337034175, 'learning_rate': 0.018852558382703343, 'max_depth': 9, 'min_child_weight': 226, 'eval_metric': 'rmse'}. Best is trial 9 with value: 0.6948262838613689.
start listen on 192.168.1.101:40543
@tracker All of 1 nodes getting started
@tracker All nodes finishes job
Trial 20 finished with value: 0.6974899049884419 and parameters: {'objective': 'reg:squarederror', 'tree_method': 'gpu_hist', 'lambda': 0.0015465400857798944, 'alpha': 2.841772047706231, 'colsample_bytree': 0.6246923377898316, 'subsample': 0.5836147808098621, 'learning_rate': 0.056586031070411484, 'max_depth': 9, 'min_child_weight': 145, 'eval_metric': 'rmse'}. Best is trial 9 with value: 0.6948262838613689.
start listen on 192.168.1.101:33805
@tracker All of 1 nodes getting started
@tracker All nodes finishes job
Trial 21 finished with value: 0.6952126489442899 and parameters: {'objective': 'reg:squarederror', 'tree_method': 'gpu_hist', 'lambda': 0.0010322052593349932, 'alpha': 6.189453610541425, 'colsample_bytree': 0.7850958073004313, 'subsample': 0.5046654757394903, 'learning_rate': 0.019213770631848908, 'max_depth': 9, 'min_child_weight': 218, 'eval_metric': 'rmse'}. Best is trial 9 with value: 0.6948262838613689.
start listen on 192.168.1.101:46535
@tracker All of 1 nodes getting started
@tracker All nodes finishes job
Trial 22 finished with value: 0.6952147762643798 and parameters: {'objective': 'reg:squarederror', 'tree_method': 'gpu_hist', 'lambda': 0.0011804017251694934, 'alpha': 4.70510446548164, 'colsample_bytree': 0.7233896290043214, 'subsample': 0.49479544716233054, 'learning_rate': 0.025479460610414603, 'max_depth': 9, 'min_child_weight': 211, 'eval_metric': 'rmse'}. Best is trial 9 with value: 0.6948262838613689.
start listen on 192.168.1.101:45663
@tracker All of 1 nodes getting started
@tracker All nodes finishes job
Trial 23 finished with value: 0.6953444845152137 and parameters: {'objective': 'reg:squarederror', 'tree_method': 'gpu_hist', 'lambda': 0.004083137681954209, 'alpha': 0.9070129823251237, 'colsample_bytree': 0.9457739705450671, 'subsample': 0.6450921185538125, 'learning_rate': 0.02496216447831661, 'max_depth': 9, 'min_child_weight': 259, 'eval_metric': 'rmse'}. Best is trial 9 with value: 0.6948262838613689.
start listen on 192.168.1.101:42203
@tracker All of 1 nodes getting started
@tracker All nodes finishes job
Trial 24 finished with value: 0.6945467570656813 and parameters: {'objective': 'reg:squarederror', 'tree_method': 'gpu_hist', 'lambda': 0.014426172205308849, 'alpha': 4.185495443925957, 'colsample_bytree': 0.6702338275141533, 'subsample': 0.5708095720617806, 'learning_rate': 0.012225905386213643, 'max_depth': 20, 'min_child_weight': 178, 'eval_metric': 'rmse'}. Best is trial 24 with value: 0.6945467570656813.
start listen on 192.168.1.101:45851
@tracker All of 1 nodes getting started
@tracker All nodes finishes job
Trial 25 finished with value: 0.6943205083133434 and parameters: {'objective': 'reg:squarederror', 'tree_method': 'gpu_hist', 'lambda': 0.015665736972684238, 'alpha': 3.5711221139886087, 'colsample_bytree': 0.6345196944717671, 'subsample': 0.5724935340929823, 'learning_rate': 0.011579356134062788, 'max_depth': 20, 'min_child_weight': 179, 'eval_metric': 'rmse'}. Best is trial 25 with value: 0.6943205083133434.
start listen on 192.168.1.101:34879
@tracker All of 1 nodes getting started
@tracker All nodes finishes job
Trial 26 finished with value: 2.4517259936163955 and parameters: {'objective': 'reg:squarederror', 'tree_method': 'gpu_hist', 'lambda': 0.01748213147437334, 'alpha': 0.3552403745627098, 'colsample_bytree': 0.5532741481667113, 'subsample': 0.5991436260017591, 'learning_rate': 0.0011500270832943923, 'max_depth': 20, 'min_child_weight': 164, 'eval_metric': 'rmse'}. Best is trial 25 with value: 0.6943205083133434.
start listen on 192.168.1.101:43195
@tracker All of 1 nodes getting started
@tracker All nodes finishes job
Trial 27 finished with value: 0.694621381081317 and parameters: {'objective': 'reg:squarederror', 'tree_method': 'gpu_hist', 'lambda': 0.03088571546445826, 'alpha': 3.801709954786615, 'colsample_bytree': 0.6477472838211183, 'subsample': 0.6820161126871512, 'learning_rate': 0.010820344119781555, 'max_depth': 20, 'min_child_weight': 138, 'eval_metric': 'rmse'}. Best is trial 25 with value: 0.6943205083133434.
start listen on 192.168.1.101:49443
@tracker All of 1 nodes getting started
@tracker All nodes finishes job
Trial 28 finished with value: 0.7004401978490037 and parameters: {'objective': 'reg:squarederror', 'tree_method': 'gpu_hist', 'lambda': 0.026865085126309637, 'alpha': 1.244236033351049, 'colsample_bytree': 0.6315706001979031, 'subsample': 0.683846630582478, 'learning_rate': 0.004708288373992622, 'max_depth': 20, 'min_child_weight': 120, 'eval_metric': 'rmse'}. Best is trial 25 with value: 0.6943205083133434.
start listen on 192.168.1.101:43941
@tracker All of 1 nodes getting started
@tracker All nodes finishes job
Trial 29 finished with value: 0.6946588887522175 and parameters: {'objective': 'reg:squarederror', 'tree_method': 'gpu_hist', 'lambda': 0.006087997125159422, 'alpha': 0.17548476286185408, 'colsample_bytree': 0.6755006902319299, 'subsample': 0.7196120228133885, 'learning_rate': 0.011486961583430082, 'max_depth': 20, 'min_child_weight': 132, 'eval_metric': 'rmse'}. Best is trial 25 with value: 0.6943205083133434.
start listen on 192.168.1.101:56277
@tracker All of 1 nodes getting started
@tracker All nodes finishes job
Trial 30 finished with value: 0.6990457315310353 and parameters: {'objective': 'reg:squarederror', 'tree_method': 'gpu_hist', 'lambda': 0.031151036889146076, 'alpha': 3.601556735620775, 'colsample_bytree': 0.5779469534909023, 'subsample': 0.8135355962809042, 'learning_rate': 0.005198193221397169, 'max_depth': 20, 'min_child_weight': 92, 'eval_metric': 'rmse'}. Best is trial 25 with value: 0.6943205083133434.
start listen on 192.168.1.101:39165
@tracker All of 1 nodes getting started
@tracker All nodes finishes job
Trial 31 finished with value: 0.6947560775218731 and parameters: {'objective': 'reg:squarederror', 'tree_method': 'gpu_hist', 'lambda': 0.007614650999457243, 'alpha': 0.19281863758328222, 'colsample_bytree': 0.6989871176963768, 'subsample': 0.7325318276520985, 'learning_rate': 0.010946797825012683, 'max_depth': 20, 'min_child_weight': 131, 'eval_metric': 'rmse'}. Best is trial 25 with value: 0.6943205083133434.
start listen on 192.168.1.101:58905
@tracker All of 1 nodes getting started
@tracker All nodes finishes job
Trial 32 finished with value: 0.6945138949142139 and parameters: {'objective': 'reg:squarederror', 'tree_method': 'gpu_hist', 'lambda': 0.009783110724001573, 'alpha': 0.5058204431763879, 'colsample_bytree': 0.63870642716324, 'subsample': 0.8137853315256465, 'learning_rate': 0.012059093608823136, 'max_depth': 20, 'min_child_weight': 158, 'eval_metric': 'rmse'}. Best is trial 25 with value: 0.6943205083133434.
start listen on 192.168.1.101:53689
@tracker All of 1 nodes getting started
@tracker All nodes finishes job
Trial 33 finished with value: 0.6942090509536232 and parameters: {'objective': 'reg:squarederror', 'tree_method': 'gpu_hist', 'lambda': 0.010863366506797836, 'alpha': 0.40560859862973225, 'colsample_bytree': 0.49591838435532853, 'subsample': 0.8784252149524696, 'learning_rate': 0.008545674153292528, 'max_depth': 20, 'min_child_weight': 162, 'eval_metric': 'rmse'}. Best is trial 33 with value: 0.6942090509536232.
start listen on 192.168.1.101:37777
@tracker All of 1 nodes getting started
@tracker All nodes finishes job
Trial 34 finished with value: 0.6943591714282172 and parameters: {'objective': 'reg:squarederror', 'tree_method': 'gpu_hist', 'lambda': 0.00891831901301549, 'alpha': 0.08964645003322555, 'colsample_bytree': 0.4960377062778794, 'subsample': 0.8738675259811034, 'learning_rate': 0.008208309696096627, 'max_depth': 20, 'min_child_weight': 162, 'eval_metric': 'rmse'}. Best is trial 33 with value: 0.6942090509536232.
start listen on 192.168.1.101:46751
@tracker All of 1 nodes getting started
@tracker All nodes finishes job
Trial 35 finished with value: 0.703854272504926 and parameters: {'objective': 'reg:squarederror', 'tree_method': 'gpu_hist', 'lambda': 0.003538053615747159, 'alpha': 0.07483176493302558, 'colsample_bytree': 0.48121378963718403, 'subsample': 0.9173516213706799, 'learning_rate': 0.008571806445105322, 'max_depth': 5, 'min_child_weight': 156, 'eval_metric': 'rmse'}. Best is trial 33 with value: 0.6942090509536232.
start listen on 192.168.1.101:48939
@tracker All of 1 nodes getting started
@tracker All nodes finishes job
Trial 36 finished with value: 0.6960999052147979 and parameters: {'objective': 'reg:squarederror', 'tree_method': 'gpu_hist', 'lambda': 0.00879036717988938, 'alpha': 0.03966141779564667, 'colsample_bytree': 0.4193212535066711, 'subsample': 0.8928730613523655, 'learning_rate': 0.005819243201143945, 'max_depth': 20, 'min_child_weight': 192, 'eval_metric': 'rmse'}. Best is trial 33 with value: 0.6942090509536232.
start listen on 192.168.1.101:47225
@tracker All of 1 nodes getting started
@tracker All nodes finishes job
Trial 37 finished with value: 0.7227649742191528 and parameters: {'objective': 'reg:squarederror', 'tree_method': 'gpu_hist', 'lambda': 0.08316017306942554, 'alpha': 0.4109158130037594, 'colsample_bytree': 0.5315188489907969, 'subsample': 0.8606657971681259, 'learning_rate': 0.00422785651431023, 'max_depth': 3, 'min_child_weight': 165, 'eval_metric': 'rmse'}. Best is trial 33 with value: 0.6942090509536232.
start listen on 192.168.1.101:57229
@tracker All of 1 nodes getting started
@tracker All nodes finishes job
Trial 38 finished with value: 0.7941387167919702 and parameters: {'objective': 'reg:squarederror', 'tree_method': 'gpu_hist', 'lambda': 0.0027370650000396886, 'alpha': 0.12428894381950938, 'colsample_bytree': 0.5063395862649196, 'subsample': 0.8002033905340743, 'learning_rate': 0.0029844142472421013, 'max_depth': 20, 'min_child_weight': 251, 'eval_metric': 'rmse'}. Best is trial 33 with value: 0.6942090509536232.
start listen on 192.168.1.101:34095
@tracker All of 1 nodes getting started
@tracker All nodes finishes job
Trial 39 finished with value: 0.7001436892642463 and parameters: {'objective': 'reg:squarederror', 'tree_method': 'gpu_hist', 'lambda': 0.009990455031016044, 'alpha': 0.044384080116856135, 'colsample_bytree': 0.30903809976658786, 'subsample': 0.9415465941247985, 'learning_rate': 0.00814634586708208, 'max_depth': 7, 'min_child_weight': 203, 'eval_metric': 'rmse'}. Best is trial 33 with value: 0.6942090509536232.
start listen on 192.168.1.101:54661
@tracker All of 1 nodes getting started
@tracker All nodes finishes job
Trial 40 finished with value: 0.6944971460311704 and parameters: {'objective': 'reg:squarederror', 'tree_method': 'gpu_hist', 'lambda': 0.02074774499795772, 'alpha': 0.2773793517702634, 'colsample_bytree': 0.4225251537166963, 'subsample': 0.8385574429618641, 'learning_rate': 0.015196325476428954, 'max_depth': 11, 'min_child_weight': 117, 'eval_metric': 'rmse'}. Best is trial 33 with value: 0.6942090509536232.
start listen on 192.168.1.101:35129
@tracker All of 1 nodes getting started
@tracker All nodes finishes job
