Trial 587 finished with value: 0.6940988222952984 and parameters: {'objective': 'reg:squarederror', 'tree_method': 'gpu_hist', 'lambda': 0.014512740089016408, 'alpha': 0.32002499771578574, 'colsample_bytree': 0.5436205798279387, 'subsample': 0.7017722391635544, 'learning_rate': 0.010617175760523337, 'max_depth': 20, 'min_child_weight': 144, 'eval_metric': 'rmse'}. Best is trial 140 with value: 0.693976497093345.
start listen on 192.168.1.101:32967
@tracker All of 1 nodes getting started
@tracker All nodes finishes job
Trial 588 finished with value: 0.6942722718324432 and parameters: {'objective': 'reg:squarederror', 'tree_method': 'gpu_hist', 'lambda': 0.01230134915146871, 'alpha': 0.5827550515936591, 'colsample_bytree': 0.5342510348477008, 'subsample': 0.7212256127329834, 'learning_rate': 0.009355147840573385, 'max_depth': 20, 'min_child_weight': 143, 'eval_metric': 'rmse'}. Best is trial 140 with value: 0.693976497093345.
start listen on 192.168.1.101:34055
@tracker All of 1 nodes getting started
@tracker All nodes finishes job
Trial 589 finished with value: 0.6942857518714014 and parameters: {'objective': 'reg:squarederror', 'tree_method': 'gpu_hist', 'lambda': 0.014995157577314625, 'alpha': 0.5104897465029572, 'colsample_bytree': 0.5421210217982493, 'subsample': 0.7051023643316862, 'learning_rate': 0.010573653322454735, 'max_depth': 20, 'min_child_weight': 136, 'eval_metric': 'rmse'}. Best is trial 140 with value: 0.693976497093345.
start listen on 192.168.1.101:39129
@tracker All of 1 nodes getting started
@tracker All nodes finishes job
Trial 590 finished with value: 0.7098770153833962 and parameters: {'objective': 'reg:squarederror', 'tree_method': 'gpu_hist', 'lambda': 0.011079580641821686, 'alpha': 0.39254256692378164, 'colsample_bytree': 0.5329006876843347, 'subsample': 0.7135003126141537, 'learning_rate': 0.009187358152122902, 'max_depth': 3, 'min_child_weight': 149, 'eval_metric': 'rmse'}. Best is trial 140 with value: 0.693976497093345.
start listen on 192.168.1.101:34055
@tracker All of 1 nodes getting started
@tracker All nodes finishes job
Trial 591 finished with value: 0.6940873369680863 and parameters: {'objective': 'reg:squarederror', 'tree_method': 'gpu_hist', 'lambda': 0.014619564599965816, 'alpha': 0.44129558319110807, 'colsample_bytree': 0.5470002586651972, 'subsample': 0.6982585613443082, 'learning_rate': 0.008383170456729955, 'max_depth': 20, 'min_child_weight': 141, 'eval_metric': 'rmse'}. Best is trial 140 with value: 0.693976497093345.
start listen on 192.168.1.101:43825
@tracker All of 1 nodes getting started
@tracker All nodes finishes job
Trial 592 finished with value: 0.694620663944343 and parameters: {'objective': 'reg:squarederror', 'tree_method': 'gpu_hist', 'lambda': 0.016806995455308015, 'alpha': 0.470923565161527, 'colsample_bytree': 0.8427543559317942, 'subsample': 0.7020179057270765, 'learning_rate': 0.009955150135512866, 'max_depth': 20, 'min_child_weight': 130, 'eval_metric': 'rmse'}. Best is trial 140 with value: 0.693976497093345.
start listen on 192.168.1.101:44719
@tracker All of 1 nodes getting started
@tracker All nodes finishes job
Trial 593 finished with value: 0.6943351301796514 and parameters: {'objective': 'reg:squarederror', 'tree_method': 'gpu_hist', 'lambda': 0.008948256352660831, 'alpha': 0.6226151943627065, 'colsample_bytree': 0.5671586848180287, 'subsample': 0.6901028080730475, 'learning_rate': 0.008739287447799445, 'max_depth': 20, 'min_child_weight': 139, 'eval_metric': 'rmse'}. Best is trial 140 with value: 0.693976497093345.
start listen on 192.168.1.101:38031
@tracker All of 1 nodes getting started
@tracker All nodes finishes job
Trial 594 finished with value: 0.6941607883981976 and parameters: {'objective': 'reg:squarederror', 'tree_method': 'gpu_hist', 'lambda': 0.013177994224545393, 'alpha': 0.42985152692033146, 'colsample_bytree': 0.5745969994972164, 'subsample': 0.7338177731363543, 'learning_rate': 0.010981231192577644, 'max_depth': 20, 'min_child_weight': 145, 'eval_metric': 'rmse'}. Best is trial 140 with value: 0.693976497093345.
start listen on 192.168.1.101:56671
@tracker All of 1 nodes getting started
@tracker All nodes finishes job
Trial 595 finished with value: 0.6945204204803037 and parameters: {'objective': 'reg:squarederror', 'tree_method': 'gpu_hist', 'lambda': 0.01192286026777078, 'alpha': 0.47062804284837734, 'colsample_bytree': 0.5486804291319861, 'subsample': 0.7185912345142128, 'learning_rate': 0.009925462114615006, 'max_depth': 13, 'min_child_weight': 134, 'eval_metric': 'rmse'}. Best is trial 140 with value: 0.693976497093345.
start listen on 192.168.1.101:44289
@tracker All of 1 nodes getting started
@tracker All nodes finishes job
Trial 596 finished with value: 0.6943241392118438 and parameters: {'objective': 'reg:squarederror', 'tree_method': 'gpu_hist', 'lambda': 0.014359022227252084, 'alpha': 0.5649883677146498, 'colsample_bytree': 0.5873767818092781, 'subsample': 0.6852595903603003, 'learning_rate': 0.010737592683897495, 'max_depth': 20, 'min_child_weight': 142, 'eval_metric': 'rmse'}. Best is trial 140 with value: 0.693976497093345.
start listen on 192.168.1.101:44701
@tracker All of 1 nodes getting started
@tracker All nodes finishes job
Trial 597 finished with value: 0.6993437239498859 and parameters: {'objective': 'reg:squarederror', 'tree_method': 'gpu_hist', 'lambda': 0.014934598387842002, 'alpha': 0.43056744091223975, 'colsample_bytree': 0.5248727108963958, 'subsample': 0.6936182514087291, 'learning_rate': 0.00838200087449263, 'max_depth': 7, 'min_child_weight': 151, 'eval_metric': 'rmse'}. Best is trial 140 with value: 0.693976497093345.
start listen on 192.168.1.101:37203
@tracker All of 1 nodes getting started
@tracker All nodes finishes job
Trial 598 finished with value: 0.6963560826520805 and parameters: {'objective': 'reg:squarederror', 'tree_method': 'gpu_hist', 'lambda': 0.017649401233757696, 'alpha': 0.39182596222494337, 'colsample_bytree': 0.5637952810931438, 'subsample': 0.7029170403229347, 'learning_rate': 0.009382886081440164, 'max_depth': 9, 'min_child_weight': 144, 'eval_metric': 'rmse'}. Best is trial 140 with value: 0.693976497093345.
start listen on 192.168.1.101:59325
@tracker All of 1 nodes getting started
@tracker All nodes finishes job
Trial 599 finished with value: 0.6942805580396035 and parameters: {'objective': 'reg:squarederror', 'tree_method': 'gpu_hist', 'lambda': 0.009993402890507295, 'alpha': 0.7409059056310162, 'colsample_bytree': 0.5954841548916745, 'subsample': 0.6759972705939656, 'learning_rate': 0.011083321416585972, 'max_depth': 20, 'min_child_weight': 153, 'eval_metric': 'rmse'}. Best is trial 140 with value: 0.693976497093345.
start listen on 192.168.1.101:51571
@tracker All of 1 nodes getting started
@tracker All nodes finishes job
Trial 600 finished with value: 0.6946075252322355 and parameters: {'objective': 'reg:squarederror', 'tree_method': 'gpu_hist', 'lambda': 0.012203989412693395, 'alpha': 0.5104675189995882, 'colsample_bytree': 0.7751927412984979, 'subsample': 0.7142890685621697, 'learning_rate': 0.010113446442183049, 'max_depth': 20, 'min_child_weight': 135, 'eval_metric': 'rmse'}. Best is trial 140 with value: 0.693976497093345.
start listen on 192.168.1.101:53637
@tracker All of 1 nodes getting started
@tracker All nodes finishes job
Trial 601 finished with value: 0.6947655954816572 and parameters: {'objective': 'reg:squarederror', 'tree_method': 'gpu_hist', 'lambda': 0.020074420766159957, 'alpha': 0.3048742757805272, 'colsample_bytree': 0.5489809188242021, 'subsample': 0.6855003614129505, 'learning_rate': 0.011461719996193394, 'max_depth': 11, 'min_child_weight': 140, 'eval_metric': 'rmse'}. Best is trial 140 with value: 0.693976497093345.
start listen on 192.168.1.101:53977
@tracker All of 1 nodes getting started
@tracker All nodes finishes job
Trial 602 finished with value: 0.6940185299976596 and parameters: {'objective': 'reg:squarederror', 'tree_method': 'gpu_hist', 'lambda': 0.013986584902864196, 'alpha': 0.3923216875930847, 'colsample_bytree': 0.6129130087830423, 'subsample': 0.6982844493843329, 'learning_rate': 0.009114201778126371, 'max_depth': 20, 'min_child_weight': 147, 'eval_metric': 'rmse'}. Best is trial 140 with value: 0.693976497093345.
start listen on 192.168.1.101:35421
@tracker All of 1 nodes getting started
@tracker All nodes finishes job
Trial 603 finished with value: 0.6943070191815187 and parameters: {'objective': 'reg:squarederror', 'tree_method': 'gpu_hist', 'lambda': 0.013381153812224806, 'alpha': 0.4695386782627051, 'colsample_bytree': 0.6255054208023234, 'subsample': 0.7232735810644024, 'learning_rate': 0.00815602218322994, 'max_depth': 20, 'min_child_weight': 156, 'eval_metric': 'rmse'}. Best is trial 140 with value: 0.693976497093345.
start listen on 192.168.1.101:37059
@tracker All of 1 nodes getting started
@tracker All nodes finishes job
Trial 604 finished with value: 0.6942514638401647 and parameters: {'objective': 'reg:squarederror', 'tree_method': 'gpu_hist', 'lambda': 0.009183051832786908, 'alpha': 0.39322919001982054, 'colsample_bytree': 0.6136740810456618, 'subsample': 0.6958020526644623, 'learning_rate': 0.009258284276187632, 'max_depth': 20, 'min_child_weight': 153, 'eval_metric': 'rmse'}. Best is trial 140 with value: 0.693976497093345.
start listen on 192.168.1.101:53971
@tracker All of 1 nodes getting started
@tracker All nodes finishes job
Trial 605 finished with value: 0.6946157429788441 and parameters: {'objective': 'reg:squarederror', 'tree_method': 'gpu_hist', 'lambda': 0.015616107073390607, 'alpha': 0.3500784218415883, 'colsample_bytree': 0.5940793090164503, 'subsample': 0.7128039054035432, 'learning_rate': 0.007287797820169802, 'max_depth': 20, 'min_child_weight': 148, 'eval_metric': 'rmse'}. Best is trial 140 with value: 0.693976497093345.
start listen on 192.168.1.101:36655
@tracker All of 1 nodes getting started
@tracker All nodes finishes job
Trial 606 finished with value: 0.694199287702686 and parameters: {'objective': 'reg:squarederror', 'tree_method': 'gpu_hist', 'lambda': 0.010688897475188265, 'alpha': 0.33129786780801856, 'colsample_bytree': 0.6238773210924192, 'subsample': 0.7082704280780802, 'learning_rate': 0.009088973930028258, 'max_depth': 20, 'min_child_weight': 162, 'eval_metric': 'rmse'}. Best is trial 140 with value: 0.693976497093345.
start listen on 192.168.1.101:59907
@tracker All of 1 nodes getting started
@tracker All nodes finishes job
Trial 607 finished with value: 0.6944774276232042 and parameters: {'objective': 'reg:squarederror', 'tree_method': 'gpu_hist', 'lambda': 0.013972576186686379, 'alpha': 0.6336691352050785, 'colsample_bytree': 0.6433800477467363, 'subsample': 0.7319564957779975, 'learning_rate': 0.008378713022255213, 'max_depth': 20, 'min_child_weight': 148, 'eval_metric': 'rmse'}. Best is trial 140 with value: 0.693976497093345.
start listen on 192.168.1.101:39953
@tracker All of 1 nodes getting started
@tracker All nodes finishes job
Trial 608 finished with value: 0.6941115590540624 and parameters: {'objective': 'reg:squarederror', 'tree_method': 'gpu_hist', 'lambda': 0.007352477223040047, 'alpha': 0.4174813446684752, 'colsample_bytree': 0.6073843296246159, 'subsample': 0.6992544323268632, 'learning_rate': 0.009994607098356185, 'max_depth': 20, 'min_child_weight': 159, 'eval_metric': 'rmse'}. Best is trial 140 with value: 0.693976497093345.
start listen on 192.168.1.101:58941
@tracker All of 1 nodes getting started
@tracker All nodes finishes job
Trial 609 finished with value: 0.6942661516670489 and parameters: {'objective': 'reg:squarederror', 'tree_method': 'gpu_hist', 'lambda': 0.012686914075576003, 'alpha': 0.34020594130688503, 'colsample_bytree': 0.6026897543860996, 'subsample': 0.7477805553198518, 'learning_rate': 0.00866661665187144, 'max_depth': 20, 'min_child_weight': 172, 'eval_metric': 'rmse'}. Best is trial 140 with value: 0.693976497093345.
start listen on 192.168.1.101:47149
@tracker All of 1 nodes getting started
@tracker All nodes finishes job
Trial 610 finished with value: 0.6941709878184019 and parameters: {'objective': 'reg:squarederror', 'tree_method': 'gpu_hist', 'lambda': 0.010987453741736012, 'alpha': 0.5685997084507255, 'colsample_bytree': 0.5822105534471361, 'subsample': 0.6881859889900727, 'learning_rate': 0.009612284800721302, 'max_depth': 20, 'min_child_weight': 166, 'eval_metric': 'rmse'}. Best is trial 140 with value: 0.693976497093345.
start listen on 192.168.1.101:46125
@tracker All of 1 nodes getting started
@tracker All nodes finishes job
Trial 611 finished with value: 0.6948536339006183 and parameters: {'objective': 'reg:squarederror', 'tree_method': 'gpu_hist', 'lambda': 0.016613613108025997, 'alpha': 0.34293349973779763, 'colsample_bytree': 0.9840314416333291, 'subsample': 0.7088691162864966, 'learning_rate': 0.007712268566933027, 'max_depth': 20, 'min_child_weight': 155, 'eval_metric': 'rmse'}. Best is trial 140 with value: 0.693976497093345.
start listen on 192.168.1.101:58633
@tracker All of 1 nodes getting started
@tracker All nodes finishes job
Trial 612 finished with value: 0.6941336714965403 and parameters: {'objective': 'reg:squarederror', 'tree_method': 'gpu_hist', 'lambda': 0.018480717648326903, 'alpha': 0.4636336988074846, 'colsample_bytree': 0.633210380425676, 'subsample': 0.6989505415564753, 'learning_rate': 0.010487335623704306, 'max_depth': 20, 'min_child_weight': 145, 'eval_metric': 'rmse'}. Best is trial 140 with value: 0.693976497093345.
start listen on 192.168.1.101:36505
@tracker All of 1 nodes getting started
@tracker All nodes finishes job
Trial 613 finished with value: 0.6943479516095344 and parameters: {'objective': 'reg:squarederror', 'tree_method': 'gpu_hist', 'lambda': 0.014194211961413706, 'alpha': 0.2999099549803517, 'colsample_bytree': 0.5863497658423712, 'subsample': 0.723675868027867, 'learning_rate': 0.008816529068367199, 'max_depth': 20, 'min_child_weight': 178, 'eval_metric': 'rmse'}. Best is trial 140 with value: 0.693976497093345.
start listen on 192.168.1.101:36853
@tracker All of 1 nodes getting started
@tracker All nodes finishes job
Trial 614 finished with value: 0.694136915644625 and parameters: {'objective': 'reg:squarederror', 'tree_method': 'gpu_hist', 'lambda': 0.021836118390771608, 'alpha': 0.021394073932804878, 'colsample_bytree': 0.4677288588578479, 'subsample': 0.6801324109779637, 'learning_rate': 0.01065403673118042, 'max_depth': 20, 'min_child_weight': 160, 'eval_metric': 'rmse'}. Best is trial 140 with value: 0.693976497093345.
start listen on 192.168.1.101:50605
@tracker All of 1 nodes getting started
@tracker All nodes finishes job
Trial 615 finished with value: 0.7027245470733076 and parameters: {'objective': 'reg:squarederror', 'tree_method': 'gpu_hist', 'lambda': 0.017366874461901317, 'alpha': 0.025291143699705945, 'colsample_bytree': 0.5793125640474088, 'subsample': 0.6911241924506425, 'learning_rate': 0.00960024532261492, 'max_depth': 5, 'min_child_weight': 150, 'eval_metric': 'rmse'}. Best is trial 140 with value: 0.693976497093345.
start listen on 192.168.1.101:55327
@tracker All of 1 nodes getting started
@tracker All nodes finishes job
Trial 616 finished with value: 0.6942750877909601 and parameters: {'objective': 'reg:squarederror', 'tree_method': 'gpu_hist', 'lambda': 0.008581256427468938, 'alpha': 0.3336324290364439, 'colsample_bytree': 0.5228107844759242, 'subsample': 0.6700221621401569, 'learning_rate': 0.011113350095402043, 'max_depth': 20, 'min_child_weight': 168, 'eval_metric': 'rmse'}. Best is trial 140 with value: 0.693976497093345.
start listen on 192.168.1.101:58439
@tracker All of 1 nodes getting started
@tracker All nodes finishes job
Trial 617 finished with value: 0.6942929638922037 and parameters: {'objective': 'reg:squarederror', 'tree_method': 'gpu_hist', 'lambda': 0.024333100062315753, 'alpha': 0.4934111206356458, 'colsample_bytree': 0.6129123068617494, 'subsample': 0.7058687659973315, 'learning_rate': 0.010043834409808217, 'max_depth': 20, 'min_child_weight': 142, 'eval_metric': 'rmse'}. Best is trial 140 with value: 0.693976497093345.
start listen on 192.168.1.101:34321
@tracker All of 1 nodes getting started
@tracker All nodes finishes job
Trial 618 finished with value: 0.6943664995349944 and parameters: {'objective': 'reg:squarederror', 'tree_method': 'gpu_hist', 'lambda': 0.016014812945086748, 'alpha': 0.3683820665086884, 'colsample_bytree': 0.5587331359736194, 'subsample': 0.6808209040473595, 'learning_rate': 0.008890883367842663, 'max_depth': 20, 'min_child_weight': 156, 'eval_metric': 'rmse'}. Best is trial 140 with value: 0.693976497093345.
start listen on 192.168.1.101:53149
@tracker All of 1 nodes getting started
@tracker All nodes finishes job
Trial 619 finished with value: 0.694627792584368 and parameters: {'objective': 'reg:squarederror', 'tree_method': 'gpu_hist', 'lambda': 0.020961584522044253, 'alpha': 0.7330452284116583, 'colsample_bytree': 0.5406174190229891, 'subsample': 0.6966121400972345, 'learning_rate': 0.0081340736627712, 'max_depth': 20, 'min_child_weight': 165, 'eval_metric': 'rmse'}. Best is trial 140 with value: 0.693976497093345.
start listen on 192.168.1.101:43033
@tracker All of 1 nodes getting started
@tracker All nodes finishes job
Trial 620 finished with value: 0.6947801853041935 and parameters: {'objective': 'reg:squarederror', 'tree_method': 'gpu_hist', 'lambda': 0.026305965341348957, 'alpha': 0.0020510346363866987, 'colsample_bytree': 0.5981418786578342, 'subsample': 0.6663346200690007, 'learning_rate': 0.006421711385242902, 'max_depth': 20, 'min_child_weight': 147, 'eval_metric': 'rmse'}. Best is trial 140 with value: 0.693976497093345.
start listen on 192.168.1.101:32941
@tracker All of 1 nodes getting started
@tracker All nodes finishes job
Trial 621 finished with value: 0.6942870075723332 and parameters: {'objective': 'reg:squarederror', 'tree_method': 'gpu_hist', 'lambda': 1.7359898895112553, 'alpha': 0.10925355075653928, 'colsample_bytree': 0.5725828053013042, 'subsample': 0.6840515224893573, 'learning_rate': 0.011536090413573407, 'max_depth': 20, 'min_child_weight': 173, 'eval_metric': 'rmse'}. Best is trial 140 with value: 0.693976497093345.
start listen on 192.168.1.101:55169
@tracker All of 1 nodes getting started
@tracker All nodes finishes job
Trial 622 finished with value: 0.6941779144031973 and parameters: {'objective': 'reg:squarederror', 'tree_method': 'gpu_hist', 'lambda': 0.011291202028011826, 'alpha': 0.2997933710289817, 'colsample_bytree': 0.5115238967346822, 'subsample': 0.7190713740285014, 'learning_rate': 0.010681633034753914, 'max_depth': 17, 'min_child_weight': 153, 'eval_metric': 'rmse'}. Best is trial 140 with value: 0.693976497093345.
start listen on 192.168.1.101:42959
@tracker All of 1 nodes getting started
@tracker All nodes finishes job
Trial 623 finished with value: 0.6945355628475968 and parameters: {'objective': 'reg:squarederror', 'tree_method': 'gpu_hist', 'lambda': 0.8562948115054353, 'alpha': 0.1267343485151804, 'colsample_bytree': 0.5519311265875914, 'subsample': 0.9495929293563037, 'learning_rate': 0.009464831513080299, 'max_depth': 20, 'min_child_weight': 162, 'eval_metric': 'rmse'}. Best is trial 140 with value: 0.693976497093345.
start listen on 192.168.1.101:38457
@tracker All of 1 nodes getting started
@tracker All nodes finishes job
Trial 624 finished with value: 0.7079185663074297 and parameters: {'objective': 'reg:squarederror', 'tree_method': 'gpu_hist', 'lambda': 0.01996778888822807, 'alpha': 0.008428013094625948, 'colsample_bytree': 0.6622423522799598, 'subsample': 0.552984212653155, 'learning_rate': 0.012072145612777162, 'max_depth': 3, 'min_child_weight': 189, 'eval_metric': 'rmse'}. Best is trial 140 with value: 0.693976497093345.
start listen on 192.168.1.101:43951
@tracker All of 1 nodes getting started
@tracker All nodes finishes job
Trial 625 finished with value: 0.6940515137321247 and parameters: {'objective': 'reg:squarederror', 'tree_method': 'gpu_hist', 'lambda': 0.19678361665271465, 'alpha': 0.09952541424117956, 'colsample_bytree': 0.530347576814544, 'subsample': 0.6751608163017173, 'learning_rate': 0.010091900162323779, 'max_depth': 20, 'min_child_weight': 140, 'eval_metric': 'rmse'}. Best is trial 140 with value: 0.693976497093345.
start listen on 192.168.1.101:54773
@tracker All of 1 nodes getting started
@tracker All nodes finishes job
Trial 626 finished with value: 0.6943415352662753 and parameters: {'objective': 'reg:squarederror', 'tree_method': 'gpu_hist', 'lambda': 0.06491705747818195, 'alpha': 0.09096447253630206, 'colsample_bytree': 0.4993260918938152, 'subsample': 0.6693638458167082, 'learning_rate': 0.007960027827305656, 'max_depth': 20, 'min_child_weight': 130, 'eval_metric': 'rmse'}. Best is trial 140 with value: 0.693976497093345.
start listen on 192.168.1.101:34219
@tracker All of 1 nodes getting started
@tracker All nodes finishes job
Trial 627 finished with value: 1.4280738724985838 and parameters: {'objective': 'reg:squarederror', 'tree_method': 'gpu_hist', 'lambda': 0.12334744122693443, 'alpha': 0.10669407616923071, 'colsample_bytree': 0.48196846704966867, 'subsample': 0.6598880356532603, 'learning_rate': 0.0017871033423444292, 'max_depth': 20, 'min_child_weight': 180, 'eval_metric': 'rmse'}. Best is trial 140 with value: 0.693976497093345.
start listen on 192.168.1.101:35797
@tracker All of 1 nodes getting started
@tracker All nodes finishes job
Trial 628 finished with value: 0.6943256540318871 and parameters: {'objective': 'reg:squarederror', 'tree_method': 'gpu_hist', 'lambda': 0.028710084793932823, 'alpha': 0.10863881263342429, 'colsample_bytree': 0.5268494602877958, 'subsample': 0.6738297074987987, 'learning_rate': 0.009027294725944029, 'max_depth': 20, 'min_child_weight': 170, 'eval_metric': 'rmse'}. Best is trial 140 with value: 0.693976497093345.
start listen on 192.168.1.101:38739
@tracker All of 1 nodes getting started
@tracker All nodes finishes job
