Trial 293 finished with value: 0.6944207916947108 and parameters: {'objective': 'reg:squarederror', 'tree_method': 'gpu_hist', 'lambda': 0.034574714110228444, 'alpha': 8.577607839764285, 'colsample_bytree': 0.42601232154338137, 'subsample': 0.934092981286156, 'learning_rate': 0.01715300755080312, 'max_depth': 17, 'min_child_weight': 132, 'eval_metric': 'rmse'}. Best is trial 284 with value: 0.6939650886418381.
start listen on 192.168.1.101:50355
@tracker All of 1 nodes getting started
@tracker All nodes finishes job
Trial 294 finished with value: 0.6944830019211439 and parameters: {'objective': 'reg:squarederror', 'tree_method': 'gpu_hist', 'lambda': 0.026617864298553347, 'alpha': 7.075118533344836, 'colsample_bytree': 0.37918921179451565, 'subsample': 0.8831661661570332, 'learning_rate': 0.012804694873928366, 'max_depth': 17, 'min_child_weight': 162, 'eval_metric': 'rmse'}. Best is trial 284 with value: 0.6939650886418381.
start listen on 192.168.1.101:57367
@tracker All of 1 nodes getting started
@tracker All nodes finishes job
Trial 295 finished with value: 0.6947302687624131 and parameters: {'objective': 'reg:squarederror', 'tree_method': 'gpu_hist', 'lambda': 0.04562346109525347, 'alpha': 4.654768701505116, 'colsample_bytree': 0.9201616430330708, 'subsample': 0.8998800868735992, 'learning_rate': 0.015020581839124093, 'max_depth': 17, 'min_child_weight': 150, 'eval_metric': 'rmse'}. Best is trial 284 with value: 0.6939650886418381.
start listen on 192.168.1.101:36035
@tracker All of 1 nodes getting started
@tracker All nodes finishes job
Trial 296 finished with value: 0.6951663768297038 and parameters: {'objective': 'reg:squarederror', 'tree_method': 'gpu_hist', 'lambda': 0.016235205846134217, 'alpha': 5.962270426299748, 'colsample_bytree': 0.35973315108406756, 'subsample': 0.8670688568875632, 'learning_rate': 0.0195863374411727, 'max_depth': 9, 'min_child_weight': 138, 'eval_metric': 'rmse'}. Best is trial 284 with value: 0.6939650886418381.
start listen on 192.168.1.101:52519
@tracker All of 1 nodes getting started
@tracker All nodes finishes job
Trial 297 finished with value: 0.6942529941915311 and parameters: {'objective': 'reg:squarederror', 'tree_method': 'gpu_hist', 'lambda': 0.031015510279385726, 'alpha': 7.495677530417163, 'colsample_bytree': 0.388331512844064, 'subsample': 0.9252011505639317, 'learning_rate': 0.016236835589751593, 'max_depth': 17, 'min_child_weight': 143, 'eval_metric': 'rmse'}. Best is trial 284 with value: 0.6939650886418381.
start listen on 192.168.1.101:33223
@tracker All of 1 nodes getting started
@tracker All nodes finishes job
Trial 298 finished with value: 0.6963159224557692 and parameters: {'objective': 'reg:squarederror', 'tree_method': 'gpu_hist', 'lambda': 0.14298144298006624, 'alpha': 9.919557853799992, 'colsample_bytree': 0.41100382937819213, 'subsample': 0.4179327040202511, 'learning_rate': 0.010937337142862023, 'max_depth': 17, 'min_child_weight': 158, 'eval_metric': 'rmse'}. Best is trial 284 with value: 0.6939650886418381.
start listen on 192.168.1.101:53113
@tracker All of 1 nodes getting started
@tracker All nodes finishes job
Trial 299 finished with value: 0.694625684483312 and parameters: {'objective': 'reg:squarederror', 'tree_method': 'gpu_hist', 'lambda': 0.036253112990415455, 'alpha': 4.2851879795331, 'colsample_bytree': 0.3965540104576591, 'subsample': 0.7765308493059829, 'learning_rate': 0.014436934543973767, 'max_depth': 11, 'min_child_weight': 20, 'eval_metric': 'rmse'}. Best is trial 284 with value: 0.6939650886418381.
