Trial 965 finished with value: 2.0797307185873164 and parameters: {'objective': 'reg:squarederror', 'tree_method': 'gpu_hist', 'lambda': 0.28118472546413636, 'alpha': 0.15085882598600447, 'colsample_bytree': 0.5100081847011837, 'subsample': 0.6787588642910531, 'learning_rate': 0.001333041020233868, 'max_depth': 20, 'min_child_weight': 112, 'eval_metric': 'rmse'}. Best is trial 717 with value: 0.6938795554678486.
start listen on 192.168.1.101:40697
@tracker All of 1 nodes getting started
@tracker All nodes finishes job
Trial 966 finished with value: 0.6947240031014101 and parameters: {'objective': 'reg:squarederror', 'tree_method': 'gpu_hist', 'lambda': 0.0880786941565602, 'alpha': 0.3086098052281128, 'colsample_bytree': 0.6640050776349632, 'subsample': 0.6650535921101851, 'learning_rate': 0.01168511182327734, 'max_depth': 20, 'min_child_weight': 101, 'eval_metric': 'rmse'}. Best is trial 717 with value: 0.6938795554678486.
start listen on 192.168.1.101:54061
@tracker All of 1 nodes getting started
@tracker All nodes finishes job
Trial 967 finished with value: 0.6945231254412619 and parameters: {'objective': 'reg:squarederror', 'tree_method': 'gpu_hist', 'lambda': 0.21195149686862683, 'alpha': 0.12999153587490822, 'colsample_bytree': 0.5269676680284318, 'subsample': 0.7124488441524143, 'learning_rate': 0.00767744513034215, 'max_depth': 20, 'min_child_weight': 124, 'eval_metric': 'rmse'}. Best is trial 717 with value: 0.6938795554678486.
start listen on 192.168.1.101:53567
@tracker All of 1 nodes getting started
@tracker All nodes finishes job
Trial 968 finished with value: 0.6960067070793401 and parameters: {'objective': 'reg:squarederror', 'tree_method': 'gpu_hist', 'lambda': 0.5482363852697802, 'alpha': 0.1721385309722036, 'colsample_bytree': 0.5547609987460331, 'subsample': 0.6895123882746333, 'learning_rate': 0.009263417484774902, 'max_depth': 11, 'min_child_weight': 278, 'eval_metric': 'rmse'}. Best is trial 717 with value: 0.6938795554678486.
start listen on 192.168.1.101:56663
@tracker All of 1 nodes getting started
@tracker All nodes finishes job
Trial 969 finished with value: 0.6942195943636404 and parameters: {'objective': 'reg:squarederror', 'tree_method': 'gpu_hist', 'lambda': 0.1556247933458902, 'alpha': 0.006306506456686577, 'colsample_bytree': 0.5380646939930829, 'subsample': 0.7025596928198882, 'learning_rate': 0.01042022891528321, 'max_depth': 20, 'min_child_weight': 93, 'eval_metric': 'rmse'}. Best is trial 717 with value: 0.6938795554678486.
start listen on 192.168.1.101:58679
@tracker All of 1 nodes getting started
@tracker All nodes finishes job
Trial 970 finished with value: 0.6943955379915058 and parameters: {'objective': 'reg:squarederror', 'tree_method': 'gpu_hist', 'lambda': 0.11107353026373847, 'alpha': 0.11479472640549405, 'colsample_bytree': 0.5032909727958952, 'subsample': 0.7304757375246833, 'learning_rate': 0.011843319071043669, 'max_depth': 20, 'min_child_weight': 150, 'eval_metric': 'rmse'}. Best is trial 717 with value: 0.6938795554678486.
start listen on 192.168.1.101:48093
@tracker All of 1 nodes getting started
@tracker All nodes finishes job
Trial 971 finished with value: 0.6941797790527033 and parameters: {'objective': 'reg:squarederror', 'tree_method': 'gpu_hist', 'lambda': 0.01210181113794895, 'alpha': 0.01760472520738546, 'colsample_bytree': 0.479076607834362, 'subsample': 0.673697801357067, 'learning_rate': 0.008461904993021779, 'max_depth': 20, 'min_child_weight': 114, 'eval_metric': 'rmse'}. Best is trial 717 with value: 0.6938795554678486.
start listen on 192.168.1.101:35975
@tracker All of 1 nodes getting started
@tracker All nodes finishes job
Trial 972 finished with value: 0.7027254988148626 and parameters: {'objective': 'reg:squarederror', 'tree_method': 'gpu_hist', 'lambda': 0.1260294010037269, 'alpha': 0.21965155295351957, 'colsample_bytree': 0.5386933714545439, 'subsample': 0.6870309202942724, 'learning_rate': 0.009749825562487059, 'max_depth': 5, 'min_child_weight': 101, 'eval_metric': 'rmse'}. Best is trial 717 with value: 0.6938795554678486.
start listen on 192.168.1.101:36479
@tracker All of 1 nodes getting started
@tracker All nodes finishes job
Trial 973 finished with value: 0.6949399035512989 and parameters: {'objective': 'reg:squarederror', 'tree_method': 'gpu_hist', 'lambda': 0.08374951186683896, 'alpha': 0.36231006658584125, 'colsample_bytree': 0.8534116778962971, 'subsample': 0.6518456528298604, 'learning_rate': 0.006930148734918647, 'max_depth': 20, 'min_child_weight': 145, 'eval_metric': 'rmse'}. Best is trial 717 with value: 0.6938795554678486.
start listen on 192.168.1.101:34925
@tracker All of 1 nodes getting started
@tracker All nodes finishes job
Trial 974 finished with value: 0.6942074647253474 and parameters: {'objective': 'reg:squarederror', 'tree_method': 'gpu_hist', 'lambda': 0.23144779042384855, 'alpha': 0.1609950533005557, 'colsample_bytree': 0.5219819365148114, 'subsample': 0.7148153885064646, 'learning_rate': 0.010995949813103466, 'max_depth': 20, 'min_child_weight': 151, 'eval_metric': 'rmse'}. Best is trial 717 with value: 0.6938795554678486.
start listen on 192.168.1.101:50261
@tracker All of 1 nodes getting started
@tracker All nodes finishes job
Trial 975 finished with value: 0.6948071019875255 and parameters: {'objective': 'reg:squarederror', 'tree_method': 'gpu_hist', 'lambda': 0.17941020346132877, 'alpha': 0.2542964294323804, 'colsample_bytree': 0.5595706755879382, 'subsample': 0.697020031152993, 'learning_rate': 0.012713714356825782, 'max_depth': 20, 'min_child_weight': 82, 'eval_metric': 'rmse'}. Best is trial 717 with value: 0.6938795554678486.
start listen on 192.168.1.101:38187
@tracker All of 1 nodes getting started
@tracker All nodes finishes job
Trial 976 finished with value: 0.6942858378174073 and parameters: {'objective': 'reg:squarederror', 'tree_method': 'gpu_hist', 'lambda': 0.1389925246830117, 'alpha': 0.11914139609588613, 'colsample_bytree': 0.4941689322640506, 'subsample': 0.6659538375708473, 'learning_rate': 0.009148126643884856, 'max_depth': 20, 'min_child_weight': 126, 'eval_metric': 'rmse'}. Best is trial 717 with value: 0.6938795554678486.
start listen on 192.168.1.101:36903
@tracker All of 1 nodes getting started
@tracker All nodes finishes job
Trial 977 finished with value: 0.6942944302629723 and parameters: {'objective': 'reg:squarederror', 'tree_method': 'gpu_hist', 'lambda': 0.1022398361017175, 'alpha': 0.19074734307165195, 'colsample_bytree': 0.5110815555009555, 'subsample': 0.682846709035128, 'learning_rate': 0.010691861269119024, 'max_depth': 20, 'min_child_weight': 142, 'eval_metric': 'rmse'}. Best is trial 717 with value: 0.6938795554678486.
start listen on 192.168.1.101:54763
@tracker All of 1 nodes getting started
@tracker All nodes finishes job
Trial 978 finished with value: 0.6942480498649948 and parameters: {'objective': 'reg:squarederror', 'tree_method': 'gpu_hist', 'lambda': 0.4133700855741649, 'alpha': 0.027861875229526732, 'colsample_bytree': 0.5440256228982902, 'subsample': 0.7219573922950987, 'learning_rate': 0.009854212846697066, 'max_depth': 20, 'min_child_weight': 153, 'eval_metric': 'rmse'}. Best is trial 717 with value: 0.6938795554678486.
start listen on 192.168.1.101:39587
@tracker All of 1 nodes getting started
@tracker All nodes finishes job
Trial 979 finished with value: 0.6941322971353587 and parameters: {'objective': 'reg:squarederror', 'tree_method': 'gpu_hist', 'lambda': 0.16279826596121666, 'alpha': 0.012755373243952907, 'colsample_bytree': 0.520452587646652, 'subsample': 0.7056243815916766, 'learning_rate': 0.011697470684582429, 'max_depth': 17, 'min_child_weight': 146, 'eval_metric': 'rmse'}. Best is trial 717 with value: 0.6938795554678486.
start listen on 192.168.1.101:53053
@tracker All of 1 nodes getting started
@tracker All nodes finishes job
Trial 980 finished with value: 0.6943536143727135 and parameters: {'objective': 'reg:squarederror', 'tree_method': 'gpu_hist', 'lambda': 0.12183500123978641, 'alpha': 0.14243158732425215, 'colsample_bytree': 0.558390021387941, 'subsample': 0.6735623071865265, 'learning_rate': 0.008658854547131832, 'max_depth': 20, 'min_child_weight': 134, 'eval_metric': 'rmse'}. Best is trial 717 with value: 0.6938795554678486.
start listen on 192.168.1.101:45337
@tracker All of 1 nodes getting started
@tracker All nodes finishes job
Trial 981 finished with value: 0.7090693262113549 and parameters: {'objective': 'reg:squarederror', 'tree_method': 'gpu_hist', 'lambda': 0.19618236193059388, 'alpha': 0.11976593145996921, 'colsample_bytree': 0.5342687990467293, 'subsample': 0.6926488977218448, 'learning_rate': 0.01062407109598862, 'max_depth': 3, 'min_child_weight': 116, 'eval_metric': 'rmse'}. Best is trial 717 with value: 0.6938795554678486.
start listen on 192.168.1.101:59087
@tracker All of 1 nodes getting started
@tracker All nodes finishes job
Trial 982 finished with value: 0.6946082772906718 and parameters: {'objective': 'reg:squarederror', 'tree_method': 'gpu_hist', 'lambda': 0.08640837923698609, 'alpha': 0.02235811734847946, 'colsample_bytree': 0.5008778795244333, 'subsample': 0.6528729937050025, 'learning_rate': 0.012122991932318042, 'max_depth': 20, 'min_child_weight': 106, 'eval_metric': 'rmse'}. Best is trial 717 with value: 0.6938795554678486.
start listen on 192.168.1.101:39503
@tracker All of 1 nodes getting started
@tracker All nodes finishes job
Trial 983 finished with value: 0.6942073041923896 and parameters: {'objective': 'reg:squarederror', 'tree_method': 'gpu_hist', 'lambda': 0.010108145398502645, 'alpha': 0.16607330509894336, 'colsample_bytree': 0.46273356291190404, 'subsample': 0.7855263496420054, 'learning_rate': 0.009667137716617888, 'max_depth': 20, 'min_child_weight': 94, 'eval_metric': 'rmse'}. Best is trial 717 with value: 0.6938795554678486.
start listen on 192.168.1.101:47349
@tracker All of 1 nodes getting started
@tracker All nodes finishes job
Trial 984 finished with value: 0.694284016068233 and parameters: {'objective': 'reg:squarederror', 'tree_method': 'gpu_hist', 'lambda': 0.1404423257935731, 'alpha': 0.2383111288316927, 'colsample_bytree': 0.5454000484392701, 'subsample': 0.7408993748065235, 'learning_rate': 0.011036863570550814, 'max_depth': 20, 'min_child_weight': 140, 'eval_metric': 'rmse'}. Best is trial 717 with value: 0.6938795554678486.
start listen on 192.168.1.101:46443
@tracker All of 1 nodes getting started
@tracker All nodes finishes job
Trial 985 finished with value: 0.6942227901031002 and parameters: {'objective': 'reg:squarederror', 'tree_method': 'gpu_hist', 'lambda': 0.25847347989818736, 'alpha': 0.19715869655363166, 'colsample_bytree': 0.5187316009962619, 'subsample': 0.6758548983933279, 'learning_rate': 0.012956844786357445, 'max_depth': 20, 'min_child_weight': 150, 'eval_metric': 'rmse'}. Best is trial 717 with value: 0.6938795554678486.
start listen on 192.168.1.101:60625
@tracker All of 1 nodes getting started
@tracker All nodes finishes job
Trial 986 finished with value: 0.6944550114233636 and parameters: {'objective': 'reg:squarederror', 'tree_method': 'gpu_hist', 'lambda': 0.10588803603303651, 'alpha': 0.140016438404088, 'colsample_bytree': 0.48529283775149656, 'subsample': 0.6986073300631204, 'learning_rate': 0.007998993543805519, 'max_depth': 20, 'min_child_weight': 121, 'eval_metric': 'rmse'}. Best is trial 717 with value: 0.6938795554678486.
start listen on 192.168.1.101:52833
@tracker All of 1 nodes getting started
@tracker All nodes finishes job
Trial 987 finished with value: 0.6943839912523226 and parameters: {'objective': 'reg:squarederror', 'tree_method': 'gpu_hist', 'lambda': 0.07161972494748056, 'alpha': 0.27599715750509757, 'colsample_bytree': 0.5672978105747852, 'subsample': 0.663406802769333, 'learning_rate': 0.009182385850117825, 'max_depth': 20, 'min_child_weight': 154, 'eval_metric': 'rmse'}. Best is trial 717 with value: 0.6938795554678486.
start listen on 192.168.1.101:59263
@tracker All of 1 nodes getting started
@tracker All nodes finishes job
Trial 988 finished with value: 0.6945880440902017 and parameters: {'objective': 'reg:squarederror', 'tree_method': 'gpu_hist', 'lambda': 0.15011075406383262, 'alpha': 0.11639639150552919, 'colsample_bytree': 0.5306826395666623, 'subsample': 0.6826897222634889, 'learning_rate': 0.010193674716883734, 'max_depth': 13, 'min_child_weight': 145, 'eval_metric': 'rmse'}. Best is trial 717 with value: 0.6938795554678486.
start listen on 192.168.1.101:58597
@tracker All of 1 nodes getting started
@tracker All nodes finishes job
Trial 989 finished with value: 0.6942229813803358 and parameters: {'objective': 'reg:squarederror', 'tree_method': 'gpu_hist', 'lambda': 0.00815922845336239, 'alpha': 0.020105721059985295, 'colsample_bytree': 0.5520113715702443, 'subsample': 0.7106555076318086, 'learning_rate': 0.011572394082311485, 'max_depth': 20, 'min_child_weight': 134, 'eval_metric': 'rmse'}. Best is trial 717 with value: 0.6938795554678486.
start listen on 192.168.1.101:54249
@tracker All of 1 nodes getting started
@tracker All nodes finishes job
Trial 990 finished with value: 0.6982640986695159 and parameters: {'objective': 'reg:squarederror', 'tree_method': 'gpu_hist', 'lambda': 0.012329488351811508, 'alpha': 0.16759791581206915, 'colsample_bytree': 0.5115791161281891, 'subsample': 0.691040690002301, 'learning_rate': 0.010479883349977532, 'max_depth': 7, 'min_child_weight': 152, 'eval_metric': 'rmse'}. Best is trial 717 with value: 0.6938795554678486.
start listen on 192.168.1.101:36723
@tracker All of 1 nodes getting started
@tracker All nodes finishes job
Trial 991 finished with value: 0.6942347947015344 and parameters: {'objective': 'reg:squarederror', 'tree_method': 'gpu_hist', 'lambda': 0.17771030877868613, 'alpha': 0.20529145439381002, 'colsample_bytree': 0.533685443481501, 'subsample': 0.6675658839375537, 'learning_rate': 0.008852087245316474, 'max_depth': 20, 'min_child_weight': 139, 'eval_metric': 'rmse'}. Best is trial 717 with value: 0.6938795554678486.
start listen on 192.168.1.101:37765
@tracker All of 1 nodes getting started
@tracker All nodes finishes job
Trial 992 finished with value: 0.6953338395567558 and parameters: {'objective': 'reg:squarederror', 'tree_method': 'gpu_hist', 'lambda': 0.11387169135178218, 'alpha': 0.14291827710710464, 'colsample_bytree': 0.5647607670013295, 'subsample': 0.6424396311498608, 'learning_rate': 0.012599120216774194, 'max_depth': 9, 'min_child_weight': 102, 'eval_metric': 'rmse'}. Best is trial 717 with value: 0.6938795554678486.
start listen on 192.168.1.101:34741
@tracker All of 1 nodes getting started
@tracker All nodes finishes job
Trial 993 finished with value: 0.6943617902189849 and parameters: {'objective': 'reg:squarederror', 'tree_method': 'gpu_hist', 'lambda': 0.08570007735944057, 'alpha': 0.025578099928614068, 'colsample_bytree': 0.5019754525899973, 'subsample': 0.7229612331648974, 'learning_rate': 0.010079658310116337, 'max_depth': 20, 'min_child_weight': 206, 'eval_metric': 'rmse'}. Best is trial 717 with value: 0.6938795554678486.
start listen on 192.168.1.101:39133
@tracker All of 1 nodes getting started
@tracker All nodes finishes job
Trial 994 finished with value: 0.6950955018177511 and parameters: {'objective': 'reg:squarederror', 'tree_method': 'gpu_hist', 'lambda': 0.20145843659941917, 'alpha': 0.3574884336204862, 'colsample_bytree': 0.5206105994849893, 'subsample': 0.7045790524684034, 'learning_rate': 0.011410392084248855, 'max_depth': 11, 'min_child_weight': 214, 'eval_metric': 'rmse'}. Best is trial 717 with value: 0.6938795554678486.
start listen on 192.168.1.101:58321
@tracker All of 1 nodes getting started
@tracker All nodes finishes job
Trial 995 finished with value: 0.6942905700976824 and parameters: {'objective': 'reg:squarederror', 'tree_method': 'gpu_hist', 'lambda': 0.12254306648338278, 'alpha': 0.01541532006560562, 'colsample_bytree': 0.5476600168328357, 'subsample': 0.686921235100747, 'learning_rate': 0.007832124244943405, 'max_depth': 20, 'min_child_weight': 129, 'eval_metric': 'rmse'}. Best is trial 717 with value: 0.6938795554678486.
start listen on 192.168.1.101:53117
@tracker All of 1 nodes getting started
@tracker All nodes finishes job
Trial 996 finished with value: 0.6943603946241869 and parameters: {'objective': 'reg:squarederror', 'tree_method': 'gpu_hist', 'lambda': 0.14392316954944648, 'alpha': 0.11069287342488308, 'colsample_bytree': 0.47957639907879396, 'subsample': 0.9361509015206446, 'learning_rate': 0.009581090045591894, 'max_depth': 20, 'min_child_weight': 144, 'eval_metric': 'rmse'}. Best is trial 717 with value: 0.6938795554678486.
start listen on 192.168.1.101:56731
@tracker All of 1 nodes getting started
@tracker All nodes finishes job
Trial 997 finished with value: 0.6944873816013301 and parameters: {'objective': 'reg:squarederror', 'tree_method': 'gpu_hist', 'lambda': 0.09855152962044245, 'alpha': 0.28723367131434346, 'colsample_bytree': 0.5353054173879163, 'subsample': 0.6768980749832841, 'learning_rate': 0.011006129118475474, 'max_depth': 20, 'min_child_weight': 87, 'eval_metric': 'rmse'}. Best is trial 717 with value: 0.6938795554678486.
start listen on 192.168.1.101:54153
@tracker All of 1 nodes getting started
@tracker All nodes finishes job
Trial 998 finished with value: 0.6941604467878072 and parameters: {'objective': 'reg:squarederror', 'tree_method': 'gpu_hist', 'lambda': 0.2299626985407367, 'alpha': 0.16859358538626146, 'colsample_bytree': 0.4941078571222169, 'subsample': 0.6572683032121309, 'learning_rate': 0.013141762470842875, 'max_depth': 20, 'min_child_weight': 153, 'eval_metric': 'rmse'}. Best is trial 717 with value: 0.6938795554678486.
start listen on 192.168.1.101:52217
@tracker All of 1 nodes getting started
@tracker All nodes finishes job
Trial 999 finished with value: 0.6943774818306632 and parameters: {'objective': 'reg:squarederror', 'tree_method': 'gpu_hist', 'lambda': 0.09709621391089551, 'alpha': 0.13558412750269522, 'colsample_bytree': 0.5559026379968065, 'subsample': 0.6987385143775091, 'learning_rate': 0.008594368360039285, 'max_depth': 20, 'min_child_weight': 157, 'eval_metric': 'rmse'}. Best is trial 717 with value: 0.6938795554678486.
