Trial 290 finished with value: 0.6966203175632377 and parameters: {'objective': 'reg:squarederror', 'tree_method': 'gpu_hist', 'lambda': 0.0022574946869326554, 'alpha': 0.7761069022321246, 'colsample_bytree': 0.46435206959838893, 'subsample': 0.874753905607794, 'learning_rate': 0.018630937434713488, 'max_depth': 7, 'min_child_weight': 222, 'eval_metric': 'rmse'}. Best is trial 251 with value: 0.6938977954226339.
start listen on 192.168.1.101:36755
@tracker All of 1 nodes getting started
@tracker All nodes finishes job
Trial 291 finished with value: 0.6963488948794792 and parameters: {'objective': 'reg:squarederror', 'tree_method': 'gpu_hist', 'lambda': 0.0014498329156063885, 'alpha': 1.0569143427090602, 'colsample_bytree': 0.4278444933426734, 'subsample': 0.8945165910860439, 'learning_rate': 0.011390690459949029, 'max_depth': 9, 'min_child_weight': 234, 'eval_metric': 'rmse'}. Best is trial 251 with value: 0.6938977954226339.
start listen on 192.168.1.101:50179
@tracker All of 1 nodes getting started
@tracker All nodes finishes job
Trial 292 finished with value: 0.6947343688522782 and parameters: {'objective': 'reg:squarederror', 'tree_method': 'gpu_hist', 'lambda': 0.004717405716835895, 'alpha': 0.6114233757168855, 'colsample_bytree': 0.8157788137533856, 'subsample': 0.8609096332897198, 'learning_rate': 0.012931705082996521, 'max_depth': 17, 'min_child_weight': 204, 'eval_metric': 'rmse'}. Best is trial 251 with value: 0.6938977954226339.
start listen on 192.168.1.101:46553
@tracker All of 1 nodes getting started
@tracker All nodes finishes job
Trial 293 finished with value: 0.6945674632572961 and parameters: {'objective': 'reg:squarederror', 'tree_method': 'gpu_hist', 'lambda': 0.0028490141953680242, 'alpha': 0.03216723326598373, 'colsample_bytree': 0.6722114633861773, 'subsample': 0.9250440305119744, 'learning_rate': 0.01017043372370654, 'max_depth': 17, 'min_child_weight': 217, 'eval_metric': 'rmse'}. Best is trial 251 with value: 0.6938977954226339.
start listen on 192.168.1.101:51665
@tracker All of 1 nodes getting started
@tracker All nodes finishes job
Trial 294 finished with value: 0.6942746791551273 and parameters: {'objective': 'reg:squarederror', 'tree_method': 'gpu_hist', 'lambda': 0.006607738006192718, 'alpha': 0.013084326093042102, 'colsample_bytree': 0.5260062184535478, 'subsample': 0.8494279911727184, 'learning_rate': 0.013578305728158971, 'max_depth': 17, 'min_child_weight': 198, 'eval_metric': 'rmse'}. Best is trial 251 with value: 0.6938977954226339.
start listen on 192.168.1.101:52075
@tracker All of 1 nodes getting started
@tracker All nodes finishes job
Trial 295 finished with value: 0.7065314156159233 and parameters: {'objective': 'reg:squarederror', 'tree_method': 'gpu_hist', 'lambda': 0.003526313865803109, 'alpha': 0.004721743720231601, 'colsample_bytree': 0.489952739560793, 'subsample': 0.8317554697668178, 'learning_rate': 0.07295918350909797, 'max_depth': 17, 'min_child_weight': 211, 'eval_metric': 'rmse'}. Best is trial 251 with value: 0.6938977954226339.
start listen on 192.168.1.101:51313
@tracker All of 1 nodes getting started
@tracker All nodes finishes job
Trial 296 finished with value: 0.6945748713848222 and parameters: {'objective': 'reg:squarederror', 'tree_method': 'gpu_hist', 'lambda': 0.0020357133014969834, 'alpha': 0.8385671262579858, 'colsample_bytree': 0.5047750956833481, 'subsample': 0.8804553529347855, 'learning_rate': 0.008297971304903295, 'max_depth': 17, 'min_child_weight': 190, 'eval_metric': 'rmse'}. Best is trial 251 with value: 0.6938977954226339.
start listen on 192.168.1.101:60861
@tracker All of 1 nodes getting started
@tracker All nodes finishes job
Trial 297 finished with value: 0.6944954491183348 and parameters: {'objective': 'reg:squarederror', 'tree_method': 'gpu_hist', 'lambda': 0.002508665772470587, 'alpha': 0.9388256133957906, 'colsample_bytree': 0.4541215293927849, 'subsample': 0.9026700992037812, 'learning_rate': 0.01596546212425736, 'max_depth': 17, 'min_child_weight': 203, 'eval_metric': 'rmse'}. Best is trial 251 with value: 0.6938977954226339.
start listen on 192.168.1.101:37249
@tracker All of 1 nodes getting started
@tracker All nodes finishes job
Trial 298 finished with value: 0.6944771968357132 and parameters: {'objective': 'reg:squarederror', 'tree_method': 'gpu_hist', 'lambda': 0.001652489228634389, 'alpha': 0.7051933198557375, 'colsample_bytree': 0.4086407821920897, 'subsample': 0.8735474017725492, 'learning_rate': 0.011895016376058345, 'max_depth': 17, 'min_child_weight': 185, 'eval_metric': 'rmse'}. Best is trial 251 with value: 0.6938977954226339.
start listen on 192.168.1.101:45441
@tracker All of 1 nodes getting started
@tracker All nodes finishes job
Trial 299 finished with value: 0.7345209817573196 and parameters: {'objective': 'reg:squarederror', 'tree_method': 'gpu_hist', 'lambda': 0.0032046570283313126, 'alpha': 0.5496793197410428, 'colsample_bytree': 0.4719556146014262, 'subsample': 0.8418031768103488, 'learning_rate': 0.0035030326686892772, 'max_depth': 17, 'min_child_weight': 197, 'eval_metric': 'rmse'}. Best is trial 251 with value: 0.6938977954226339.
