number,value,params_alpha,params_colsample_bytree,params_eval_metric,params_lambda,params_learning_rate,params_max_depth,params_min_child_weight,params_objective,params_subsample,params_tree_method,state
128,0.6942681859313511,0.03654645978914507,0.4655517865291369,rmse,0.018304729994062154,0.013281450682971598,15,112,reg:squarederror,0.6649788590690278,gpu_hist,COMPLETE
129,0.6940614934028521,0.08851107899759222,0.5205547612097787,rmse,0.013427979048189355,0.011889306028143849,15,105,reg:squarederror,0.6884276269542036,gpu_hist,COMPLETE
130,0.6947079056836117,0.08703715250681678,0.5271922066495985,rmse,0.01587913340529753,0.01630071317984306,15,100,reg:squarederror,0.6935056763893025,gpu_hist,COMPLETE
131,0.6942413930665016,0.05306869614602696,0.535610550252483,rmse,0.04161372870186896,0.012445669154341334,15,106,reg:squarederror,0.6594753492854494,gpu_hist,COMPLETE
132,0.694318544247559,0.06399538988781164,0.4922128586178451,rmse,0.04084210305958081,0.012290821767440892,15,86,reg:squarederror,0.6634031433642973,gpu_hist,COMPLETE
133,0.6953956175699797,0.04693739433600615,0.5338516749089742,rmse,0.02125857094427493,0.021334799936125373,15,118,reg:squarederror,0.6837119525183584,gpu_hist,COMPLETE
134,0.694414616122728,0.10929073193739293,0.49610945801936635,rmse,0.061905444195372715,0.014425751757353151,15,102,reg:squarederror,0.7035206787698138,gpu_hist,COMPLETE
135,0.6941124305692317,0.06543482901051237,0.5201097156225114,rmse,0.027891782332973236,0.012001491989207006,15,106,reg:squarederror,0.6598400557286219,gpu_hist,COMPLETE
136,0.6943601437326392,0.02799777215821131,0.5491541698012178,rmse,0.07659604986195831,0.011950394098447094,15,91,reg:squarederror,0.6564814151892195,gpu_hist,COMPLETE
137,0.6946777240159833,0.07691160160207781,0.5724271698321373,rmse,0.046071284153603315,0.013228957759187792,15,105,reg:squarederror,0.5919934386552396,gpu_hist,COMPLETE
138,0.6952497396887175,0.020105547120645804,0.5040312346594426,rmse,0.030709666381298184,0.017662606715933112,15,79,reg:squarederror,0.6270043213004877,gpu_hist,COMPLETE
139,0.6946565503261563,0.05329488798925433,0.539532897589059,rmse,0.013715424320371098,0.015174287744436733,15,110,reg:squarederror,0.6157820002984806,gpu_hist,COMPLETE
140,0.693976497093345,0.04165507399157086,0.4780681684177181,rmse,0.024627386491481388,0.011931967131098864,15,90,reg:squarederror,0.6400273717093057,gpu_hist,COMPLETE
141,0.6942530193309977,0.03909018474170357,0.4756339004568921,rmse,0.027296017233323755,0.011980314021948775,15,68,reg:squarederror,0.6390226810062053,gpu_hist,COMPLETE
142,0.694346368775115,0.029982243378665195,0.5187164390495019,rmse,0.02116585343593562,0.013459892837397843,15,86,reg:squarederror,0.6606251139261986,gpu_hist,COMPLETE
143,0.6942881058960171,0.06691632161475654,0.44982470668662927,rmse,0.03495474355969413,0.010410246473775468,15,90,reg:squarederror,0.6679513562688912,gpu_hist,COMPLETE
144,0.6944184421334205,0.01213665076320296,0.46042444665844273,rmse,0.050611119825784215,0.011353580524147344,13,121,reg:squarederror,0.6432096969930157,gpu_hist,COMPLETE
145,0.6965812683787221,0.044102774310529745,0.4805173756202464,rmse,0.01740162680898619,0.059830060624140945,7,97,reg:squarederror,0.6832196196459778,gpu_hist,COMPLETE
146,0.6943709410337112,0.08506423449138398,0.49825459141688494,rmse,0.02511607246818607,0.008896233586271179,15,106,reg:squarederror,0.6023821598849367,gpu_hist,COMPLETE
147,0.6944177916115384,0.05159294868237375,0.5649299320510104,rmse,0.15573654217765115,0.015595396076811482,15,126,reg:squarederror,0.6540526220990206,gpu_hist,COMPLETE
148,0.6952349939205275,0.30314390077657394,0.5123057558475941,rmse,0.013293985619379136,0.012506397924521455,9,72,reg:squarederror,0.6975534479358979,gpu_hist,COMPLETE
149,0.6948199603548361,0.03424686836368584,0.5335645094565843,rmse,0.03946269112314281,0.014108929792277767,11,277,reg:squarederror,0.6283833972771401,gpu_hist,COMPLETE
150,0.7030353676493234,0.06913299756030704,0.43246603320968974,rmse,0.011434227418090089,0.00942437827941634,5,136,reg:squarederror,0.6757787934784906,gpu_hist,COMPLETE
151,0.6942497270837854,0.09332517507053345,0.5207714128582535,rmse,0.015543731198162972,0.010892409662083963,15,129,reg:squarederror,0.6858710559347692,gpu_hist,COMPLETE
152,0.6950419365505095,0.09508713656546056,0.9394552128300178,rmse,0.01955648055345705,0.01085366478600424,15,112,reg:squarederror,0.6935815188054929,gpu_hist,COMPLETE
153,0.6941282553213045,0.05506774805800388,0.5237811076642024,rmse,0.015794229997138344,0.012851557699272763,15,145,reg:squarederror,0.6521335809967247,gpu_hist,COMPLETE
154,0.6940738252481456,0.05477103903783357,0.5447336489943623,rmse,0.02978508396907932,0.01248438915765116,15,154,reg:squarederror,0.6496158576148031,gpu_hist,COMPLETE
155,0.6946452755434155,0.13313871381008918,0.5521111527553616,rmse,0.0310150278149814,0.008123993845980379,15,150,reg:squarederror,0.6491875639770849,gpu_hist,COMPLETE
156,0.694235812409748,0.06970261886908477,0.4902105280034649,rmse,0.010825295463493848,0.013489777956190555,15,145,reg:squarederror,0.6364182244966219,gpu_hist,COMPLETE
157,0.694256130115294,0.004736009046518183,0.48717019408231965,rmse,0.021833785403214737,0.016388655818026482,15,143,reg:squarederror,0.6156446180794655,gpu_hist,COMPLETE
158,0.6958468585784394,0.04208769062560799,0.5029635073446929,rmse,0.011161431993128641,0.023613504490056527,15,155,reg:squarederror,0.6401929859074287,gpu_hist,COMPLETE
159,0.6944440638763164,0.06741824264196497,0.48266350028516997,rmse,0.013840345582095761,0.014267211799080564,15,147,reg:squarederror,0.6296887979313657,gpu_hist,COMPLETE
160,0.6942596550256315,0.07561768938678547,0.47148386677500986,rmse,0.009823725347557814,0.012999974718429206,15,139,reg:squarederror,0.5907799853154343,gpu_hist,COMPLETE
161,0.6943855530212912,0.3921109041457185,0.5930764587008279,rmse,0.017624307806663967,0.011606439727805456,15,153,reg:squarederror,0.6665328120828847,gpu_hist,COMPLETE
162,0.6941459913960223,0.055285990724600574,0.5173738620558935,rmse,0.028042889014533803,0.00933028837330378,20,146,reg:squarederror,0.6447017358586229,gpu_hist,COMPLETE
163,0.6941827018111772,0.05236656009442663,0.5095089156499869,rmse,0.4893078945170492,0.009937818374233156,20,159,reg:squarederror,0.6474878883049469,gpu_hist,COMPLETE
164,0.6942675699672499,0.05696031295793327,0.5145772029115413,rmse,0.024495099764773858,0.009772499686901803,20,159,reg:squarederror,0.8617410475630628,gpu_hist,COMPLETE
165,0.6944955497331058,0.030910761397551216,0.5237893178753902,rmse,0.5623399061660143,0.009136889293768349,20,165,reg:squarederror,0.6171520512688027,gpu_hist,COMPLETE
166,0.6948902075603832,0.06452354586839375,0.5439705272470691,rmse,2.7441018719541774,0.007742083943124919,20,147,reg:squarederror,0.6466492331898348,gpu_hist,COMPLETE
167,0.6944168403398053,0.041876124080508975,0.5030942374163337,rmse,0.25910901515834334,0.01017861913467254,20,171,reg:squarederror,0.6307208519608574,gpu_hist,COMPLETE
168,0.7103117852905207,0.05912225415926043,0.5300320801304054,rmse,0.014734558625765492,0.008563092882758817,3,139,reg:squarederror,0.6657812311800743,gpu_hist,COMPLETE
169,0.694077802291741,0.08726321706616749,0.5094099075947575,rmse,0.029600130368386737,0.010434810066876283,20,156,reg:squarederror,0.6732874460457091,gpu_hist,COMPLETE
170,0.6941880153047766,2.2213312721957923,0.5471867541306603,rmse,0.028396774281721344,0.010357932423297968,20,159,reg:squarederror,0.6731915153967226,gpu_hist,COMPLETE
171,0.6942442403210374,1.8273562297755304,0.5462746465249527,rmse,0.031230260666167523,0.010151174658643326,20,161,reg:squarederror,0.6767916108552994,gpu_hist,COMPLETE
172,0.6942383160545629,0.08015633522391573,0.5126093897400956,rmse,0.027453080924191575,0.008975469918123152,20,153,reg:squarederror,0.6553535808354797,gpu_hist,COMPLETE
173,0.6942978422538764,2.79496771937105,0.57584406465513,rmse,0.02140593018798177,0.010738999443973236,20,157,reg:squarederror,0.6727876307626611,gpu_hist,COMPLETE
174,0.6940608534781143,0.12069295788056073,0.5575871680905062,rmse,0.10048948189993509,0.011803063779736151,20,166,reg:squarederror,0.7078819861170289,gpu_hist,COMPLETE
175,0.6941705096155361,0.1279101137748837,0.5598153668385795,rmse,0.12132460924748871,0.01221306249768591,20,167,reg:squarederror,0.7048995728455674,gpu_hist,COMPLETE
176,0.6943516832366261,0.11877206101926607,0.559545953898847,rmse,0.14545185065249006,0.012608193859340065,20,176,reg:squarederror,0.6872272837286866,gpu_hist,COMPLETE
177,0.6944649486855048,0.09920488423693345,0.5759839678321522,rmse,0.10957134707240905,0.011985388193499976,20,168,reg:squarederror,0.725620245353806,gpu_hist,COMPLETE
178,0.6944931696290675,2.232704532910614,0.528300933718749,rmse,0.550494179720393,0.009594005615964704,20,165,reg:squarederror,0.7016284176096262,gpu_hist,COMPLETE
179,0.6941170778925181,0.12753853754705421,0.5586918705277182,rmse,0.1267500842255706,0.01158826524385412,20,175,reg:squarederror,0.6718820786703674,gpu_hist,COMPLETE
180,0.6945076089109783,4.786749270667572,0.8365203174089149,rmse,0.09407116862687523,0.011831574981588775,20,172,reg:squarederror,0.7084842594736406,gpu_hist,COMPLETE
181,0.6943203712915215,0.15099385870002485,0.5604476321828818,rmse,0.2638614055038182,0.011355000808729464,20,153,reg:squarederror,0.6659227283116738,gpu_hist,COMPLETE
182,0.6944425304900762,0.12086236118191583,0.593871894248119,rmse,0.21501862523087867,0.012811158935558078,20,164,reg:squarederror,0.6524281074385873,gpu_hist,COMPLETE
183,0.6946702112968188,0.0897209824514739,0.5503935854032183,rmse,0.40367623311746514,0.015057693666843659,20,149,reg:squarederror,0.67660368311575,gpu_hist,COMPLETE
184,0.6943451253588494,0.1632850027907727,0.5776238126164028,rmse,0.1869688250076836,0.010642517210165493,20,157,reg:squarederror,0.6868071480958331,gpu_hist,COMPLETE
185,0.6942233476495492,0.10889205701959957,0.5366815625358052,rmse,0.07492334031768423,0.011629509153934417,20,173,reg:squarederror,0.6463920313885289,gpu_hist,COMPLETE
186,0.6945227853226472,0.052501268297802876,0.518876294984782,rmse,0.047890509373004105,0.008608841439913976,20,180,reg:squarederror,0.6621936185146157,gpu_hist,COMPLETE
187,0.6944715619284124,3.25239318199726,0.5657158876005334,rmse,0.06327359506752617,0.00970277904644118,20,143,reg:squarederror,0.7064838029782508,gpu_hist,COMPLETE
188,0.6943363852243287,0.07723156493944841,0.5458370467369279,rmse,0.1129151856583122,0.01305109115681219,20,160,reg:squarederror,0.6701447616705916,gpu_hist,COMPLETE
189,0.6944876391707705,0.13330366726732995,0.526635144159887,rmse,0.027941527519448728,0.014460467943523146,20,166,reg:squarederror,0.640657227269249,gpu_hist,COMPLETE
190,0.694237100989283,1.419564950204567,0.5849574862632767,rmse,0.08662878861236291,0.010553253169098385,20,150,reg:squarederror,0.6819955577620137,gpu_hist,COMPLETE
191,0.6950525973923427,0.09845511628136362,0.5042767403926266,rmse,0.9871615264497572,0.009439547076110014,13,159,reg:squarederror,0.6550753625278934,gpu_hist,COMPLETE
192,0.6943407183718917,0.04979032259587793,0.5090340364206092,rmse,0.14213213248104614,0.011813642860569936,20,177,reg:squarederror,0.7204200583301954,gpu_hist,COMPLETE
193,0.6994554138547209,0.038308982706825964,0.556163623732538,rmse,0.023390691610602386,0.008135509228697598,7,155,reg:squarederror,0.6950700937261258,gpu_hist,COMPLETE
194,0.6962456712890069,0.18867161970836707,0.4964508783665103,rmse,0.12645056081204142,0.010257470488728809,9,169,reg:squarederror,0.7392769220215653,gpu_hist,COMPLETE
195,0.6960120116892241,0.061964080839006806,0.5380730736421568,rmse,0.03211198909947902,0.007202665084969942,11,146,reg:squarederror,0.9252666282158659,gpu_hist,COMPLETE
196,0.7011726690605602,0.08273703664599448,0.5148700124255586,rmse,0.01889887897271849,0.012739740889244467,5,139,reg:squarederror,0.6588952920020288,gpu_hist,COMPLETE
197,0.6943803821131848,0.07171232147991667,0.4710858864949383,rmse,0.05401211675070299,0.011147929757424098,20,162,reg:squarederror,0.671878697011523,gpu_hist,COMPLETE
198,0.6946003931679181,0.5878438473488722,0.5266530351638862,rmse,0.3813278773238273,0.009220426031368781,20,150,reg:squarederror,0.45419167087586887,gpu_hist,COMPLETE
199,0.6943666681726718,1.0356319932312756,0.5007553723714794,rmse,0.013335773203013544,0.010173084477787683,20,155,reg:squarederror,0.9606640151868316,gpu_hist,COMPLETE
200,0.697066447950915,0.12872813077092946,0.5630481510297902,rmse,0.02338484181673748,0.011813796508002362,20,15,reg:squarederror,0.6359122669581401,gpu_hist,COMPLETE
201,0.6941224459918416,0.10568128744626927,0.5365534102703637,rmse,0.07700845983589902,0.01137045534854233,20,173,reg:squarederror,0.6454372864825159,gpu_hist,COMPLETE
202,0.6941827913650576,0.11024787180095824,0.5431102584952386,rmse,0.03751928223335876,0.013954131063872456,20,173,reg:squarederror,0.6231764093744601,gpu_hist,COMPLETE
203,0.6944781819534702,0.10653267018157726,0.543386159124562,rmse,0.03757038753971937,0.013413139862990075,20,177,reg:squarederror,0.6245858957490885,gpu_hist,COMPLETE
204,0.6946624082561448,0.08412919390706494,0.5529154674199879,rmse,0.07046816463006657,0.015438069718454935,20,171,reg:squarederror,0.6075952850604879,gpu_hist,COMPLETE
205,0.694562489846045,0.1411474682922162,0.571852788911854,rmse,0.044989141052880724,0.014022219555657117,20,183,reg:squarederror,0.6501887977920584,gpu_hist,COMPLETE
206,0.6943250814253794,0.0962002133984288,0.5349065841378116,rmse,0.034048435648308596,0.011323463060572405,20,165,reg:squarederror,0.6382829729603579,gpu_hist,COMPLETE
207,0.6942737426094767,0.11837561299247466,0.5984907993737891,rmse,0.09436521902918164,0.012654555437107083,20,172,reg:squarederror,0.6212751067359321,gpu_hist,COMPLETE
208,0.6943508983104794,0.04747754608188835,0.5272196845234444,rmse,0.027674103486983972,0.012295570321811094,20,95,reg:squarederror,0.6608553251852436,gpu_hist,COMPLETE
209,0.694606954887661,0.1696106486673993,0.551520850105097,rmse,0.1950122525891957,0.01664456261012239,15,138,reg:squarederror,0.6798288346040475,gpu_hist,COMPLETE
210,0.708900492197279,0.058346057505196294,0.5169608150702292,rmse,0.019675755202427255,0.010839161929620344,3,189,reg:squarederror,0.6484087447471143,gpu_hist,COMPLETE
211,0.6945037998482775,0.07223260310801412,0.4936809580321265,rmse,2.099212176498615,0.00965559634420019,20,159,reg:squarederror,0.6689497456404571,gpu_hist,COMPLETE
212,0.6942432531504357,0.09518833119999223,0.5105295845442855,rmse,0.01709686434160488,0.011207696139456675,15,165,reg:squarederror,0.631345710710727,gpu_hist,COMPLETE
213,0.6944606188972573,0.001292005320974312,0.5349800466576216,rmse,0.03071653425441285,0.013827768688966634,20,152,reg:squarederror,0.6439802455009229,gpu_hist,COMPLETE
214,0.6945494912210805,0.1250268303925621,0.47684539435314804,rmse,0.00885795209530078,0.010281852867550807,15,179,reg:squarederror,0.6591238822433143,gpu_hist,COMPLETE
215,0.6945710360114706,0.06455846164703005,0.5685692227085675,rmse,6.936234541079415,0.008953561473051833,20,144,reg:squarederror,0.6857490685859496,gpu_hist,COMPLETE
216,0.6943416918441848,0.0821906987424441,0.5205228269997787,rmse,0.012351610453841439,0.012297063582657496,15,160,reg:squarederror,0.8114390714833942,gpu_hist,COMPLETE
217,0.698192013748913,0.03923119449797085,0.5439265777331501,rmse,0.03967008630794229,0.010434706626605495,7,170,reg:squarederror,0.7115746270840217,gpu_hist,COMPLETE
218,0.6949515471764524,0.054242167824632904,0.48677092002218747,rmse,0.02441960482313892,0.0082708068210052,13,155,reg:squarederror,0.6688628438347898,gpu_hist,COMPLETE
219,0.6949011531204272,0.5149676612558598,0.5848846585772686,rmse,0.014232812765963745,0.014920300218653794,20,133,reg:squarederror,0.8471179596772386,gpu_hist,COMPLETE
220,0.6957659370234132,2.5088876768705024,0.5565337484256544,rmse,0.016279182649074138,0.012931007972465861,9,148,reg:squarederror,0.6951267818729453,gpu_hist,COMPLETE
221,0.6942412558995653,0.11044393047370585,0.5350155003849056,rmse,0.07528397257896255,0.011098429447849407,20,176,reg:squarederror,0.6436023703645875,gpu_hist,COMPLETE
222,0.7224888945478608,0.10453978783091121,0.5074105294605882,rmse,0.09922586447261801,0.09465284837467411,20,173,reg:squarederror,0.6446250538494867,gpu_hist,COMPLETE
223,0.6940844862565625,0.1481229329864086,0.5388240339381012,rmse,0.05371498571719898,0.011820368271431228,20,166,reg:squarederror,0.6547665374467705,gpu_hist,COMPLETE
224,0.694202263469463,0.1840068572497696,0.5229976011540737,rmse,0.06623163352370671,0.011855317450564699,20,164,reg:squarederror,0.6553092134843987,gpu_hist,COMPLETE
225,0.6942643488098105,0.15927192500837903,0.5472648605244133,rmse,0.05670202601307749,0.011964881987093499,20,166,reg:squarederror,0.6590044791788671,gpu_hist,COMPLETE
226,0.6943688293498598,0.20083244187797175,0.5238495341619448,rmse,0.0633917102836298,0.013229869573920274,20,164,reg:squarederror,0.6759640332696419,gpu_hist,COMPLETE
227,0.6942704694033683,0.15547981151981272,0.5696947606711296,rmse,0.04453367001774488,0.01167692893299572,20,157,reg:squarederror,0.6312159142468978,gpu_hist,COMPLETE
228,0.6945231529427425,0.13837339165917456,0.5354730197808674,rmse,0.0814226500362805,0.013965279444147449,20,143,reg:squarederror,0.6538837074834906,gpu_hist,COMPLETE
229,0.6951968232611337,0.08707313619431907,0.5585027711548116,rmse,0.05224609507328312,0.010053852447553259,11,168,reg:squarederror,0.6255697778434856,gpu_hist,COMPLETE
230,0.6941730768882973,0.11337655269942584,0.5206927356995145,rmse,0.7313760817297057,0.012408378661149673,15,151,reg:squarederror,0.6711710258272121,gpu_hist,COMPLETE
231,0.6943099195463746,0.11836953021297779,0.5169280302450469,rmse,0.6743509487426823,0.012341553032244072,15,152,reg:squarederror,0.6707823996378248,gpu_hist,COMPLETE
232,0.6943520362226745,0.12992558979362642,0.5317587236899814,rmse,0.691565296578404,0.011233094366931347,15,161,reg:squarederror,0.6847768437879176,gpu_hist,COMPLETE
233,0.6941885576259355,0.17408151264813645,0.4975038037522266,rmse,0.9481098804481062,0.012626872623508135,15,148,reg:squarederror,0.6579719270970892,gpu_hist,COMPLETE
234,0.6942244558515395,0.15454423495375452,0.4988985994412323,rmse,0.7818480291919572,0.013715268708286104,15,148,reg:squarederror,0.6579232816751985,gpu_hist,COMPLETE
235,0.6945296159677647,0.18427373080125609,0.5144933745181337,rmse,1.2053003945738343,0.014873923593082174,15,85,reg:squarederror,0.6494422465935247,gpu_hist,COMPLETE
236,0.6945416006223892,0.10051633723346756,0.49541864352592435,rmse,1.161086342601453,0.012591617286233522,15,141,reg:squarederror,0.6679756834590463,gpu_hist,COMPLETE
237,0.6944327413816699,0.07224763828807199,0.45593095336965833,rmse,0.8740022228955404,0.011722339666739395,15,156,reg:squarederror,0.639741112760424,gpu_hist,COMPLETE
238,0.6942310655259073,0.20754341204769952,0.5225141373705554,rmse,0.11930037312040301,0.013135897080506153,15,182,reg:squarederror,0.6757234559618446,gpu_hist,COMPLETE
239,0.6940888693934627,0.14160563355795253,0.5432777152733116,rmse,0.9948966860563382,0.010613322177266162,20,163,reg:squarederror,0.656620205237706,gpu_hist,COMPLETE
240,0.6942407478102307,0.13697113415054216,0.5464542654495531,rmse,0.9694873753471193,0.010947881664218043,20,163,reg:squarederror,0.655513086216115,gpu_hist,COMPLETE
241,0.694297111716159,0.11611399003605388,0.5318667321643802,rmse,0.7458880788221469,0.012264024676723606,20,170,reg:squarederror,0.6613522119489327,gpu_hist,COMPLETE
242,0.6941826826318763,0.16185475181804396,0.5042538700930744,rmse,0.0298256253677917,0.010758508756162747,20,157,reg:squarederror,0.6468752564031017,gpu_hist,COMPLETE
243,0.6942158654770714,0.17783318497099138,0.5073498217112322,rmse,0.03680509814784456,0.010470557869399223,20,158,reg:squarederror,0.6384218682424992,gpu_hist,COMPLETE
244,0.6944884599124171,0.14882037360561579,0.5430259489079718,rmse,1.5212432573021255,0.009858352625085439,20,152,reg:squarederror,0.6204995945465888,gpu_hist,COMPLETE
245,0.6943340462805887,0.17830297511030344,0.521855651643992,rmse,1.8989359277839322,0.01144817627656836,20,162,reg:squarederror,0.6517101698448372,gpu_hist,COMPLETE
246,0.694356384899345,0.12244772965409069,0.5081855785269825,rmse,1.0326875968953064,0.010761254019493885,20,166,reg:squarederror,0.6337732594770019,gpu_hist,COMPLETE
247,0.6942019854668245,0.2366548738096765,0.5571754446833456,rmse,0.03152368416487191,0.009280665945760503,20,174,reg:squarederror,0.648694972619608,gpu_hist,COMPLETE
248,0.694407979256063,0.1461355064645363,0.5600652050631084,rmse,0.03030012704537701,0.013727071139746074,20,172,reg:squarederror,0.6489541044051204,gpu_hist,COMPLETE
249,0.6942147666473055,0.20459899763181358,0.5493718660428292,rmse,0.03468212222328308,0.009528851967834703,20,182,reg:squarederror,0.6636018894464983,gpu_hist,COMPLETE
250,0.7016140043280327,0.2249921518495121,0.5359428849153747,rmse,0.33877456430379316,0.01178380235994317,5,175,reg:squarederror,0.6408813261997848,gpu_hist,COMPLETE
251,0.6941751233007528,0.11107545525614777,0.5777635811888178,rmse,0.025786691136882305,0.010552126748295006,20,155,reg:squarederror,0.6649351404664694,gpu_hist,COMPLETE
252,0.6942483662140448,0.09468810500111266,0.5779938163164113,rmse,0.026239958254485912,0.009049247859707798,20,150,reg:squarederror,0.6065141983479035,gpu_hist,COMPLETE
253,0.6940482152255745,0.11221565859208239,0.5670923339757373,rmse,0.029087156853338576,0.0107278174918953,20,156,reg:squarederror,0.6852672111259968,gpu_hist,COMPLETE
254,0.6940830776194281,0.10627998817539844,0.5904879304337904,rmse,0.023321823114430436,0.010445450308392284,20,155,reg:squarederror,0.6883427986490414,gpu_hist,COMPLETE
255,0.6943888846724073,0.11055622179679464,0.6149017016000334,rmse,0.02171616295168659,0.010467140889849024,20,157,reg:squarederror,0.6943650151179726,gpu_hist,COMPLETE
256,0.6940847801032846,0.10582284588731786,0.5921031268602199,rmse,0.024457510697371974,0.010707737508462266,20,145,reg:squarederror,0.6880295083186296,gpu_hist,COMPLETE
