A new study created in RDB with name: jan_2021_test_300_2
Start optimization.
start listen on 192.168.1.101:60099
@tracker All of 1 nodes getting started
@tracker All nodes finishes job
Trial 0 finished with value: 0.7121389984063599 and parameters: {'objective': 'reg:squarederror', 'tree_method': 'gpu_hist', 'lambda': 0.001037888934159147, 'alpha': 0.005909594310723796, 'colsample_bytree': 0.7717771994262627, 'subsample': 0.5823143579465739, 'learning_rate': 0.0042036700019641325, 'max_depth': 7, 'min_child_weight': 45, 'eval_metric': 'rmse'}. Best is trial 0 with value: 0.7121389984063599.
start listen on 192.168.1.101:32845
@tracker All of 1 nodes getting started
@tracker All nodes finishes job
Trial 1 finished with value: 0.6959275008305684 and parameters: {'objective': 'reg:squarederror', 'tree_method': 'gpu_hist', 'lambda': 0.0020775716055173154, 'alpha': 1.0652389506416822, 'colsample_bytree': 0.9649610376560547, 'subsample': 0.9829581593340329, 'learning_rate': 0.03498178818637933, 'max_depth': 9, 'min_child_weight': 203, 'eval_metric': 'rmse'}. Best is trial 1 with value: 0.6959275008305684.
start listen on 192.168.1.101:39327
@tracker All of 1 nodes getting started
@tracker All nodes finishes job
Trial 2 finished with value: 0.7057196654394235 and parameters: {'objective': 'reg:squarederror', 'tree_method': 'gpu_hist', 'lambda': 3.978061140814467, 'alpha': 0.017456271886959092, 'colsample_bytree': 0.5614785661719333, 'subsample': 0.7298668967807476, 'learning_rate': 0.09669392310486785, 'max_depth': 13, 'min_child_weight': 289, 'eval_metric': 'rmse'}. Best is trial 1 with value: 0.6959275008305684.
start listen on 192.168.1.101:53737
@tracker All of 1 nodes getting started
@tracker All nodes finishes job
Trial 3 finished with value: 0.6987346357125296 and parameters: {'objective': 'reg:squarederror', 'tree_method': 'gpu_hist', 'lambda': 0.0014194212551807053, 'alpha': 0.0013660325522214221, 'colsample_bytree': 0.8838815142777878, 'subsample': 0.6130674744375461, 'learning_rate': 0.009238828066615587, 'max_depth': 7, 'min_child_weight': 147, 'eval_metric': 'rmse'}. Best is trial 1 with value: 0.6959275008305684.
start listen on 192.168.1.101:43813
@tracker All of 1 nodes getting started
@tracker All nodes finishes job
Trial 4 finished with value: 0.7024061583622702 and parameters: {'objective': 'reg:squarederror', 'tree_method': 'gpu_hist', 'lambda': 0.15571984855493298, 'alpha': 0.040914700126480734, 'colsample_bytree': 0.8643510697567323, 'subsample': 0.43591814010864927, 'learning_rate': 0.029671411638499283, 'max_depth': 3, 'min_child_weight': 287, 'eval_metric': 'rmse'}. Best is trial 1 with value: 0.6959275008305684.
start listen on 192.168.1.101:38749
@tracker All of 1 nodes getting started
@tracker All nodes finishes job
Trial 5 finished with value: 0.6986918193100228 and parameters: {'objective': 'reg:squarederror', 'tree_method': 'gpu_hist', 'lambda': 2.402366629958217, 'alpha': 8.603618539333716, 'colsample_bytree': 0.5822423115454693, 'subsample': 0.5075904821984953, 'learning_rate': 0.048846552323797185, 'max_depth': 13, 'min_child_weight': 221, 'eval_metric': 'rmse'}. Best is trial 1 with value: 0.6959275008305684.
start listen on 192.168.1.101:50031
@tracker All of 1 nodes getting started
@tracker All nodes finishes job
Trial 6 finished with value: 0.6956394458369435 and parameters: {'objective': 'reg:squarederror', 'tree_method': 'gpu_hist', 'lambda': 0.09953074374587069, 'alpha': 0.19799933745267256, 'colsample_bytree': 0.8507404728175127, 'subsample': 0.993650858869476, 'learning_rate': 0.016806397396840596, 'max_depth': 9, 'min_child_weight': 157, 'eval_metric': 'rmse'}. Best is trial 6 with value: 0.6956394458369435.
start listen on 192.168.1.101:52637
@tracker All of 1 nodes getting started
@tracker All nodes finishes job
Trial 7 finished with value: 0.6999736063063864 and parameters: {'objective': 'reg:squarederror', 'tree_method': 'gpu_hist', 'lambda': 0.010381227361555787, 'alpha': 0.008535678433100775, 'colsample_bytree': 0.3275688526119827, 'subsample': 0.8244374947807451, 'learning_rate': 0.06329577881774454, 'max_depth': 3, 'min_child_weight': 5, 'eval_metric': 'rmse'}. Best is trial 6 with value: 0.6956394458369435.
start listen on 192.168.1.101:53503
@tracker All of 1 nodes getting started
@tracker All nodes finishes job
Trial 8 finished with value: 2.2659365585170153 and parameters: {'objective': 'reg:squarederror', 'tree_method': 'gpu_hist', 'lambda': 0.003508560923234026, 'alpha': 0.005073251242955265, 'colsample_bytree': 0.9726033925403692, 'subsample': 0.5601713449590471, 'learning_rate': 0.001237594075928423, 'max_depth': 5, 'min_child_weight': 196, 'eval_metric': 'rmse'}. Best is trial 6 with value: 0.6956394458369435.
start listen on 192.168.1.101:49049
@tracker All of 1 nodes getting started
@tracker All nodes finishes job
Trial 9 finished with value: 0.7027295591728199 and parameters: {'objective': 'reg:squarederror', 'tree_method': 'gpu_hist', 'lambda': 0.001139461807444847, 'alpha': 0.1167028422121272, 'colsample_bytree': 0.7957696691320048, 'subsample': 0.5953033199850034, 'learning_rate': 0.005470200822122645, 'max_depth': 7, 'min_child_weight': 207, 'eval_metric': 'rmse'}. Best is trial 6 with value: 0.6956394458369435.
start listen on 192.168.1.101:45289
@tracker All of 1 nodes getting started
@tracker All nodes finishes job
Trial 10 finished with value: 0.6952192580454816 and parameters: {'objective': 'reg:squarederror', 'tree_method': 'gpu_hist', 'lambda': 0.11646162866204167, 'alpha': 0.3021723202583141, 'colsample_bytree': 0.6815624579081543, 'subsample': 0.9909793269078854, 'learning_rate': 0.01861421578426582, 'max_depth': 9, 'min_child_weight': 97, 'eval_metric': 'rmse'}. Best is trial 10 with value: 0.6952192580454816.
start listen on 192.168.1.101:56059
@tracker All of 1 nodes getting started
@tracker All nodes finishes job
Trial 11 finished with value: 0.6956352583282827 and parameters: {'objective': 'reg:squarederror', 'tree_method': 'gpu_hist', 'lambda': 0.0952212965915517, 'alpha': 0.31850031887066543, 'colsample_bytree': 0.6929268827731646, 'subsample': 0.998778387943561, 'learning_rate': 0.015747086784790396, 'max_depth': 9, 'min_child_weight': 101, 'eval_metric': 'rmse'}. Best is trial 10 with value: 0.6952192580454816.
start listen on 192.168.1.101:39115
@tracker All of 1 nodes getting started
@tracker All nodes finishes job
Trial 12 finished with value: 0.695132607054451 and parameters: {'objective': 'reg:squarederror', 'tree_method': 'gpu_hist', 'lambda': 0.1307263172935381, 'alpha': 0.6692522159980685, 'colsample_bytree': 0.6807055747356056, 'subsample': 0.8916338898911308, 'learning_rate': 0.016519211099965656, 'max_depth': 9, 'min_child_weight': 93, 'eval_metric': 'rmse'}. Best is trial 12 with value: 0.695132607054451.
start listen on 192.168.1.101:59997
@tracker All of 1 nodes getting started
@tracker All nodes finishes job
Trial 13 finished with value: 0.694791701893669 and parameters: {'objective': 'reg:squarederror', 'tree_method': 'gpu_hist', 'lambda': 0.4274142038661716, 'alpha': 1.819226061114076, 'colsample_bytree': 0.45755053214715347, 'subsample': 0.8604127554018567, 'learning_rate': 0.017872187702645273, 'max_depth': 15, 'min_child_weight': 80, 'eval_metric': 'rmse'}. Best is trial 13 with value: 0.694791701893669.
start listen on 192.168.1.101:35057
@tracker All of 1 nodes getting started
@tracker All nodes finishes job
Trial 14 finished with value: 0.695393962279543 and parameters: {'objective': 'reg:squarederror', 'tree_method': 'gpu_hist', 'lambda': 0.632399585215878, 'alpha': 2.6980892834197343, 'colsample_bytree': 0.42579811968102205, 'subsample': 0.8609370792125187, 'learning_rate': 0.008093196103652259, 'max_depth': 15, 'min_child_weight': 70, 'eval_metric': 'rmse'}. Best is trial 13 with value: 0.694791701893669.
start listen on 192.168.1.101:33349
@tracker All of 1 nodes getting started
@tracker All nodes finishes job
Trial 15 finished with value: 1.3974009759742378 and parameters: {'objective': 'reg:squarederror', 'tree_method': 'gpu_hist', 'lambda': 0.5626124899196953, 'alpha': 1.460725077748897, 'colsample_bytree': 0.4842732414625686, 'subsample': 0.8643048549177564, 'learning_rate': 0.0018188863109932737, 'max_depth': 20, 'min_child_weight': 18, 'eval_metric': 'rmse'}. Best is trial 13 with value: 0.694791701893669.
start listen on 192.168.1.101:58667
@tracker All of 1 nodes getting started
@tracker All nodes finishes job
Trial 16 finished with value: 0.7652494203304301 and parameters: {'objective': 'reg:squarederror', 'tree_method': 'gpu_hist', 'lambda': 0.022035574741050463, 'alpha': 9.442769448119435, 'colsample_bytree': 0.3349402612137094, 'subsample': 0.7487905270209331, 'learning_rate': 0.0032820974118095807, 'max_depth': 17, 'min_child_weight': 128, 'eval_metric': 'rmse'}. Best is trial 13 with value: 0.694791701893669.
start listen on 192.168.1.101:60607
@tracker All of 1 nodes getting started
@tracker All nodes finishes job
Trial 17 finished with value: 0.6953852979390139 and parameters: {'objective': 'reg:squarederror', 'tree_method': 'gpu_hist', 'lambda': 9.697387309036868, 'alpha': 0.6044150262672103, 'colsample_bytree': 0.5851534952066778, 'subsample': 0.9063110795918987, 'learning_rate': 0.02470228050572983, 'max_depth': 11, 'min_child_weight': 53, 'eval_metric': 'rmse'}. Best is trial 13 with value: 0.694791701893669.
start listen on 192.168.1.101:60339
@tracker All of 1 nodes getting started
@tracker All nodes finishes job
Trial 18 finished with value: 0.6945634220895456 and parameters: {'objective': 'reg:squarederror', 'tree_method': 'gpu_hist', 'lambda': 0.5584399147481631, 'alpha': 3.2325622176925157, 'colsample_bytree': 0.46126203623711565, 'subsample': 0.7934876450795468, 'learning_rate': 0.011907589676921678, 'max_depth': 15, 'min_child_weight': 96, 'eval_metric': 'rmse'}. Best is trial 18 with value: 0.6945634220895456.
start listen on 192.168.1.101:43485
@tracker All of 1 nodes getting started
@tracker All nodes finishes job
Trial 19 finished with value: 0.696493175729456 and parameters: {'objective': 'reg:squarederror', 'tree_method': 'gpu_hist', 'lambda': 1.0976222972073284, 'alpha': 3.1764162572070402, 'colsample_bytree': 0.4390817597487577, 'subsample': 0.776131235628546, 'learning_rate': 0.006915361897063492, 'max_depth': 15, 'min_child_weight': 128, 'eval_metric': 'rmse'}. Best is trial 18 with value: 0.6945634220895456.
start listen on 192.168.1.101:60753
@tracker All of 1 nodes getting started
@tracker All nodes finishes job
Trial 20 finished with value: 0.6944663480303347 and parameters: {'objective': 'reg:squarederror', 'tree_method': 'gpu_hist', 'lambda': 0.34671726290780347, 'alpha': 2.9141559737034797, 'colsample_bytree': 0.5061883626363739, 'subsample': 0.7035118045251564, 'learning_rate': 0.012744265792013036, 'max_depth': 15, 'min_child_weight': 35, 'eval_metric': 'rmse'}. Best is trial 20 with value: 0.6944663480303347.
start listen on 192.168.1.101:39179
@tracker All of 1 nodes getting started
@tracker All nodes finishes job
Trial 21 finished with value: 0.6944195793573574 and parameters: {'objective': 'reg:squarederror', 'tree_method': 'gpu_hist', 'lambda': 0.3651978059192121, 'alpha': 2.88392529098139, 'colsample_bytree': 0.49832170408412146, 'subsample': 0.6603383850177722, 'learning_rate': 0.012270227967057575, 'max_depth': 15, 'min_child_weight': 34, 'eval_metric': 'rmse'}. Best is trial 21 with value: 0.6944195793573574.
start listen on 192.168.1.101:48757
@tracker All of 1 nodes getting started
@tracker All nodes finishes job
Trial 22 finished with value: 0.6945720062516147 and parameters: {'objective': 'reg:squarederror', 'tree_method': 'gpu_hist', 'lambda': 0.2513455896819303, 'alpha': 5.213198086906759, 'colsample_bytree': 0.5212845752851316, 'subsample': 0.6626765585652546, 'learning_rate': 0.010853221177733973, 'max_depth': 15, 'min_child_weight': 32, 'eval_metric': 'rmse'}. Best is trial 21 with value: 0.6944195793573574.
start listen on 192.168.1.101:52651
@tracker All of 1 nodes getting started
@tracker All nodes finishes job
Trial 23 finished with value: 0.6943487153924929 and parameters: {'objective': 'reg:squarederror', 'tree_method': 'gpu_hist', 'lambda': 0.028100114151756474, 'alpha': 3.5933931165643074, 'colsample_bytree': 0.3760568553648082, 'subsample': 0.6729355076164755, 'learning_rate': 0.011613120952106011, 'max_depth': 15, 'min_child_weight': 61, 'eval_metric': 'rmse'}. Best is trial 23 with value: 0.6943487153924929.
start listen on 192.168.1.101:49713
@tracker All of 1 nodes getting started
@tracker All nodes finishes job
Trial 24 finished with value: 0.7124036641872359 and parameters: {'objective': 'reg:squarederror', 'tree_method': 'gpu_hist', 'lambda': 0.028140050598367685, 'alpha': 0.6806837974012382, 'colsample_bytree': 0.39933058935158544, 'subsample': 0.6746627523910399, 'learning_rate': 0.00399588422231575, 'max_depth': 15, 'min_child_weight': 57, 'eval_metric': 'rmse'}. Best is trial 23 with value: 0.6943487153924929.
start listen on 192.168.1.101:58179
@tracker All of 1 nodes getting started
@tracker All nodes finishes job
Trial 25 finished with value: 0.6972448942199925 and parameters: {'objective': 'reg:squarederror', 'tree_method': 'gpu_hist', 'lambda': 0.036098085486209755, 'alpha': 3.78481851153728, 'colsample_bytree': 0.3717492629624453, 'subsample': 0.6976888806577185, 'learning_rate': 0.006485308334436172, 'max_depth': 15, 'min_child_weight': 4, 'eval_metric': 'rmse'}. Best is trial 23 with value: 0.6943487153924929.
start listen on 192.168.1.101:59549
@tracker All of 1 nodes getting started
@tracker All nodes finishes job
Trial 26 finished with value: 0.8343650670222427 and parameters: {'objective': 'reg:squarederror', 'tree_method': 'gpu_hist', 'lambda': 0.052023438608692324, 'alpha': 1.3561712198508729, 'colsample_bytree': 0.5138299491006091, 'subsample': 0.6558989476927413, 'learning_rate': 0.002834989494045674, 'max_depth': 5, 'min_child_weight': 31, 'eval_metric': 'rmse'}. Best is trial 23 with value: 0.6943487153924929.
start listen on 192.168.1.101:54211
@tracker All of 1 nodes getting started
@tracker All nodes finishes job
Trial 27 finished with value: 0.6948681845428557 and parameters: {'objective': 'reg:squarederror', 'tree_method': 'gpu_hist', 'lambda': 0.013134509400721958, 'alpha': 0.06132693092140596, 'colsample_bytree': 0.618070859265152, 'subsample': 0.4887771979730471, 'learning_rate': 0.012500898110035895, 'max_depth': 11, 'min_child_weight': 31, 'eval_metric': 'rmse'}. Best is trial 23 with value: 0.6943487153924929.
start listen on 192.168.1.101:38687
@tracker All of 1 nodes getting started
@tracker All nodes finishes job
Trial 28 finished with value: 0.7035378791251864 and parameters: {'objective': 'reg:squarederror', 'tree_method': 'gpu_hist', 'lambda': 1.6514870958183465, 'alpha': 5.3779925348234645, 'colsample_bytree': 0.3034581556076474, 'subsample': 0.6344190211806555, 'learning_rate': 0.005220513711425746, 'max_depth': 20, 'min_child_weight': 71, 'eval_metric': 'rmse'}. Best is trial 23 with value: 0.6943487153924929.
start listen on 192.168.1.101:41587
@tracker All of 1 nodes getting started
@tracker All nodes finishes job
Trial 29 finished with value: 0.7068847258831334 and parameters: {'objective': 'reg:squarederror', 'tree_method': 'gpu_hist', 'lambda': 0.009510381588912407, 'alpha': 0.4897611605768681, 'colsample_bytree': 0.38588568926257144, 'subsample': 0.5739120637357333, 'learning_rate': 0.0420618979927067, 'max_depth': 17, 'min_child_weight': 44, 'eval_metric': 'rmse'}. Best is trial 23 with value: 0.6943487153924929.
start listen on 192.168.1.101:36123
@tracker All of 1 nodes getting started
@tracker All nodes finishes job
Trial 30 finished with value: 0.6965174602864649 and parameters: {'objective': 'reg:squarederror', 'tree_method': 'gpu_hist', 'lambda': 0.2604419371129208, 'alpha': 2.0811786330979953, 'colsample_bytree': 0.5236248792436459, 'subsample': 0.7132657193496499, 'learning_rate': 0.02345259808704148, 'max_depth': 15, 'min_child_weight': 58, 'eval_metric': 'rmse'}. Best is trial 23 with value: 0.6943487153924929.
start listen on 192.168.1.101:37505
@tracker All of 1 nodes getting started
@tracker All nodes finishes job
Trial 31 finished with value: 0.6948813810008865 and parameters: {'objective': 'reg:squarederror', 'tree_method': 'gpu_hist', 'lambda': 0.9757305593065391, 'alpha': 9.64116147027148, 'colsample_bytree': 0.4790253268191388, 'subsample': 0.7880165205927471, 'learning_rate': 0.011444413376271088, 'max_depth': 15, 'min_child_weight': 115, 'eval_metric': 'rmse'}. Best is trial 23 with value: 0.6943487153924929.
start listen on 192.168.1.101:46233
@tracker All of 1 nodes getting started
@tracker All nodes finishes job
Trial 32 finished with value: 0.6943386413213146 and parameters: {'objective': 'reg:squarederror', 'tree_method': 'gpu_hist', 'lambda': 0.30974417270928184, 'alpha': 4.636812025687945, 'colsample_bytree': 0.3640879377373292, 'subsample': 0.7718747401947668, 'learning_rate': 0.012400002360872778, 'max_depth': 15, 'min_child_weight': 75, 'eval_metric': 'rmse'}. Best is trial 32 with value: 0.6943386413213146.
start listen on 192.168.1.101:45111
@tracker All of 1 nodes getting started
@tracker All nodes finishes job
Trial 33 finished with value: 0.6951410060672947 and parameters: {'objective': 'reg:squarederror', 'tree_method': 'gpu_hist', 'lambda': 0.2640699140664674, 'alpha': 1.0337599298131845, 'colsample_bytree': 0.36313029388267315, 'subsample': 0.6972180193778162, 'learning_rate': 0.007697739735726557, 'max_depth': 15, 'min_child_weight': 21, 'eval_metric': 'rmse'}. Best is trial 32 with value: 0.6943386413213146.
start listen on 192.168.1.101:33551
@tracker All of 1 nodes getting started
@tracker All nodes finishes job
Trial 34 finished with value: 0.6955589107056214 and parameters: {'objective': 'reg:squarederror', 'tree_method': 'gpu_hist', 'lambda': 0.06988468846510262, 'alpha': 6.066723085820435, 'colsample_bytree': 0.39393610122136885, 'subsample': 0.7424093257331065, 'learning_rate': 0.024031335993747703, 'max_depth': 15, 'min_child_weight': 46, 'eval_metric': 'rmse'}. Best is trial 32 with value: 0.6943386413213146.
start listen on 192.168.1.101:58725
@tracker All of 1 nodes getting started
@tracker All nodes finishes job
Trial 35 finished with value: 0.6948983026499758 and parameters: {'objective': 'reg:squarederror', 'tree_method': 'gpu_hist', 'lambda': 0.1818419683379893, 'alpha': 0.9272302027770943, 'colsample_bytree': 0.557809964957846, 'subsample': 0.625445016677615, 'learning_rate': 0.009069982858514866, 'max_depth': 13, 'min_child_weight': 74, 'eval_metric': 'rmse'}. Best is trial 32 with value: 0.6943386413213146.
start listen on 192.168.1.101:48411
@tracker All of 1 nodes getting started
@tracker All nodes finishes job
Trial 36 finished with value: 0.6982142737834145 and parameters: {'objective': 'reg:squarederror', 'tree_method': 'gpu_hist', 'lambda': 3.481492019139369, 'alpha': 4.676741203775396, 'colsample_bytree': 0.4203616524299041, 'subsample': 0.5397672074367208, 'learning_rate': 0.013687944364911492, 'max_depth': 7, 'min_child_weight': 149, 'eval_metric': 'rmse'}. Best is trial 32 with value: 0.6943386413213146.
start listen on 192.168.1.101:42879
@tracker All of 1 nodes getting started
@tracker All nodes finishes job
Trial 37 finished with value: 0.7014544948131858 and parameters: {'objective': 'reg:squarederror', 'tree_method': 'gpu_hist', 'lambda': 0.004279298305212589, 'alpha': 2.297040249749805, 'colsample_bytree': 0.6243559535554769, 'subsample': 0.7510228021325993, 'learning_rate': 0.038592109250022724, 'max_depth': 3, 'min_child_weight': 174, 'eval_metric': 'rmse'}. Best is trial 32 with value: 0.6943386413213146.
start listen on 192.168.1.101:55829
@tracker All of 1 nodes getting started
@tracker All nodes finishes job
Trial 38 finished with value: 0.6957152460474257 and parameters: {'objective': 'reg:squarederror', 'tree_method': 'gpu_hist', 'lambda': 0.0592980133832937, 'alpha': 0.18402630209998802, 'colsample_bytree': 0.30105932231425947, 'subsample': 0.8248239791603165, 'learning_rate': 0.029650022691774705, 'max_depth': 15, 'min_child_weight': 250, 'eval_metric': 'rmse'}. Best is trial 32 with value: 0.6943386413213146.
start listen on 192.168.1.101:37951
@tracker All of 1 nodes getting started
@tracker All nodes finishes job
Trial 39 finished with value: 0.6999476727693829 and parameters: {'objective': 'reg:squarederror', 'tree_method': 'gpu_hist', 'lambda': 0.39093590360538705, 'alpha': 0.001262774642131468, 'colsample_bytree': 0.3407092010809544, 'subsample': 0.7148658168249389, 'learning_rate': 0.0051613895925303665, 'max_depth': 13, 'min_child_weight': 1, 'eval_metric': 'rmse'}. Best is trial 32 with value: 0.6943386413213146.
start listen on 192.168.1.101:43413
@tracker All of 1 nodes getting started
@tracker All nodes finishes job
Trial 40 finished with value: 0.7184768236342299 and parameters: {'objective': 'reg:squarederror', 'tree_method': 'gpu_hist', 'lambda': 0.9921652289553151, 'alpha': 0.022614106886157677, 'colsample_bytree': 0.7264925867328533, 'subsample': 0.60629713578586, 'learning_rate': 0.05783061249699297, 'max_depth': 15, 'min_child_weight': 19, 'eval_metric': 'rmse'}. Best is trial 32 with value: 0.6943386413213146.
start listen on 192.168.1.101:57659
@tracker All of 1 nodes getting started
@tracker All nodes finishes job
Trial 41 finished with value: 0.6944009175418974 and parameters: {'objective': 'reg:squarederror', 'tree_method': 'gpu_hist', 'lambda': 0.6512568032900841, 'alpha': 2.9584355528489557, 'colsample_bytree': 0.47525860204517395, 'subsample': 0.7879566170619139, 'learning_rate': 0.010313285175554505, 'max_depth': 15, 'min_child_weight': 85, 'eval_metric': 'rmse'}. Best is trial 32 with value: 0.6943386413213146.
start listen on 192.168.1.101:41181
@tracker All of 1 nodes getting started
@tracker All nodes finishes job
